[0.048s] Invoking command in '/home/min/Workspace/scout_mini/build/scout_msgs': CMAKE_PREFIX_PATH=/home/min/Workspace/scout_mini/install/scout_base:/home/min/Workspace/scout_mini/install/scout_mini_tools:/home/min/Workspace/scout_mini/install/robot_control:/opt/ros/humble:/home/min/Workspace/scout_mini/install/ugv_sdk:/home/min/Workspace/scout_mini/install/sllidar_ros2:/home/min/Workspace/scout_mini/install/slam_launch:/home/min/Workspace/scout_mini/install/scout_msgs:/home/min/Workspace/scout_mini/install/scout_mini_nav2:/home/min/Workspace/scout_mini/install/scout_gazebo_sim:/home/min/Workspace/scout_mini/install/scout_description:/home/min/Workspace/scout_mini/install/scout_control:/home/min/Workspace/scout_mini/install/realsense2_description:/home/min/Workspace/scout_mini/install/realsense2_camera:/home/min/Workspace/scout_mini/install/realsense2_camera_msgs /usr/bin/cmake --build /home/min/Workspace/scout_mini/build/scout_msgs -- -j8 -l8
[0.538s] [  1%] Built target scout_msgs__cpp
[0.538s] [ 12%] Built target scout_msgs__rosidl_generator_c
[0.539s] [ 12%] Built target ament_cmake_python_symlink_scout_msgs
[0.539s] [ 23%] Built target scout_msgs__rosidl_typesupport_fastrtps_cpp
[0.539s] [ 34%] Built target scout_msgs__rosidl_typesupport_introspection_cpp
[0.539s] [ 46%] Built target scout_msgs__rosidl_typesupport_cpp
[0.539s] [ 57%] Built target scout_msgs__rosidl_typesupport_c
[0.539s] [ 68%] Built target scout_msgs__rosidl_typesupport_fastrtps_c
[0.539s] [ 79%] Built target scout_msgs__rosidl_typesupport_introspection_c
[0.539s] [ 79%] Built target scout_msgs
[0.540s] [ 80%] Built target scout_msgs__py
[0.540s] [ 90%] Built target scout_msgs__rosidl_generator_py
[0.540s] [ 93%] Built target scout_msgs__rosidl_typesupport_fastrtps_c__pyext
[0.540s] [ 96%] Built target scout_msgs__rosidl_typesupport_introspection_c__pyext
[0.540s] [100%] Built target scout_msgs__rosidl_typesupport_c__pyext
[0.598s] running egg_info
[0.600s] writing scout_msgs.egg-info/PKG-INFO
[0.600s] writing dependency_links to scout_msgs.egg-info/dependency_links.txt
[0.600s] writing top-level names to scout_msgs.egg-info/top_level.txt
[0.604s] reading manifest file 'scout_msgs.egg-info/SOURCES.txt'
[0.605s] writing manifest file 'scout_msgs.egg-info/SOURCES.txt'
[0.645s] [100%] Built target ament_cmake_python_build_scout_msgs_egg
[0.902s] Invoked command in '/home/min/Workspace/scout_mini/build/scout_msgs' returned '0': CMAKE_PREFIX_PATH=/home/min/Workspace/scout_mini/install/scout_base:/home/min/Workspace/scout_mini/install/scout_mini_tools:/home/min/Workspace/scout_mini/install/robot_control:/opt/ros/humble:/home/min/Workspace/scout_mini/install/ugv_sdk:/home/min/Workspace/scout_mini/install/sllidar_ros2:/home/min/Workspace/scout_mini/install/slam_launch:/home/min/Workspace/scout_mini/install/scout_msgs:/home/min/Workspace/scout_mini/install/scout_mini_nav2:/home/min/Workspace/scout_mini/install/scout_gazebo_sim:/home/min/Workspace/scout_mini/install/scout_description:/home/min/Workspace/scout_mini/install/scout_control:/home/min/Workspace/scout_mini/install/realsense2_description:/home/min/Workspace/scout_mini/install/realsense2_camera:/home/min/Workspace/scout_mini/install/realsense2_camera_msgs /usr/bin/cmake --build /home/min/Workspace/scout_mini/build/scout_msgs -- -j8 -l8
[0.903s] Invoking command in '/home/min/Workspace/scout_mini/build/scout_msgs': CMAKE_PREFIX_PATH=/home/min/Workspace/scout_mini/install/scout_base:/home/min/Workspace/scout_mini/install/scout_mini_tools:/home/min/Workspace/scout_mini/install/robot_control:/opt/ros/humble:/home/min/Workspace/scout_mini/install/ugv_sdk:/home/min/Workspace/scout_mini/install/sllidar_ros2:/home/min/Workspace/scout_mini/install/slam_launch:/home/min/Workspace/scout_mini/install/scout_msgs:/home/min/Workspace/scout_mini/install/scout_mini_nav2:/home/min/Workspace/scout_mini/install/scout_gazebo_sim:/home/min/Workspace/scout_mini/install/scout_description:/home/min/Workspace/scout_mini/install/scout_control:/home/min/Workspace/scout_mini/install/realsense2_description:/home/min/Workspace/scout_mini/install/realsense2_camera:/home/min/Workspace/scout_mini/install/realsense2_camera_msgs /usr/bin/cmake --install /home/min/Workspace/scout_mini/build/scout_msgs
[0.933s] -- Install configuration: ""
[0.933s] -- Execute custom install script
[0.933s] -- Up-to-date symlink: /home/min/Workspace/scout_mini/install/scout_msgs/share/ament_index/resource_index/rosidl_interfaces/scout_msgs
[0.933s] -- Up-to-date symlink: /home/min/Workspace/scout_mini/install/scout_msgs/include/scout_msgs/scout_msgs/msg/detail/scout_actuator_state__functions.h
[0.940s] -- Up-to-date symlink: /home/min/Workspace/scout_mini/install/scout_msgs/include/scout_msgs/scout_msgs/msg/detail/scout_actuator_state__struct.h
[0.940s] -- Up-to-date symlink: /home/min/Workspace/scout_mini/install/scout_msgs/include/scout_msgs/scout_msgs/msg/detail/scout_actuator_state__type_support.h
[0.940s] -- Up-to-date symlink: /home/min/Workspace/scout_mini/install/scout_msgs/include/scout_msgs/scout_msgs/msg/detail/scout_light_cmd__functions.h
[0.940s] -- Up-to-date symlink: /home/min/Workspace/scout_mini/install/scout_msgs/include/scout_msgs/scout_msgs/msg/detail/scout_light_cmd__struct.h
[0.940s] -- Up-to-date symlink: /home/min/Workspace/scout_mini/install/scout_msgs/include/scout_msgs/scout_msgs/msg/detail/scout_light_cmd__type_support.h
[0.941s] -- Up-to-date symlink: /home/min/Workspace/scout_mini/install/scout_msgs/include/scout_msgs/scout_msgs/msg/detail/scout_light_state__functions.h
[0.942s] -- Up-to-date symlink: /home/min/Workspace/scout_mini/install/scout_msgs/include/scout_msgs/scout_msgs/msg/detail/scout_light_state__struct.h
[0.942s] -- Up-to-date symlink: /home/min/Workspace/scout_mini/install/scout_msgs/include/scout_msgs/scout_msgs/msg/detail/scout_light_state__type_support.h
[0.942s] -- Up-to-date symlink: /home/min/Workspace/scout_mini/install/scout_msgs/include/scout_msgs/scout_msgs/msg/detail/scout_rc_state__functions.h
[0.942s] -- Up-to-date symlink: /home/min/Workspace/scout_mini/install/scout_msgs/include/scout_msgs/scout_msgs/msg/detail/scout_rc_state__struct.h
[0.942s] -- Up-to-date symlink: /home/min/Workspace/scout_mini/install/scout_msgs/include/scout_msgs/scout_msgs/msg/detail/scout_rc_state__type_support.h
[0.942s] -- Up-to-date symlink: /home/min/Workspace/scout_mini/install/scout_msgs/include/scout_msgs/scout_msgs/msg/detail/scout_status__functions.h
[0.943s] -- Up-to-date symlink: /home/min/Workspace/scout_mini/install/scout_msgs/include/scout_msgs/scout_msgs/msg/detail/scout_status__struct.h
[0.943s] -- Up-to-date symlink: /home/min/Workspace/scout_mini/install/scout_msgs/include/scout_msgs/scout_msgs/msg/detail/scout_status__type_support.h
[0.944s] -- Up-to-date symlink: /home/min/Workspace/scout_mini/install/scout_msgs/include/scout_msgs/scout_msgs/msg/rosidl_generator_c__visibility_control.h
[0.945s] -- Up-to-date symlink: /home/min/Workspace/scout_mini/install/scout_msgs/include/scout_msgs/scout_msgs/msg/scout_actuator_state.h
[0.945s] -- Up-to-date symlink: /home/min/Workspace/scout_mini/install/scout_msgs/include/scout_msgs/scout_msgs/msg/scout_light_cmd.h
[0.945s] -- Up-to-date symlink: /home/min/Workspace/scout_mini/install/scout_msgs/include/scout_msgs/scout_msgs/msg/scout_light_state.h
[0.946s] -- Up-to-date symlink: /home/min/Workspace/scout_mini/install/scout_msgs/include/scout_msgs/scout_msgs/msg/scout_rc_state.h
[0.947s] -- Up-to-date symlink: /home/min/Workspace/scout_mini/install/scout_msgs/include/scout_msgs/scout_msgs/msg/scout_status.h
[0.947s] -- Up-to-date symlink: /home/min/Workspace/scout_mini/install/scout_msgs/share/scout_msgs/environment/library_path.sh
[0.949s] -- Up-to-date symlink: /home/min/Workspace/scout_mini/install/scout_msgs/share/scout_msgs/environment/library_path.dsv
[0.950s] -- Up-to-date symlink: /home/min/Workspace/scout_mini/install/scout_msgs/include/scout_msgs/scout_msgs/msg/detail/scout_actuator_state__rosidl_typesupport_fastrtps_c.h
[0.950s] -- Up-to-date symlink: /home/min/Workspace/scout_mini/install/scout_msgs/include/scout_msgs/scout_msgs/msg/detail/scout_light_cmd__rosidl_typesupport_fastrtps_c.h
[0.951s] -- Up-to-date symlink: /home/min/Workspace/scout_mini/install/scout_msgs/include/scout_msgs/scout_msgs/msg/detail/scout_light_state__rosidl_typesupport_fastrtps_c.h
[0.951s] -- Up-to-date symlink: /home/min/Workspace/scout_mini/install/scout_msgs/include/scout_msgs/scout_msgs/msg/detail/scout_rc_state__rosidl_typesupport_fastrtps_c.h
[0.951s] -- Up-to-date symlink: /home/min/Workspace/scout_mini/install/scout_msgs/include/scout_msgs/scout_msgs/msg/detail/scout_status__rosidl_typesupport_fastrtps_c.h
[0.951s] -- Up-to-date symlink: /home/min/Workspace/scout_mini/install/scout_msgs/include/scout_msgs/scout_msgs/msg/rosidl_typesupport_fastrtps_c__visibility_control.h
[0.951s] -- Up-to-date symlink: /home/min/Workspace/scout_mini/install/scout_msgs/include/scout_msgs/scout_msgs/msg/detail/scout_actuator_state__builder.hpp
[0.951s] -- Up-to-date symlink: /home/min/Workspace/scout_mini/install/scout_msgs/include/scout_msgs/scout_msgs/msg/detail/scout_actuator_state__struct.hpp
[0.951s] -- Up-to-date symlink: /home/min/Workspace/scout_mini/install/scout_msgs/include/scout_msgs/scout_msgs/msg/detail/scout_actuator_state__traits.hpp
[0.952s] -- Up-to-date symlink: /home/min/Workspace/scout_mini/install/scout_msgs/include/scout_msgs/scout_msgs/msg/detail/scout_actuator_state__type_support.hpp
[0.952s] -- Up-to-date symlink: /home/min/Workspace/scout_mini/install/scout_msgs/include/scout_msgs/scout_msgs/msg/detail/scout_light_cmd__builder.hpp
[0.952s] -- Up-to-date symlink: /home/min/Workspace/scout_mini/install/scout_msgs/include/scout_msgs/scout_msgs/msg/detail/scout_light_cmd__struct.hpp
[0.952s] -- Up-to-date symlink: /home/min/Workspace/scout_mini/install/scout_msgs/include/scout_msgs/scout_msgs/msg/detail/scout_light_cmd__traits.hpp
[0.952s] -- Up-to-date symlink: /home/min/Workspace/scout_mini/install/scout_msgs/include/scout_msgs/scout_msgs/msg/detail/scout_light_cmd__type_support.hpp
[0.962s] -- Up-to-date symlink: /home/min/Workspace/scout_mini/install/scout_msgs/include/scout_msgs/scout_msgs/msg/detail/scout_light_state__builder.hpp
[0.963s] -- Up-to-date symlink: /home/min/Workspace/scout_mini/install/scout_msgs/include/scout_msgs/scout_msgs/msg/detail/scout_light_state__struct.hpp
[0.963s] -- Up-to-date symlink: /home/min/Workspace/scout_mini/install/scout_msgs/include/scout_msgs/scout_msgs/msg/detail/scout_light_state__traits.hpp
[0.963s] -- Up-to-date symlink: /home/min/Workspace/scout_mini/install/scout_msgs/include/scout_msgs/scout_msgs/msg/detail/scout_light_state__type_support.hpp
[0.963s] -- Up-to-date symlink: /home/min/Workspace/scout_mini/install/scout_msgs/include/scout_msgs/scout_msgs/msg/detail/scout_rc_state__builder.hpp
[0.963s] -- Up-to-date symlink: /home/min/Workspace/scout_mini/install/scout_msgs/include/scout_msgs/scout_msgs/msg/detail/scout_rc_state__struct.hpp
[0.963s] -- Up-to-date symlink: /home/min/Workspace/scout_mini/install/scout_msgs/include/scout_msgs/scout_msgs/msg/detail/scout_rc_state__traits.hpp
[0.963s] -- Up-to-date symlink: /home/min/Workspace/scout_mini/install/scout_msgs/include/scout_msgs/scout_msgs/msg/detail/scout_rc_state__type_support.hpp
[0.964s] -- Up-to-date symlink: /home/min/Workspace/scout_mini/install/scout_msgs/include/scout_msgs/scout_msgs/msg/detail/scout_status__builder.hpp
[0.964s] -- Up-to-date symlink: /home/min/Workspace/scout_mini/install/scout_msgs/include/scout_msgs/scout_msgs/msg/detail/scout_status__struct.hpp
[0.965s] -- Up-to-date symlink: /home/min/Workspace/scout_mini/install/scout_msgs/include/scout_msgs/scout_msgs/msg/detail/scout_status__traits.hpp
[0.966s] -- Up-to-date symlink: /home/min/Workspace/scout_mini/install/scout_msgs/include/scout_msgs/scout_msgs/msg/detail/scout_status__type_support.hpp
[0.966s] -- Up-to-date symlink: /home/min/Workspace/scout_mini/install/scout_msgs/include/scout_msgs/scout_msgs/msg/rosidl_generator_cpp__visibility_control.hpp
[0.968s] -- Up-to-date symlink: /home/min/Workspace/scout_mini/install/scout_msgs/include/scout_msgs/scout_msgs/msg/scout_actuator_state.hpp
[0.969s] -- Up-to-date symlink: /home/min/Workspace/scout_mini/install/scout_msgs/include/scout_msgs/scout_msgs/msg/scout_light_cmd.hpp
[0.969s] -- Up-to-date symlink: /home/min/Workspace/scout_mini/install/scout_msgs/include/scout_msgs/scout_msgs/msg/scout_light_state.hpp
[0.970s] -- Up-to-date symlink: /home/min/Workspace/scout_mini/install/scout_msgs/include/scout_msgs/scout_msgs/msg/scout_rc_state.hpp
[0.971s] -- Up-to-date symlink: /home/min/Workspace/scout_mini/install/scout_msgs/include/scout_msgs/scout_msgs/msg/scout_status.hpp
[0.974s] -- Up-to-date symlink: /home/min/Workspace/scout_mini/install/scout_msgs/include/scout_msgs/scout_msgs/msg/detail/scout_actuator_state__rosidl_typesupport_fastrtps_cpp.hpp
[0.974s] -- Up-to-date symlink: /home/min/Workspace/scout_mini/install/scout_msgs/include/scout_msgs/scout_msgs/msg/detail/scout_light_cmd__rosidl_typesupport_fastrtps_cpp.hpp
[0.974s] -- Up-to-date symlink: /home/min/Workspace/scout_mini/install/scout_msgs/include/scout_msgs/scout_msgs/msg/detail/scout_light_state__rosidl_typesupport_fastrtps_cpp.hpp
[0.974s] -- Up-to-date symlink: /home/min/Workspace/scout_mini/install/scout_msgs/include/scout_msgs/scout_msgs/msg/detail/scout_rc_state__rosidl_typesupport_fastrtps_cpp.hpp
[0.974s] -- Up-to-date symlink: /home/min/Workspace/scout_mini/install/scout_msgs/include/scout_msgs/scout_msgs/msg/detail/scout_status__rosidl_typesupport_fastrtps_cpp.hpp
[0.975s] -- Up-to-date symlink: /home/min/Workspace/scout_mini/install/scout_msgs/include/scout_msgs/scout_msgs/msg/rosidl_typesupport_fastrtps_cpp__visibility_control.h
[0.975s] -- Up-to-date symlink: /home/min/Workspace/scout_mini/install/scout_msgs/include/scout_msgs/scout_msgs/msg/detail/scout_actuator_state__rosidl_typesupport_introspection_c.h
[0.976s] -- Up-to-date symlink: /home/min/Workspace/scout_mini/install/scout_msgs/include/scout_msgs/scout_msgs/msg/detail/scout_light_cmd__rosidl_typesupport_introspection_c.h
[0.976s] -- Up-to-date symlink: /home/min/Workspace/scout_mini/install/scout_msgs/include/scout_msgs/scout_msgs/msg/detail/scout_light_state__rosidl_typesupport_introspection_c.h
[0.976s] -- Up-to-date symlink: /home/min/Workspace/scout_mini/install/scout_msgs/include/scout_msgs/scout_msgs/msg/detail/scout_rc_state__rosidl_typesupport_introspection_c.h
[0.976s] -- Up-to-date symlink: /home/min/Workspace/scout_mini/install/scout_msgs/include/scout_msgs/scout_msgs/msg/detail/scout_status__rosidl_typesupport_introspection_c.h
[0.976s] -- Up-to-date symlink: /home/min/Workspace/scout_mini/install/scout_msgs/include/scout_msgs/scout_msgs/msg/rosidl_typesupport_introspection_c__visibility_control.h
[0.976s] -- Up-to-date symlink: /home/min/Workspace/scout_mini/install/scout_msgs/include/scout_msgs/scout_msgs/msg/detail/scout_actuator_state__rosidl_typesupport_introspection_cpp.hpp
[0.977s] -- Up-to-date symlink: /home/min/Workspace/scout_mini/install/scout_msgs/include/scout_msgs/scout_msgs/msg/detail/scout_light_cmd__rosidl_typesupport_introspection_cpp.hpp
[0.977s] -- Up-to-date symlink: /home/min/Workspace/scout_mini/install/scout_msgs/include/scout_msgs/scout_msgs/msg/detail/scout_light_state__rosidl_typesupport_introspection_cpp.hpp
[0.977s] -- Up-to-date symlink: /home/min/Workspace/scout_mini/install/scout_msgs/include/scout_msgs/scout_msgs/msg/detail/scout_rc_state__rosidl_typesupport_introspection_cpp.hpp
[0.978s] -- Up-to-date symlink: /home/min/Workspace/scout_mini/install/scout_msgs/include/scout_msgs/scout_msgs/msg/detail/scout_status__rosidl_typesupport_introspection_cpp.hpp
[0.978s] -- Up-to-date symlink: /home/min/Workspace/scout_mini/install/scout_msgs/share/scout_msgs/environment/pythonpath.sh
[0.978s] -- Up-to-date symlink: /home/min/Workspace/scout_mini/install/scout_msgs/share/scout_msgs/environment/pythonpath.dsv
[0.978s] -- Up-to-date symlink: /home/min/Workspace/scout_mini/install/scout_msgs/local/lib/python3.10/dist-packages/scout_msgs-0.1.0-py3.10.egg-info/PKG-INFO
[0.979s] -- Up-to-date symlink: /home/min/Workspace/scout_mini/install/scout_msgs/local/lib/python3.10/dist-packages/scout_msgs-0.1.0-py3.10.egg-info/SOURCES.txt
[0.979s] -- Up-to-date symlink: /home/min/Workspace/scout_mini/install/scout_msgs/local/lib/python3.10/dist-packages/scout_msgs-0.1.0-py3.10.egg-info/dependency_links.txt
[0.979s] -- Up-to-date symlink: /home/min/Workspace/scout_mini/install/scout_msgs/local/lib/python3.10/dist-packages/scout_msgs-0.1.0-py3.10.egg-info/top_level.txt
[0.979s] -- Up-to-date symlink: /home/min/Workspace/scout_mini/install/scout_msgs/local/lib/python3.10/dist-packages/scout_msgs/__init__.py
[0.979s] -- Up-to-date symlink: /home/min/Workspace/scout_mini/install/scout_msgs/local/lib/python3.10/dist-packages/scout_msgs/_scout_msgs_s.ep.rosidl_typesupport_c.c
[0.979s] -- Up-to-date symlink: /home/min/Workspace/scout_mini/install/scout_msgs/local/lib/python3.10/dist-packages/scout_msgs/_scout_msgs_s.ep.rosidl_typesupport_fastrtps_c.c
[0.979s] -- Up-to-date symlink: /home/min/Workspace/scout_mini/install/scout_msgs/local/lib/python3.10/dist-packages/scout_msgs/_scout_msgs_s.ep.rosidl_typesupport_introspection_c.c
[0.980s] -- Up-to-date symlink: /home/min/Workspace/scout_mini/install/scout_msgs/local/lib/python3.10/dist-packages/scout_msgs/libscout_msgs__rosidl_generator_py.so
[0.980s] -- Up-to-date symlink: /home/min/Workspace/scout_mini/install/scout_msgs/local/lib/python3.10/dist-packages/scout_msgs/msg/__init__.py
[0.980s] -- Up-to-date symlink: /home/min/Workspace/scout_mini/install/scout_msgs/local/lib/python3.10/dist-packages/scout_msgs/msg/_scout_actuator_state.py
[0.980s] -- Up-to-date symlink: /home/min/Workspace/scout_mini/install/scout_msgs/local/lib/python3.10/dist-packages/scout_msgs/msg/_scout_actuator_state_s.c
[0.980s] -- Up-to-date symlink: /home/min/Workspace/scout_mini/install/scout_msgs/local/lib/python3.10/dist-packages/scout_msgs/msg/_scout_light_cmd.py
[0.980s] -- Up-to-date symlink: /home/min/Workspace/scout_mini/install/scout_msgs/local/lib/python3.10/dist-packages/scout_msgs/msg/_scout_light_cmd_s.c
[0.980s] -- Up-to-date symlink: /home/min/Workspace/scout_mini/install/scout_msgs/local/lib/python3.10/dist-packages/scout_msgs/msg/_scout_light_state.py
[0.980s] -- Up-to-date symlink: /home/min/Workspace/scout_mini/install/scout_msgs/local/lib/python3.10/dist-packages/scout_msgs/msg/_scout_light_state_s.c
[0.980s] -- Up-to-date symlink: /home/min/Workspace/scout_mini/install/scout_msgs/local/lib/python3.10/dist-packages/scout_msgs/msg/_scout_rc_state.py
[0.980s] -- Up-to-date symlink: /home/min/Workspace/scout_mini/install/scout_msgs/local/lib/python3.10/dist-packages/scout_msgs/msg/_scout_rc_state_s.c
[0.980s] -- Up-to-date symlink: /home/min/Workspace/scout_mini/install/scout_msgs/local/lib/python3.10/dist-packages/scout_msgs/msg/_scout_status.py
[0.980s] -- Up-to-date symlink: /home/min/Workspace/scout_mini/install/scout_msgs/local/lib/python3.10/dist-packages/scout_msgs/msg/_scout_status_s.c
[0.981s] -- Up-to-date symlink: /home/min/Workspace/scout_mini/install/scout_msgs/local/lib/python3.10/dist-packages/scout_msgs/scout_msgs_s__rosidl_typesupport_c.cpython-310-x86_64-linux-gnu.so
[0.981s] -- Up-to-date symlink: /home/min/Workspace/scout_mini/install/scout_msgs/local/lib/python3.10/dist-packages/scout_msgs/scout_msgs_s__rosidl_typesupport_fastrtps_c.cpython-310-x86_64-linux-gnu.so
[0.981s] -- Up-to-date symlink: /home/min/Workspace/scout_mini/install/scout_msgs/local/lib/python3.10/dist-packages/scout_msgs/scout_msgs_s__rosidl_typesupport_introspection_c.cpython-310-x86_64-linux-gnu.so
[0.984s] -- Up-to-date symlink: /home/min/Workspace/scout_mini/install/scout_msgs/local/lib/python3.10/dist-packages/scout_msgs/scout_msgs_s__rosidl_typesupport_fastrtps_c.cpython-310-x86_64-linux-gnu.so
[0.985s] -- Up-to-date symlink: /home/min/Workspace/scout_mini/install/scout_msgs/local/lib/python3.10/dist-packages/scout_msgs/scout_msgs_s__rosidl_typesupport_introspection_c.cpython-310-x86_64-linux-gnu.so
[0.985s] -- Up-to-date symlink: /home/min/Workspace/scout_mini/install/scout_msgs/local/lib/python3.10/dist-packages/scout_msgs/scout_msgs_s__rosidl_typesupport_c.cpython-310-x86_64-linux-gnu.so
[0.985s] -- Up-to-date symlink: /home/min/Workspace/scout_mini/install/scout_msgs/share/scout_msgs/msg/ScoutActuatorState.idl
[0.986s] -- Up-to-date symlink: /home/min/Workspace/scout_mini/install/scout_msgs/share/scout_msgs/msg/ScoutLightCmd.idl
[0.986s] -- Up-to-date symlink: /home/min/Workspace/scout_mini/install/scout_msgs/share/scout_msgs/msg/ScoutLightState.idl
[0.988s] -- Up-to-date symlink: /home/min/Workspace/scout_mini/install/scout_msgs/share/scout_msgs/msg/ScoutRCState.idl
[0.988s] -- Up-to-date symlink: /home/min/Workspace/scout_mini/install/scout_msgs/share/scout_msgs/msg/ScoutStatus.idl
[0.988s] -- Up-to-date symlink: /home/min/Workspace/scout_mini/install/scout_msgs/share/scout_msgs/msg/ScoutActuatorState.msg
[0.989s] -- Up-to-date symlink: /home/min/Workspace/scout_mini/install/scout_msgs/share/scout_msgs/msg/ScoutLightCmd.msg
[0.989s] -- Up-to-date symlink: /home/min/Workspace/scout_mini/install/scout_msgs/share/scout_msgs/msg/ScoutLightState.msg
[0.990s] -- Up-to-date symlink: /home/min/Workspace/scout_mini/install/scout_msgs/share/scout_msgs/msg/ScoutRCState.msg
[0.990s] -- Up-to-date symlink: /home/min/Workspace/scout_mini/install/scout_msgs/share/scout_msgs/msg/ScoutStatus.msg
[0.991s] -- Up-to-date symlink: /home/min/Workspace/scout_mini/install/scout_msgs/share/ament_index/resource_index/package_run_dependencies/scout_msgs
[0.991s] -- Up-to-date symlink: /home/min/Workspace/scout_mini/install/scout_msgs/share/ament_index/resource_index/parent_prefix_path/scout_msgs
[0.991s] -- Up-to-date symlink: /home/min/Workspace/scout_mini/install/scout_msgs/share/scout_msgs/environment/ament_prefix_path.sh
[0.992s] -- Up-to-date symlink: /home/min/Workspace/scout_mini/install/scout_msgs/share/scout_msgs/environment/ament_prefix_path.dsv
[0.992s] -- Up-to-date symlink: /home/min/Workspace/scout_mini/install/scout_msgs/share/scout_msgs/environment/path.sh
[0.993s] -- Up-to-date symlink: /home/min/Workspace/scout_mini/install/scout_msgs/share/scout_msgs/environment/path.dsv
[0.993s] -- Up-to-date symlink: /home/min/Workspace/scout_mini/install/scout_msgs/share/scout_msgs/local_setup.bash
[0.994s] -- Up-to-date symlink: /home/min/Workspace/scout_mini/install/scout_msgs/share/scout_msgs/local_setup.sh
[0.994s] -- Up-to-date symlink: /home/min/Workspace/scout_mini/install/scout_msgs/share/scout_msgs/local_setup.zsh
[0.994s] -- Up-to-date symlink: /home/min/Workspace/scout_mini/install/scout_msgs/share/scout_msgs/local_setup.dsv
[0.994s] -- Symlinking: /home/min/Workspace/scout_mini/install/scout_msgs/share/scout_msgs/package.dsv
[1.001s] -- Up-to-date symlink: /home/min/Workspace/scout_mini/install/scout_msgs/share/ament_index/resource_index/packages/scout_msgs
[1.001s] -- Up-to-date symlink: /home/min/Workspace/scout_mini/install/scout_msgs/share/scout_msgs/cmake/rosidl_cmake-extras.cmake
[1.002s] -- Up-to-date symlink: /home/min/Workspace/scout_mini/install/scout_msgs/share/scout_msgs/cmake/ament_cmake_export_dependencies-extras.cmake
[1.002s] -- Up-to-date symlink: /home/min/Workspace/scout_mini/install/scout_msgs/share/scout_msgs/cmake/ament_cmake_export_include_directories-extras.cmake
[1.002s] -- Up-to-date symlink: /home/min/Workspace/scout_mini/install/scout_msgs/share/scout_msgs/cmake/ament_cmake_export_libraries-extras.cmake
[1.002s] -- Up-to-date symlink: /home/min/Workspace/scout_mini/install/scout_msgs/share/scout_msgs/cmake/ament_cmake_export_targets-extras.cmake
[1.002s] -- Up-to-date symlink: /home/min/Workspace/scout_mini/install/scout_msgs/share/scout_msgs/cmake/rosidl_cmake_export_typesupport_targets-extras.cmake
[1.003s] -- Up-to-date symlink: /home/min/Workspace/scout_mini/install/scout_msgs/share/scout_msgs/cmake/rosidl_cmake_export_typesupport_libraries-extras.cmake
[1.003s] -- Up-to-date symlink: /home/min/Workspace/scout_mini/install/scout_msgs/share/scout_msgs/cmake/scout_msgsConfig.cmake
[1.003s] -- Up-to-date symlink: /home/min/Workspace/scout_mini/install/scout_msgs/share/scout_msgs/cmake/scout_msgsConfig-version.cmake
[1.003s] -- Up-to-date symlink: /home/min/Workspace/scout_mini/install/scout_msgs/share/scout_msgs/package.xml
[1.003s] -- Up-to-date: /home/min/Workspace/scout_mini/install/scout_msgs/lib/libscout_msgs__rosidl_generator_c.so
[1.003s] -- Up-to-date: /home/min/Workspace/scout_mini/install/scout_msgs/lib/libscout_msgs__rosidl_typesupport_fastrtps_c.so
[1.004s] -- Up-to-date: /home/min/Workspace/scout_mini/install/scout_msgs/lib/libscout_msgs__rosidl_typesupport_fastrtps_cpp.so
[1.004s] -- Up-to-date: /home/min/Workspace/scout_mini/install/scout_msgs/lib/libscout_msgs__rosidl_typesupport_introspection_c.so
[1.004s] -- Up-to-date: /home/min/Workspace/scout_mini/install/scout_msgs/lib/libscout_msgs__rosidl_typesupport_c.so
[1.004s] -- Up-to-date: /home/min/Workspace/scout_mini/install/scout_msgs/lib/libscout_msgs__rosidl_typesupport_introspection_cpp.so
[1.004s] -- Up-to-date: /home/min/Workspace/scout_mini/install/scout_msgs/lib/libscout_msgs__rosidl_typesupport_cpp.so
[1.029s] Listing '/home/min/Workspace/scout_mini/install/scout_msgs/local/lib/python3.10/dist-packages/scout_msgs'...
[1.029s] Listing '/home/min/Workspace/scout_mini/install/scout_msgs/local/lib/python3.10/dist-packages/scout_msgs/msg'...
[1.040s] -- Up-to-date: /home/min/Workspace/scout_mini/install/scout_msgs/lib/libscout_msgs__rosidl_generator_py.so
[1.041s] -- Up-to-date: /home/min/Workspace/scout_mini/install/scout_msgs/share/scout_msgs/cmake/export_scout_msgs__rosidl_generator_cExport.cmake
[1.041s] -- Up-to-date: /home/min/Workspace/scout_mini/install/scout_msgs/share/scout_msgs/cmake/export_scout_msgs__rosidl_generator_cExport-noconfig.cmake
[1.041s] -- Up-to-date: /home/min/Workspace/scout_mini/install/scout_msgs/share/scout_msgs/cmake/export_scout_msgs__rosidl_typesupport_fastrtps_cExport.cmake
[1.041s] -- Up-to-date: /home/min/Workspace/scout_mini/install/scout_msgs/share/scout_msgs/cmake/export_scout_msgs__rosidl_typesupport_fastrtps_cExport-noconfig.cmake
[1.042s] -- Up-to-date: /home/min/Workspace/scout_mini/install/scout_msgs/share/scout_msgs/cmake/export_scout_msgs__rosidl_generator_cppExport.cmake
[1.042s] -- Up-to-date: /home/min/Workspace/scout_mini/install/scout_msgs/share/scout_msgs/cmake/export_scout_msgs__rosidl_typesupport_fastrtps_cppExport.cmake
[1.042s] -- Up-to-date: /home/min/Workspace/scout_mini/install/scout_msgs/share/scout_msgs/cmake/export_scout_msgs__rosidl_typesupport_fastrtps_cppExport-noconfig.cmake
[1.042s] -- Up-to-date: /home/min/Workspace/scout_mini/install/scout_msgs/share/scout_msgs/cmake/scout_msgs__rosidl_typesupport_introspection_cExport.cmake
[1.042s] -- Up-to-date: /home/min/Workspace/scout_mini/install/scout_msgs/share/scout_msgs/cmake/scout_msgs__rosidl_typesupport_introspection_cExport-noconfig.cmake
[1.043s] -- Up-to-date: /home/min/Workspace/scout_mini/install/scout_msgs/share/scout_msgs/cmake/scout_msgs__rosidl_typesupport_cExport.cmake
[1.043s] -- Up-to-date: /home/min/Workspace/scout_mini/install/scout_msgs/share/scout_msgs/cmake/scout_msgs__rosidl_typesupport_cExport-noconfig.cmake
[1.043s] -- Up-to-date: /home/min/Workspace/scout_mini/install/scout_msgs/share/scout_msgs/cmake/scout_msgs__rosidl_typesupport_introspection_cppExport.cmake
[1.043s] -- Up-to-date: /home/min/Workspace/scout_mini/install/scout_msgs/share/scout_msgs/cmake/scout_msgs__rosidl_typesupport_introspection_cppExport-noconfig.cmake
[1.043s] -- Up-to-date: /home/min/Workspace/scout_mini/install/scout_msgs/share/scout_msgs/cmake/scout_msgs__rosidl_typesupport_cppExport.cmake
[1.043s] -- Up-to-date: /home/min/Workspace/scout_mini/install/scout_msgs/share/scout_msgs/cmake/scout_msgs__rosidl_typesupport_cppExport-noconfig.cmake
[1.044s] -- Up-to-date: /home/min/Workspace/scout_mini/install/scout_msgs/share/scout_msgs/cmake/export_scout_msgs__rosidl_generator_pyExport.cmake
[1.044s] -- Up-to-date: /home/min/Workspace/scout_mini/install/scout_msgs/share/scout_msgs/cmake/export_scout_msgs__rosidl_generator_pyExport-noconfig.cmake
[1.115s] Invoked command in '/home/min/Workspace/scout_mini/build/scout_msgs' returned '0': CMAKE_PREFIX_PATH=/home/min/Workspace/scout_mini/install/scout_base:/home/min/Workspace/scout_mini/install/scout_mini_tools:/home/min/Workspace/scout_mini/install/robot_control:/opt/ros/humble:/home/min/Workspace/scout_mini/install/ugv_sdk:/home/min/Workspace/scout_mini/install/sllidar_ros2:/home/min/Workspace/scout_mini/install/slam_launch:/home/min/Workspace/scout_mini/install/scout_msgs:/home/min/Workspace/scout_mini/install/scout_mini_nav2:/home/min/Workspace/scout_mini/install/scout_gazebo_sim:/home/min/Workspace/scout_mini/install/scout_description:/home/min/Workspace/scout_mini/install/scout_control:/home/min/Workspace/scout_mini/install/realsense2_description:/home/min/Workspace/scout_mini/install/realsense2_camera:/home/min/Workspace/scout_mini/install/realsense2_camera_msgs /usr/bin/cmake --install /home/min/Workspace/scout_mini/build/scout_msgs
