[0.013s] Invoking command in '/home/min/Workspace/scout_mini/build/scout_base': CMAKE_PREFIX_PATH=/home/min/Workspace/scout_mini/install/scout_mini_tools:/opt/ros/humble:/home/min/Workspace/scout_mini/install/ugv_sdk:/home/min/Workspace/scout_mini/install/scout_msgs:/home/min/Workspace/scout_mini/install/scout_base:/home/min/Workspace/scout_mini/install/sllidar_ros2:/home/min/Workspace/scout_mini/install/slam_launch:/home/min/Workspace/scout_mini/install/scout_mini_nav2:/home/min/Workspace/scout_mini/install/scout_gazebo_sim:/home/min/Workspace/scout_mini/install/scout_description:/home/min/Workspace/scout_mini/install/scout_control:/home/min/Workspace/scout_mini/install/realsense2_description:/home/min/Workspace/scout_mini/install/realsense2_camera:/home/min/Workspace/scout_mini/install/realsense2_camera_msgs:/home/min/Downloads/multiple_robots/install/robot_gazebo:/home/min/Downloads/multiple_robots/install/robot_description:/home/min/Downloads/multiple_robots/install/robot_control /usr/bin/cmake /home/min/Workspace/scout_mini/src/scout_ros2/scout_base -DAMENT_CMAKE_SYMLINK_INSTALL=1 -DCMAKE_INSTALL_PREFIX=/home/min/Workspace/scout_mini/install/scout_base
[0.117s] -- The C compiler identification is GNU 11.4.0
[0.184s] -- The CXX compiler identification is GNU 11.4.0
[0.193s] -- Detecting C compiler ABI info
[0.283s] -- Detecting C compiler ABI info - done
[0.299s] -- Check for working C compiler: /usr/bin/cc - skipped
[0.300s] -- Detecting C compile features
[0.300s] -- Detecting C compile features - done
[0.305s] -- Detecting CXX compiler ABI info
[0.407s] -- Detecting CXX compiler ABI info - done
[0.418s] -- Check for working CXX compiler: /usr/bin/c++ - skipped
[0.418s] -- Detecting CXX compile features
[0.419s] -- Detecting CXX compile features - done
[0.434s] -- Found ament_cmake: 1.3.12 (/opt/ros/humble/share/ament_cmake/cmake)
[0.607s] -- Found Python3: /usr/bin/python3 (found version "3.10.12") found components: Interpreter 
[0.691s] -- Override CMake install command with custom implementation using symlinks instead of copying resources
[0.724s] -- Found rclcpp: 16.0.15 (/opt/ros/humble/share/rclcpp/cmake)
[0.833s] -- Found rosidl_generator_c: 3.1.7 (/opt/ros/humble/share/rosidl_generator_c/cmake)
[0.839s] -- Found rosidl_adapter: 3.1.7 (/opt/ros/humble/share/rosidl_adapter/cmake)
[0.848s] -- Found rosidl_generator_cpp: 3.1.7 (/opt/ros/humble/share/rosidl_generator_cpp/cmake)
[0.862s] -- Using all available rosidl_typesupport_c: rosidl_typesupport_fastrtps_c;rosidl_typesupport_introspection_c
[0.881s] -- Using all available rosidl_typesupport_cpp: rosidl_typesupport_fastrtps_cpp;rosidl_typesupport_introspection_cpp
[0.935s] -- Found rmw_implementation_cmake: 6.1.2 (/opt/ros/humble/share/rmw_implementation_cmake/cmake)
[0.938s] -- Found rmw_fastrtps_cpp: 6.2.9 (/opt/ros/humble/share/rmw_fastrtps_cpp/cmake)
[1.042s] -- Found OpenSSL: /usr/lib/x86_64-linux-gnu/libcrypto.so (found version "3.0.2")  
[1.074s] -- Found FastRTPS: /opt/ros/humble/include  
[1.124s] -- Using RMW implementation 'rmw_fastrtps_cpp' as default
[1.134s] -- Looking for pthread.h
[1.215s] -- Looking for pthread.h - found
[1.215s] -- Performing Test CMAKE_HAVE_LIBC_PTHREAD
[1.299s] -- Performing Test CMAKE_HAVE_LIBC_PTHREAD - Success
[1.300s] -- Found Threads: TRUE  
[1.363s] -- Found geometry_msgs: 4.9.0 (/opt/ros/humble/share/geometry_msgs/cmake)
[1.401s] -- Found nav_msgs: 4.9.0 (/opt/ros/humble/share/nav_msgs/cmake)
[1.455s] -- Found sensor_msgs: 4.9.0 (/opt/ros/humble/share/sensor_msgs/cmake)
[1.700s] -- Found tf2: 0.25.16 (/opt/ros/humble/share/tf2/cmake)
[1.791s] -- Found tf2_ros: 0.25.16 (/opt/ros/humble/share/tf2_ros/cmake)
[2.109s] -- Found tf2_geometry_msgs: 0.25.16 (/opt/ros/humble/share/tf2_geometry_msgs/cmake)
[2.201s] -- Found eigen3_cmake_module: 0.1.1 (/opt/ros/humble/share/eigen3_cmake_module/cmake)
[2.215s] -- Found Eigen3: TRUE (found version "3.4.0") 
[2.215s] -- Ensuring Eigen3 include directory is part of orocos-kdl CMake target
[2.222s] -- Found scout_msgs: 0.1.0 (/home/min/Workspace/scout_mini/install/scout_msgs/share/scout_msgs/cmake)
[2.258s] -- Found ament_lint_auto: 0.12.14 (/opt/ros/humble/share/ament_lint_auto/cmake)
[2.356s] -- Configuring done
[2.372s] -- Generating done
[2.377s] -- Build files have been written to: /home/min/Workspace/scout_mini/build/scout_base
[2.391s] Invoked command in '/home/min/Workspace/scout_mini/build/scout_base' returned '0': CMAKE_PREFIX_PATH=/home/min/Workspace/scout_mini/install/scout_mini_tools:/opt/ros/humble:/home/min/Workspace/scout_mini/install/ugv_sdk:/home/min/Workspace/scout_mini/install/scout_msgs:/home/min/Workspace/scout_mini/install/scout_base:/home/min/Workspace/scout_mini/install/sllidar_ros2:/home/min/Workspace/scout_mini/install/slam_launch:/home/min/Workspace/scout_mini/install/scout_mini_nav2:/home/min/Workspace/scout_mini/install/scout_gazebo_sim:/home/min/Workspace/scout_mini/install/scout_description:/home/min/Workspace/scout_mini/install/scout_control:/home/min/Workspace/scout_mini/install/realsense2_description:/home/min/Workspace/scout_mini/install/realsense2_camera:/home/min/Workspace/scout_mini/install/realsense2_camera_msgs:/home/min/Downloads/multiple_robots/install/robot_gazebo:/home/min/Downloads/multiple_robots/install/robot_description:/home/min/Downloads/multiple_robots/install/robot_control /usr/bin/cmake /home/min/Workspace/scout_mini/src/scout_ros2/scout_base -DAMENT_CMAKE_SYMLINK_INSTALL=1 -DCMAKE_INSTALL_PREFIX=/home/min/Workspace/scout_mini/install/scout_base
[2.393s] Invoking command in '/home/min/Workspace/scout_mini/build/scout_base': CMAKE_PREFIX_PATH=/home/min/Workspace/scout_mini/install/scout_mini_tools:/opt/ros/humble:/home/min/Workspace/scout_mini/install/ugv_sdk:/home/min/Workspace/scout_mini/install/scout_msgs:/home/min/Workspace/scout_mini/install/scout_base:/home/min/Workspace/scout_mini/install/sllidar_ros2:/home/min/Workspace/scout_mini/install/slam_launch:/home/min/Workspace/scout_mini/install/scout_mini_nav2:/home/min/Workspace/scout_mini/install/scout_gazebo_sim:/home/min/Workspace/scout_mini/install/scout_description:/home/min/Workspace/scout_mini/install/scout_control:/home/min/Workspace/scout_mini/install/realsense2_description:/home/min/Workspace/scout_mini/install/realsense2_camera:/home/min/Workspace/scout_mini/install/realsense2_camera_msgs:/home/min/Downloads/multiple_robots/install/robot_gazebo:/home/min/Downloads/multiple_robots/install/robot_description:/home/min/Downloads/multiple_robots/install/robot_control /usr/bin/cmake --build /home/min/Workspace/scout_mini/build/scout_base -- -j8 -l8
[2.452s] [ 66%] [32mBuilding CXX object CMakeFiles/scout_base_node.dir/src/scout_base_node.cpp.o[0m
[2.452s] [ 66%] [32mBuilding CXX object CMakeFiles/scout_base_node.dir/src/scout_base_ros.cpp.o[0m
[3.239s] In file included from [01m[K/home/min/Workspace/scout_mini/src/scout_ros2/scout_base/include/scout_base/scout_messenger.hpp:21[m[K,
[3.240s]                  from [01m[K/home/min/Workspace/scout_mini/src/scout_ros2/scout_base/src/scout_base_ros.cpp:12[m[K:
[3.240s] [01m[K/opt/ros/humble/include/tf2_geometry_msgs/tf2_geometry_msgs/tf2_geometry_msgs.h:35:2:[m[K [01;35m[Kwarning: [m[K#warning This header is obsolete, please include tf2_geometry_msgs/tf2_geometry_msgs.hpp instead [[01;35m[K]8;;https://gcc.gnu.org/onlinedocs/gcc/Warning-Options.html#index-Wcpp-Wcpp]8;;[m[K]
[3.240s]    35 | #[01;35m[Kwarning[m[K This header is obsolete, please include tf2_geometry_msgs/tf2_geometry_msgs.hpp instead
[3.240s]       |  [01;35m[K^~~~~~~[m[K
[62.153s] [100%] [32m[1mLinking CXX executable scout_base_node[0m
[67.503s] [100%] Built target scout_base_node
[67.518s] Invoked command in '/home/min/Workspace/scout_mini/build/scout_base' returned '0': CMAKE_PREFIX_PATH=/home/min/Workspace/scout_mini/install/scout_mini_tools:/opt/ros/humble:/home/min/Workspace/scout_mini/install/ugv_sdk:/home/min/Workspace/scout_mini/install/scout_msgs:/home/min/Workspace/scout_mini/install/scout_base:/home/min/Workspace/scout_mini/install/sllidar_ros2:/home/min/Workspace/scout_mini/install/slam_launch:/home/min/Workspace/scout_mini/install/scout_mini_nav2:/home/min/Workspace/scout_mini/install/scout_gazebo_sim:/home/min/Workspace/scout_mini/install/scout_description:/home/min/Workspace/scout_mini/install/scout_control:/home/min/Workspace/scout_mini/install/realsense2_description:/home/min/Workspace/scout_mini/install/realsense2_camera:/home/min/Workspace/scout_mini/install/realsense2_camera_msgs:/home/min/Downloads/multiple_robots/install/robot_gazebo:/home/min/Downloads/multiple_robots/install/robot_description:/home/min/Downloads/multiple_robots/install/robot_control /usr/bin/cmake --build /home/min/Workspace/scout_mini/build/scout_base -- -j8 -l8
[67.520s] Invoking command in '/home/min/Workspace/scout_mini/build/scout_base': CMAKE_PREFIX_PATH=/home/min/Workspace/scout_mini/install/scout_mini_tools:/opt/ros/humble:/home/min/Workspace/scout_mini/install/ugv_sdk:/home/min/Workspace/scout_mini/install/scout_msgs:/home/min/Workspace/scout_mini/install/scout_base:/home/min/Workspace/scout_mini/install/sllidar_ros2:/home/min/Workspace/scout_mini/install/slam_launch:/home/min/Workspace/scout_mini/install/scout_mini_nav2:/home/min/Workspace/scout_mini/install/scout_gazebo_sim:/home/min/Workspace/scout_mini/install/scout_description:/home/min/Workspace/scout_mini/install/scout_control:/home/min/Workspace/scout_mini/install/realsense2_description:/home/min/Workspace/scout_mini/install/realsense2_camera:/home/min/Workspace/scout_mini/install/realsense2_camera_msgs:/home/min/Downloads/multiple_robots/install/robot_gazebo:/home/min/Downloads/multiple_robots/install/robot_description:/home/min/Downloads/multiple_robots/install/robot_control /usr/bin/cmake --install /home/min/Workspace/scout_mini/build/scout_base
[67.529s] -- Install configuration: ""
[67.539s] -- Execute custom install script
[67.539s] -- Symlinking: /home/min/Workspace/scout_mini/install/scout_base/lib/scout_base/scout_base_node
[67.617s] -- Symlinking: /home/min/Workspace/scout_mini/install/scout_base/share/scout_base//launch/scout_base.launch.py
[67.628s] -- Symlinking: /home/min/Workspace/scout_mini/install/scout_base/share/scout_base//launch/scout_mini_base.launch.py
[67.639s] -- Symlinking: /home/min/Workspace/scout_mini/install/scout_base/share/scout_base//launch/scout_mini_omni_base.launch.py
[67.649s] -- Symlinking: /home/min/Workspace/scout_mini/install/scout_base/share/ament_index/resource_index/package_run_dependencies/scout_base
[67.660s] -- Symlinking: /home/min/Workspace/scout_mini/install/scout_base/share/ament_index/resource_index/parent_prefix_path/scout_base
[67.672s] -- Symlinking: /home/min/Workspace/scout_mini/install/scout_base/share/scout_base/environment/ament_prefix_path.sh
[67.683s] -- Symlinking: /home/min/Workspace/scout_mini/install/scout_base/share/scout_base/environment/ament_prefix_path.dsv
[67.693s] -- Symlinking: /home/min/Workspace/scout_mini/install/scout_base/share/scout_base/environment/path.sh
[67.704s] -- Symlinking: /home/min/Workspace/scout_mini/install/scout_base/share/scout_base/environment/path.dsv
[67.714s] -- Symlinking: /home/min/Workspace/scout_mini/install/scout_base/share/scout_base/local_setup.bash
[67.725s] -- Symlinking: /home/min/Workspace/scout_mini/install/scout_base/share/scout_base/local_setup.sh
[67.735s] -- Symlinking: /home/min/Workspace/scout_mini/install/scout_base/share/scout_base/local_setup.zsh
[67.745s] -- Symlinking: /home/min/Workspace/scout_mini/install/scout_base/share/scout_base/local_setup.dsv
[67.757s] -- Symlinking: /home/min/Workspace/scout_mini/install/scout_base/share/scout_base/package.dsv
[67.768s] -- Symlinking: /home/min/Workspace/scout_mini/install/scout_base/share/ament_index/resource_index/packages/scout_base
[67.779s] -- Symlinking: /home/min/Workspace/scout_mini/install/scout_base/share/scout_base/cmake/scout_baseConfig.cmake
[67.790s] -- Symlinking: /home/min/Workspace/scout_mini/install/scout_base/share/scout_base/cmake/scout_baseConfig-version.cmake
[67.800s] -- Symlinking: /home/min/Workspace/scout_mini/install/scout_base/share/scout_base/package.xml
[67.814s] Invoked command in '/home/min/Workspace/scout_mini/build/scout_base' returned '0': CMAKE_PREFIX_PATH=/home/min/Workspace/scout_mini/install/scout_mini_tools:/opt/ros/humble:/home/min/Workspace/scout_mini/install/ugv_sdk:/home/min/Workspace/scout_mini/install/scout_msgs:/home/min/Workspace/scout_mini/install/scout_base:/home/min/Workspace/scout_mini/install/sllidar_ros2:/home/min/Workspace/scout_mini/install/slam_launch:/home/min/Workspace/scout_mini/install/scout_mini_nav2:/home/min/Workspace/scout_mini/install/scout_gazebo_sim:/home/min/Workspace/scout_mini/install/scout_description:/home/min/Workspace/scout_mini/install/scout_control:/home/min/Workspace/scout_mini/install/realsense2_description:/home/min/Workspace/scout_mini/install/realsense2_camera:/home/min/Workspace/scout_mini/install/realsense2_camera_msgs:/home/min/Downloads/multiple_robots/install/robot_gazebo:/home/min/Downloads/multiple_robots/install/robot_description:/home/min/Downloads/multiple_robots/install/robot_control /usr/bin/cmake --install /home/min/Workspace/scout_mini/build/scout_base
