-- Install configuration: ""
-- Execute custom install script
-- Up-to-date symlink: /home/min/Workspace/scout_mini/install/scout_description/share/scout_description//launch/display_mini.launch.py
-- Up-to-date symlink: /home/min/Workspace/scout_mini/install/scout_description/share/scout_description//launch/scout_base_description.launch.py
-- Up-to-date symlink: /home/min/Workspace/scout_mini/install/scout_description/share/scout_description//launch/scout_mini_gazebo.launch.py
-- Up-to-date symlink: /home/min/Workspace/scout_mini/install/scout_description/share/scout_description//launch/sm_base_description.launch.py
-- Up-to-date symlink: /home/min/Workspace/scout_mini/install/scout_description/share/scout_description//launch/sm_gazebo.launch.py
-- Up-to-date symlink: /home/min/Workspace/scout_mini/install/scout_description/share/scout_description//urdf/empty.urdf
-- Up-to-date symlink: /home/min/Workspace/scout_mini/install/scout_description/share/scout_description//urdf/mini.xacro
-- Up-to-date symlink: /home/min/Workspace/scout_mini/install/scout_description/share/scout_description//urdf/scout_mini.gazebo
-- Up-to-date symlink: /home/min/Workspace/scout_mini/install/scout_description/share/scout_description//urdf/scout_mini.urdf
-- Up-to-date symlink: /home/min/Workspace/scout_mini/install/scout_description/share/scout_description//urdf/scout_mini.xacro
-- Up-to-date symlink: /home/min/Workspace/scout_mini/install/scout_description/share/scout_description//urdf/scout_mini_wheel.gazebo
-- Up-to-date symlink: /home/min/Workspace/scout_mini/install/scout_description/share/scout_description//urdf/scout_mini_wheel_1.xacro
-- Up-to-date symlink: /home/min/Workspace/scout_mini/install/scout_description/share/scout_description//urdf/scout_mini_wheel_2.xacro
-- Up-to-date symlink: /home/min/Workspace/scout_mini/install/scout_description/share/scout_description//urdf/scout_mini_wheel_3.xacro
-- Up-to-date symlink: /home/min/Workspace/scout_mini/install/scout_description/share/scout_description//urdf/scout_mini_wheel_4.xacro
-- Up-to-date symlink: /home/min/Workspace/scout_mini/install/scout_description/share/scout_description//urdf/sm.gazebo
-- Up-to-date symlink: /home/min/Workspace/scout_mini/install/scout_description/share/scout_description//urdf/sm.xacro
-- Up-to-date symlink: /home/min/Workspace/scout_mini/install/scout_description/share/scout_description//meshes/1_Link.STL
-- Up-to-date symlink: /home/min/Workspace/scout_mini/install/scout_description/share/scout_description//meshes/2_Link.STL
-- Up-to-date symlink: /home/min/Workspace/scout_mini/install/scout_description/share/scout_description//meshes/3_Link.STL
-- Up-to-date symlink: /home/min/Workspace/scout_mini/install/scout_description/share/scout_description//meshes/4_Link.STL
-- Up-to-date symlink: /home/min/Workspace/scout_mini/install/scout_description/share/scout_description//meshes/scout_mini_base_link.STL
-- Up-to-date symlink: /home/min/Workspace/scout_mini/install/scout_description/share/scout_description//meshes/scout_mini_base_link.dae
-- Up-to-date symlink: /home/min/Workspace/scout_mini/install/scout_description/share/scout_description//meshes/scout_mini_base_link2.dae
-- Up-to-date symlink: /home/min/Workspace/scout_mini/install/scout_description/share/scout_description//meshes/sm_base_link.dae
-- Up-to-date symlink: /home/min/Workspace/scout_mini/install/scout_description/share/scout_description//meshes/sm_wheel.dae
-- Up-to-date symlink: /home/min/Workspace/scout_mini/install/scout_description/share/scout_description//meshes/wheel.dae
-- Up-to-date symlink: /home/min/Workspace/scout_mini/install/scout_description/share/scout_description//meshes/wheel_type1.dae
-- Up-to-date symlink: /home/min/Workspace/scout_mini/install/scout_description/share/scout_description//meshes/wheel_type2.dae
-- Up-to-date symlink: /home/min/Workspace/scout_mini/install/scout_description/share/ament_index/resource_index/package_run_dependencies/scout_description
-- Up-to-date symlink: /home/min/Workspace/scout_mini/install/scout_description/share/ament_index/resource_index/parent_prefix_path/scout_description
-- Up-to-date symlink: /home/min/Workspace/scout_mini/install/scout_description/share/scout_description/environment/ament_prefix_path.sh
-- Up-to-date symlink: /home/min/Workspace/scout_mini/install/scout_description/share/scout_description/environment/ament_prefix_path.dsv
-- Up-to-date symlink: /home/min/Workspace/scout_mini/install/scout_description/share/scout_description/environment/path.sh
-- Up-to-date symlink: /home/min/Workspace/scout_mini/install/scout_description/share/scout_description/environment/path.dsv
-- Up-to-date symlink: /home/min/Workspace/scout_mini/install/scout_description/share/scout_description/local_setup.bash
-- Up-to-date symlink: /home/min/Workspace/scout_mini/install/scout_description/share/scout_description/local_setup.sh
-- Up-to-date symlink: /home/min/Workspace/scout_mini/install/scout_description/share/scout_description/local_setup.zsh
-- Up-to-date symlink: /home/min/Workspace/scout_mini/install/scout_description/share/scout_description/local_setup.dsv
-- Symlinking: /home/min/Workspace/scout_mini/install/scout_description/share/scout_description/package.dsv
-- Up-to-date symlink: /home/min/Workspace/scout_mini/install/scout_description/share/ament_index/resource_index/packages/scout_description
-- Up-to-date symlink: /home/min/Workspace/scout_mini/install/scout_description/share/scout_description/cmake/scout_descriptionConfig.cmake
-- Up-to-date symlink: /home/min/Workspace/scout_mini/install/scout_description/share/scout_description/cmake/scout_descriptionConfig-version.cmake
-- Up-to-date symlink: /home/min/Workspace/scout_mini/install/scout_description/share/scout_description/package.xml
