[3.267s] Invoking command in '/home/min/Workspace/scout_mini/build/robot_control': PYTHONPATH=/home/min/Workspace/scout_mini/build/robot_control/prefix_override:/usr/lib/python3/dist-packages/colcon_core/task/python/colcon_distutils_commands:/home/min/Workspace/scout_mini/install/robot_control/lib/python3.10/site-packages:${PYTHONPATH} /usr/bin/python3 -W ignore:setup.py install is deprecated -W ignore:easy_install command is deprecated setup.py develop --editable --build-directory /home/min/Workspace/scout_mini/build/robot_control/build --no-deps symlink_data
[5.196s] running develop
[5.196s] running egg_info
[5.196s] creating robot_control.egg-info
[5.196s] writing robot_control.egg-info/PKG-INFO
[5.196s] writing dependency_links to robot_control.egg-info/dependency_links.txt
[5.196s] writing entry points to robot_control.egg-info/entry_points.txt
[5.197s] writing requirements to robot_control.egg-info/requires.txt
[5.197s] writing top-level names to robot_control.egg-info/top_level.txt
[5.197s] writing manifest file 'robot_control.egg-info/SOURCES.txt'
[5.197s] reading manifest file 'robot_control.egg-info/SOURCES.txt'
[5.197s] writing manifest file 'robot_control.egg-info/SOURCES.txt'
[5.197s] running build_ext
[5.197s] Creating /home/min/Workspace/scout_mini/install/robot_control/lib/python3.10/site-packages/robot-control.egg-link (link to .)
[5.197s] Installing follow_leader script to /home/min/Workspace/scout_mini/install/robot_control/lib/robot_control
[5.197s] Installing follower script to /home/min/Workspace/scout_mini/install/robot_control/lib/robot_control
[5.197s] Installing move_leader_robot script to /home/min/Workspace/scout_mini/install/robot_control/lib/robot_control
[5.197s] 
[5.197s] Installed /home/min/Workspace/scout_mini/build/robot_control
[5.198s] running symlink_data
[5.198s] creating /home/min/Workspace/scout_mini/install/robot_control/share/ament_index
[5.198s] creating /home/min/Workspace/scout_mini/install/robot_control/share/ament_index/resource_index
[5.198s] creating /home/min/Workspace/scout_mini/install/robot_control/share/ament_index/resource_index/packages
[5.198s] symbolically linking /home/min/Workspace/scout_mini/build/robot_control/resource/robot_control -> /home/min/Workspace/scout_mini/install/robot_control/share/ament_index/resource_index/packages
[5.198s] symbolically linking /home/min/Workspace/scout_mini/build/robot_control/package.xml -> /home/min/Workspace/scout_mini/install/robot_control/share/robot_control
[5.583s] Invoked command in '/home/min/Workspace/scout_mini/build/robot_control' returned '0': PYTHONPATH=/home/min/Workspace/scout_mini/build/robot_control/prefix_override:/usr/lib/python3/dist-packages/colcon_core/task/python/colcon_distutils_commands:/home/min/Workspace/scout_mini/install/robot_control/lib/python3.10/site-packages:${PYTHONPATH} /usr/bin/python3 -W ignore:setup.py install is deprecated -W ignore:easy_install command is deprecated setup.py develop --editable --build-directory /home/min/Workspace/scout_mini/build/robot_control/build --no-deps symlink_data
