[1.188s] DEBUG:colcon:Command line arguments: ['/usr/bin/colcon', 'build', '--packages-select', 'robot_control']
[1.189s] DEBUG:colcon:Parsed command line arguments: Namespace(log_base=None, log_level=None, verb_name='build', build_base='build', install_base='install', merge_install=False, symlink_install=False, test_result_base=None, continue_on_error=False, executor='parallel', parallel_workers=8, event_handlers=None, ignore_user_meta=False, metas=['./colcon.meta'], base_paths=['.'], packages_ignore=None, packages_ignore_regex=None, paths=None, packages_up_to=None, packages_up_to_regex=None, packages_above=None, packages_above_and_dependencies=None, packages_above_depth=None, packages_select_by_dep=None, packages_skip_by_dep=None, packages_skip_up_to=None, packages_select_build_failed=False, packages_skip_build_finished=False, packages_select_test_failures=False, packages_skip_test_passed=False, packages_select=['robot_control'], packages_skip=None, packages_select_regex=None, packages_skip_regex=None, packages_start=None, packages_end=None, allow_overriding=[], cmake_args=None, cmake_target=None, cmake_target_skip_unavailable=False, cmake_clean_cache=False, cmake_clean_first=False, cmake_force_configure=False, ament_cmake_args=None, catkin_cmake_args=None, catkin_skip_building_tests=False, verb_parser=<colcon_defaults.argument_parser.defaults.DefaultArgumentsDecorator object at 0x7dfcf3d54910>, verb_extension=<colcon_core.verb.build.BuildVerb object at 0x7dfcf3e5a320>, main=<bound method BuildVerb.main of <colcon_core.verb.build.BuildVerb object at 0x7dfcf3e5a320>>)
[6.125s] Level 1:colcon.colcon_core.package_discovery:discover_packages(colcon_meta) check parameters
[6.126s] Level 1:colcon.colcon_core.package_discovery:discover_packages(recursive) check parameters
[6.126s] Level 1:colcon.colcon_core.package_discovery:discover_packages(ignore) check parameters
[6.126s] Level 1:colcon.colcon_core.package_discovery:discover_packages(path) check parameters
[6.126s] Level 1:colcon.colcon_core.package_discovery:discover_packages(colcon_meta) discover
[6.126s] Level 1:colcon.colcon_core.package_discovery:discover_packages(recursive) discover
[6.126s] INFO:colcon.colcon_core.package_discovery:Crawling recursively for packages in '/home/min/Workspace/scout_mini/src'
[6.127s] Level 1:colcon.colcon_core.package_identification:_identify(.) by extensions ['ignore', 'ignore_ament_install']
[6.127s] Level 1:colcon.colcon_core.package_identification:_identify(.) by extension 'ignore'
[6.128s] Level 1:colcon.colcon_core.package_identification:_identify(.) by extension 'ignore_ament_install'
[6.128s] Level 1:colcon.colcon_core.package_identification:_identify(.) by extensions ['colcon_pkg']
[6.128s] Level 1:colcon.colcon_core.package_identification:_identify(.) by extension 'colcon_pkg'
[6.128s] Level 1:colcon.colcon_core.package_identification:_identify(.) by extensions ['colcon_meta']
[6.128s] Level 1:colcon.colcon_core.package_identification:_identify(.) by extension 'colcon_meta'
[6.129s] Level 1:colcon.colcon_core.package_identification:_identify(.) by extensions ['ros']
[6.129s] Level 1:colcon.colcon_core.package_identification:_identify(.) by extension 'ros'
[6.182s] Level 1:colcon.colcon_core.package_identification:_identify(.) by extensions ['cmake', 'python']
[6.182s] Level 1:colcon.colcon_core.package_identification:_identify(.) by extension 'cmake'
[6.182s] Level 1:colcon.colcon_core.package_identification:_identify(.) by extension 'python'
[6.182s] Level 1:colcon.colcon_core.package_identification:_identify(.) by extensions ['python_setup_py']
[6.182s] Level 1:colcon.colcon_core.package_identification:_identify(.) by extension 'python_setup_py'
[6.183s] Level 1:colcon.colcon_core.package_identification:_identify(build) by extensions ['ignore', 'ignore_ament_install']
[6.183s] Level 1:colcon.colcon_core.package_identification:_identify(build) by extension 'ignore'
[6.184s] Level 1:colcon.colcon_core.package_identification:_identify(build) ignored
[6.184s] Level 1:colcon.colcon_core.package_identification:_identify(install) by extensions ['ignore', 'ignore_ament_install']
[6.184s] Level 1:colcon.colcon_core.package_identification:_identify(install) by extension 'ignore'
[6.185s] Level 1:colcon.colcon_core.package_identification:_identify(install) ignored
[6.185s] Level 1:colcon.colcon_core.package_identification:_identify(log) by extensions ['ignore', 'ignore_ament_install']
[6.186s] Level 1:colcon.colcon_core.package_identification:_identify(log) by extension 'ignore'
[6.186s] Level 1:colcon.colcon_core.package_identification:_identify(log) ignored
[6.187s] Level 1:colcon.colcon_core.package_identification:_identify(realsense-ros) by extensions ['ignore', 'ignore_ament_install']
[6.187s] Level 1:colcon.colcon_core.package_identification:_identify(realsense-ros) by extension 'ignore'
[6.187s] Level 1:colcon.colcon_core.package_identification:_identify(realsense-ros) by extension 'ignore_ament_install'
[6.187s] Level 1:colcon.colcon_core.package_identification:_identify(realsense-ros) by extensions ['colcon_pkg']
[6.188s] Level 1:colcon.colcon_core.package_identification:_identify(realsense-ros) by extension 'colcon_pkg'
[6.188s] Level 1:colcon.colcon_core.package_identification:_identify(realsense-ros) by extensions ['colcon_meta']
[6.188s] Level 1:colcon.colcon_core.package_identification:_identify(realsense-ros) by extension 'colcon_meta'
[6.188s] Level 1:colcon.colcon_core.package_identification:_identify(realsense-ros) by extensions ['ros']
[6.188s] Level 1:colcon.colcon_core.package_identification:_identify(realsense-ros) by extension 'ros'
[6.188s] Level 1:colcon.colcon_core.package_identification:_identify(realsense-ros) by extensions ['cmake', 'python']
[6.189s] Level 1:colcon.colcon_core.package_identification:_identify(realsense-ros) by extension 'cmake'
[6.189s] Level 1:colcon.colcon_core.package_identification:_identify(realsense-ros) by extension 'python'
[6.189s] Level 1:colcon.colcon_core.package_identification:_identify(realsense-ros) by extensions ['python_setup_py']
[6.189s] Level 1:colcon.colcon_core.package_identification:_identify(realsense-ros) by extension 'python_setup_py'
[6.213s] Level 1:colcon.colcon_core.package_identification:_identify(realsense-ros/realsense2_camera) by extensions ['ignore', 'ignore_ament_install']
[6.214s] Level 1:colcon.colcon_core.package_identification:_identify(realsense-ros/realsense2_camera) by extension 'ignore'
[6.214s] Level 1:colcon.colcon_core.package_identification:_identify(realsense-ros/realsense2_camera) by extension 'ignore_ament_install'
[6.214s] Level 1:colcon.colcon_core.package_identification:_identify(realsense-ros/realsense2_camera) by extensions ['colcon_pkg']
[6.214s] Level 1:colcon.colcon_core.package_identification:_identify(realsense-ros/realsense2_camera) by extension 'colcon_pkg'
[6.215s] Level 1:colcon.colcon_core.package_identification:_identify(realsense-ros/realsense2_camera) by extensions ['colcon_meta']
[6.215s] Level 1:colcon.colcon_core.package_identification:_identify(realsense-ros/realsense2_camera) by extension 'colcon_meta'
[6.215s] Level 1:colcon.colcon_core.package_identification:_identify(realsense-ros/realsense2_camera) by extensions ['ros']
[6.215s] Level 1:colcon.colcon_core.package_identification:_identify(realsense-ros/realsense2_camera) by extension 'ros'
[6.282s] DEBUG:colcon.colcon_core.package_identification:Package 'realsense-ros/realsense2_camera' with type 'ros.ament_cmake' and name 'realsense2_camera'
[6.284s] Level 1:colcon.colcon_core.package_identification:_identify(realsense-ros/realsense2_camera_msgs) by extensions ['ignore', 'ignore_ament_install']
[6.285s] Level 1:colcon.colcon_core.package_identification:_identify(realsense-ros/realsense2_camera_msgs) by extension 'ignore'
[6.285s] Level 1:colcon.colcon_core.package_identification:_identify(realsense-ros/realsense2_camera_msgs) by extension 'ignore_ament_install'
[6.286s] Level 1:colcon.colcon_core.package_identification:_identify(realsense-ros/realsense2_camera_msgs) by extensions ['colcon_pkg']
[6.286s] Level 1:colcon.colcon_core.package_identification:_identify(realsense-ros/realsense2_camera_msgs) by extension 'colcon_pkg'
[6.286s] Level 1:colcon.colcon_core.package_identification:_identify(realsense-ros/realsense2_camera_msgs) by extensions ['colcon_meta']
[6.286s] Level 1:colcon.colcon_core.package_identification:_identify(realsense-ros/realsense2_camera_msgs) by extension 'colcon_meta'
[6.287s] Level 1:colcon.colcon_core.package_identification:_identify(realsense-ros/realsense2_camera_msgs) by extensions ['ros']
[6.287s] Level 1:colcon.colcon_core.package_identification:_identify(realsense-ros/realsense2_camera_msgs) by extension 'ros'
[6.292s] DEBUG:colcon.colcon_core.package_identification:Package 'realsense-ros/realsense2_camera_msgs' with type 'ros.ament_cmake' and name 'realsense2_camera_msgs'
[6.293s] Level 1:colcon.colcon_core.package_identification:_identify(realsense-ros/realsense2_description) by extensions ['ignore', 'ignore_ament_install']
[6.293s] Level 1:colcon.colcon_core.package_identification:_identify(realsense-ros/realsense2_description) by extension 'ignore'
[6.294s] Level 1:colcon.colcon_core.package_identification:_identify(realsense-ros/realsense2_description) by extension 'ignore_ament_install'
[6.294s] Level 1:colcon.colcon_core.package_identification:_identify(realsense-ros/realsense2_description) by extensions ['colcon_pkg']
[6.295s] Level 1:colcon.colcon_core.package_identification:_identify(realsense-ros/realsense2_description) by extension 'colcon_pkg'
[6.295s] Level 1:colcon.colcon_core.package_identification:_identify(realsense-ros/realsense2_description) by extensions ['colcon_meta']
[6.295s] Level 1:colcon.colcon_core.package_identification:_identify(realsense-ros/realsense2_description) by extension 'colcon_meta'
[6.295s] Level 1:colcon.colcon_core.package_identification:_identify(realsense-ros/realsense2_description) by extensions ['ros']
[6.295s] Level 1:colcon.colcon_core.package_identification:_identify(realsense-ros/realsense2_description) by extension 'ros'
[6.300s] DEBUG:colcon.colcon_core.package_identification:Package 'realsense-ros/realsense2_description' with type 'ros.ament_cmake' and name 'realsense2_description'
[6.301s] Level 1:colcon.colcon_core.package_identification:_identify(realsense-ros/scripts) by extensions ['ignore', 'ignore_ament_install']
[6.302s] Level 1:colcon.colcon_core.package_identification:_identify(realsense-ros/scripts) by extension 'ignore'
[6.302s] Level 1:colcon.colcon_core.package_identification:_identify(realsense-ros/scripts) by extension 'ignore_ament_install'
[6.303s] Level 1:colcon.colcon_core.package_identification:_identify(realsense-ros/scripts) by extensions ['colcon_pkg']
[6.303s] Level 1:colcon.colcon_core.package_identification:_identify(realsense-ros/scripts) by extension 'colcon_pkg'
[6.303s] Level 1:colcon.colcon_core.package_identification:_identify(realsense-ros/scripts) by extensions ['colcon_meta']
[6.303s] Level 1:colcon.colcon_core.package_identification:_identify(realsense-ros/scripts) by extension 'colcon_meta'
[6.303s] Level 1:colcon.colcon_core.package_identification:_identify(realsense-ros/scripts) by extensions ['ros']
[6.304s] Level 1:colcon.colcon_core.package_identification:_identify(realsense-ros/scripts) by extension 'ros'
[6.304s] Level 1:colcon.colcon_core.package_identification:_identify(realsense-ros/scripts) by extensions ['cmake', 'python']
[6.305s] Level 1:colcon.colcon_core.package_identification:_identify(realsense-ros/scripts) by extension 'cmake'
[6.305s] Level 1:colcon.colcon_core.package_identification:_identify(realsense-ros/scripts) by extension 'python'
[6.305s] Level 1:colcon.colcon_core.package_identification:_identify(realsense-ros/scripts) by extensions ['python_setup_py']
[6.305s] Level 1:colcon.colcon_core.package_identification:_identify(realsense-ros/scripts) by extension 'python_setup_py'
[6.306s] Level 1:colcon.colcon_core.package_identification:_identify(robot_control) by extensions ['ignore', 'ignore_ament_install']
[6.306s] Level 1:colcon.colcon_core.package_identification:_identify(robot_control) by extension 'ignore'
[6.307s] Level 1:colcon.colcon_core.package_identification:_identify(robot_control) by extension 'ignore_ament_install'
[6.307s] Level 1:colcon.colcon_core.package_identification:_identify(robot_control) by extensions ['colcon_pkg']
[6.307s] Level 1:colcon.colcon_core.package_identification:_identify(robot_control) by extension 'colcon_pkg'
[6.308s] Level 1:colcon.colcon_core.package_identification:_identify(robot_control) by extensions ['colcon_meta']
[6.308s] Level 1:colcon.colcon_core.package_identification:_identify(robot_control) by extension 'colcon_meta'
[6.308s] Level 1:colcon.colcon_core.package_identification:_identify(robot_control) by extensions ['ros']
[6.308s] Level 1:colcon.colcon_core.package_identification:_identify(robot_control) by extension 'ros'
[6.348s] DEBUG:colcon.colcon_core.package_identification:Package 'robot_control' with type 'ros.ament_python' and name 'robot_control'
[6.348s] Level 1:colcon.colcon_core.package_identification:_identify(scout_gazebo_sim) by extensions ['ignore', 'ignore_ament_install']
[6.348s] Level 1:colcon.colcon_core.package_identification:_identify(scout_gazebo_sim) by extension 'ignore'
[6.348s] Level 1:colcon.colcon_core.package_identification:_identify(scout_gazebo_sim) by extension 'ignore_ament_install'
[6.349s] Level 1:colcon.colcon_core.package_identification:_identify(scout_gazebo_sim) by extensions ['colcon_pkg']
[6.349s] Level 1:colcon.colcon_core.package_identification:_identify(scout_gazebo_sim) by extension 'colcon_pkg'
[6.349s] Level 1:colcon.colcon_core.package_identification:_identify(scout_gazebo_sim) by extensions ['colcon_meta']
[6.349s] Level 1:colcon.colcon_core.package_identification:_identify(scout_gazebo_sim) by extension 'colcon_meta'
[6.349s] Level 1:colcon.colcon_core.package_identification:_identify(scout_gazebo_sim) by extensions ['ros']
[6.349s] Level 1:colcon.colcon_core.package_identification:_identify(scout_gazebo_sim) by extension 'ros'
[6.352s] DEBUG:colcon.colcon_core.package_identification:Package 'scout_gazebo_sim' with type 'ros.ament_cmake' and name 'scout_gazebo_sim'
[6.353s] Level 1:colcon.colcon_core.package_identification:_identify(scout_mini_nav2) by extensions ['ignore', 'ignore_ament_install']
[6.354s] Level 1:colcon.colcon_core.package_identification:_identify(scout_mini_nav2) by extension 'ignore'
[6.354s] Level 1:colcon.colcon_core.package_identification:_identify(scout_mini_nav2) by extension 'ignore_ament_install'
[6.354s] Level 1:colcon.colcon_core.package_identification:_identify(scout_mini_nav2) by extensions ['colcon_pkg']
[6.354s] Level 1:colcon.colcon_core.package_identification:_identify(scout_mini_nav2) by extension 'colcon_pkg'
[6.355s] Level 1:colcon.colcon_core.package_identification:_identify(scout_mini_nav2) by extensions ['colcon_meta']
[6.355s] Level 1:colcon.colcon_core.package_identification:_identify(scout_mini_nav2) by extension 'colcon_meta'
[6.355s] Level 1:colcon.colcon_core.package_identification:_identify(scout_mini_nav2) by extensions ['ros']
[6.355s] Level 1:colcon.colcon_core.package_identification:_identify(scout_mini_nav2) by extension 'ros'
[6.359s] DEBUG:colcon.colcon_core.package_identification:Package 'scout_mini_nav2' with type 'ros.ament_cmake' and name 'scout_mini_nav2'
[6.359s] Level 1:colcon.colcon_core.package_identification:_identify(scout_mini_tools) by extensions ['ignore', 'ignore_ament_install']
[6.360s] Level 1:colcon.colcon_core.package_identification:_identify(scout_mini_tools) by extension 'ignore'
[6.360s] Level 1:colcon.colcon_core.package_identification:_identify(scout_mini_tools) by extension 'ignore_ament_install'
[6.360s] Level 1:colcon.colcon_core.package_identification:_identify(scout_mini_tools) by extensions ['colcon_pkg']
[6.361s] Level 1:colcon.colcon_core.package_identification:_identify(scout_mini_tools) by extension 'colcon_pkg'
[6.361s] Level 1:colcon.colcon_core.package_identification:_identify(scout_mini_tools) by extensions ['colcon_meta']
[6.361s] Level 1:colcon.colcon_core.package_identification:_identify(scout_mini_tools) by extension 'colcon_meta'
[6.361s] Level 1:colcon.colcon_core.package_identification:_identify(scout_mini_tools) by extensions ['ros']
[6.362s] Level 1:colcon.colcon_core.package_identification:_identify(scout_mini_tools) by extension 'ros'
[6.366s] DEBUG:colcon.colcon_core.package_identification:Package 'scout_mini_tools' with type 'ros.ament_python' and name 'scout_mini_tools'
[6.367s] Level 1:colcon.colcon_core.package_identification:_identify(scout_ros2) by extensions ['ignore', 'ignore_ament_install']
[6.367s] Level 1:colcon.colcon_core.package_identification:_identify(scout_ros2) by extension 'ignore'
[6.369s] Level 1:colcon.colcon_core.package_identification:_identify(scout_ros2) by extension 'ignore_ament_install'
[6.369s] Level 1:colcon.colcon_core.package_identification:_identify(scout_ros2) by extensions ['colcon_pkg']
[6.369s] Level 1:colcon.colcon_core.package_identification:_identify(scout_ros2) by extension 'colcon_pkg'
[6.370s] Level 1:colcon.colcon_core.package_identification:_identify(scout_ros2) by extensions ['colcon_meta']
[6.370s] Level 1:colcon.colcon_core.package_identification:_identify(scout_ros2) by extension 'colcon_meta'
[6.370s] Level 1:colcon.colcon_core.package_identification:_identify(scout_ros2) by extensions ['ros']
[6.370s] Level 1:colcon.colcon_core.package_identification:_identify(scout_ros2) by extension 'ros'
[6.371s] Level 1:colcon.colcon_core.package_identification:_identify(scout_ros2) by extensions ['cmake', 'python']
[6.371s] Level 1:colcon.colcon_core.package_identification:_identify(scout_ros2) by extension 'cmake'
[6.372s] Level 1:colcon.colcon_core.package_identification:_identify(scout_ros2) by extension 'python'
[6.372s] Level 1:colcon.colcon_core.package_identification:_identify(scout_ros2) by extensions ['python_setup_py']
[6.372s] Level 1:colcon.colcon_core.package_identification:_identify(scout_ros2) by extension 'python_setup_py'
[6.393s] Level 1:colcon.colcon_core.package_identification:_identify(scout_ros2/scout_base) by extensions ['ignore', 'ignore_ament_install']
[6.394s] Level 1:colcon.colcon_core.package_identification:_identify(scout_ros2/scout_base) by extension 'ignore'
[6.394s] Level 1:colcon.colcon_core.package_identification:_identify(scout_ros2/scout_base) by extension 'ignore_ament_install'
[6.394s] Level 1:colcon.colcon_core.package_identification:_identify(scout_ros2/scout_base) by extensions ['colcon_pkg']
[6.394s] Level 1:colcon.colcon_core.package_identification:_identify(scout_ros2/scout_base) by extension 'colcon_pkg'
[6.395s] Level 1:colcon.colcon_core.package_identification:_identify(scout_ros2/scout_base) by extensions ['colcon_meta']
[6.395s] Level 1:colcon.colcon_core.package_identification:_identify(scout_ros2/scout_base) by extension 'colcon_meta'
[6.395s] Level 1:colcon.colcon_core.package_identification:_identify(scout_ros2/scout_base) by extensions ['ros']
[6.395s] Level 1:colcon.colcon_core.package_identification:_identify(scout_ros2/scout_base) by extension 'ros'
[6.400s] DEBUG:colcon.colcon_core.package_identification:Package 'scout_ros2/scout_base' with type 'ros.ament_cmake' and name 'scout_base'
[6.401s] Level 1:colcon.colcon_core.package_identification:_identify(scout_ros2/scout_description) by extensions ['ignore', 'ignore_ament_install']
[6.402s] Level 1:colcon.colcon_core.package_identification:_identify(scout_ros2/scout_description) by extension 'ignore'
[6.402s] Level 1:colcon.colcon_core.package_identification:_identify(scout_ros2/scout_description) by extension 'ignore_ament_install'
[6.403s] Level 1:colcon.colcon_core.package_identification:_identify(scout_ros2/scout_description) by extensions ['colcon_pkg']
[6.403s] Level 1:colcon.colcon_core.package_identification:_identify(scout_ros2/scout_description) by extension 'colcon_pkg'
[6.403s] Level 1:colcon.colcon_core.package_identification:_identify(scout_ros2/scout_description) by extensions ['colcon_meta']
[6.403s] Level 1:colcon.colcon_core.package_identification:_identify(scout_ros2/scout_description) by extension 'colcon_meta'
[6.403s] Level 1:colcon.colcon_core.package_identification:_identify(scout_ros2/scout_description) by extensions ['ros']
[6.403s] Level 1:colcon.colcon_core.package_identification:_identify(scout_ros2/scout_description) by extension 'ros'
[6.405s] DEBUG:colcon.colcon_core.package_identification:Package 'scout_ros2/scout_description' with type 'ros.ament_cmake' and name 'scout_description'
[6.407s] Level 1:colcon.colcon_core.package_identification:_identify(scout_ros2/scout_msgs) by extensions ['ignore', 'ignore_ament_install']
[6.407s] Level 1:colcon.colcon_core.package_identification:_identify(scout_ros2/scout_msgs) by extension 'ignore'
[6.407s] Level 1:colcon.colcon_core.package_identification:_identify(scout_ros2/scout_msgs) by extension 'ignore_ament_install'
[6.408s] Level 1:colcon.colcon_core.package_identification:_identify(scout_ros2/scout_msgs) by extensions ['colcon_pkg']
[6.408s] Level 1:colcon.colcon_core.package_identification:_identify(scout_ros2/scout_msgs) by extension 'colcon_pkg'
[6.408s] Level 1:colcon.colcon_core.package_identification:_identify(scout_ros2/scout_msgs) by extensions ['colcon_meta']
[6.408s] Level 1:colcon.colcon_core.package_identification:_identify(scout_ros2/scout_msgs) by extension 'colcon_meta'
[6.408s] Level 1:colcon.colcon_core.package_identification:_identify(scout_ros2/scout_msgs) by extensions ['ros']
[6.408s] Level 1:colcon.colcon_core.package_identification:_identify(scout_ros2/scout_msgs) by extension 'ros'
[6.411s] DEBUG:colcon.colcon_core.package_identification:Package 'scout_ros2/scout_msgs' with type 'ros.ament_cmake' and name 'scout_msgs'
[6.423s] Level 1:colcon.colcon_core.package_identification:_identify(slam_launch) by extensions ['ignore', 'ignore_ament_install']
[6.423s] Level 1:colcon.colcon_core.package_identification:_identify(slam_launch) by extension 'ignore'
[6.423s] Level 1:colcon.colcon_core.package_identification:_identify(slam_launch) by extension 'ignore_ament_install'
[6.423s] Level 1:colcon.colcon_core.package_identification:_identify(slam_launch) by extensions ['colcon_pkg']
[6.424s] Level 1:colcon.colcon_core.package_identification:_identify(slam_launch) by extension 'colcon_pkg'
[6.424s] Level 1:colcon.colcon_core.package_identification:_identify(slam_launch) by extensions ['colcon_meta']
[6.424s] Level 1:colcon.colcon_core.package_identification:_identify(slam_launch) by extension 'colcon_meta'
[6.424s] Level 1:colcon.colcon_core.package_identification:_identify(slam_launch) by extensions ['ros']
[6.424s] Level 1:colcon.colcon_core.package_identification:_identify(slam_launch) by extension 'ros'
[6.426s] DEBUG:colcon.colcon_core.package_identification:Package 'slam_launch' with type 'ros.ament_cmake' and name 'slam_launch'
[6.427s] Level 1:colcon.colcon_core.package_identification:_identify(sllidar_ros2) by extensions ['ignore', 'ignore_ament_install']
[6.430s] Level 1:colcon.colcon_core.package_identification:_identify(sllidar_ros2) by extension 'ignore'
[6.430s] Level 1:colcon.colcon_core.package_identification:_identify(sllidar_ros2) by extension 'ignore_ament_install'
[6.430s] Level 1:colcon.colcon_core.package_identification:_identify(sllidar_ros2) by extensions ['colcon_pkg']
[6.430s] Level 1:colcon.colcon_core.package_identification:_identify(sllidar_ros2) by extension 'colcon_pkg'
[6.430s] Level 1:colcon.colcon_core.package_identification:_identify(sllidar_ros2) by extensions ['colcon_meta']
[6.430s] Level 1:colcon.colcon_core.package_identification:_identify(sllidar_ros2) by extension 'colcon_meta'
[6.431s] Level 1:colcon.colcon_core.package_identification:_identify(sllidar_ros2) by extensions ['ros']
[6.431s] Level 1:colcon.colcon_core.package_identification:_identify(sllidar_ros2) by extension 'ros'
[6.432s] DEBUG:colcon.colcon_core.package_identification:Package 'sllidar_ros2' with type 'ros.ament_cmake' and name 'sllidar_ros2'
[6.433s] Level 1:colcon.colcon_core.package_identification:_identify(ugv_sdk) by extensions ['ignore', 'ignore_ament_install']
[6.433s] Level 1:colcon.colcon_core.package_identification:_identify(ugv_sdk) by extension 'ignore'
[6.433s] Level 1:colcon.colcon_core.package_identification:_identify(ugv_sdk) by extension 'ignore_ament_install'
[6.434s] Level 1:colcon.colcon_core.package_identification:_identify(ugv_sdk) by extensions ['colcon_pkg']
[6.434s] Level 1:colcon.colcon_core.package_identification:_identify(ugv_sdk) by extension 'colcon_pkg'
[6.434s] Level 1:colcon.colcon_core.package_identification:_identify(ugv_sdk) by extensions ['colcon_meta']
[6.434s] Level 1:colcon.colcon_core.package_identification:_identify(ugv_sdk) by extension 'colcon_meta'
[6.434s] Level 1:colcon.colcon_core.package_identification:_identify(ugv_sdk) by extensions ['ros']
[6.434s] Level 1:colcon.colcon_core.package_identification:_identify(ugv_sdk) by extension 'ros'
[6.472s] DEBUG:colcon.colcon_core.package_identification:Package 'ugv_sdk' with type 'ros.catkin' and name 'ugv_sdk'
[6.472s] Level 1:colcon.colcon_core.package_discovery:discover_packages(recursive) using defaults
[6.472s] Level 1:colcon.colcon_core.package_discovery:discover_packages(ignore) discover
[6.473s] Level 1:colcon.colcon_core.package_discovery:discover_packages(ignore) using defaults
[6.473s] Level 1:colcon.colcon_core.package_discovery:discover_packages(path) discover
[6.473s] Level 1:colcon.colcon_core.package_discovery:discover_packages(path) using defaults
[6.794s] INFO:colcon.colcon_core.package_selection:Skipping not selected package 'realsense2_camera_msgs' in 'realsense-ros/realsense2_camera_msgs'
[6.794s] INFO:colcon.colcon_core.package_selection:Skipping not selected package 'scout_description' in 'scout_ros2/scout_description'
[6.794s] INFO:colcon.colcon_core.package_selection:Skipping not selected package 'scout_gazebo_sim' in 'scout_gazebo_sim'
[6.795s] INFO:colcon.colcon_core.package_selection:Skipping not selected package 'scout_mini_nav2' in 'scout_mini_nav2'
[6.795s] INFO:colcon.colcon_core.package_selection:Skipping not selected package 'scout_mini_tools' in 'scout_mini_tools'
[6.795s] INFO:colcon.colcon_core.package_selection:Skipping not selected package 'scout_msgs' in 'scout_ros2/scout_msgs'
[6.795s] INFO:colcon.colcon_core.package_selection:Skipping not selected package 'slam_launch' in 'slam_launch'
[6.795s] INFO:colcon.colcon_core.package_selection:Skipping not selected package 'sllidar_ros2' in 'sllidar_ros2'
[6.795s] INFO:colcon.colcon_core.package_selection:Skipping not selected package 'ugv_sdk' in 'ugv_sdk'
[6.795s] INFO:colcon.colcon_core.package_selection:Skipping not selected package 'realsense2_camera' in 'realsense-ros/realsense2_camera'
[6.795s] INFO:colcon.colcon_core.package_selection:Skipping not selected package 'realsense2_description' in 'realsense-ros/realsense2_description'
[6.796s] INFO:colcon.colcon_core.package_selection:Skipping not selected package 'scout_base' in 'scout_ros2/scout_base'
[6.798s] Level 1:colcon.colcon_core.package_discovery:discover_packages(prefix_path) check parameters
[6.798s] Level 1:colcon.colcon_core.package_discovery:discover_packages(prefix_path) discover
[6.865s] DEBUG:colcon.colcon_installed_package_information.package_discovery:Found 13 installed packages in /home/min/Workspace/scout_mini/install
[6.871s] DEBUG:colcon.colcon_installed_package_information.package_discovery:Found 334 installed packages in /opt/ros/humble
[6.881s] Level 1:colcon.colcon_core.package_discovery:discover_packages(prefix_path) using defaults
[7.682s] Level 5:colcon.colcon_core.verb:set package 'robot_control' build argument 'cmake_args' from command line to 'None'
[7.682s] Level 5:colcon.colcon_core.verb:set package 'robot_control' build argument 'cmake_target' from command line to 'None'
[7.682s] Level 5:colcon.colcon_core.verb:set package 'robot_control' build argument 'cmake_target_skip_unavailable' from command line to 'False'
[7.682s] Level 5:colcon.colcon_core.verb:set package 'robot_control' build argument 'cmake_clean_cache' from command line to 'False'
[7.682s] Level 5:colcon.colcon_core.verb:set package 'robot_control' build argument 'cmake_clean_first' from command line to 'False'
[7.682s] Level 5:colcon.colcon_core.verb:set package 'robot_control' build argument 'cmake_force_configure' from command line to 'False'
[7.682s] Level 5:colcon.colcon_core.verb:set package 'robot_control' build argument 'ament_cmake_args' from command line to 'None'
[7.682s] Level 5:colcon.colcon_core.verb:set package 'robot_control' build argument 'catkin_cmake_args' from command line to 'None'
[7.683s] Level 5:colcon.colcon_core.verb:set package 'robot_control' build argument 'catkin_skip_building_tests' from command line to 'False'
[7.683s] DEBUG:colcon.colcon_core.verb:Building package 'robot_control' with the following arguments: {'ament_cmake_args': None, 'build_base': '/home/min/Workspace/scout_mini/src/build/robot_control', 'catkin_cmake_args': None, 'catkin_skip_building_tests': False, 'cmake_args': None, 'cmake_clean_cache': False, 'cmake_clean_first': False, 'cmake_force_configure': False, 'cmake_target': None, 'cmake_target_skip_unavailable': False, 'install_base': '/home/min/Workspace/scout_mini/src/install/robot_control', 'merge_install': False, 'path': '/home/min/Workspace/scout_mini/src/robot_control', 'symlink_install': False, 'test_result_base': None}
[7.683s] INFO:colcon.colcon_core.executor:Executing jobs using 'parallel' executor
[7.687s] DEBUG:colcon.colcon_parallel_executor.executor.parallel:run_until_complete
[7.688s] INFO:colcon.colcon_ros.task.ament_python.build:Building ROS package in '/home/min/Workspace/scout_mini/src/robot_control' with build type 'ament_python'
[7.688s] Level 1:colcon.colcon_core.shell:create_environment_hook('robot_control', 'ament_prefix_path')
[7.721s] INFO:colcon.colcon_core.plugin_system:Skipping extension 'colcon_core.shell.bat': Not used on non-Windows systems
[7.722s] INFO:colcon.colcon_core.shell:Creating environment hook '/home/min/Workspace/scout_mini/src/install/robot_control/share/robot_control/hook/ament_prefix_path.ps1'
[7.726s] INFO:colcon.colcon_core.shell:Creating environment descriptor '/home/min/Workspace/scout_mini/src/install/robot_control/share/robot_control/hook/ament_prefix_path.dsv'
[7.730s] INFO:colcon.colcon_core.shell:Creating environment hook '/home/min/Workspace/scout_mini/src/install/robot_control/share/robot_control/hook/ament_prefix_path.sh'
[7.734s] INFO:colcon.colcon_core.shell:Skip shell extension 'powershell' for command environment: Not usable outside of PowerShell
[7.734s] DEBUG:colcon.colcon_core.shell:Skip shell extension 'dsv' for command environment
[9.287s] INFO:colcon.colcon_core.task.python.build:Building Python package in '/home/min/Workspace/scout_mini/src/robot_control'
[9.289s] INFO:colcon.colcon_core.shell:Skip shell extension 'powershell' for command environment: Not usable outside of PowerShell
[9.289s] DEBUG:colcon.colcon_core.shell:Skip shell extension 'dsv' for command environment
[12.238s] DEBUG:colcon.colcon_core.event_handler.log_command:Invoking command in '/home/min/Workspace/scout_mini/src/robot_control': PYTHONPATH=/home/min/Workspace/scout_mini/src/build/robot_control/prefix_override:/usr/lib/python3/dist-packages/colcon_core/task/python/colcon_distutils_commands:/home/min/Workspace/scout_mini/src/install/robot_control/lib/python3.10/site-packages:${PYTHONPATH} /usr/bin/python3 -W ignore:setup.py install is deprecated -W ignore:easy_install command is deprecated setup.py egg_info --egg-base ../build/robot_control build --build-base /home/min/Workspace/scout_mini/src/build/robot_control/build install --record /home/min/Workspace/scout_mini/src/build/robot_control/install.log --single-version-externally-managed install_data
[13.660s] DEBUG:colcon.colcon_core.event_handler.log_command:Invoked command in '/home/min/Workspace/scout_mini/src/robot_control' returned '0': PYTHONPATH=/home/min/Workspace/scout_mini/src/build/robot_control/prefix_override:/usr/lib/python3/dist-packages/colcon_core/task/python/colcon_distutils_commands:/home/min/Workspace/scout_mini/src/install/robot_control/lib/python3.10/site-packages:${PYTHONPATH} /usr/bin/python3 -W ignore:setup.py install is deprecated -W ignore:easy_install command is deprecated setup.py egg_info --egg-base ../build/robot_control build --build-base /home/min/Workspace/scout_mini/src/build/robot_control/build install --record /home/min/Workspace/scout_mini/src/build/robot_control/install.log --single-version-externally-managed install_data
[13.820s] Level 1:colcon.colcon_core.environment:checking '/home/min/Workspace/scout_mini/src/install/robot_control' for CMake module files
[13.822s] Level 1:colcon.colcon_core.environment:checking '/home/min/Workspace/scout_mini/src/install/robot_control' for CMake config files
[13.824s] Level 1:colcon.colcon_core.environment:checking '/home/min/Workspace/scout_mini/src/install/robot_control/lib'
[13.825s] Level 1:colcon.colcon_core.environment:checking '/home/min/Workspace/scout_mini/src/install/robot_control/bin'
[13.825s] Level 1:colcon.colcon_core.environment:checking '/home/min/Workspace/scout_mini/src/install/robot_control/lib/pkgconfig/robot_control.pc'
[13.826s] Level 1:colcon.colcon_core.environment:checking '/home/min/Workspace/scout_mini/src/install/robot_control/lib/python3.10/site-packages'
[13.827s] Level 1:colcon.colcon_core.shell:create_environment_hook('robot_control', 'pythonpath')
[13.828s] INFO:colcon.colcon_core.shell:Creating environment hook '/home/min/Workspace/scout_mini/src/install/robot_control/share/robot_control/hook/pythonpath.ps1'
[13.829s] INFO:colcon.colcon_core.shell:Creating environment descriptor '/home/min/Workspace/scout_mini/src/install/robot_control/share/robot_control/hook/pythonpath.dsv'
[13.830s] INFO:colcon.colcon_core.shell:Creating environment hook '/home/min/Workspace/scout_mini/src/install/robot_control/share/robot_control/hook/pythonpath.sh'
[13.835s] Level 1:colcon.colcon_core.environment:checking '/home/min/Workspace/scout_mini/src/install/robot_control/bin'
[13.835s] Level 1:colcon.colcon_core.environment:create_environment_scripts_only(robot_control)
[13.836s] INFO:colcon.colcon_core.shell:Creating package script '/home/min/Workspace/scout_mini/src/install/robot_control/share/robot_control/package.ps1'
[13.852s] INFO:colcon.colcon_core.shell:Creating package descriptor '/home/min/Workspace/scout_mini/src/install/robot_control/share/robot_control/package.dsv'
[13.869s] INFO:colcon.colcon_core.shell:Creating package script '/home/min/Workspace/scout_mini/src/install/robot_control/share/robot_control/package.sh'
[13.873s] INFO:colcon.colcon_core.shell:Creating package script '/home/min/Workspace/scout_mini/src/install/robot_control/share/robot_control/package.bash'
[13.882s] INFO:colcon.colcon_core.shell:Creating package script '/home/min/Workspace/scout_mini/src/install/robot_control/share/robot_control/package.zsh'
[13.887s] Level 1:colcon.colcon_core.environment:create_file_with_runtime_dependencies(/home/min/Workspace/scout_mini/src/install/robot_control/share/colcon-core/packages/robot_control)
[13.889s] DEBUG:colcon.colcon_parallel_executor.executor.parallel:closing loop
[13.890s] DEBUG:colcon.colcon_parallel_executor.executor.parallel:loop closed
[13.890s] DEBUG:colcon.colcon_parallel_executor.executor.parallel:run_until_complete finished with '0'
[13.891s] DEBUG:colcon.colcon_core.event_reactor:joining thread
[13.926s] INFO:colcon.colcon_core.plugin_system:Skipping extension 'colcon_notification.desktop_notification.terminal_notifier': Not used on non-Darwin systems
[13.927s] INFO:colcon.colcon_core.plugin_system:Skipping extension 'colcon_notification.desktop_notification.win32': Not used on non-Windows systems
[13.927s] INFO:colcon.colcon_notification.desktop_notification:Sending desktop notification using 'notify2'
[14.053s] DEBUG:colcon.colcon_core.event_reactor:joined thread
[14.054s] INFO:colcon.colcon_core.shell:Creating prefix script '/home/min/Workspace/scout_mini/src/install/local_setup.ps1'
[14.061s] INFO:colcon.colcon_core.shell:Creating prefix util module '/home/min/Workspace/scout_mini/src/install/_local_setup_util_ps1.py'
[14.069s] INFO:colcon.colcon_core.shell:Creating prefix chain script '/home/min/Workspace/scout_mini/src/install/setup.ps1'
[14.077s] INFO:colcon.colcon_core.shell:Creating prefix script '/home/min/Workspace/scout_mini/src/install/local_setup.sh'
[14.080s] INFO:colcon.colcon_core.shell:Creating prefix util module '/home/min/Workspace/scout_mini/src/install/_local_setup_util_sh.py'
[14.081s] INFO:colcon.colcon_core.shell:Creating prefix chain script '/home/min/Workspace/scout_mini/src/install/setup.sh'
[14.090s] INFO:colcon.colcon_core.shell:Creating prefix script '/home/min/Workspace/scout_mini/src/install/local_setup.bash'
[14.093s] INFO:colcon.colcon_core.shell:Creating prefix chain script '/home/min/Workspace/scout_mini/src/install/setup.bash'
[14.102s] INFO:colcon.colcon_core.shell:Creating prefix script '/home/min/Workspace/scout_mini/src/install/local_setup.zsh'
[14.106s] INFO:colcon.colcon_core.shell:Creating prefix chain script '/home/min/Workspace/scout_mini/src/install/setup.zsh'
