[0.032s] Invoking command in '/home/min/Workspace/scout_mini/build/scout_base': CMAKE_PREFIX_PATH=/home/min/Workspace/scout_mini/install/scout_mini_tools:/home/min/Workspace/scout_mini/install/robot_following:/home/min/Workspace/scout_mini/install/robot_control:/opt/ros/humble:/home/min/Workspace/scout_mini/install/ugv_sdk:/home/min/Workspace/scout_mini/install/scout_msgs:/home/min/Workspace/scout_mini/install/scout_base:/home/min/Workspace/scout_mini/install/sllidar_ros2:/home/min/Workspace/scout_mini/install/slam_launch:/home/min/Workspace/scout_mini/install/scout_mini_nav2:/home/min/Workspace/scout_mini/install/scout_gazebo_sim:/home/min/Workspace/scout_mini/install/scout_description:/home/min/Workspace/scout_mini/install/scout_control:/home/min/Workspace/scout_mini/install/realsense2_description:/home/min/Workspace/scout_mini/install/realsense2_camera:/home/min/Workspace/scout_mini/install/realsense2_camera_msgs /usr/bin/cmake /home/min/Workspace/scout_mini/src/scout_ros2/scout_base -DAMENT_CMAKE_SYMLINK_INSTALL=1 -DCMAKE_INSTALL_PREFIX=/home/min/Workspace/scout_mini/install/scout_base
[0.133s] -- The C compiler identification is GNU 11.4.0
[0.202s] -- The CXX compiler identification is GNU 11.4.0
[0.210s] -- Detecting C compiler ABI info
[0.289s] -- Detecting C compiler ABI info - done
[0.297s] -- Check for working C compiler: /usr/bin/cc - skipped
[0.297s] -- Detecting C compile features
[0.298s] -- Detecting C compile features - done
[0.301s] -- Detecting CXX compiler ABI info
[0.399s] -- Detecting CXX compiler ABI info - done
[0.421s] -- Check for working CXX compiler: /usr/bin/c++ - skipped
[0.421s] -- Detecting CXX compile features
[0.422s] -- Detecting CXX compile features - done
[0.428s] -- Found ament_cmake: 1.3.12 (/opt/ros/humble/share/ament_cmake/cmake)
[0.617s] -- Found Python3: /usr/bin/python3 (found version "3.10.12") found components: Interpreter 
[0.721s] -- Override CMake install command with custom implementation using symlinks instead of copying resources
[0.771s] -- Found rclcpp: 16.0.15 (/opt/ros/humble/share/rclcpp/cmake)
[0.829s] -- Found rosidl_generator_c: 3.1.7 (/opt/ros/humble/share/rosidl_generator_c/cmake)
[0.837s] -- Found rosidl_adapter: 3.1.7 (/opt/ros/humble/share/rosidl_adapter/cmake)
[0.851s] -- Found rosidl_generator_cpp: 3.1.7 (/opt/ros/humble/share/rosidl_generator_cpp/cmake)
[0.871s] -- Using all available rosidl_typesupport_c: rosidl_typesupport_fastrtps_c;rosidl_typesupport_introspection_c
[0.893s] -- Using all available rosidl_typesupport_cpp: rosidl_typesupport_fastrtps_cpp;rosidl_typesupport_introspection_cpp
[0.986s] -- Found rmw_implementation_cmake: 6.1.2 (/opt/ros/humble/share/rmw_implementation_cmake/cmake)
[0.990s] -- Found rmw_cyclonedds_cpp: 1.3.4 (/opt/ros/humble/share/rmw_cyclonedds_cpp/cmake)
[1.020s] -- Using RMW implementation 'rmw_cyclonedds_cpp' as default
[1.035s] -- Looking for pthread.h
[1.125s] -- Looking for pthread.h - found
[1.125s] -- Performing Test CMAKE_HAVE_LIBC_PTHREAD
[1.218s] -- Performing Test CMAKE_HAVE_LIBC_PTHREAD - Success
[1.219s] -- Found Threads: TRUE  
[1.321s] -- Found geometry_msgs: 4.9.0 (/opt/ros/humble/share/geometry_msgs/cmake)
[1.364s] -- Found nav_msgs: 4.9.0 (/opt/ros/humble/share/nav_msgs/cmake)
[1.399s] -- Found sensor_msgs: 4.9.0 (/opt/ros/humble/share/sensor_msgs/cmake)
[1.462s] -- Found tf2: 0.25.16 (/opt/ros/humble/share/tf2/cmake)
[1.535s] -- Found tf2_ros: 0.25.16 (/opt/ros/humble/share/tf2_ros/cmake)
[2.193s] -- Found tf2_geometry_msgs: 0.25.16 (/opt/ros/humble/share/tf2_geometry_msgs/cmake)
[2.307s] -- Found eigen3_cmake_module: 0.1.1 (/opt/ros/humble/share/eigen3_cmake_module/cmake)
[2.312s] -- Found Eigen3: TRUE (found version "3.4.0") 
[2.312s] -- Ensuring Eigen3 include directory is part of orocos-kdl CMake target
[2.318s] -- Found scout_msgs: 0.1.0 (/home/min/Workspace/scout_mini/install/scout_msgs/share/scout_msgs/cmake)
[2.361s] -- Found ament_lint_auto: 0.12.14 (/opt/ros/humble/share/ament_lint_auto/cmake)
[2.461s] -- Configuring done
[2.494s] -- Generating done
[2.500s] -- Build files have been written to: /home/min/Workspace/scout_mini/build/scout_base
[2.511s] Invoked command in '/home/min/Workspace/scout_mini/build/scout_base' returned '0': CMAKE_PREFIX_PATH=/home/min/Workspace/scout_mini/install/scout_mini_tools:/home/min/Workspace/scout_mini/install/robot_following:/home/min/Workspace/scout_mini/install/robot_control:/opt/ros/humble:/home/min/Workspace/scout_mini/install/ugv_sdk:/home/min/Workspace/scout_mini/install/scout_msgs:/home/min/Workspace/scout_mini/install/scout_base:/home/min/Workspace/scout_mini/install/sllidar_ros2:/home/min/Workspace/scout_mini/install/slam_launch:/home/min/Workspace/scout_mini/install/scout_mini_nav2:/home/min/Workspace/scout_mini/install/scout_gazebo_sim:/home/min/Workspace/scout_mini/install/scout_description:/home/min/Workspace/scout_mini/install/scout_control:/home/min/Workspace/scout_mini/install/realsense2_description:/home/min/Workspace/scout_mini/install/realsense2_camera:/home/min/Workspace/scout_mini/install/realsense2_camera_msgs /usr/bin/cmake /home/min/Workspace/scout_mini/src/scout_ros2/scout_base -DAMENT_CMAKE_SYMLINK_INSTALL=1 -DCMAKE_INSTALL_PREFIX=/home/min/Workspace/scout_mini/install/scout_base
[2.513s] Invoking command in '/home/min/Workspace/scout_mini/build/scout_base': CMAKE_PREFIX_PATH=/home/min/Workspace/scout_mini/install/scout_mini_tools:/home/min/Workspace/scout_mini/install/robot_following:/home/min/Workspace/scout_mini/install/robot_control:/opt/ros/humble:/home/min/Workspace/scout_mini/install/ugv_sdk:/home/min/Workspace/scout_mini/install/scout_msgs:/home/min/Workspace/scout_mini/install/scout_base:/home/min/Workspace/scout_mini/install/sllidar_ros2:/home/min/Workspace/scout_mini/install/slam_launch:/home/min/Workspace/scout_mini/install/scout_mini_nav2:/home/min/Workspace/scout_mini/install/scout_gazebo_sim:/home/min/Workspace/scout_mini/install/scout_description:/home/min/Workspace/scout_mini/install/scout_control:/home/min/Workspace/scout_mini/install/realsense2_description:/home/min/Workspace/scout_mini/install/realsense2_camera:/home/min/Workspace/scout_mini/install/realsense2_camera_msgs /usr/bin/cmake --build /home/min/Workspace/scout_mini/build/scout_base -- -j8 -l8
[2.576s] [ 33%] [32mBuilding CXX object CMakeFiles/scout_base_node.dir/src/scout_base_ros.cpp.o[0m
[5.148s] In file included from [01m[K/home/min/Workspace/scout_mini/src/scout_ros2/scout_base/include/scout_base/scout_messenger.hpp:21[m[K,
[5.148s]                  from [01m[K/home/min/Workspace/scout_mini/src/scout_ros2/scout_base/src/scout_base_ros.cpp:12[m[K:
[5.148s] [01m[K/opt/ros/humble/include/tf2_geometry_msgs/tf2_geometry_msgs/tf2_geometry_msgs.h:35:2:[m[K [01;35m[Kwarning: [m[K#warning This header is obsolete, please include tf2_geometry_msgs/tf2_geometry_msgs.hpp instead [[01;35m[K]8;;https://gcc.gnu.org/onlinedocs/gcc/Warning-Options.html#index-Wcpp-Wcpp]8;;[m[K]
[5.148s]    35 | #[01;35m[Kwarning[m[K This header is obsolete, please include tf2_geometry_msgs/tf2_geometry_msgs.hpp instead
[5.149s]       |  [01;35m[K^~~~~~~[m[K
[44.996s] [ 66%] [32mBuilding CXX object CMakeFiles/scout_base_node.dir/src/scout_base_node.cpp.o[0m
[50.116s] [100%] [32m[1mLinking CXX executable scout_base_node[0m
[52.252s] [100%] Built target scout_base_node
[52.295s] Invoked command in '/home/min/Workspace/scout_mini/build/scout_base' returned '0': CMAKE_PREFIX_PATH=/home/min/Workspace/scout_mini/install/scout_mini_tools:/home/min/Workspace/scout_mini/install/robot_following:/home/min/Workspace/scout_mini/install/robot_control:/opt/ros/humble:/home/min/Workspace/scout_mini/install/ugv_sdk:/home/min/Workspace/scout_mini/install/scout_msgs:/home/min/Workspace/scout_mini/install/scout_base:/home/min/Workspace/scout_mini/install/sllidar_ros2:/home/min/Workspace/scout_mini/install/slam_launch:/home/min/Workspace/scout_mini/install/scout_mini_nav2:/home/min/Workspace/scout_mini/install/scout_gazebo_sim:/home/min/Workspace/scout_mini/install/scout_description:/home/min/Workspace/scout_mini/install/scout_control:/home/min/Workspace/scout_mini/install/realsense2_description:/home/min/Workspace/scout_mini/install/realsense2_camera:/home/min/Workspace/scout_mini/install/realsense2_camera_msgs /usr/bin/cmake --build /home/min/Workspace/scout_mini/build/scout_base -- -j8 -l8
[52.333s] Invoking command in '/home/min/Workspace/scout_mini/build/scout_base': CMAKE_PREFIX_PATH=/home/min/Workspace/scout_mini/install/scout_mini_tools:/home/min/Workspace/scout_mini/install/robot_following:/home/min/Workspace/scout_mini/install/robot_control:/opt/ros/humble:/home/min/Workspace/scout_mini/install/ugv_sdk:/home/min/Workspace/scout_mini/install/scout_msgs:/home/min/Workspace/scout_mini/install/scout_base:/home/min/Workspace/scout_mini/install/sllidar_ros2:/home/min/Workspace/scout_mini/install/slam_launch:/home/min/Workspace/scout_mini/install/scout_mini_nav2:/home/min/Workspace/scout_mini/install/scout_gazebo_sim:/home/min/Workspace/scout_mini/install/scout_description:/home/min/Workspace/scout_mini/install/scout_control:/home/min/Workspace/scout_mini/install/realsense2_description:/home/min/Workspace/scout_mini/install/realsense2_camera:/home/min/Workspace/scout_mini/install/realsense2_camera_msgs /usr/bin/cmake --install /home/min/Workspace/scout_mini/build/scout_base
[52.333s] -- Install configuration: ""
[52.333s] -- Execute custom install script
[52.333s] -- Symlinking: /home/min/Workspace/scout_mini/install/scout_base/lib/scout_base/scout_base_node
[52.367s] -- Symlinking: /home/min/Workspace/scout_mini/install/scout_base/share/scout_base//launch/scout_base.launch.py
[52.377s] -- Symlinking: /home/min/Workspace/scout_mini/install/scout_base/share/scout_base//launch/scout_mini_base.launch.py
[52.386s] -- Symlinking: /home/min/Workspace/scout_mini/install/scout_base/share/scout_base//launch/scout_mini_omni_base.launch.py
[52.396s] -- Symlinking: /home/min/Workspace/scout_mini/install/scout_base/share/ament_index/resource_index/package_run_dependencies/scout_base
[52.407s] -- Symlinking: /home/min/Workspace/scout_mini/install/scout_base/share/ament_index/resource_index/parent_prefix_path/scout_base
[52.417s] -- Symlinking: /home/min/Workspace/scout_mini/install/scout_base/share/scout_base/environment/ament_prefix_path.sh
[52.429s] -- Symlinking: /home/min/Workspace/scout_mini/install/scout_base/share/scout_base/environment/ament_prefix_path.dsv
[52.439s] -- Symlinking: /home/min/Workspace/scout_mini/install/scout_base/share/scout_base/environment/path.sh
[52.449s] -- Symlinking: /home/min/Workspace/scout_mini/install/scout_base/share/scout_base/environment/path.dsv
[52.458s] -- Symlinking: /home/min/Workspace/scout_mini/install/scout_base/share/scout_base/local_setup.bash
[52.468s] -- Symlinking: /home/min/Workspace/scout_mini/install/scout_base/share/scout_base/local_setup.sh
[52.478s] -- Symlinking: /home/min/Workspace/scout_mini/install/scout_base/share/scout_base/local_setup.zsh
[52.488s] -- Symlinking: /home/min/Workspace/scout_mini/install/scout_base/share/scout_base/local_setup.dsv
[52.498s] -- Symlinking: /home/min/Workspace/scout_mini/install/scout_base/share/scout_base/package.dsv
[52.508s] -- Symlinking: /home/min/Workspace/scout_mini/install/scout_base/share/ament_index/resource_index/packages/scout_base
[52.518s] -- Symlinking: /home/min/Workspace/scout_mini/install/scout_base/share/scout_base/cmake/scout_baseConfig.cmake
[52.529s] -- Symlinking: /home/min/Workspace/scout_mini/install/scout_base/share/scout_base/cmake/scout_baseConfig-version.cmake
[52.539s] -- Symlinking: /home/min/Workspace/scout_mini/install/scout_base/share/scout_base/package.xml
[52.553s] Invoked command in '/home/min/Workspace/scout_mini/build/scout_base' returned '0': CMAKE_PREFIX_PATH=/home/min/Workspace/scout_mini/install/scout_mini_tools:/home/min/Workspace/scout_mini/install/robot_following:/home/min/Workspace/scout_mini/install/robot_control:/opt/ros/humble:/home/min/Workspace/scout_mini/install/ugv_sdk:/home/min/Workspace/scout_mini/install/scout_msgs:/home/min/Workspace/scout_mini/install/scout_base:/home/min/Workspace/scout_mini/install/sllidar_ros2:/home/min/Workspace/scout_mini/install/slam_launch:/home/min/Workspace/scout_mini/install/scout_mini_nav2:/home/min/Workspace/scout_mini/install/scout_gazebo_sim:/home/min/Workspace/scout_mini/install/scout_description:/home/min/Workspace/scout_mini/install/scout_control:/home/min/Workspace/scout_mini/install/realsense2_description:/home/min/Workspace/scout_mini/install/realsense2_camera:/home/min/Workspace/scout_mini/install/realsense2_camera_msgs /usr/bin/cmake --install /home/min/Workspace/scout_mini/build/scout_base
