[0.020s] Invoking command in '/home/min/Workspace/scout_mini/build/realsense2_camera': AMENT_PREFIX_PATH=/home/min/Workspace/scout_mini/install/realsense2_camera_msgs:${AMENT_PREFIX_PATH} CMAKE_PREFIX_PATH=/home/min/Workspace/scout_mini/install/realsense2_camera_msgs:/opt/ros/humble LD_LIBRARY_PATH=/home/min/Workspace/scout_mini/install/realsense2_camera_msgs/lib:${LD_LIBRARY_PATH} PYTHONPATH=/home/min/Workspace/scout_mini/install/realsense2_camera_msgs/local/lib/python3.10/dist-packages:${PYTHONPATH} /usr/bin/cmake /home/min/Workspace/scout_mini/src/realsense-ros/realsense2_camera -DAMENT_CMAKE_SYMLINK_INSTALL=1 -DCMAKE_INSTALL_PREFIX=/home/min/Workspace/scout_mini/install/realsense2_camera
[0.330s] -- The C compiler identification is GNU 11.4.0
[0.399s] -- The CXX compiler identification is GNU 11.4.0
[0.408s] -- Detecting C compiler ABI info
[0.502s] -- Detecting C compiler ABI info - done
[0.517s] -- Check for working C compiler: /usr/bin/cc - skipped
[0.517s] -- Detecting C compile features
[0.518s] -- Detecting C compile features - done
[0.524s] -- Detecting CXX compiler ABI info
[0.631s] -- Detecting CXX compiler ABI info - done
[0.648s] -- Check for working CXX compiler: /usr/bin/c++ - skipped
[0.648s] -- Detecting CXX compile features
[0.649s] -- Detecting CXX compile features - done
[0.650s] -- Create Release Build.
[0.655s] -- Found ament_cmake: 1.3.12 (/opt/ros/humble/share/ament_cmake/cmake)
[0.958s] -- Found Python3: /usr/bin/python3 (found version "3.10.12") found components: Interpreter 
[1.082s] -- Override CMake install command with custom implementation using symlinks instead of copying resources
[1.134s] -- Found builtin_interfaces: 1.2.2 (/opt/ros/humble/share/builtin_interfaces/cmake)
[1.193s] -- Found rosidl_generator_c: 3.1.7 (/opt/ros/humble/share/rosidl_generator_c/cmake)
[1.203s] -- Found rosidl_adapter: 3.1.7 (/opt/ros/humble/share/rosidl_adapter/cmake)
[1.222s] -- Found rosidl_generator_cpp: 3.1.7 (/opt/ros/humble/share/rosidl_generator_cpp/cmake)
[1.249s] -- Using all available rosidl_typesupport_c: rosidl_typesupport_fastrtps_c;rosidl_typesupport_introspection_c
[1.283s] -- Using all available rosidl_typesupport_cpp: rosidl_typesupport_fastrtps_cpp;rosidl_typesupport_introspection_cpp
[1.548s] -- Found cv_bridge: 3.2.1 (/opt/ros/humble/share/cv_bridge/cmake)
[2.320s] -- Found image_transport: 3.1.12 (/opt/ros/humble/share/image_transport/cmake)
[2.388s] -- Found rmw_implementation_cmake: 6.1.2 (/opt/ros/humble/share/rmw_implementation_cmake/cmake)
[2.392s] -- Found rmw_cyclonedds_cpp: 1.3.4 (/opt/ros/humble/share/rmw_cyclonedds_cpp/cmake)
[2.420s] -- Using RMW implementation 'rmw_cyclonedds_cpp' as default
[2.431s] -- Looking for pthread.h
[2.511s] -- Looking for pthread.h - found
[2.512s] -- Performing Test CMAKE_HAVE_LIBC_PTHREAD
[2.599s] -- Performing Test CMAKE_HAVE_LIBC_PTHREAD - Success
[2.600s] -- Found Threads: TRUE  
[2.805s] -- Found rclcpp_action: 16.0.15 (/opt/ros/humble/share/rclcpp_action/cmake)
[2.850s] -- Found rclcpp_components: 16.0.15 (/opt/ros/humble/share/rclcpp_components/cmake)
[2.872s] -- Found realsense2_camera_msgs: 4.56.4 (/home/min/Workspace/scout_mini/install/realsense2_camera_msgs/share/realsense2_camera_msgs/cmake)
[2.899s] -- Found std_srvs: 4.9.0 (/opt/ros/humble/share/std_srvs/cmake)
[2.912s] -- Found nav_msgs: 4.9.0 (/opt/ros/humble/share/nav_msgs/cmake)
[2.932s] -- Found tf2_ros: 0.25.16 (/opt/ros/humble/share/tf2_ros/cmake)
[3.011s] -- Found diagnostic_updater: 4.0.6 (/opt/ros/humble/share/diagnostic_updater/cmake)
[4.751s] -- Found OpenCV: /usr (found version "4.5.4") found components: core 
[4.763s] -- Build for ROS2 Humble
[4.773s] -- Found ament_cmake_gtest: 1.3.12 (/opt/ros/humble/share/ament_cmake_gtest/cmake)
[4.845s] -- Found gtest sources under '/opt/ros/humble/src/gtest_vendor': C++ tests using 'Google Test' will be built
[4.856s] -- Found ament_cmake_pytest: 1.3.12 (/opt/ros/humble/share/ament_cmake_pytest/cmake)
[14.726s] -- rs_device_info:
[14.726s] -- No device detected. Is it plugged in?
[14.726s] 
[14.901s] -- Configuring done
[14.991s] -- Generating done
[15.007s] -- Build files have been written to: /home/min/Workspace/scout_mini/build/realsense2_camera
[15.029s] Invoked command in '/home/min/Workspace/scout_mini/build/realsense2_camera' returned '0': AMENT_PREFIX_PATH=/home/min/Workspace/scout_mini/install/realsense2_camera_msgs:${AMENT_PREFIX_PATH} CMAKE_PREFIX_PATH=/home/min/Workspace/scout_mini/install/realsense2_camera_msgs:/opt/ros/humble LD_LIBRARY_PATH=/home/min/Workspace/scout_mini/install/realsense2_camera_msgs/lib:${LD_LIBRARY_PATH} PYTHONPATH=/home/min/Workspace/scout_mini/install/realsense2_camera_msgs/local/lib/python3.10/dist-packages:${PYTHONPATH} /usr/bin/cmake /home/min/Workspace/scout_mini/src/realsense-ros/realsense2_camera -DAMENT_CMAKE_SYMLINK_INSTALL=1 -DCMAKE_INSTALL_PREFIX=/home/min/Workspace/scout_mini/install/realsense2_camera
[15.033s] Invoking command in '/home/min/Workspace/scout_mini/build/realsense2_camera': AMENT_PREFIX_PATH=/home/min/Workspace/scout_mini/install/realsense2_camera_msgs:${AMENT_PREFIX_PATH} CMAKE_PREFIX_PATH=/home/min/Workspace/scout_mini/install/realsense2_camera_msgs:/opt/ros/humble LD_LIBRARY_PATH=/home/min/Workspace/scout_mini/install/realsense2_camera_msgs/lib:${LD_LIBRARY_PATH} PYTHONPATH=/home/min/Workspace/scout_mini/install/realsense2_camera_msgs/local/lib/python3.10/dist-packages:${PYTHONPATH} /usr/bin/cmake --build /home/min/Workspace/scout_mini/build/realsense2_camera -- -j8 -l8
[15.133s] [  4%] [32mBuilding CXX object gtest/CMakeFiles/gtest_main.dir/src/gtest_main.cc.o[0m
[15.133s] [ 12%] [32mBuilding CXX object CMakeFiles/realsense2_camera.dir/src/parameters.cpp.o[0m
[15.133s] [ 16%] [32mBuilding CXX object CMakeFiles/realsense2_camera.dir/src/realsense_node_factory.cpp.o[0m
[15.135s] [ 20%] [32mBuilding CXX object CMakeFiles/realsense2_camera_node.dir/rclcpp_components/node_main_realsense2_camera_node.cpp.o[0m
[15.135s] [ 12%] [32mBuilding CXX object CMakeFiles/realsense2_camera.dir/src/base_realsense_node.cpp.o[0m
[15.135s] [ 24%] [32mBuilding CXX object CMakeFiles/realsense2_camera.dir/src/rs_node_setup.cpp.o[0m
[15.139s] [ 28%] [32mBuilding CXX object gtest/CMakeFiles/gtest.dir/src/gtest-all.cc.o[0m
[15.143s] [ 32%] [32mBuilding CXX object CMakeFiles/realsense2_camera.dir/src/ros_sensor.cpp.o[0m
[16.496s] [ 36%] [32m[1mLinking CXX static library libgtest_main.a[0m
[16.827s] [ 36%] Built target gtest_main
[16.841s] [ 40%] [32mBuilding CXX object CMakeFiles/realsense2_camera.dir/src/ros_utils.cpp.o[0m
[22.165s] [ 44%] [32m[1mLinking CXX executable realsense2_camera_node[0m
[23.367s] [ 44%] Built target realsense2_camera_node
[23.385s] [ 48%] [32mBuilding CXX object CMakeFiles/realsense2_camera.dir/src/dynamic_params.cpp.o[0m
[25.071s] [ 52%] [32mBuilding CXX object CMakeFiles/realsense2_camera.dir/src/sensor_params.cpp.o[0m
[35.840s] [ 64%] [32mBuilding CXX object CMakeFiles/realsense2_camera.dir/src/named_filter.cpp.o[0m
[35.842s] [ 64%] [32mBuilding CXX object CMakeFiles/realsense2_camera.dir/src/pointcloud_filter.cpp.o[0m
[35.843s] [ 64%] [32m[1mLinking CXX static library libgtest.a[0m
[36.643s] [ 64%] Built target gtest
[47.467s] [ 68%] [32mBuilding CXX object CMakeFiles/realsense2_camera.dir/src/ros_param_backend.cpp.o[0m
[50.416s] [ 80%] [32mBuilding CXX object CMakeFiles/realsense2_camera.dir/src/image_publisher.cpp.o[0m
[50.417s] [ 80%] [32mBuilding CXX object CMakeFiles/realsense2_camera.dir/src/actions.cpp.o[0m
[50.417s] [ 80%] [32mBuilding CXX object CMakeFiles/realsense2_camera.dir/src/tfs.cpp.o[0m
[56.440s] [ 84%] [32mBuilding CXX object CMakeFiles/realsense2_camera.dir/src/align_depth_filter.cpp.o[0m
[56.440s] [ 88%] [32mBuilding CXX object CMakeFiles/realsense2_camera.dir/src/profile_manager.cpp.o[0m
[67.091s] [ 92%] [32m[1mLinking CXX shared library librealsense2_camera.so[0m
[78.781s] [ 92%] Built target realsense2_camera
[78.829s] [ 96%] [32mBuilding CXX object CMakeFiles/gtest_template.dir/test/gtest_template.cpp.o[0m
[81.591s] [100%] [32m[1mLinking CXX executable gtest_template[0m
[82.024s] [100%] Built target gtest_template
[82.056s] Invoked command in '/home/min/Workspace/scout_mini/build/realsense2_camera' returned '0': AMENT_PREFIX_PATH=/home/min/Workspace/scout_mini/install/realsense2_camera_msgs:${AMENT_PREFIX_PATH} CMAKE_PREFIX_PATH=/home/min/Workspace/scout_mini/install/realsense2_camera_msgs:/opt/ros/humble LD_LIBRARY_PATH=/home/min/Workspace/scout_mini/install/realsense2_camera_msgs/lib:${LD_LIBRARY_PATH} PYTHONPATH=/home/min/Workspace/scout_mini/install/realsense2_camera_msgs/local/lib/python3.10/dist-packages:${PYTHONPATH} /usr/bin/cmake --build /home/min/Workspace/scout_mini/build/realsense2_camera -- -j8 -l8
[82.061s] Invoking command in '/home/min/Workspace/scout_mini/build/realsense2_camera': AMENT_PREFIX_PATH=/home/min/Workspace/scout_mini/install/realsense2_camera_msgs:${AMENT_PREFIX_PATH} CMAKE_PREFIX_PATH=/home/min/Workspace/scout_mini/install/realsense2_camera_msgs:/opt/ros/humble LD_LIBRARY_PATH=/home/min/Workspace/scout_mini/install/realsense2_camera_msgs/lib:${LD_LIBRARY_PATH} PYTHONPATH=/home/min/Workspace/scout_mini/install/realsense2_camera_msgs/local/lib/python3.10/dist-packages:${PYTHONPATH} /usr/bin/cmake --install /home/min/Workspace/scout_mini/build/realsense2_camera
[82.092s] -- Install configuration: "Release"
[82.094s] -- Execute custom install script
[82.094s] -- Symlinking: /home/min/Workspace/scout_mini/install/realsense2_camera/share/realsense2_camera/config/global_settings.yaml
[82.113s] -- Symlinking: /home/min/Workspace/scout_mini/install/realsense2_camera/lib/realsense2_camera/realsense2_camera_node
[82.130s] -- Symlinking: /home/min/Workspace/scout_mini/install/realsense2_camera/lib/librealsense2_camera.so
[82.185s] -- Symlinking: /home/min/Workspace/scout_mini/install/realsense2_camera/include/align_depth_filter.h
[82.217s] -- Symlinking: /home/min/Workspace/scout_mini/install/realsense2_camera/include/base_realsense_node.h
[82.231s] -- Symlinking: /home/min/Workspace/scout_mini/install/realsense2_camera/include/constants.h
[82.241s] -- Symlinking: /home/min/Workspace/scout_mini/install/realsense2_camera/include/dynamic_params.h
[82.250s] -- Symlinking: /home/min/Workspace/scout_mini/install/realsense2_camera/include/gl_window.h
[82.258s] -- Symlinking: /home/min/Workspace/scout_mini/install/realsense2_camera/include/image_publisher.h
[82.268s] -- Symlinking: /home/min/Workspace/scout_mini/install/realsense2_camera/include/named_filter.h
[82.279s] -- Symlinking: /home/min/Workspace/scout_mini/install/realsense2_camera/include/pointcloud_filter.h
[82.289s] -- Symlinking: /home/min/Workspace/scout_mini/install/realsense2_camera/include/profile_manager.h
[82.300s] -- Symlinking: /home/min/Workspace/scout_mini/install/realsense2_camera/include/realsense_node_factory.h
[82.309s] -- Symlinking: /home/min/Workspace/scout_mini/install/realsense2_camera/include/ros_node_base.h
[82.319s] -- Symlinking: /home/min/Workspace/scout_mini/install/realsense2_camera/include/ros_param_backend.h
[82.328s] -- Symlinking: /home/min/Workspace/scout_mini/install/realsense2_camera/include/ros_sensor.h
[82.338s] -- Symlinking: /home/min/Workspace/scout_mini/install/realsense2_camera/include/ros_utils.h
[82.347s] -- Symlinking: /home/min/Workspace/scout_mini/install/realsense2_camera/include/sensor_params.h
[82.551s] -- Symlinking: /home/min/Workspace/scout_mini/install/realsense2_camera/share/realsense2_camera/launch/default.rviz
[82.586s] -- Symlinking: /home/min/Workspace/scout_mini/install/realsense2_camera/share/realsense2_camera/launch/rs_intra_process_demo_launch.py
[82.602s] -- Symlinking: /home/min/Workspace/scout_mini/install/realsense2_camera/share/realsense2_camera/launch/rs_launch.py
[82.612s] -- Symlinking: /home/min/Workspace/scout_mini/install/realsense2_camera/share/realsense2_camera/launch/rs_multi_camera_launch.py
[82.620s] -- Symlinking: /home/min/Workspace/scout_mini/install/realsense2_camera/share/realsense2_camera/launch/rs_multi_camera_launch_sync.py
[82.991s] -- Symlinking: /home/min/Workspace/scout_mini/install/realsense2_camera/share/realsense2_camera/examples/align_depth/README.md
[83.025s] -- Symlinking: /home/min/Workspace/scout_mini/install/realsense2_camera/share/realsense2_camera/examples/align_depth/rs_align_depth_launch.py
[83.042s] -- Symlinking: /home/min/Workspace/scout_mini/install/realsense2_camera/share/realsense2_camera/examples/d500_tables/calib_config_example.json
[83.059s] -- Symlinking: /home/min/Workspace/scout_mini/install/realsense2_camera/share/realsense2_camera/examples/dual_camera/README.md
[83.072s] -- Symlinking: /home/min/Workspace/scout_mini/install/realsense2_camera/share/realsense2_camera/examples/dual_camera/rs_dual_camera_launch.py
[83.082s] -- Symlinking: /home/min/Workspace/scout_mini/install/realsense2_camera/share/realsense2_camera/examples/dual_camera/rviz/dual_camera_pointcloud.rviz
[83.091s] -- Symlinking: /home/min/Workspace/scout_mini/install/realsense2_camera/share/realsense2_camera/examples/launch_from_rosbag/README.md
[83.099s] -- Symlinking: /home/min/Workspace/scout_mini/install/realsense2_camera/share/realsense2_camera/examples/launch_from_rosbag/rs_launch_from_rosbag.py
[83.108s] -- Symlinking: /home/min/Workspace/scout_mini/install/realsense2_camera/share/realsense2_camera/examples/launch_params_from_file/README.md
[83.117s] -- Symlinking: /home/min/Workspace/scout_mini/install/realsense2_camera/share/realsense2_camera/examples/launch_params_from_file/config/config.yaml
[83.125s] -- Symlinking: /home/min/Workspace/scout_mini/install/realsense2_camera/share/realsense2_camera/examples/launch_params_from_file/rs_launch_get_params_from_yaml.py
[83.135s] -- Symlinking: /home/min/Workspace/scout_mini/install/realsense2_camera/share/realsense2_camera/examples/pointcloud/README.md
[83.144s] -- Symlinking: /home/min/Workspace/scout_mini/install/realsense2_camera/share/realsense2_camera/examples/pointcloud/rs_d405_pointcloud_launch.py
[83.154s] -- Symlinking: /home/min/Workspace/scout_mini/install/realsense2_camera/share/realsense2_camera/examples/pointcloud/rs_d455_pointcloud_launch.py
[83.162s] -- Symlinking: /home/min/Workspace/scout_mini/install/realsense2_camera/share/realsense2_camera/examples/pointcloud/rs_pointcloud_infra_launch.py
[83.172s] -- Symlinking: /home/min/Workspace/scout_mini/install/realsense2_camera/share/realsense2_camera/examples/pointcloud/rs_pointcloud_launch.py
[83.181s] -- Symlinking: /home/min/Workspace/scout_mini/install/realsense2_camera/share/realsense2_camera/examples/pointcloud/rviz/pointcloud.rviz
[83.190s] -- Symlinking: /home/min/Workspace/scout_mini/install/realsense2_camera/share/realsense2_camera/examples/pointcloud/rviz/urdf_pointcloud.rviz
[83.199s] -- Symlinking: /home/min/Workspace/scout_mini/install/realsense2_camera/share/realsense2_camera/environment/library_path.sh
[83.207s] -- Symlinking: /home/min/Workspace/scout_mini/install/realsense2_camera/share/realsense2_camera/environment/library_path.dsv
[83.216s] -- Symlinking: /home/min/Workspace/scout_mini/install/realsense2_camera/share/ament_index/resource_index/package_run_dependencies/realsense2_camera
[83.224s] -- Symlinking: /home/min/Workspace/scout_mini/install/realsense2_camera/share/ament_index/resource_index/parent_prefix_path/realsense2_camera
[83.233s] -- Symlinking: /home/min/Workspace/scout_mini/install/realsense2_camera/share/realsense2_camera/environment/ament_prefix_path.sh
[83.241s] -- Symlinking: /home/min/Workspace/scout_mini/install/realsense2_camera/share/realsense2_camera/environment/ament_prefix_path.dsv
[83.250s] -- Symlinking: /home/min/Workspace/scout_mini/install/realsense2_camera/share/realsense2_camera/environment/path.sh
[83.258s] -- Symlinking: /home/min/Workspace/scout_mini/install/realsense2_camera/share/realsense2_camera/environment/path.dsv
[83.266s] -- Symlinking: /home/min/Workspace/scout_mini/install/realsense2_camera/share/realsense2_camera/local_setup.bash
[83.276s] -- Symlinking: /home/min/Workspace/scout_mini/install/realsense2_camera/share/realsense2_camera/local_setup.sh
[83.284s] -- Symlinking: /home/min/Workspace/scout_mini/install/realsense2_camera/share/realsense2_camera/local_setup.zsh
[83.293s] -- Symlinking: /home/min/Workspace/scout_mini/install/realsense2_camera/share/realsense2_camera/local_setup.dsv
[83.301s] -- Symlinking: /home/min/Workspace/scout_mini/install/realsense2_camera/share/realsense2_camera/package.dsv
[83.310s] -- Symlinking: /home/min/Workspace/scout_mini/install/realsense2_camera/share/ament_index/resource_index/packages/realsense2_camera
[83.318s] -- Symlinking: /home/min/Workspace/scout_mini/install/realsense2_camera/share/ament_index/resource_index/rclcpp_components/realsense2_camera
[83.327s] -- Symlinking: /home/min/Workspace/scout_mini/install/realsense2_camera/share/realsense2_camera/cmake/ament_cmake_export_include_directories-extras.cmake
[83.335s] -- Symlinking: /home/min/Workspace/scout_mini/install/realsense2_camera/share/realsense2_camera/cmake/ament_cmake_export_libraries-extras.cmake
[83.343s] -- Symlinking: /home/min/Workspace/scout_mini/install/realsense2_camera/share/realsense2_camera/cmake/ament_cmake_export_dependencies-extras.cmake
[83.352s] -- Symlinking: /home/min/Workspace/scout_mini/install/realsense2_camera/share/realsense2_camera/cmake/realsense2_cameraConfig.cmake
[83.360s] -- Symlinking: /home/min/Workspace/scout_mini/install/realsense2_camera/share/realsense2_camera/cmake/realsense2_cameraConfig-version.cmake
[83.368s] -- Symlinking: /home/min/Workspace/scout_mini/install/realsense2_camera/share/realsense2_camera/package.xml
[83.381s] Invoked command in '/home/min/Workspace/scout_mini/build/realsense2_camera' returned '0': AMENT_PREFIX_PATH=/home/min/Workspace/scout_mini/install/realsense2_camera_msgs:${AMENT_PREFIX_PATH} CMAKE_PREFIX_PATH=/home/min/Workspace/scout_mini/install/realsense2_camera_msgs:/opt/ros/humble LD_LIBRARY_PATH=/home/min/Workspace/scout_mini/install/realsense2_camera_msgs/lib:${LD_LIBRARY_PATH} PYTHONPATH=/home/min/Workspace/scout_mini/install/realsense2_camera_msgs/local/lib/python3.10/dist-packages:${PYTHONPATH} /usr/bin/cmake --install /home/min/Workspace/scout_mini/build/realsense2_camera
