[0.024s] Invoking command in '/home/min/Workspace/scout_mini/build/realsense2_camera': CMAKE_PREFIX_PATH=/home/min/Workspace/scout_mini/install/realsense2_camera_msgs:/home/min/Workspace/scout_mini/install/scout_base:/home/min/Workspace/scout_mini/install/scout_mini_tools:/home/min/Workspace/scout_mini/install/rqt_fleet_view:/home/min/Workspace/scout_mini/install/robot_following:/home/min/Workspace/scout_mini/install/robot_control:/opt/ros/humble:/home/min/Workspace/scout_mini/install/ugv_sdk:/home/min/Workspace/scout_mini/install/sllidar_ros2:/home/min/Workspace/scout_mini/install/slam_launch:/home/min/Workspace/scout_mini/install/scout_msgs:/home/min/Workspace/scout_mini/install/scout_mini_nav2:/home/min/Workspace/scout_mini/install/scout_gazebo_sim:/home/min/Workspace/scout_mini/install/scout_description:/home/min/Workspace/scout_mini/install/realsense2_description:/home/min/Workspace/scout_mini/install/realsense2_camera LD_LIBRARY_PATH=/home/min/Workspace/scout_mini/install/realsense2_camera_msgs/lib:/home/min/Workspace/scout_mini/install/scout_msgs/lib:/home/min/Workspace/scout_mini/install/realsense2_camera/lib:/usr/lib/x86_64-linux-gnu/gazebo-11/plugins:/opt/ros/humble/opt/rviz_ogre_vendor/lib:/opt/ros/humble/lib/x86_64-linux-gnu:/opt/ros/humble/lib /usr/bin/cmake /home/min/Workspace/scout_mini/src/realsense-ros/realsense2_camera -DAMENT_CMAKE_SYMLINK_INSTALL=1 -DCMAKE_INSTALL_PREFIX=/home/min/Workspace/scout_mini/install/realsense2_camera
[0.224s] -- The C compiler identification is GNU 11.4.0
[0.302s] -- The CXX compiler identification is GNU 11.4.0
[0.314s] -- Detecting C compiler ABI info
[0.400s] -- Detecting C compiler ABI info - done
[0.409s] -- Check for working C compiler: /usr/bin/cc - skipped
[0.410s] -- Detecting C compile features
[0.410s] -- Detecting C compile features - done
[0.414s] -- Detecting CXX compiler ABI info
[0.529s] -- Detecting CXX compiler ABI info - done
[0.547s] -- Check for working CXX compiler: /usr/bin/c++ - skipped
[0.547s] -- Detecting CXX compile features
[0.549s] -- Detecting CXX compile features - done
[0.550s] -- Create Release Build.
[0.555s] -- Found ament_cmake: 1.3.12 (/opt/ros/humble/share/ament_cmake/cmake)
[0.786s] -- Found Python3: /usr/bin/python3 (found version "3.10.12") found components: Interpreter 
[0.888s] -- Override CMake install command with custom implementation using symlinks instead of copying resources
[0.934s] -- Found builtin_interfaces: 1.2.2 (/opt/ros/humble/share/builtin_interfaces/cmake)
[0.986s] -- Found rosidl_generator_c: 3.1.7 (/opt/ros/humble/share/rosidl_generator_c/cmake)
[0.995s] -- Found rosidl_adapter: 3.1.7 (/opt/ros/humble/share/rosidl_adapter/cmake)
[1.007s] -- Found rosidl_generator_cpp: 3.1.7 (/opt/ros/humble/share/rosidl_generator_cpp/cmake)
[1.025s] -- Using all available rosidl_typesupport_c: rosidl_typesupport_fastrtps_c;rosidl_typesupport_introspection_c
[1.050s] -- Using all available rosidl_typesupport_cpp: rosidl_typesupport_fastrtps_cpp;rosidl_typesupport_introspection_cpp
[1.137s] -- Found cv_bridge: 3.2.1 (/opt/ros/humble/share/cv_bridge/cmake)
[1.791s] -- Found image_transport: 3.1.12 (/opt/ros/humble/share/image_transport/cmake)
[1.885s] -- Found rmw_implementation_cmake: 6.1.2 (/opt/ros/humble/share/rmw_implementation_cmake/cmake)
[1.889s] -- Found rmw_cyclonedds_cpp: 1.3.4 (/opt/ros/humble/share/rmw_cyclonedds_cpp/cmake)
[1.918s] -- Using RMW implementation 'rmw_cyclonedds_cpp' as default
[1.931s] -- Looking for pthread.h
[2.014s] -- Looking for pthread.h - found
[2.014s] -- Performing Test CMAKE_HAVE_LIBC_PTHREAD
[2.104s] -- Performing Test CMAKE_HAVE_LIBC_PTHREAD - Success
[2.105s] -- Found Threads: TRUE  
[2.313s] -- Found rclcpp_action: 16.0.15 (/opt/ros/humble/share/rclcpp_action/cmake)
[2.388s] -- Found rclcpp_components: 16.0.15 (/opt/ros/humble/share/rclcpp_components/cmake)
[2.411s] -- Found realsense2_camera_msgs: 4.56.4 (/home/min/Workspace/scout_mini/install/realsense2_camera_msgs/share/realsense2_camera_msgs/cmake)
[2.442s] -- Found std_srvs: 4.9.0 (/opt/ros/humble/share/std_srvs/cmake)
[2.455s] -- Found nav_msgs: 4.9.0 (/opt/ros/humble/share/nav_msgs/cmake)
[2.475s] -- Found tf2_ros: 0.25.16 (/opt/ros/humble/share/tf2_ros/cmake)
[2.534s] -- Found diagnostic_updater: 4.0.6 (/opt/ros/humble/share/diagnostic_updater/cmake)
[2.607s] -- Found OpenCV: /usr (found version "4.5.4") found components: core 
[2.618s] -- Build for ROS2 Humble
[2.633s] -- Found ament_cmake_gtest: 1.3.12 (/opt/ros/humble/share/ament_cmake_gtest/cmake)
[2.644s] -- Found gtest sources under '/opt/ros/humble/src/gtest_vendor': C++ tests using 'Google Test' will be built
[2.651s] -- Found ament_cmake_pytest: 1.3.12 (/opt/ros/humble/share/ament_cmake_pytest/cmake)
[10.920s] -- rs_device_info:
[10.920s] -- No device detected. Is it plugged in?
[10.920s] 
[11.052s] -- Configuring done
[11.095s] -- Generating done
[11.106s] -- Build files have been written to: /home/min/Workspace/scout_mini/build/realsense2_camera
[11.123s] Invoked command in '/home/min/Workspace/scout_mini/build/realsense2_camera' returned '0': CMAKE_PREFIX_PATH=/home/min/Workspace/scout_mini/install/realsense2_camera_msgs:/home/min/Workspace/scout_mini/install/scout_base:/home/min/Workspace/scout_mini/install/scout_mini_tools:/home/min/Workspace/scout_mini/install/rqt_fleet_view:/home/min/Workspace/scout_mini/install/robot_following:/home/min/Workspace/scout_mini/install/robot_control:/opt/ros/humble:/home/min/Workspace/scout_mini/install/ugv_sdk:/home/min/Workspace/scout_mini/install/sllidar_ros2:/home/min/Workspace/scout_mini/install/slam_launch:/home/min/Workspace/scout_mini/install/scout_msgs:/home/min/Workspace/scout_mini/install/scout_mini_nav2:/home/min/Workspace/scout_mini/install/scout_gazebo_sim:/home/min/Workspace/scout_mini/install/scout_description:/home/min/Workspace/scout_mini/install/realsense2_description:/home/min/Workspace/scout_mini/install/realsense2_camera LD_LIBRARY_PATH=/home/min/Workspace/scout_mini/install/realsense2_camera_msgs/lib:/home/min/Workspace/scout_mini/install/scout_msgs/lib:/home/min/Workspace/scout_mini/install/realsense2_camera/lib:/usr/lib/x86_64-linux-gnu/gazebo-11/plugins:/opt/ros/humble/opt/rviz_ogre_vendor/lib:/opt/ros/humble/lib/x86_64-linux-gnu:/opt/ros/humble/lib /usr/bin/cmake /home/min/Workspace/scout_mini/src/realsense-ros/realsense2_camera -DAMENT_CMAKE_SYMLINK_INSTALL=1 -DCMAKE_INSTALL_PREFIX=/home/min/Workspace/scout_mini/install/realsense2_camera
[11.125s] Invoking command in '/home/min/Workspace/scout_mini/build/realsense2_camera': CMAKE_PREFIX_PATH=/home/min/Workspace/scout_mini/install/realsense2_camera_msgs:/home/min/Workspace/scout_mini/install/scout_base:/home/min/Workspace/scout_mini/install/scout_mini_tools:/home/min/Workspace/scout_mini/install/rqt_fleet_view:/home/min/Workspace/scout_mini/install/robot_following:/home/min/Workspace/scout_mini/install/robot_control:/opt/ros/humble:/home/min/Workspace/scout_mini/install/ugv_sdk:/home/min/Workspace/scout_mini/install/sllidar_ros2:/home/min/Workspace/scout_mini/install/slam_launch:/home/min/Workspace/scout_mini/install/scout_msgs:/home/min/Workspace/scout_mini/install/scout_mini_nav2:/home/min/Workspace/scout_mini/install/scout_gazebo_sim:/home/min/Workspace/scout_mini/install/scout_description:/home/min/Workspace/scout_mini/install/realsense2_description:/home/min/Workspace/scout_mini/install/realsense2_camera LD_LIBRARY_PATH=/home/min/Workspace/scout_mini/install/realsense2_camera_msgs/lib:/home/min/Workspace/scout_mini/install/scout_msgs/lib:/home/min/Workspace/scout_mini/install/realsense2_camera/lib:/usr/lib/x86_64-linux-gnu/gazebo-11/plugins:/opt/ros/humble/opt/rviz_ogre_vendor/lib:/opt/ros/humble/lib/x86_64-linux-gnu:/opt/ros/humble/lib /usr/bin/cmake --build /home/min/Workspace/scout_mini/build/realsense2_camera -- -j8 -l8
[11.195s] [  4%] [32mBuilding CXX object CMakeFiles/realsense2_camera.dir/src/realsense_node_factory.cpp.o[0m
[11.197s] [ 12%] [32mBuilding CXX object CMakeFiles/realsense2_camera.dir/src/base_realsense_node.cpp.o[0m
[11.197s] [ 12%] [32mBuilding CXX object CMakeFiles/realsense2_camera_node.dir/rclcpp_components/node_main_realsense2_camera_node.cpp.o[0m
[12.215s] [ 16%] [32mBuilding CXX object CMakeFiles/realsense2_camera.dir/src/ros_sensor.cpp.o[0m
[17.622s] [ 20%] [32m[1mLinking CXX executable realsense2_camera_node[0m
[18.541s] [ 20%] Built target realsense2_camera_node
[28.370s] [ 24%] [32mBuilding CXX object CMakeFiles/realsense2_camera.dir/src/sensor_params.cpp.o[0m
[29.382s] [ 28%] [32mBuilding CXX object CMakeFiles/realsense2_camera.dir/src/dynamic_params.cpp.o[0m
[30.394s] [ 32%] [32mBuilding CXX object CMakeFiles/realsense2_camera.dir/src/ros_utils.cpp.o[0m
[31.406s] [ 36%] [32mBuilding CXX object CMakeFiles/realsense2_camera.dir/src/rs_node_setup.cpp.o[0m
[31.679s] [ 40%] [32mBuilding CXX object CMakeFiles/realsense2_camera.dir/src/parameters.cpp.o[0m
[32.696s] [ 44%] [32mBuilding CXX object CMakeFiles/realsense2_camera.dir/src/named_filter.cpp.o[0m
[35.641s] [ 48%] [32mBuilding CXX object CMakeFiles/realsense2_camera.dir/src/pointcloud_filter.cpp.o[0m
[36.053s] [ 52%] [32mBuilding CXX object CMakeFiles/realsense2_camera.dir/src/align_depth_filter.cpp.o[0m
[38.028s] [ 56%] [32mBuilding CXX object CMakeFiles/realsense2_camera.dir/src/profile_manager.cpp.o[0m
[42.127s] [ 60%] [32mBuilding CXX object CMakeFiles/realsense2_camera.dir/src/image_publisher.cpp.o[0m
[42.899s] [ 64%] [32mBuilding CXX object CMakeFiles/realsense2_camera.dir/src/tfs.cpp.o[0m
[44.766s] [ 68%] [32mBuilding CXX object CMakeFiles/realsense2_camera.dir/src/actions.cpp.o[0m
[47.964s] [ 72%] [32mBuilding CXX object CMakeFiles/realsense2_camera.dir/src/ros_param_backend.cpp.o[0m
[58.051s] [ 76%] [32m[1mLinking CXX shared library librealsense2_camera.so[0m
[59.298s] [ 76%] Built target realsense2_camera
[59.756s] [ 80%] [32mBuilding CXX object gtest/CMakeFiles/gtest_main.dir/src/gtest_main.cc.o[0m
[59.757s] [ 84%] [32mBuilding CXX object gtest/CMakeFiles/gtest.dir/src/gtest-all.cc.o[0m
[60.572s] [ 88%] [32m[1mLinking CXX static library libgtest_main.a[0m
[60.643s] [ 88%] Built target gtest_main
[67.637s] [ 92%] [32m[1mLinking CXX static library libgtest.a[0m
[67.709s] [ 92%] Built target gtest
[67.731s] [ 96%] [32mBuilding CXX object CMakeFiles/gtest_template.dir/test/gtest_template.cpp.o[0m
[68.525s] [100%] [32m[1mLinking CXX executable gtest_template[0m
[68.625s] [100%] Built target gtest_template
[68.707s] Invoked command in '/home/min/Workspace/scout_mini/build/realsense2_camera' returned '0': CMAKE_PREFIX_PATH=/home/min/Workspace/scout_mini/install/realsense2_camera_msgs:/home/min/Workspace/scout_mini/install/scout_base:/home/min/Workspace/scout_mini/install/scout_mini_tools:/home/min/Workspace/scout_mini/install/rqt_fleet_view:/home/min/Workspace/scout_mini/install/robot_following:/home/min/Workspace/scout_mini/install/robot_control:/opt/ros/humble:/home/min/Workspace/scout_mini/install/ugv_sdk:/home/min/Workspace/scout_mini/install/sllidar_ros2:/home/min/Workspace/scout_mini/install/slam_launch:/home/min/Workspace/scout_mini/install/scout_msgs:/home/min/Workspace/scout_mini/install/scout_mini_nav2:/home/min/Workspace/scout_mini/install/scout_gazebo_sim:/home/min/Workspace/scout_mini/install/scout_description:/home/min/Workspace/scout_mini/install/realsense2_description:/home/min/Workspace/scout_mini/install/realsense2_camera LD_LIBRARY_PATH=/home/min/Workspace/scout_mini/install/realsense2_camera_msgs/lib:/home/min/Workspace/scout_mini/install/scout_msgs/lib:/home/min/Workspace/scout_mini/install/realsense2_camera/lib:/usr/lib/x86_64-linux-gnu/gazebo-11/plugins:/opt/ros/humble/opt/rviz_ogre_vendor/lib:/opt/ros/humble/lib/x86_64-linux-gnu:/opt/ros/humble/lib /usr/bin/cmake --build /home/min/Workspace/scout_mini/build/realsense2_camera -- -j8 -l8
[68.754s] Invoking command in '/home/min/Workspace/scout_mini/build/realsense2_camera': CMAKE_PREFIX_PATH=/home/min/Workspace/scout_mini/install/realsense2_camera_msgs:/home/min/Workspace/scout_mini/install/scout_base:/home/min/Workspace/scout_mini/install/scout_mini_tools:/home/min/Workspace/scout_mini/install/rqt_fleet_view:/home/min/Workspace/scout_mini/install/robot_following:/home/min/Workspace/scout_mini/install/robot_control:/opt/ros/humble:/home/min/Workspace/scout_mini/install/ugv_sdk:/home/min/Workspace/scout_mini/install/sllidar_ros2:/home/min/Workspace/scout_mini/install/slam_launch:/home/min/Workspace/scout_mini/install/scout_msgs:/home/min/Workspace/scout_mini/install/scout_mini_nav2:/home/min/Workspace/scout_mini/install/scout_gazebo_sim:/home/min/Workspace/scout_mini/install/scout_description:/home/min/Workspace/scout_mini/install/realsense2_description:/home/min/Workspace/scout_mini/install/realsense2_camera LD_LIBRARY_PATH=/home/min/Workspace/scout_mini/install/realsense2_camera_msgs/lib:/home/min/Workspace/scout_mini/install/scout_msgs/lib:/home/min/Workspace/scout_mini/install/realsense2_camera/lib:/usr/lib/x86_64-linux-gnu/gazebo-11/plugins:/opt/ros/humble/opt/rviz_ogre_vendor/lib:/opt/ros/humble/lib/x86_64-linux-gnu:/opt/ros/humble/lib /usr/bin/cmake --install /home/min/Workspace/scout_mini/build/realsense2_camera
[68.754s] -- Install configuration: "Release"
[68.754s] -- Execute custom install script
[68.754s] -- Symlinking: /home/min/Workspace/scout_mini/install/realsense2_camera/share/realsense2_camera/config/global_settings.yaml
[68.754s] -- Symlinking: /home/min/Workspace/scout_mini/install/realsense2_camera/lib/realsense2_camera/realsense2_camera_node
[68.754s] -- Symlinking: /home/min/Workspace/scout_mini/install/realsense2_camera/lib/librealsense2_camera.so
[68.754s] -- Symlinking: /home/min/Workspace/scout_mini/install/realsense2_camera/include/align_depth_filter.h
[68.754s] -- Symlinking: /home/min/Workspace/scout_mini/install/realsense2_camera/include/base_realsense_node.h
[68.754s] -- Symlinking: /home/min/Workspace/scout_mini/install/realsense2_camera/include/constants.h
[68.755s] -- Symlinking: /home/min/Workspace/scout_mini/install/realsense2_camera/include/dynamic_params.h
[68.758s] -- Symlinking: /home/min/Workspace/scout_mini/install/realsense2_camera/include/gl_window.h
[68.767s] -- Symlinking: /home/min/Workspace/scout_mini/install/realsense2_camera/include/image_publisher.h
[68.776s] -- Symlinking: /home/min/Workspace/scout_mini/install/realsense2_camera/include/named_filter.h
[68.787s] -- Symlinking: /home/min/Workspace/scout_mini/install/realsense2_camera/include/pointcloud_filter.h
[68.796s] -- Symlinking: /home/min/Workspace/scout_mini/install/realsense2_camera/include/profile_manager.h
[68.805s] -- Symlinking: /home/min/Workspace/scout_mini/install/realsense2_camera/include/realsense_node_factory.h
[68.814s] -- Symlinking: /home/min/Workspace/scout_mini/install/realsense2_camera/include/ros_node_base.h
[68.824s] -- Symlinking: /home/min/Workspace/scout_mini/install/realsense2_camera/include/ros_param_backend.h
[68.833s] -- Symlinking: /home/min/Workspace/scout_mini/install/realsense2_camera/include/ros_sensor.h
[68.843s] -- Symlinking: /home/min/Workspace/scout_mini/install/realsense2_camera/include/ros_utils.h
[68.852s] -- Symlinking: /home/min/Workspace/scout_mini/install/realsense2_camera/include/sensor_params.h
[68.862s] -- Symlinking: /home/min/Workspace/scout_mini/install/realsense2_camera/share/realsense2_camera/launch/default.rviz
[68.871s] -- Symlinking: /home/min/Workspace/scout_mini/install/realsense2_camera/share/realsense2_camera/launch/rs_intra_process_demo_launch.py
[68.881s] -- Symlinking: /home/min/Workspace/scout_mini/install/realsense2_camera/share/realsense2_camera/launch/rs_launch.py
[68.891s] -- Symlinking: /home/min/Workspace/scout_mini/install/realsense2_camera/share/realsense2_camera/launch/rs_multi_camera_launch.py
[68.900s] -- Symlinking: /home/min/Workspace/scout_mini/install/realsense2_camera/share/realsense2_camera/launch/rs_multi_camera_launch_sync.py
[68.910s] -- Symlinking: /home/min/Workspace/scout_mini/install/realsense2_camera/share/realsense2_camera/examples/align_depth/README.md
[68.919s] -- Symlinking: /home/min/Workspace/scout_mini/install/realsense2_camera/share/realsense2_camera/examples/align_depth/rs_align_depth_launch.py
[68.928s] -- Symlinking: /home/min/Workspace/scout_mini/install/realsense2_camera/share/realsense2_camera/examples/d500_tables/calib_config_example.json
[68.938s] -- Symlinking: /home/min/Workspace/scout_mini/install/realsense2_camera/share/realsense2_camera/examples/dual_camera/README.md
[68.947s] -- Symlinking: /home/min/Workspace/scout_mini/install/realsense2_camera/share/realsense2_camera/examples/dual_camera/rs_dual_camera_launch.py
[68.956s] -- Symlinking: /home/min/Workspace/scout_mini/install/realsense2_camera/share/realsense2_camera/examples/dual_camera/rviz/dual_camera_pointcloud.rviz
[68.966s] -- Symlinking: /home/min/Workspace/scout_mini/install/realsense2_camera/share/realsense2_camera/examples/launch_from_rosbag/README.md
[68.976s] -- Symlinking: /home/min/Workspace/scout_mini/install/realsense2_camera/share/realsense2_camera/examples/launch_from_rosbag/rs_launch_from_rosbag.py
[68.986s] -- Symlinking: /home/min/Workspace/scout_mini/install/realsense2_camera/share/realsense2_camera/examples/launch_params_from_file/README.md
[68.995s] -- Symlinking: /home/min/Workspace/scout_mini/install/realsense2_camera/share/realsense2_camera/examples/launch_params_from_file/config/config.yaml
[69.005s] -- Symlinking: /home/min/Workspace/scout_mini/install/realsense2_camera/share/realsense2_camera/examples/launch_params_from_file/rs_launch_get_params_from_yaml.py
[69.014s] -- Symlinking: /home/min/Workspace/scout_mini/install/realsense2_camera/share/realsense2_camera/examples/pointcloud/README.md
[69.023s] -- Symlinking: /home/min/Workspace/scout_mini/install/realsense2_camera/share/realsense2_camera/examples/pointcloud/rs_d405_pointcloud_launch.py
[69.032s] -- Symlinking: /home/min/Workspace/scout_mini/install/realsense2_camera/share/realsense2_camera/examples/pointcloud/rs_d455_pointcloud_launch.py
[69.042s] -- Symlinking: /home/min/Workspace/scout_mini/install/realsense2_camera/share/realsense2_camera/examples/pointcloud/rs_pointcloud_infra_launch.py
[69.050s] -- Symlinking: /home/min/Workspace/scout_mini/install/realsense2_camera/share/realsense2_camera/examples/pointcloud/rs_pointcloud_launch.py
[69.060s] -- Symlinking: /home/min/Workspace/scout_mini/install/realsense2_camera/share/realsense2_camera/examples/pointcloud/rviz/pointcloud.rviz
[69.069s] -- Symlinking: /home/min/Workspace/scout_mini/install/realsense2_camera/share/realsense2_camera/examples/pointcloud/rviz/urdf_pointcloud.rviz
[69.078s] -- Symlinking: /home/min/Workspace/scout_mini/install/realsense2_camera/share/realsense2_camera/environment/library_path.sh
[69.088s] -- Symlinking: /home/min/Workspace/scout_mini/install/realsense2_camera/share/realsense2_camera/environment/library_path.dsv
[69.097s] -- Symlinking: /home/min/Workspace/scout_mini/install/realsense2_camera/share/ament_index/resource_index/package_run_dependencies/realsense2_camera
[69.107s] -- Symlinking: /home/min/Workspace/scout_mini/install/realsense2_camera/share/ament_index/resource_index/parent_prefix_path/realsense2_camera
[69.116s] -- Symlinking: /home/min/Workspace/scout_mini/install/realsense2_camera/share/realsense2_camera/environment/ament_prefix_path.sh
[69.125s] -- Symlinking: /home/min/Workspace/scout_mini/install/realsense2_camera/share/realsense2_camera/environment/ament_prefix_path.dsv
[69.135s] -- Symlinking: /home/min/Workspace/scout_mini/install/realsense2_camera/share/realsense2_camera/environment/path.sh
[69.144s] -- Symlinking: /home/min/Workspace/scout_mini/install/realsense2_camera/share/realsense2_camera/environment/path.dsv
[69.153s] -- Symlinking: /home/min/Workspace/scout_mini/install/realsense2_camera/share/realsense2_camera/local_setup.bash
[69.162s] -- Symlinking: /home/min/Workspace/scout_mini/install/realsense2_camera/share/realsense2_camera/local_setup.sh
[69.171s] -- Symlinking: /home/min/Workspace/scout_mini/install/realsense2_camera/share/realsense2_camera/local_setup.zsh
[69.181s] -- Symlinking: /home/min/Workspace/scout_mini/install/realsense2_camera/share/realsense2_camera/local_setup.dsv
[69.191s] -- Symlinking: /home/min/Workspace/scout_mini/install/realsense2_camera/share/realsense2_camera/package.dsv
[69.200s] -- Symlinking: /home/min/Workspace/scout_mini/install/realsense2_camera/share/ament_index/resource_index/packages/realsense2_camera
[69.210s] -- Symlinking: /home/min/Workspace/scout_mini/install/realsense2_camera/share/ament_index/resource_index/rclcpp_components/realsense2_camera
[69.219s] -- Symlinking: /home/min/Workspace/scout_mini/install/realsense2_camera/share/realsense2_camera/cmake/ament_cmake_export_include_directories-extras.cmake
[69.229s] -- Symlinking: /home/min/Workspace/scout_mini/install/realsense2_camera/share/realsense2_camera/cmake/ament_cmake_export_libraries-extras.cmake
[69.238s] -- Symlinking: /home/min/Workspace/scout_mini/install/realsense2_camera/share/realsense2_camera/cmake/ament_cmake_export_dependencies-extras.cmake
[69.247s] -- Symlinking: /home/min/Workspace/scout_mini/install/realsense2_camera/share/realsense2_camera/cmake/realsense2_cameraConfig.cmake
[69.257s] -- Symlinking: /home/min/Workspace/scout_mini/install/realsense2_camera/share/realsense2_camera/cmake/realsense2_cameraConfig-version.cmake
[69.266s] -- Symlinking: /home/min/Workspace/scout_mini/install/realsense2_camera/share/realsense2_camera/package.xml
[69.278s] Invoked command in '/home/min/Workspace/scout_mini/build/realsense2_camera' returned '0': CMAKE_PREFIX_PATH=/home/min/Workspace/scout_mini/install/realsense2_camera_msgs:/home/min/Workspace/scout_mini/install/scout_base:/home/min/Workspace/scout_mini/install/scout_mini_tools:/home/min/Workspace/scout_mini/install/rqt_fleet_view:/home/min/Workspace/scout_mini/install/robot_following:/home/min/Workspace/scout_mini/install/robot_control:/opt/ros/humble:/home/min/Workspace/scout_mini/install/ugv_sdk:/home/min/Workspace/scout_mini/install/sllidar_ros2:/home/min/Workspace/scout_mini/install/slam_launch:/home/min/Workspace/scout_mini/install/scout_msgs:/home/min/Workspace/scout_mini/install/scout_mini_nav2:/home/min/Workspace/scout_mini/install/scout_gazebo_sim:/home/min/Workspace/scout_mini/install/scout_description:/home/min/Workspace/scout_mini/install/realsense2_description:/home/min/Workspace/scout_mini/install/realsense2_camera LD_LIBRARY_PATH=/home/min/Workspace/scout_mini/install/realsense2_camera_msgs/lib:/home/min/Workspace/scout_mini/install/scout_msgs/lib:/home/min/Workspace/scout_mini/install/realsense2_camera/lib:/usr/lib/x86_64-linux-gnu/gazebo-11/plugins:/opt/ros/humble/opt/rviz_ogre_vendor/lib:/opt/ros/humble/lib/x86_64-linux-gnu:/opt/ros/humble/lib /usr/bin/cmake --install /home/min/Workspace/scout_mini/build/realsense2_camera
