[0.020s] Invoking command in '/home/min/Workspace/scout_mini/build/scout_base': CMAKE_PREFIX_PATH=/home/min/Workspace/scout_mini/install/scout_mini_tools:/home/min/Workspace/scout_mini/install/rqt_fleet_view:/home/min/Workspace/scout_mini/install/robot_following:/home/min/Workspace/scout_mini/install/robot_control:/opt/ros/humble:/home/min/Workspace/scout_mini/install/ugv_sdk:/home/min/Workspace/scout_mini/install/scout_msgs:/home/min/Workspace/scout_mini/install/scout_base:/home/min/Workspace/scout_mini/install/sllidar_ros2:/home/min/Workspace/scout_mini/install/slam_launch:/home/min/Workspace/scout_mini/install/scout_mini_nav2:/home/min/Workspace/scout_mini/install/scout_gazebo_sim:/home/min/Workspace/scout_mini/install/scout_description:/home/min/Workspace/scout_mini/install/realsense2_description:/home/min/Workspace/scout_mini/install/realsense2_camera:/home/min/Workspace/scout_mini/install/realsense2_camera_msgs /usr/bin/cmake /home/min/Workspace/scout_mini/src/scout_ros2/scout_base -DAMENT_CMAKE_SYMLINK_INSTALL=1 -DCMAKE_INSTALL_PREFIX=/home/min/Workspace/scout_mini/install/scout_base
[0.128s] -- The C compiler identification is GNU 11.4.0
[0.246s] -- The CXX compiler identification is GNU 11.4.0
[0.262s] -- Detecting C compiler ABI info
[0.368s] -- Detecting C compiler ABI info - done
[0.381s] -- Check for working C compiler: /usr/bin/cc - skipped
[0.381s] -- Detecting C compile features
[0.382s] -- Detecting C compile features - done
[0.386s] -- Detecting CXX compiler ABI info
[0.487s] -- Detecting CXX compiler ABI info - done
[0.503s] -- Check for working CXX compiler: /usr/bin/c++ - skipped
[0.504s] -- Detecting CXX compile features
[0.504s] -- Detecting CXX compile features - done
[0.510s] -- Found ament_cmake: 1.3.12 (/opt/ros/humble/share/ament_cmake/cmake)
[0.749s] -- Found Python3: /usr/bin/python3 (found version "3.10.12") found components: Interpreter 
[0.840s] -- Override CMake install command with custom implementation using symlinks instead of copying resources
[0.891s] -- Found rclcpp: 16.0.15 (/opt/ros/humble/share/rclcpp/cmake)
[0.958s] -- Found rosidl_generator_c: 3.1.7 (/opt/ros/humble/share/rosidl_generator_c/cmake)
[0.967s] -- Found rosidl_adapter: 3.1.7 (/opt/ros/humble/share/rosidl_adapter/cmake)
[0.981s] -- Found rosidl_generator_cpp: 3.1.7 (/opt/ros/humble/share/rosidl_generator_cpp/cmake)
[1.001s] -- Using all available rosidl_typesupport_c: rosidl_typesupport_fastrtps_c;rosidl_typesupport_introspection_c
[1.029s] -- Using all available rosidl_typesupport_cpp: rosidl_typesupport_fastrtps_cpp;rosidl_typesupport_introspection_cpp
[1.100s] -- Found rmw_implementation_cmake: 6.1.2 (/opt/ros/humble/share/rmw_implementation_cmake/cmake)
[1.105s] -- Found rmw_cyclonedds_cpp: 1.3.4 (/opt/ros/humble/share/rmw_cyclonedds_cpp/cmake)
[1.137s] -- Using RMW implementation 'rmw_cyclonedds_cpp' as default
[1.152s] -- Looking for pthread.h
[1.243s] -- Looking for pthread.h - found
[1.244s] -- Performing Test CMAKE_HAVE_LIBC_PTHREAD
[1.336s] -- Performing Test CMAKE_HAVE_LIBC_PTHREAD - Success
[1.338s] -- Found Threads: TRUE  
[1.421s] -- Found geometry_msgs: 4.9.0 (/opt/ros/humble/share/geometry_msgs/cmake)
[1.440s] -- Found nav_msgs: 4.9.0 (/opt/ros/humble/share/nav_msgs/cmake)
[1.470s] -- Found sensor_msgs: 4.9.0 (/opt/ros/humble/share/sensor_msgs/cmake)
[1.495s] -- Found tf2: 0.25.16 (/opt/ros/humble/share/tf2/cmake)
[1.577s] -- Found tf2_ros: 0.25.16 (/opt/ros/humble/share/tf2_ros/cmake)
[1.873s] -- Found tf2_geometry_msgs: 0.25.16 (/opt/ros/humble/share/tf2_geometry_msgs/cmake)
[1.954s] -- Found eigen3_cmake_module: 0.1.1 (/opt/ros/humble/share/eigen3_cmake_module/cmake)
[1.968s] -- Found Eigen3: TRUE (found version "3.4.0") 
[1.968s] -- Ensuring Eigen3 include directory is part of orocos-kdl CMake target
[1.973s] -- Found scout_msgs: 0.1.0 (/home/min/Workspace/scout_mini/install/scout_msgs/share/scout_msgs/cmake)
[2.009s] -- Found ament_lint_auto: 0.12.14 (/opt/ros/humble/share/ament_lint_auto/cmake)
[2.124s] -- Configuring done
[2.154s] -- Generating done
[2.160s] -- Build files have been written to: /home/min/Workspace/scout_mini/build/scout_base
[2.175s] Invoked command in '/home/min/Workspace/scout_mini/build/scout_base' returned '0': CMAKE_PREFIX_PATH=/home/min/Workspace/scout_mini/install/scout_mini_tools:/home/min/Workspace/scout_mini/install/rqt_fleet_view:/home/min/Workspace/scout_mini/install/robot_following:/home/min/Workspace/scout_mini/install/robot_control:/opt/ros/humble:/home/min/Workspace/scout_mini/install/ugv_sdk:/home/min/Workspace/scout_mini/install/scout_msgs:/home/min/Workspace/scout_mini/install/scout_base:/home/min/Workspace/scout_mini/install/sllidar_ros2:/home/min/Workspace/scout_mini/install/slam_launch:/home/min/Workspace/scout_mini/install/scout_mini_nav2:/home/min/Workspace/scout_mini/install/scout_gazebo_sim:/home/min/Workspace/scout_mini/install/scout_description:/home/min/Workspace/scout_mini/install/realsense2_description:/home/min/Workspace/scout_mini/install/realsense2_camera:/home/min/Workspace/scout_mini/install/realsense2_camera_msgs /usr/bin/cmake /home/min/Workspace/scout_mini/src/scout_ros2/scout_base -DAMENT_CMAKE_SYMLINK_INSTALL=1 -DCMAKE_INSTALL_PREFIX=/home/min/Workspace/scout_mini/install/scout_base
[2.177s] Invoking command in '/home/min/Workspace/scout_mini/build/scout_base': CMAKE_PREFIX_PATH=/home/min/Workspace/scout_mini/install/scout_mini_tools:/home/min/Workspace/scout_mini/install/rqt_fleet_view:/home/min/Workspace/scout_mini/install/robot_following:/home/min/Workspace/scout_mini/install/robot_control:/opt/ros/humble:/home/min/Workspace/scout_mini/install/ugv_sdk:/home/min/Workspace/scout_mini/install/scout_msgs:/home/min/Workspace/scout_mini/install/scout_base:/home/min/Workspace/scout_mini/install/sllidar_ros2:/home/min/Workspace/scout_mini/install/slam_launch:/home/min/Workspace/scout_mini/install/scout_mini_nav2:/home/min/Workspace/scout_mini/install/scout_gazebo_sim:/home/min/Workspace/scout_mini/install/scout_description:/home/min/Workspace/scout_mini/install/realsense2_description:/home/min/Workspace/scout_mini/install/realsense2_camera:/home/min/Workspace/scout_mini/install/realsense2_camera_msgs /usr/bin/cmake --build /home/min/Workspace/scout_mini/build/scout_base -- -j8 -l8
[2.243s] [ 33%] [32mBuilding CXX object CMakeFiles/scout_base_node.dir/src/scout_base_ros.cpp.o[0m
[4.106s] In file included from [01m[K/home/min/Workspace/scout_mini/src/scout_ros2/scout_base/include/scout_base/scout_messenger.hpp:21[m[K,
[4.107s]                  from [01m[K/home/min/Workspace/scout_mini/src/scout_ros2/scout_base/src/scout_base_ros.cpp:12[m[K:
[4.107s] [01m[K/opt/ros/humble/include/tf2_geometry_msgs/tf2_geometry_msgs/tf2_geometry_msgs.h:35:2:[m[K [01;35m[Kwarning: [m[K#warning This header is obsolete, please include tf2_geometry_msgs/tf2_geometry_msgs.hpp instead [[01;35m[K]8;;https://gcc.gnu.org/onlinedocs/gcc/Warning-Options.html#index-Wcpp-Wcpp]8;;[m[K]
[4.107s]    35 | #[01;35m[Kwarning[m[K This header is obsolete, please include tf2_geometry_msgs/tf2_geometry_msgs.hpp instead
[4.107s]       |  [01;35m[K^~~~~~~[m[K
[24.327s] [ 66%] [32mBuilding CXX object CMakeFiles/scout_base_node.dir/src/scout_base_node.cpp.o[0m
[29.493s] [100%] [32m[1mLinking CXX executable scout_base_node[0m
[31.288s] [100%] Built target scout_base_node
[31.366s] Invoked command in '/home/min/Workspace/scout_mini/build/scout_base' returned '0': CMAKE_PREFIX_PATH=/home/min/Workspace/scout_mini/install/scout_mini_tools:/home/min/Workspace/scout_mini/install/rqt_fleet_view:/home/min/Workspace/scout_mini/install/robot_following:/home/min/Workspace/scout_mini/install/robot_control:/opt/ros/humble:/home/min/Workspace/scout_mini/install/ugv_sdk:/home/min/Workspace/scout_mini/install/scout_msgs:/home/min/Workspace/scout_mini/install/scout_base:/home/min/Workspace/scout_mini/install/sllidar_ros2:/home/min/Workspace/scout_mini/install/slam_launch:/home/min/Workspace/scout_mini/install/scout_mini_nav2:/home/min/Workspace/scout_mini/install/scout_gazebo_sim:/home/min/Workspace/scout_mini/install/scout_description:/home/min/Workspace/scout_mini/install/realsense2_description:/home/min/Workspace/scout_mini/install/realsense2_camera:/home/min/Workspace/scout_mini/install/realsense2_camera_msgs /usr/bin/cmake --build /home/min/Workspace/scout_mini/build/scout_base -- -j8 -l8
[31.368s] Invoking command in '/home/min/Workspace/scout_mini/build/scout_base': CMAKE_PREFIX_PATH=/home/min/Workspace/scout_mini/install/scout_mini_tools:/home/min/Workspace/scout_mini/install/rqt_fleet_view:/home/min/Workspace/scout_mini/install/robot_following:/home/min/Workspace/scout_mini/install/robot_control:/opt/ros/humble:/home/min/Workspace/scout_mini/install/ugv_sdk:/home/min/Workspace/scout_mini/install/scout_msgs:/home/min/Workspace/scout_mini/install/scout_base:/home/min/Workspace/scout_mini/install/sllidar_ros2:/home/min/Workspace/scout_mini/install/slam_launch:/home/min/Workspace/scout_mini/install/scout_mini_nav2:/home/min/Workspace/scout_mini/install/scout_gazebo_sim:/home/min/Workspace/scout_mini/install/scout_description:/home/min/Workspace/scout_mini/install/realsense2_description:/home/min/Workspace/scout_mini/install/realsense2_camera:/home/min/Workspace/scout_mini/install/realsense2_camera_msgs /usr/bin/cmake --install /home/min/Workspace/scout_mini/build/scout_base
[31.378s] -- Install configuration: ""
[31.378s] -- Execute custom install script
[31.379s] -- Symlinking: /home/min/Workspace/scout_mini/install/scout_base/lib/scout_base/scout_base_node
[31.391s] -- Symlinking: /home/min/Workspace/scout_mini/install/scout_base/share/scout_base//launch/scout_base.launch.py
[31.405s] -- Symlinking: /home/min/Workspace/scout_mini/install/scout_base/share/scout_base//launch/scout_mini_base.launch.py
[31.416s] -- Symlinking: /home/min/Workspace/scout_mini/install/scout_base/share/scout_base//launch/scout_mini_omni_base.launch.py
[31.428s] -- Symlinking: /home/min/Workspace/scout_mini/install/scout_base/share/ament_index/resource_index/package_run_dependencies/scout_base
[31.440s] -- Symlinking: /home/min/Workspace/scout_mini/install/scout_base/share/ament_index/resource_index/parent_prefix_path/scout_base
[31.454s] -- Symlinking: /home/min/Workspace/scout_mini/install/scout_base/share/scout_base/environment/ament_prefix_path.sh
[31.466s] -- Symlinking: /home/min/Workspace/scout_mini/install/scout_base/share/scout_base/environment/ament_prefix_path.dsv
[31.477s] -- Symlinking: /home/min/Workspace/scout_mini/install/scout_base/share/scout_base/environment/path.sh
[31.489s] -- Symlinking: /home/min/Workspace/scout_mini/install/scout_base/share/scout_base/environment/path.dsv
[31.501s] -- Symlinking: /home/min/Workspace/scout_mini/install/scout_base/share/scout_base/local_setup.bash
[31.513s] -- Symlinking: /home/min/Workspace/scout_mini/install/scout_base/share/scout_base/local_setup.sh
[31.524s] -- Symlinking: /home/min/Workspace/scout_mini/install/scout_base/share/scout_base/local_setup.zsh
[31.536s] -- Symlinking: /home/min/Workspace/scout_mini/install/scout_base/share/scout_base/local_setup.dsv
[31.547s] -- Symlinking: /home/min/Workspace/scout_mini/install/scout_base/share/scout_base/package.dsv
[31.557s] -- Symlinking: /home/min/Workspace/scout_mini/install/scout_base/share/ament_index/resource_index/packages/scout_base
[31.569s] -- Symlinking: /home/min/Workspace/scout_mini/install/scout_base/share/scout_base/cmake/scout_baseConfig.cmake
[31.580s] -- Symlinking: /home/min/Workspace/scout_mini/install/scout_base/share/scout_base/cmake/scout_baseConfig-version.cmake
[31.593s] -- Symlinking: /home/min/Workspace/scout_mini/install/scout_base/share/scout_base/package.xml
[31.607s] Invoked command in '/home/min/Workspace/scout_mini/build/scout_base' returned '0': CMAKE_PREFIX_PATH=/home/min/Workspace/scout_mini/install/scout_mini_tools:/home/min/Workspace/scout_mini/install/rqt_fleet_view:/home/min/Workspace/scout_mini/install/robot_following:/home/min/Workspace/scout_mini/install/robot_control:/opt/ros/humble:/home/min/Workspace/scout_mini/install/ugv_sdk:/home/min/Workspace/scout_mini/install/scout_msgs:/home/min/Workspace/scout_mini/install/scout_base:/home/min/Workspace/scout_mini/install/sllidar_ros2:/home/min/Workspace/scout_mini/install/slam_launch:/home/min/Workspace/scout_mini/install/scout_mini_nav2:/home/min/Workspace/scout_mini/install/scout_gazebo_sim:/home/min/Workspace/scout_mini/install/scout_description:/home/min/Workspace/scout_mini/install/realsense2_description:/home/min/Workspace/scout_mini/install/realsense2_camera:/home/min/Workspace/scout_mini/install/realsense2_camera_msgs /usr/bin/cmake --install /home/min/Workspace/scout_mini/build/scout_base
