[0.020s] Invoking command in '/home/min/Workspace/scout_mini/build/realsense2_description': CMAKE_PREFIX_PATH=/home/min/Workspace/scout_mini/install/realsense2_camera_msgs:/home/min/Workspace/scout_mini/install/scout_base:/home/min/Workspace/scout_mini/install/scout_mini_tools:/home/min/Workspace/scout_mini/install/rqt_fleet_view:/home/min/Workspace/scout_mini/install/robot_following:/home/min/Workspace/scout_mini/install/robot_control:/opt/ros/humble:/home/min/Workspace/scout_mini/install/ugv_sdk:/home/min/Workspace/scout_mini/install/sllidar_ros2:/home/min/Workspace/scout_mini/install/slam_launch:/home/min/Workspace/scout_mini/install/scout_msgs:/home/min/Workspace/scout_mini/install/scout_mini_nav2:/home/min/Workspace/scout_mini/install/scout_gazebo_sim:/home/min/Workspace/scout_mini/install/scout_description:/home/min/Workspace/scout_mini/install/realsense2_description:/home/min/Workspace/scout_mini/install/realsense2_camera LD_LIBRARY_PATH=/home/min/Workspace/scout_mini/install/realsense2_camera_msgs/lib:/home/min/Workspace/scout_mini/install/scout_msgs/lib:/home/min/Workspace/scout_mini/install/realsense2_camera/lib:/usr/lib/x86_64-linux-gnu/gazebo-11/plugins:/opt/ros/humble/opt/rviz_ogre_vendor/lib:/opt/ros/humble/lib/x86_64-linux-gnu:/opt/ros/humble/lib /usr/bin/cmake /home/min/Workspace/scout_mini/src/realsense-ros/realsense2_description -DAMENT_CMAKE_SYMLINK_INSTALL=1 -DCMAKE_INSTALL_PREFIX=/home/min/Workspace/scout_mini/install/realsense2_description
[0.226s] -- The C compiler identification is GNU 11.4.0
[0.314s] -- The CXX compiler identification is GNU 11.4.0
[0.326s] -- Detecting C compiler ABI info
[0.416s] -- Detecting C compiler ABI info - done
[0.429s] -- Check for working C compiler: /usr/bin/cc - skipped
[0.430s] -- Detecting C compile features
[0.430s] -- Detecting C compile features - done
[0.437s] -- Detecting CXX compiler ABI info
[0.546s] -- Detecting CXX compiler ABI info - done
[0.559s] -- Check for working CXX compiler: /usr/bin/c++ - skipped
[0.559s] -- Detecting CXX compile features
[0.560s] -- Detecting CXX compile features - done
[0.564s] -- Found ament_cmake: 1.3.12 (/opt/ros/humble/share/ament_cmake/cmake)
[0.787s] -- Found Python3: /usr/bin/python3 (found version "3.10.12") found components: Interpreter 
[0.882s] -- Override CMake install command with custom implementation using symlinks instead of copying resources
[1.015s] -- Configuring done
[1.018s] -- Generating done
[1.020s] -- Build files have been written to: /home/min/Workspace/scout_mini/build/realsense2_description
[1.025s] Invoked command in '/home/min/Workspace/scout_mini/build/realsense2_description' returned '0': CMAKE_PREFIX_PATH=/home/min/Workspace/scout_mini/install/realsense2_camera_msgs:/home/min/Workspace/scout_mini/install/scout_base:/home/min/Workspace/scout_mini/install/scout_mini_tools:/home/min/Workspace/scout_mini/install/rqt_fleet_view:/home/min/Workspace/scout_mini/install/robot_following:/home/min/Workspace/scout_mini/install/robot_control:/opt/ros/humble:/home/min/Workspace/scout_mini/install/ugv_sdk:/home/min/Workspace/scout_mini/install/sllidar_ros2:/home/min/Workspace/scout_mini/install/slam_launch:/home/min/Workspace/scout_mini/install/scout_msgs:/home/min/Workspace/scout_mini/install/scout_mini_nav2:/home/min/Workspace/scout_mini/install/scout_gazebo_sim:/home/min/Workspace/scout_mini/install/scout_description:/home/min/Workspace/scout_mini/install/realsense2_description:/home/min/Workspace/scout_mini/install/realsense2_camera LD_LIBRARY_PATH=/home/min/Workspace/scout_mini/install/realsense2_camera_msgs/lib:/home/min/Workspace/scout_mini/install/scout_msgs/lib:/home/min/Workspace/scout_mini/install/realsense2_camera/lib:/usr/lib/x86_64-linux-gnu/gazebo-11/plugins:/opt/ros/humble/opt/rviz_ogre_vendor/lib:/opt/ros/humble/lib/x86_64-linux-gnu:/opt/ros/humble/lib /usr/bin/cmake /home/min/Workspace/scout_mini/src/realsense-ros/realsense2_description -DAMENT_CMAKE_SYMLINK_INSTALL=1 -DCMAKE_INSTALL_PREFIX=/home/min/Workspace/scout_mini/install/realsense2_description
[1.027s] Invoking command in '/home/min/Workspace/scout_mini/build/realsense2_description': CMAKE_PREFIX_PATH=/home/min/Workspace/scout_mini/install/realsense2_camera_msgs:/home/min/Workspace/scout_mini/install/scout_base:/home/min/Workspace/scout_mini/install/scout_mini_tools:/home/min/Workspace/scout_mini/install/rqt_fleet_view:/home/min/Workspace/scout_mini/install/robot_following:/home/min/Workspace/scout_mini/install/robot_control:/opt/ros/humble:/home/min/Workspace/scout_mini/install/ugv_sdk:/home/min/Workspace/scout_mini/install/sllidar_ros2:/home/min/Workspace/scout_mini/install/slam_launch:/home/min/Workspace/scout_mini/install/scout_msgs:/home/min/Workspace/scout_mini/install/scout_mini_nav2:/home/min/Workspace/scout_mini/install/scout_gazebo_sim:/home/min/Workspace/scout_mini/install/scout_description:/home/min/Workspace/scout_mini/install/realsense2_description:/home/min/Workspace/scout_mini/install/realsense2_camera LD_LIBRARY_PATH=/home/min/Workspace/scout_mini/install/realsense2_camera_msgs/lib:/home/min/Workspace/scout_mini/install/scout_msgs/lib:/home/min/Workspace/scout_mini/install/realsense2_camera/lib:/usr/lib/x86_64-linux-gnu/gazebo-11/plugins:/opt/ros/humble/opt/rviz_ogre_vendor/lib:/opt/ros/humble/lib/x86_64-linux-gnu:/opt/ros/humble/lib /usr/bin/cmake --build /home/min/Workspace/scout_mini/build/realsense2_description -- -j8 -l8
[1.072s] Invoked command in '/home/min/Workspace/scout_mini/build/realsense2_description' returned '0': CMAKE_PREFIX_PATH=/home/min/Workspace/scout_mini/install/realsense2_camera_msgs:/home/min/Workspace/scout_mini/install/scout_base:/home/min/Workspace/scout_mini/install/scout_mini_tools:/home/min/Workspace/scout_mini/install/rqt_fleet_view:/home/min/Workspace/scout_mini/install/robot_following:/home/min/Workspace/scout_mini/install/robot_control:/opt/ros/humble:/home/min/Workspace/scout_mini/install/ugv_sdk:/home/min/Workspace/scout_mini/install/sllidar_ros2:/home/min/Workspace/scout_mini/install/slam_launch:/home/min/Workspace/scout_mini/install/scout_msgs:/home/min/Workspace/scout_mini/install/scout_mini_nav2:/home/min/Workspace/scout_mini/install/scout_gazebo_sim:/home/min/Workspace/scout_mini/install/scout_description:/home/min/Workspace/scout_mini/install/realsense2_description:/home/min/Workspace/scout_mini/install/realsense2_camera LD_LIBRARY_PATH=/home/min/Workspace/scout_mini/install/realsense2_camera_msgs/lib:/home/min/Workspace/scout_mini/install/scout_msgs/lib:/home/min/Workspace/scout_mini/install/realsense2_camera/lib:/usr/lib/x86_64-linux-gnu/gazebo-11/plugins:/opt/ros/humble/opt/rviz_ogre_vendor/lib:/opt/ros/humble/lib/x86_64-linux-gnu:/opt/ros/humble/lib /usr/bin/cmake --build /home/min/Workspace/scout_mini/build/realsense2_description -- -j8 -l8
[1.074s] Invoking command in '/home/min/Workspace/scout_mini/build/realsense2_description': CMAKE_PREFIX_PATH=/home/min/Workspace/scout_mini/install/realsense2_camera_msgs:/home/min/Workspace/scout_mini/install/scout_base:/home/min/Workspace/scout_mini/install/scout_mini_tools:/home/min/Workspace/scout_mini/install/rqt_fleet_view:/home/min/Workspace/scout_mini/install/robot_following:/home/min/Workspace/scout_mini/install/robot_control:/opt/ros/humble:/home/min/Workspace/scout_mini/install/ugv_sdk:/home/min/Workspace/scout_mini/install/sllidar_ros2:/home/min/Workspace/scout_mini/install/slam_launch:/home/min/Workspace/scout_mini/install/scout_msgs:/home/min/Workspace/scout_mini/install/scout_mini_nav2:/home/min/Workspace/scout_mini/install/scout_gazebo_sim:/home/min/Workspace/scout_mini/install/scout_description:/home/min/Workspace/scout_mini/install/realsense2_description:/home/min/Workspace/scout_mini/install/realsense2_camera LD_LIBRARY_PATH=/home/min/Workspace/scout_mini/install/realsense2_camera_msgs/lib:/home/min/Workspace/scout_mini/install/scout_msgs/lib:/home/min/Workspace/scout_mini/install/realsense2_camera/lib:/usr/lib/x86_64-linux-gnu/gazebo-11/plugins:/opt/ros/humble/opt/rviz_ogre_vendor/lib:/opt/ros/humble/lib/x86_64-linux-gnu:/opt/ros/humble/lib /usr/bin/cmake --install /home/min/Workspace/scout_mini/build/realsense2_description
[1.083s] -- Install configuration: ""
[1.083s] -- Execute custom install script
[1.085s] -- Symlinking: /home/min/Workspace/scout_mini/install/realsense2_description/share/realsense2_description/launch/launch_utils.py
[1.095s] -- Symlinking: /home/min/Workspace/scout_mini/install/realsense2_description/share/realsense2_description/launch/view_model.launch.py
[1.106s] -- Symlinking: /home/min/Workspace/scout_mini/install/realsense2_description/share/realsense2_description/meshes/d405.stl
[1.116s] -- Symlinking: /home/min/Workspace/scout_mini/install/realsense2_description/share/realsense2_description/meshes/d415.stl
[1.126s] -- Symlinking: /home/min/Workspace/scout_mini/install/realsense2_description/share/realsense2_description/meshes/d435.dae
[1.137s] -- Symlinking: /home/min/Workspace/scout_mini/install/realsense2_description/share/realsense2_description/meshes/d455.stl
[1.147s] -- Symlinking: /home/min/Workspace/scout_mini/install/realsense2_description/share/realsense2_description/meshes/l515.dae
[1.158s] -- Symlinking: /home/min/Workspace/scout_mini/install/realsense2_description/share/realsense2_description/meshes/plug.stl
[1.169s] -- Symlinking: /home/min/Workspace/scout_mini/install/realsense2_description/share/realsense2_description/meshes/plug_collision.stl
[1.180s] -- Symlinking: /home/min/Workspace/scout_mini/install/realsense2_description/share/realsense2_description/rviz/urdf.rviz
[1.191s] -- Symlinking: /home/min/Workspace/scout_mini/install/realsense2_description/share/realsense2_description/urdf/_d405.urdf.xacro
[1.201s] -- Symlinking: /home/min/Workspace/scout_mini/install/realsense2_description/share/realsense2_description/urdf/_d415.urdf.xacro
[1.212s] -- Symlinking: /home/min/Workspace/scout_mini/install/realsense2_description/share/realsense2_description/urdf/_d435.urdf.xacro
[1.222s] -- Symlinking: /home/min/Workspace/scout_mini/install/realsense2_description/share/realsense2_description/urdf/_d435i.urdf.xacro
[1.232s] -- Symlinking: /home/min/Workspace/scout_mini/install/realsense2_description/share/realsense2_description/urdf/_d435i_imu_modules.urdf.xacro
[1.243s] -- Symlinking: /home/min/Workspace/scout_mini/install/realsense2_description/share/realsense2_description/urdf/_d455.urdf.xacro
[1.254s] -- Symlinking: /home/min/Workspace/scout_mini/install/realsense2_description/share/realsense2_description/urdf/_materials.urdf.xacro
[1.264s] -- Symlinking: /home/min/Workspace/scout_mini/install/realsense2_description/share/realsense2_description/urdf/_r410.urdf.xacro
[1.274s] -- Symlinking: /home/min/Workspace/scout_mini/install/realsense2_description/share/realsense2_description/urdf/_r430.urdf.xacro
[1.284s] -- Symlinking: /home/min/Workspace/scout_mini/install/realsense2_description/share/realsense2_description/urdf/_usb_plug.urdf.xacro
[1.294s] -- Symlinking: /home/min/Workspace/scout_mini/install/realsense2_description/share/realsense2_description/urdf/test_d405_camera.urdf.xacro
[1.304s] -- Symlinking: /home/min/Workspace/scout_mini/install/realsense2_description/share/realsense2_description/urdf/test_d415_camera.urdf.xacro
[1.313s] -- Symlinking: /home/min/Workspace/scout_mini/install/realsense2_description/share/realsense2_description/urdf/test_d435_camera.urdf.xacro
[1.324s] -- Symlinking: /home/min/Workspace/scout_mini/install/realsense2_description/share/realsense2_description/urdf/test_d435_multiple_cameras.urdf.xacro
[1.335s] -- Symlinking: /home/min/Workspace/scout_mini/install/realsense2_description/share/realsense2_description/urdf/test_d435i_camera.urdf.xacro
[1.345s] -- Symlinking: /home/min/Workspace/scout_mini/install/realsense2_description/share/realsense2_description/urdf/test_d455_camera.urdf.xacro
[1.356s] -- Symlinking: /home/min/Workspace/scout_mini/install/realsense2_description/share/realsense2_description/urdf/test_r410_camera.urdf.xacro
[1.368s] -- Symlinking: /home/min/Workspace/scout_mini/install/realsense2_description/share/realsense2_description/urdf/test_r430_camera.urdf.xacro
[1.380s] -- Symlinking: /home/min/Workspace/scout_mini/install/realsense2_description/share/ament_index/resource_index/package_run_dependencies/realsense2_description
[1.391s] -- Symlinking: /home/min/Workspace/scout_mini/install/realsense2_description/share/ament_index/resource_index/parent_prefix_path/realsense2_description
[1.404s] -- Symlinking: /home/min/Workspace/scout_mini/install/realsense2_description/share/realsense2_description/environment/ament_prefix_path.sh
[1.414s] -- Symlinking: /home/min/Workspace/scout_mini/install/realsense2_description/share/realsense2_description/environment/ament_prefix_path.dsv
[1.426s] -- Symlinking: /home/min/Workspace/scout_mini/install/realsense2_description/share/realsense2_description/environment/path.sh
[1.437s] -- Symlinking: /home/min/Workspace/scout_mini/install/realsense2_description/share/realsense2_description/environment/path.dsv
[1.447s] -- Symlinking: /home/min/Workspace/scout_mini/install/realsense2_description/share/realsense2_description/local_setup.bash
[1.458s] -- Symlinking: /home/min/Workspace/scout_mini/install/realsense2_description/share/realsense2_description/local_setup.sh
[1.468s] -- Symlinking: /home/min/Workspace/scout_mini/install/realsense2_description/share/realsense2_description/local_setup.zsh
[1.478s] -- Symlinking: /home/min/Workspace/scout_mini/install/realsense2_description/share/realsense2_description/local_setup.dsv
[1.488s] -- Symlinking: /home/min/Workspace/scout_mini/install/realsense2_description/share/realsense2_description/package.dsv
[1.498s] -- Symlinking: /home/min/Workspace/scout_mini/install/realsense2_description/share/ament_index/resource_index/packages/realsense2_description
[1.508s] -- Symlinking: /home/min/Workspace/scout_mini/install/realsense2_description/share/realsense2_description/cmake/realsense2_descriptionConfig.cmake
[1.518s] -- Symlinking: /home/min/Workspace/scout_mini/install/realsense2_description/share/realsense2_description/cmake/realsense2_descriptionConfig-version.cmake
[1.527s] -- Symlinking: /home/min/Workspace/scout_mini/install/realsense2_description/share/realsense2_description/package.xml
[1.541s] Invoked command in '/home/min/Workspace/scout_mini/build/realsense2_description' returned '0': CMAKE_PREFIX_PATH=/home/min/Workspace/scout_mini/install/realsense2_camera_msgs:/home/min/Workspace/scout_mini/install/scout_base:/home/min/Workspace/scout_mini/install/scout_mini_tools:/home/min/Workspace/scout_mini/install/rqt_fleet_view:/home/min/Workspace/scout_mini/install/robot_following:/home/min/Workspace/scout_mini/install/robot_control:/opt/ros/humble:/home/min/Workspace/scout_mini/install/ugv_sdk:/home/min/Workspace/scout_mini/install/sllidar_ros2:/home/min/Workspace/scout_mini/install/slam_launch:/home/min/Workspace/scout_mini/install/scout_msgs:/home/min/Workspace/scout_mini/install/scout_mini_nav2:/home/min/Workspace/scout_mini/install/scout_gazebo_sim:/home/min/Workspace/scout_mini/install/scout_description:/home/min/Workspace/scout_mini/install/realsense2_description:/home/min/Workspace/scout_mini/install/realsense2_camera LD_LIBRARY_PATH=/home/min/Workspace/scout_mini/install/realsense2_camera_msgs/lib:/home/min/Workspace/scout_mini/install/scout_msgs/lib:/home/min/Workspace/scout_mini/install/realsense2_camera/lib:/usr/lib/x86_64-linux-gnu/gazebo-11/plugins:/opt/ros/humble/opt/rviz_ogre_vendor/lib:/opt/ros/humble/lib/x86_64-linux-gnu:/opt/ros/humble/lib /usr/bin/cmake --install /home/min/Workspace/scout_mini/build/realsense2_description
