running egg_info
writing ../../build/robot_control/robot_control.egg-info/PKG-INFO
writing dependency_links to ../../build/robot_control/robot_control.egg-info/dependency_links.txt
writing entry points to ../../build/robot_control/robot_control.egg-info/entry_points.txt
writing requirements to ../../build/robot_control/robot_control.egg-info/requires.txt
writing top-level names to ../../build/robot_control/robot_control.egg-info/top_level.txt
reading manifest file '../../build/robot_control/robot_control.egg-info/SOURCES.txt'
writing manifest file '../../build/robot_control/robot_control.egg-info/SOURCES.txt'
running build
running build_py
copying robot_control/move_leader_robot.py -> /home/min/Workspace/scout_mini/build/robot_control/build/lib/robot_control
running install
running install_lib
copying /home/min/Workspace/scout_mini/build/robot_control/build/lib/robot_control/move_leader_robot.py -> /home/min/Workspace/scout_mini/install/robot_control/lib/python3.10/site-packages/robot_control
byte-compiling /home/min/Workspace/scout_mini/install/robot_control/lib/python3.10/site-packages/robot_control/move_leader_robot.py to move_leader_robot.cpython-310.pyc
running install_data
running install_egg_info
removing '/home/min/Workspace/scout_mini/install/robot_control/lib/python3.10/site-packages/robot_control-0.0.0-py3.10.egg-info' (and everything under it)
Copying ../../build/robot_control/robot_control.egg-info to /home/min/Workspace/scout_mini/install/robot_control/lib/python3.10/site-packages/robot_control-0.0.0-py3.10.egg-info
running install_scripts
Installing move_two_robots script to /home/min/Workspace/scout_mini/install/robot_control/lib/robot_control
writing list of installed files to '/home/min/Workspace/scout_mini/build/robot_control/install.log'
