[0.617s] Invoking command in '/home/min/Workspace/scout_mini/src/robot_control': PYTHONPATH=/home/min/Workspace/scout_mini/build/robot_control/prefix_override:/usr/lib/python3/dist-packages/colcon_core/task/python/colcon_distutils_commands:/home/min/Workspace/scout_mini/install/robot_control/lib/python3.10/site-packages:${PYTHONPATH} /usr/bin/python3 -W ignore:setup.py install is deprecated -W ignore:easy_install command is deprecated setup.py egg_info --egg-base ../../build/robot_control build --build-base /home/min/Workspace/scout_mini/build/robot_control/build install --record /home/min/Workspace/scout_mini/build/robot_control/install.log --single-version-externally-managed install_data
[0.882s] running egg_info
[0.882s] writing ../../build/robot_control/robot_control.egg-info/PKG-INFO
[0.890s] writing dependency_links to ../../build/robot_control/robot_control.egg-info/dependency_links.txt
[0.891s] writing entry points to ../../build/robot_control/robot_control.egg-info/entry_points.txt
[0.891s] writing requirements to ../../build/robot_control/robot_control.egg-info/requires.txt
[0.891s] writing top-level names to ../../build/robot_control/robot_control.egg-info/top_level.txt
[0.894s] reading manifest file '../../build/robot_control/robot_control.egg-info/SOURCES.txt'
[0.896s] writing manifest file '../../build/robot_control/robot_control.egg-info/SOURCES.txt'
[0.896s] running build
[0.896s] running build_py
[0.897s] copying robot_control/move_leader_robot.py -> /home/min/Workspace/scout_mini/build/robot_control/build/lib/robot_control
[0.897s] running install
[0.897s] running install_lib
[0.898s] copying /home/min/Workspace/scout_mini/build/robot_control/build/lib/robot_control/move_leader_robot.py -> /home/min/Workspace/scout_mini/install/robot_control/lib/python3.10/site-packages/robot_control
[0.899s] byte-compiling /home/min/Workspace/scout_mini/install/robot_control/lib/python3.10/site-packages/robot_control/move_leader_robot.py to move_leader_robot.cpython-310.pyc
[0.899s] running install_data
[0.899s] running install_egg_info
[0.901s] removing '/home/min/Workspace/scout_mini/install/robot_control/lib/python3.10/site-packages/robot_control-0.0.0-py3.10.egg-info' (and everything under it)
[0.902s] Copying ../../build/robot_control/robot_control.egg-info to /home/min/Workspace/scout_mini/install/robot_control/lib/python3.10/site-packages/robot_control-0.0.0-py3.10.egg-info
[0.903s] running install_scripts
[0.925s] Installing move_two_robots script to /home/min/Workspace/scout_mini/install/robot_control/lib/robot_control
[0.925s] writing list of installed files to '/home/min/Workspace/scout_mini/build/robot_control/install.log'
[0.955s] Invoked command in '/home/min/Workspace/scout_mini/src/robot_control' returned '0': PYTHONPATH=/home/min/Workspace/scout_mini/build/robot_control/prefix_override:/usr/lib/python3/dist-packages/colcon_core/task/python/colcon_distutils_commands:/home/min/Workspace/scout_mini/install/robot_control/lib/python3.10/site-packages:${PYTHONPATH} /usr/bin/python3 -W ignore:setup.py install is deprecated -W ignore:easy_install command is deprecated setup.py egg_info --egg-base ../../build/robot_control build --build-base /home/min/Workspace/scout_mini/build/robot_control/build install --record /home/min/Workspace/scout_mini/build/robot_control/install.log --single-version-externally-managed install_data
