[0.031s] Invoking command in '/home/min/Workspace/scout_mini/build/realsense2_camera': CMAKE_PREFIX_PATH=/home/min/Workspace/scout_mini/install/realsense2_camera_msgs:/home/min/Workspace/scout_mini/install/scout_base:/home/min/Workspace/scout_mini/install/scout_mini_tools:/home/min/Workspace/scout_mini/install/robot_following:/home/min/Workspace/scout_mini/install/robot_control:/opt/ros/humble:/home/min/Workspace/scout_mini/install/ugv_sdk:/home/min/Workspace/scout_mini/install/sllidar_ros2:/home/min/Workspace/scout_mini/install/slam_launch:/home/min/Workspace/scout_mini/install/scout_msgs:/home/min/Workspace/scout_mini/install/scout_mini_nav2:/home/min/Workspace/scout_mini/install/scout_gazebo_sim:/home/min/Workspace/scout_mini/install/scout_description:/home/min/Workspace/scout_mini/install/scout_control:/home/min/Workspace/scout_mini/install/realsense2_description:/home/min/Workspace/scout_mini/install/realsense2_camera LD_LIBRARY_PATH=/home/min/Workspace/scout_mini/install/realsense2_camera_msgs/lib:/home/min/Workspace/scout_mini/install/scout_msgs/lib:/home/min/Workspace/scout_mini/install/realsense2_camera/lib:/usr/lib/x86_64-linux-gnu/gazebo-11/plugins:/opt/ros/humble/opt/rviz_ogre_vendor/lib:/opt/ros/humble/lib/x86_64-linux-gnu:/opt/ros/humble/lib /usr/bin/cmake /home/min/Workspace/scout_mini/src/realsense-ros/realsense2_camera -DAMENT_CMAKE_SYMLINK_INSTALL=1 -DCMAKE_INSTALL_PREFIX=/home/min/Workspace/scout_mini/install/realsense2_camera
[0.224s] -- The C compiler identification is GNU 11.4.0
[0.305s] -- The CXX compiler identification is GNU 11.4.0
[0.318s] -- Detecting C compiler ABI info
[0.417s] -- Detecting C compiler ABI info - done
[0.434s] -- Check for working C compiler: /usr/bin/cc - skipped
[0.435s] -- Detecting C compile features
[0.435s] -- Detecting C compile features - done
[0.439s] -- Detecting CXX compiler ABI info
[0.556s] -- Detecting CXX compiler ABI info - done
[0.567s] -- Check for working CXX compiler: /usr/bin/c++ - skipped
[0.568s] -- Detecting CXX compile features
[0.568s] -- Detecting CXX compile features - done
[0.569s] -- Create Release Build.
[0.577s] -- Found ament_cmake: 1.3.12 (/opt/ros/humble/share/ament_cmake/cmake)
[0.768s] -- Found Python3: /usr/bin/python3 (found version "3.10.12") found components: Interpreter 
[0.863s] -- Override CMake install command with custom implementation using symlinks instead of copying resources
[0.910s] -- Found builtin_interfaces: 1.2.2 (/opt/ros/humble/share/builtin_interfaces/cmake)
[0.960s] -- Found rosidl_generator_c: 3.1.7 (/opt/ros/humble/share/rosidl_generator_c/cmake)
[0.969s] -- Found rosidl_adapter: 3.1.7 (/opt/ros/humble/share/rosidl_adapter/cmake)
[0.986s] -- Found rosidl_generator_cpp: 3.1.7 (/opt/ros/humble/share/rosidl_generator_cpp/cmake)
[1.008s] -- Using all available rosidl_typesupport_c: rosidl_typesupport_fastrtps_c;rosidl_typesupport_introspection_c
[1.029s] -- Using all available rosidl_typesupport_cpp: rosidl_typesupport_fastrtps_cpp;rosidl_typesupport_introspection_cpp
[1.209s] -- Found cv_bridge: 3.2.1 (/opt/ros/humble/share/cv_bridge/cmake)
[2.040s] -- Found image_transport: 3.1.12 (/opt/ros/humble/share/image_transport/cmake)
[2.215s] -- Found rmw_implementation_cmake: 6.1.2 (/opt/ros/humble/share/rmw_implementation_cmake/cmake)
[2.220s] -- Found rmw_cyclonedds_cpp: 1.3.4 (/opt/ros/humble/share/rmw_cyclonedds_cpp/cmake)
[2.256s] -- Using RMW implementation 'rmw_cyclonedds_cpp' as default
[2.271s] -- Looking for pthread.h
[2.370s] -- Looking for pthread.h - found
[2.370s] -- Performing Test CMAKE_HAVE_LIBC_PTHREAD
[2.471s] -- Performing Test CMAKE_HAVE_LIBC_PTHREAD - Success
[2.473s] -- Found Threads: TRUE  
[2.616s] -- Found rclcpp_action: 16.0.15 (/opt/ros/humble/share/rclcpp_action/cmake)
[2.670s] -- Found rclcpp_components: 16.0.15 (/opt/ros/humble/share/rclcpp_components/cmake)
[2.698s] -- Found realsense2_camera_msgs: 4.56.4 (/home/min/Workspace/scout_mini/install/realsense2_camera_msgs/share/realsense2_camera_msgs/cmake)
[2.733s] -- Found std_srvs: 4.9.0 (/opt/ros/humble/share/std_srvs/cmake)
[2.751s] -- Found nav_msgs: 4.9.0 (/opt/ros/humble/share/nav_msgs/cmake)
[2.783s] -- Found tf2_ros: 0.25.16 (/opt/ros/humble/share/tf2_ros/cmake)
[2.857s] -- Found diagnostic_updater: 4.0.6 (/opt/ros/humble/share/diagnostic_updater/cmake)
[2.938s] -- Found OpenCV: /usr (found version "4.5.4") found components: core 
[2.987s] -- Build for ROS2 Humble
[3.011s] -- Found ament_cmake_gtest: 1.3.12 (/opt/ros/humble/share/ament_cmake_gtest/cmake)
[3.078s] -- Found gtest sources under '/opt/ros/humble/src/gtest_vendor': C++ tests using 'Google Test' will be built
[3.086s] -- Found ament_cmake_pytest: 1.3.12 (/opt/ros/humble/share/ament_cmake_pytest/cmake)
[10.244s] -- rs_device_info:
[10.244s] -- No device detected. Is it plugged in?
[10.244s] 
[10.407s] -- Configuring done
[10.438s] -- Generating done
[10.446s] -- Build files have been written to: /home/min/Workspace/scout_mini/build/realsense2_camera
[10.460s] Invoked command in '/home/min/Workspace/scout_mini/build/realsense2_camera' returned '0': CMAKE_PREFIX_PATH=/home/min/Workspace/scout_mini/install/realsense2_camera_msgs:/home/min/Workspace/scout_mini/install/scout_base:/home/min/Workspace/scout_mini/install/scout_mini_tools:/home/min/Workspace/scout_mini/install/robot_following:/home/min/Workspace/scout_mini/install/robot_control:/opt/ros/humble:/home/min/Workspace/scout_mini/install/ugv_sdk:/home/min/Workspace/scout_mini/install/sllidar_ros2:/home/min/Workspace/scout_mini/install/slam_launch:/home/min/Workspace/scout_mini/install/scout_msgs:/home/min/Workspace/scout_mini/install/scout_mini_nav2:/home/min/Workspace/scout_mini/install/scout_gazebo_sim:/home/min/Workspace/scout_mini/install/scout_description:/home/min/Workspace/scout_mini/install/scout_control:/home/min/Workspace/scout_mini/install/realsense2_description:/home/min/Workspace/scout_mini/install/realsense2_camera LD_LIBRARY_PATH=/home/min/Workspace/scout_mini/install/realsense2_camera_msgs/lib:/home/min/Workspace/scout_mini/install/scout_msgs/lib:/home/min/Workspace/scout_mini/install/realsense2_camera/lib:/usr/lib/x86_64-linux-gnu/gazebo-11/plugins:/opt/ros/humble/opt/rviz_ogre_vendor/lib:/opt/ros/humble/lib/x86_64-linux-gnu:/opt/ros/humble/lib /usr/bin/cmake /home/min/Workspace/scout_mini/src/realsense-ros/realsense2_camera -DAMENT_CMAKE_SYMLINK_INSTALL=1 -DCMAKE_INSTALL_PREFIX=/home/min/Workspace/scout_mini/install/realsense2_camera
[10.462s] Invoking command in '/home/min/Workspace/scout_mini/build/realsense2_camera': CMAKE_PREFIX_PATH=/home/min/Workspace/scout_mini/install/realsense2_camera_msgs:/home/min/Workspace/scout_mini/install/scout_base:/home/min/Workspace/scout_mini/install/scout_mini_tools:/home/min/Workspace/scout_mini/install/robot_following:/home/min/Workspace/scout_mini/install/robot_control:/opt/ros/humble:/home/min/Workspace/scout_mini/install/ugv_sdk:/home/min/Workspace/scout_mini/install/sllidar_ros2:/home/min/Workspace/scout_mini/install/slam_launch:/home/min/Workspace/scout_mini/install/scout_msgs:/home/min/Workspace/scout_mini/install/scout_mini_nav2:/home/min/Workspace/scout_mini/install/scout_gazebo_sim:/home/min/Workspace/scout_mini/install/scout_description:/home/min/Workspace/scout_mini/install/scout_control:/home/min/Workspace/scout_mini/install/realsense2_description:/home/min/Workspace/scout_mini/install/realsense2_camera LD_LIBRARY_PATH=/home/min/Workspace/scout_mini/install/realsense2_camera_msgs/lib:/home/min/Workspace/scout_mini/install/scout_msgs/lib:/home/min/Workspace/scout_mini/install/realsense2_camera/lib:/usr/lib/x86_64-linux-gnu/gazebo-11/plugins:/opt/ros/humble/opt/rviz_ogre_vendor/lib:/opt/ros/humble/lib/x86_64-linux-gnu:/opt/ros/humble/lib /usr/bin/cmake --build /home/min/Workspace/scout_mini/build/realsense2_camera -- -j8 -l8
[10.522s] [  8%] [32mBuilding CXX object CMakeFiles/realsense2_camera.dir/src/parameters.cpp.o[0m
[10.523s] [  8%] [32mBuilding CXX object CMakeFiles/realsense2_camera.dir/src/base_realsense_node.cpp.o[0m
[10.524s] [ 12%] [32mBuilding CXX object CMakeFiles/realsense2_camera_node.dir/rclcpp_components/node_main_realsense2_camera_node.cpp.o[0m
[10.525s] [ 16%] [32mBuilding CXX object gtest/CMakeFiles/gtest_main.dir/src/gtest_main.cc.o[0m
[10.525s] [ 20%] [32mBuilding CXX object CMakeFiles/realsense2_camera.dir/src/realsense_node_factory.cpp.o[0m
[11.537s] [ 24%] [32mBuilding CXX object CMakeFiles/realsense2_camera.dir/src/ros_sensor.cpp.o[0m
[11.540s] [ 28%] [32mBuilding CXX object CMakeFiles/realsense2_camera.dir/src/rs_node_setup.cpp.o[0m
[11.837s] [ 32%] [32m[1mLinking CXX static library libgtest_main.a[0m
[11.917s] [ 32%] Built target gtest_main
[11.941s] [ 36%] [32mBuilding CXX object gtest/CMakeFiles/gtest.dir/src/gtest-all.cc.o[0m
[12.958s] [ 40%] [32mBuilding CXX object CMakeFiles/realsense2_camera.dir/src/ros_utils.cpp.o[0m
[25.070s] [ 44%] [32m[1mLinking CXX executable realsense2_camera_node[0m
[27.922s] [ 44%] Built target realsense2_camera_node
[40.071s] [ 48%] [32m[1mLinking CXX static library libgtest.a[0m
[40.427s] [ 48%] Built target gtest
[50.724s] [ 52%] [32mBuilding CXX object CMakeFiles/realsense2_camera.dir/src/profile_manager.cpp.o[0m
[59.743s] [ 56%] [32mBuilding CXX object CMakeFiles/realsense2_camera.dir/src/image_publisher.cpp.o[0m
[60.755s] [ 60%] [32mBuilding CXX object CMakeFiles/realsense2_camera.dir/src/align_depth_filter.cpp.o[0m
[61.087s] [ 64%] [32mBuilding CXX object CMakeFiles/realsense2_camera.dir/src/pointcloud_filter.cpp.o[0m
[62.100s] [ 68%] [32mBuilding CXX object CMakeFiles/realsense2_camera.dir/src/tfs.cpp.o[0m
[63.111s] [ 72%] [32mBuilding CXX object CMakeFiles/realsense2_camera.dir/src/named_filter.cpp.o[0m
[64.127s] [ 76%] [32mBuilding CXX object CMakeFiles/realsense2_camera.dir/src/sensor_params.cpp.o[0m
[65.143s] [ 80%] [32mBuilding CXX object CMakeFiles/realsense2_camera.dir/src/dynamic_params.cpp.o[0m
[65.935s] [ 84%] [32mBuilding CXX object CMakeFiles/realsense2_camera.dir/src/actions.cpp.o[0m
[66.042s] [ 88%] [32mBuilding CXX object CMakeFiles/realsense2_camera.dir/src/ros_param_backend.cpp.o[0m
[77.243s] [ 92%] [32m[1mLinking CXX shared library librealsense2_camera.so[0m
[79.941s] [ 92%] Built target realsense2_camera
[79.964s] [ 96%] [32mBuilding CXX object CMakeFiles/gtest_template.dir/test/gtest_template.cpp.o[0m
[80.951s] [100%] [32m[1mLinking CXX executable gtest_template[0m
[81.252s] [100%] Built target gtest_template
[81.416s] Invoked command in '/home/min/Workspace/scout_mini/build/realsense2_camera' returned '0': CMAKE_PREFIX_PATH=/home/min/Workspace/scout_mini/install/realsense2_camera_msgs:/home/min/Workspace/scout_mini/install/scout_base:/home/min/Workspace/scout_mini/install/scout_mini_tools:/home/min/Workspace/scout_mini/install/robot_following:/home/min/Workspace/scout_mini/install/robot_control:/opt/ros/humble:/home/min/Workspace/scout_mini/install/ugv_sdk:/home/min/Workspace/scout_mini/install/sllidar_ros2:/home/min/Workspace/scout_mini/install/slam_launch:/home/min/Workspace/scout_mini/install/scout_msgs:/home/min/Workspace/scout_mini/install/scout_mini_nav2:/home/min/Workspace/scout_mini/install/scout_gazebo_sim:/home/min/Workspace/scout_mini/install/scout_description:/home/min/Workspace/scout_mini/install/scout_control:/home/min/Workspace/scout_mini/install/realsense2_description:/home/min/Workspace/scout_mini/install/realsense2_camera LD_LIBRARY_PATH=/home/min/Workspace/scout_mini/install/realsense2_camera_msgs/lib:/home/min/Workspace/scout_mini/install/scout_msgs/lib:/home/min/Workspace/scout_mini/install/realsense2_camera/lib:/usr/lib/x86_64-linux-gnu/gazebo-11/plugins:/opt/ros/humble/opt/rviz_ogre_vendor/lib:/opt/ros/humble/lib/x86_64-linux-gnu:/opt/ros/humble/lib /usr/bin/cmake --build /home/min/Workspace/scout_mini/build/realsense2_camera -- -j8 -l8
[81.418s] Invoking command in '/home/min/Workspace/scout_mini/build/realsense2_camera': CMAKE_PREFIX_PATH=/home/min/Workspace/scout_mini/install/realsense2_camera_msgs:/home/min/Workspace/scout_mini/install/scout_base:/home/min/Workspace/scout_mini/install/scout_mini_tools:/home/min/Workspace/scout_mini/install/robot_following:/home/min/Workspace/scout_mini/install/robot_control:/opt/ros/humble:/home/min/Workspace/scout_mini/install/ugv_sdk:/home/min/Workspace/scout_mini/install/sllidar_ros2:/home/min/Workspace/scout_mini/install/slam_launch:/home/min/Workspace/scout_mini/install/scout_msgs:/home/min/Workspace/scout_mini/install/scout_mini_nav2:/home/min/Workspace/scout_mini/install/scout_gazebo_sim:/home/min/Workspace/scout_mini/install/scout_description:/home/min/Workspace/scout_mini/install/scout_control:/home/min/Workspace/scout_mini/install/realsense2_description:/home/min/Workspace/scout_mini/install/realsense2_camera LD_LIBRARY_PATH=/home/min/Workspace/scout_mini/install/realsense2_camera_msgs/lib:/home/min/Workspace/scout_mini/install/scout_msgs/lib:/home/min/Workspace/scout_mini/install/realsense2_camera/lib:/usr/lib/x86_64-linux-gnu/gazebo-11/plugins:/opt/ros/humble/opt/rviz_ogre_vendor/lib:/opt/ros/humble/lib/x86_64-linux-gnu:/opt/ros/humble/lib /usr/bin/cmake --install /home/min/Workspace/scout_mini/build/realsense2_camera
[81.419s] -- Install configuration: "Release"
[81.783s] -- Execute custom install script
[81.784s] -- Symlinking: /home/min/Workspace/scout_mini/install/realsense2_camera/share/realsense2_camera/config/global_settings.yaml
[81.797s] -- Symlinking: /home/min/Workspace/scout_mini/install/realsense2_camera/lib/realsense2_camera/realsense2_camera_node
[81.807s] -- Symlinking: /home/min/Workspace/scout_mini/install/realsense2_camera/lib/librealsense2_camera.so
[81.818s] -- Symlinking: /home/min/Workspace/scout_mini/install/realsense2_camera/include/align_depth_filter.h
[81.829s] -- Symlinking: /home/min/Workspace/scout_mini/install/realsense2_camera/include/base_realsense_node.h
[81.839s] -- Symlinking: /home/min/Workspace/scout_mini/install/realsense2_camera/include/constants.h
[81.850s] -- Symlinking: /home/min/Workspace/scout_mini/install/realsense2_camera/include/dynamic_params.h
[81.860s] -- Symlinking: /home/min/Workspace/scout_mini/install/realsense2_camera/include/gl_window.h
[81.869s] -- Symlinking: /home/min/Workspace/scout_mini/install/realsense2_camera/include/image_publisher.h
[81.878s] -- Symlinking: /home/min/Workspace/scout_mini/install/realsense2_camera/include/named_filter.h
[81.887s] -- Symlinking: /home/min/Workspace/scout_mini/install/realsense2_camera/include/pointcloud_filter.h
[81.896s] -- Symlinking: /home/min/Workspace/scout_mini/install/realsense2_camera/include/profile_manager.h
[81.905s] -- Symlinking: /home/min/Workspace/scout_mini/install/realsense2_camera/include/realsense_node_factory.h
[81.914s] -- Symlinking: /home/min/Workspace/scout_mini/install/realsense2_camera/include/ros_node_base.h
[81.923s] -- Symlinking: /home/min/Workspace/scout_mini/install/realsense2_camera/include/ros_param_backend.h
[81.933s] -- Symlinking: /home/min/Workspace/scout_mini/install/realsense2_camera/include/ros_sensor.h
[81.942s] -- Symlinking: /home/min/Workspace/scout_mini/install/realsense2_camera/include/ros_utils.h
[81.953s] -- Symlinking: /home/min/Workspace/scout_mini/install/realsense2_camera/include/sensor_params.h
[81.962s] -- Symlinking: /home/min/Workspace/scout_mini/install/realsense2_camera/share/realsense2_camera/launch/default.rviz
[81.971s] -- Symlinking: /home/min/Workspace/scout_mini/install/realsense2_camera/share/realsense2_camera/launch/rs_intra_process_demo_launch.py
[81.981s] -- Symlinking: /home/min/Workspace/scout_mini/install/realsense2_camera/share/realsense2_camera/launch/rs_launch.py
[81.990s] -- Symlinking: /home/min/Workspace/scout_mini/install/realsense2_camera/share/realsense2_camera/launch/rs_multi_camera_launch.py
[81.999s] -- Symlinking: /home/min/Workspace/scout_mini/install/realsense2_camera/share/realsense2_camera/launch/rs_multi_camera_launch_sync.py
[82.066s] -- Symlinking: /home/min/Workspace/scout_mini/install/realsense2_camera/share/realsense2_camera/examples/align_depth/README.md
[82.088s] -- Symlinking: /home/min/Workspace/scout_mini/install/realsense2_camera/share/realsense2_camera/examples/align_depth/rs_align_depth_launch.py
[82.107s] -- Symlinking: /home/min/Workspace/scout_mini/install/realsense2_camera/share/realsense2_camera/examples/d500_tables/calib_config_example.json
[82.119s] -- Symlinking: /home/min/Workspace/scout_mini/install/realsense2_camera/share/realsense2_camera/examples/dual_camera/README.md
[82.128s] -- Symlinking: /home/min/Workspace/scout_mini/install/realsense2_camera/share/realsense2_camera/examples/dual_camera/rs_dual_camera_launch.py
[82.137s] -- Symlinking: /home/min/Workspace/scout_mini/install/realsense2_camera/share/realsense2_camera/examples/dual_camera/rviz/dual_camera_pointcloud.rviz
[82.146s] -- Symlinking: /home/min/Workspace/scout_mini/install/realsense2_camera/share/realsense2_camera/examples/launch_from_rosbag/README.md
[82.156s] -- Symlinking: /home/min/Workspace/scout_mini/install/realsense2_camera/share/realsense2_camera/examples/launch_from_rosbag/rs_launch_from_rosbag.py
[82.166s] -- Symlinking: /home/min/Workspace/scout_mini/install/realsense2_camera/share/realsense2_camera/examples/launch_params_from_file/README.md
[82.175s] -- Symlinking: /home/min/Workspace/scout_mini/install/realsense2_camera/share/realsense2_camera/examples/launch_params_from_file/config/config.yaml
[82.183s] -- Symlinking: /home/min/Workspace/scout_mini/install/realsense2_camera/share/realsense2_camera/examples/launch_params_from_file/rs_launch_get_params_from_yaml.py
[82.193s] -- Symlinking: /home/min/Workspace/scout_mini/install/realsense2_camera/share/realsense2_camera/examples/pointcloud/README.md
[82.201s] -- Symlinking: /home/min/Workspace/scout_mini/install/realsense2_camera/share/realsense2_camera/examples/pointcloud/rs_d405_pointcloud_launch.py
[82.213s] -- Symlinking: /home/min/Workspace/scout_mini/install/realsense2_camera/share/realsense2_camera/examples/pointcloud/rs_d455_pointcloud_launch.py
[82.222s] -- Symlinking: /home/min/Workspace/scout_mini/install/realsense2_camera/share/realsense2_camera/examples/pointcloud/rs_pointcloud_infra_launch.py
[82.232s] -- Symlinking: /home/min/Workspace/scout_mini/install/realsense2_camera/share/realsense2_camera/examples/pointcloud/rs_pointcloud_launch.py
[82.241s] -- Symlinking: /home/min/Workspace/scout_mini/install/realsense2_camera/share/realsense2_camera/examples/pointcloud/rviz/pointcloud.rviz
[82.252s] -- Symlinking: /home/min/Workspace/scout_mini/install/realsense2_camera/share/realsense2_camera/examples/pointcloud/rviz/urdf_pointcloud.rviz
[82.262s] -- Symlinking: /home/min/Workspace/scout_mini/install/realsense2_camera/share/realsense2_camera/environment/library_path.sh
[82.270s] -- Symlinking: /home/min/Workspace/scout_mini/install/realsense2_camera/share/realsense2_camera/environment/library_path.dsv
[82.280s] -- Symlinking: /home/min/Workspace/scout_mini/install/realsense2_camera/share/ament_index/resource_index/package_run_dependencies/realsense2_camera
[82.289s] -- Symlinking: /home/min/Workspace/scout_mini/install/realsense2_camera/share/ament_index/resource_index/parent_prefix_path/realsense2_camera
[82.297s] -- Symlinking: /home/min/Workspace/scout_mini/install/realsense2_camera/share/realsense2_camera/environment/ament_prefix_path.sh
[82.306s] -- Symlinking: /home/min/Workspace/scout_mini/install/realsense2_camera/share/realsense2_camera/environment/ament_prefix_path.dsv
[82.315s] -- Symlinking: /home/min/Workspace/scout_mini/install/realsense2_camera/share/realsense2_camera/environment/path.sh
[82.325s] -- Symlinking: /home/min/Workspace/scout_mini/install/realsense2_camera/share/realsense2_camera/environment/path.dsv
[82.334s] -- Symlinking: /home/min/Workspace/scout_mini/install/realsense2_camera/share/realsense2_camera/local_setup.bash
[82.343s] -- Symlinking: /home/min/Workspace/scout_mini/install/realsense2_camera/share/realsense2_camera/local_setup.sh
[82.354s] -- Symlinking: /home/min/Workspace/scout_mini/install/realsense2_camera/share/realsense2_camera/local_setup.zsh
[82.363s] -- Symlinking: /home/min/Workspace/scout_mini/install/realsense2_camera/share/realsense2_camera/local_setup.dsv
[82.372s] -- Symlinking: /home/min/Workspace/scout_mini/install/realsense2_camera/share/realsense2_camera/package.dsv
[82.381s] -- Symlinking: /home/min/Workspace/scout_mini/install/realsense2_camera/share/ament_index/resource_index/packages/realsense2_camera
[82.392s] -- Symlinking: /home/min/Workspace/scout_mini/install/realsense2_camera/share/ament_index/resource_index/rclcpp_components/realsense2_camera
[82.402s] -- Symlinking: /home/min/Workspace/scout_mini/install/realsense2_camera/share/realsense2_camera/cmake/ament_cmake_export_include_directories-extras.cmake
[82.412s] -- Symlinking: /home/min/Workspace/scout_mini/install/realsense2_camera/share/realsense2_camera/cmake/ament_cmake_export_libraries-extras.cmake
[82.422s] -- Symlinking: /home/min/Workspace/scout_mini/install/realsense2_camera/share/realsense2_camera/cmake/ament_cmake_export_dependencies-extras.cmake
[82.432s] -- Symlinking: /home/min/Workspace/scout_mini/install/realsense2_camera/share/realsense2_camera/cmake/realsense2_cameraConfig.cmake
[82.442s] -- Symlinking: /home/min/Workspace/scout_mini/install/realsense2_camera/share/realsense2_camera/cmake/realsense2_cameraConfig-version.cmake
[82.454s] -- Symlinking: /home/min/Workspace/scout_mini/install/realsense2_camera/share/realsense2_camera/package.xml
[82.466s] Invoked command in '/home/min/Workspace/scout_mini/build/realsense2_camera' returned '0': CMAKE_PREFIX_PATH=/home/min/Workspace/scout_mini/install/realsense2_camera_msgs:/home/min/Workspace/scout_mini/install/scout_base:/home/min/Workspace/scout_mini/install/scout_mini_tools:/home/min/Workspace/scout_mini/install/robot_following:/home/min/Workspace/scout_mini/install/robot_control:/opt/ros/humble:/home/min/Workspace/scout_mini/install/ugv_sdk:/home/min/Workspace/scout_mini/install/sllidar_ros2:/home/min/Workspace/scout_mini/install/slam_launch:/home/min/Workspace/scout_mini/install/scout_msgs:/home/min/Workspace/scout_mini/install/scout_mini_nav2:/home/min/Workspace/scout_mini/install/scout_gazebo_sim:/home/min/Workspace/scout_mini/install/scout_description:/home/min/Workspace/scout_mini/install/scout_control:/home/min/Workspace/scout_mini/install/realsense2_description:/home/min/Workspace/scout_mini/install/realsense2_camera LD_LIBRARY_PATH=/home/min/Workspace/scout_mini/install/realsense2_camera_msgs/lib:/home/min/Workspace/scout_mini/install/scout_msgs/lib:/home/min/Workspace/scout_mini/install/realsense2_camera/lib:/usr/lib/x86_64-linux-gnu/gazebo-11/plugins:/opt/ros/humble/opt/rviz_ogre_vendor/lib:/opt/ros/humble/lib/x86_64-linux-gnu:/opt/ros/humble/lib /usr/bin/cmake --install /home/min/Workspace/scout_mini/build/realsense2_camera
