[0.522s] Invoking command in '/home/min/Workspace/scout_mini/build/scout_gazebo_sim': CMAKE_PREFIX_PATH=/home/min/Workspace/scout_mini/install/scout_base:/home/min/Workspace/scout_mini/install/scout_mini_tools:/home/min/Workspace/scout_mini/install/robot_control:/opt/ros/humble:/home/min/Workspace/scout_mini/install/ugv_sdk:/home/min/Workspace/scout_mini/install/sllidar_ros2:/home/min/Workspace/scout_mini/install/slam_launch:/home/min/Workspace/scout_mini/install/scout_msgs:/home/min/Workspace/scout_mini/install/scout_mini_nav2:/home/min/Workspace/scout_mini/install/scout_gazebo_sim:/home/min/Workspace/scout_mini/install/scout_description:/home/min/Workspace/scout_mini/install/scout_control:/home/min/Workspace/scout_mini/install/realsense2_description:/home/min/Workspace/scout_mini/install/realsense2_camera:/home/min/Workspace/scout_mini/install/realsense2_camera_msgs /usr/bin/cmake --build /home/min/Workspace/scout_mini/build/scout_gazebo_sim -- -j8 -l8
[0.877s] Invoked command in '/home/min/Workspace/scout_mini/build/scout_gazebo_sim' returned '0': CMAKE_PREFIX_PATH=/home/min/Workspace/scout_mini/install/scout_base:/home/min/Workspace/scout_mini/install/scout_mini_tools:/home/min/Workspace/scout_mini/install/robot_control:/opt/ros/humble:/home/min/Workspace/scout_mini/install/ugv_sdk:/home/min/Workspace/scout_mini/install/sllidar_ros2:/home/min/Workspace/scout_mini/install/slam_launch:/home/min/Workspace/scout_mini/install/scout_msgs:/home/min/Workspace/scout_mini/install/scout_mini_nav2:/home/min/Workspace/scout_mini/install/scout_gazebo_sim:/home/min/Workspace/scout_mini/install/scout_description:/home/min/Workspace/scout_mini/install/scout_control:/home/min/Workspace/scout_mini/install/realsense2_description:/home/min/Workspace/scout_mini/install/realsense2_camera:/home/min/Workspace/scout_mini/install/realsense2_camera_msgs /usr/bin/cmake --build /home/min/Workspace/scout_mini/build/scout_gazebo_sim -- -j8 -l8
[0.880s] Invoking command in '/home/min/Workspace/scout_mini/build/scout_gazebo_sim': CMAKE_PREFIX_PATH=/home/min/Workspace/scout_mini/install/scout_base:/home/min/Workspace/scout_mini/install/scout_mini_tools:/home/min/Workspace/scout_mini/install/robot_control:/opt/ros/humble:/home/min/Workspace/scout_mini/install/ugv_sdk:/home/min/Workspace/scout_mini/install/sllidar_ros2:/home/min/Workspace/scout_mini/install/slam_launch:/home/min/Workspace/scout_mini/install/scout_msgs:/home/min/Workspace/scout_mini/install/scout_mini_nav2:/home/min/Workspace/scout_mini/install/scout_gazebo_sim:/home/min/Workspace/scout_mini/install/scout_description:/home/min/Workspace/scout_mini/install/scout_control:/home/min/Workspace/scout_mini/install/realsense2_description:/home/min/Workspace/scout_mini/install/realsense2_camera:/home/min/Workspace/scout_mini/install/realsense2_camera_msgs /usr/bin/cmake --install /home/min/Workspace/scout_mini/build/scout_gazebo_sim
[0.925s] -- Install configuration: ""
[0.926s] -- Execute custom install script
[0.928s] -- Up-to-date symlink: /home/min/Workspace/scout_mini/install/scout_gazebo_sim/share/scout_gazebo_sim/launch/scout_mini.launch.py
[0.928s] -- Up-to-date symlink: /home/min/Workspace/scout_mini/install/scout_gazebo_sim/share/scout_gazebo_sim/launch/scout_mini_empty_world.launch.py
[0.928s] -- Up-to-date symlink: /home/min/Workspace/scout_mini/install/scout_gazebo_sim/share/scout_gazebo_sim/launch/scout_mini_multi_spawn.launch.py
[0.928s] -- Up-to-date symlink: /home/min/Workspace/scout_mini/install/scout_gazebo_sim/share/scout_gazebo_sim/launch/scout_mini_spawn.launch.py
[0.929s] -- Up-to-date symlink: /home/min/Workspace/scout_mini/install/scout_gazebo_sim/share/scout_gazebo_sim/worlds/clearpath_playpen.world
[0.930s] -- Up-to-date symlink: /home/min/Workspace/scout_mini/install/scout_gazebo_sim/share/scout_gazebo_sim/worlds/weston_robot_empty.world
[0.932s] -- Up-to-date symlink: /home/min/Workspace/scout_mini/install/scout_gazebo_sim/share/ament_index/resource_index/package_run_dependencies/scout_gazebo_sim
[0.933s] -- Up-to-date symlink: /home/min/Workspace/scout_mini/install/scout_gazebo_sim/share/ament_index/resource_index/parent_prefix_path/scout_gazebo_sim
[0.933s] -- Up-to-date symlink: /home/min/Workspace/scout_mini/install/scout_gazebo_sim/share/scout_gazebo_sim/environment/ament_prefix_path.sh
[0.933s] -- Up-to-date symlink: /home/min/Workspace/scout_mini/install/scout_gazebo_sim/share/scout_gazebo_sim/environment/ament_prefix_path.dsv
[0.933s] -- Up-to-date symlink: /home/min/Workspace/scout_mini/install/scout_gazebo_sim/share/scout_gazebo_sim/environment/path.sh
[0.933s] -- Up-to-date symlink: /home/min/Workspace/scout_mini/install/scout_gazebo_sim/share/scout_gazebo_sim/environment/path.dsv
[0.935s] -- Up-to-date symlink: /home/min/Workspace/scout_mini/install/scout_gazebo_sim/share/scout_gazebo_sim/local_setup.bash
[0.935s] -- Up-to-date symlink: /home/min/Workspace/scout_mini/install/scout_gazebo_sim/share/scout_gazebo_sim/local_setup.sh
[0.936s] -- Up-to-date symlink: /home/min/Workspace/scout_mini/install/scout_gazebo_sim/share/scout_gazebo_sim/local_setup.zsh
[0.936s] -- Up-to-date symlink: /home/min/Workspace/scout_mini/install/scout_gazebo_sim/share/scout_gazebo_sim/local_setup.dsv
[0.938s] -- Symlinking: /home/min/Workspace/scout_mini/install/scout_gazebo_sim/share/scout_gazebo_sim/package.dsv
[0.964s] -- Up-to-date symlink: /home/min/Workspace/scout_mini/install/scout_gazebo_sim/share/ament_index/resource_index/packages/scout_gazebo_sim
[0.966s] -- Up-to-date symlink: /home/min/Workspace/scout_mini/install/scout_gazebo_sim/share/scout_gazebo_sim/cmake/scout_gazebo_simConfig.cmake
[0.966s] -- Up-to-date symlink: /home/min/Workspace/scout_mini/install/scout_gazebo_sim/share/scout_gazebo_sim/cmake/scout_gazebo_simConfig-version.cmake
[0.967s] -- Up-to-date symlink: /home/min/Workspace/scout_mini/install/scout_gazebo_sim/share/scout_gazebo_sim/package.xml
[1.061s] Invoked command in '/home/min/Workspace/scout_mini/build/scout_gazebo_sim' returned '0': CMAKE_PREFIX_PATH=/home/min/Workspace/scout_mini/install/scout_base:/home/min/Workspace/scout_mini/install/scout_mini_tools:/home/min/Workspace/scout_mini/install/robot_control:/opt/ros/humble:/home/min/Workspace/scout_mini/install/ugv_sdk:/home/min/Workspace/scout_mini/install/sllidar_ros2:/home/min/Workspace/scout_mini/install/slam_launch:/home/min/Workspace/scout_mini/install/scout_msgs:/home/min/Workspace/scout_mini/install/scout_mini_nav2:/home/min/Workspace/scout_mini/install/scout_gazebo_sim:/home/min/Workspace/scout_mini/install/scout_description:/home/min/Workspace/scout_mini/install/scout_control:/home/min/Workspace/scout_mini/install/realsense2_description:/home/min/Workspace/scout_mini/install/realsense2_camera:/home/min/Workspace/scout_mini/install/realsense2_camera_msgs /usr/bin/cmake --install /home/min/Workspace/scout_mini/build/scout_gazebo_sim
