[2.375s] Invoking command in '/home/min/Workspace/scout_mini/build/slam_launch': CMAKE_PREFIX_PATH=/home/min/Workspace/scout_mini/install/scout_base:/home/min/Workspace/scout_mini/install/scout_mini_tools:/opt/ros/humble:/home/min/Workspace/scout_mini/install/ugv_sdk:/home/min/Workspace/scout_mini/install/sllidar_ros2:/home/min/Workspace/scout_mini/install/slam_launch:/home/min/Workspace/scout_mini/install/scout_msgs:/home/min/Workspace/scout_mini/install/scout_mini_nav2:/home/min/Workspace/scout_mini/install/scout_gazebo_sim:/home/min/Workspace/scout_mini/install/scout_description:/home/min/Workspace/scout_mini/install/scout_control:/home/min/Workspace/scout_mini/install/realsense2_description:/home/min/Workspace/scout_mini/install/realsense2_camera:/home/min/Workspace/scout_mini/install/realsense2_camera_msgs:/home/min/Downloads/multiple_robots/install/robot_gazebo:/home/min/Downloads/multiple_robots/install/robot_description:/home/min/Downloads/multiple_robots/install/robot_control /usr/bin/cmake --build /home/min/Workspace/scout_mini/build/slam_launch -- -j8 -l8
[2.442s] Invoked command in '/home/min/Workspace/scout_mini/build/slam_launch' returned '0': CMAKE_PREFIX_PATH=/home/min/Workspace/scout_mini/install/scout_base:/home/min/Workspace/scout_mini/install/scout_mini_tools:/opt/ros/humble:/home/min/Workspace/scout_mini/install/ugv_sdk:/home/min/Workspace/scout_mini/install/sllidar_ros2:/home/min/Workspace/scout_mini/install/slam_launch:/home/min/Workspace/scout_mini/install/scout_msgs:/home/min/Workspace/scout_mini/install/scout_mini_nav2:/home/min/Workspace/scout_mini/install/scout_gazebo_sim:/home/min/Workspace/scout_mini/install/scout_description:/home/min/Workspace/scout_mini/install/scout_control:/home/min/Workspace/scout_mini/install/realsense2_description:/home/min/Workspace/scout_mini/install/realsense2_camera:/home/min/Workspace/scout_mini/install/realsense2_camera_msgs:/home/min/Downloads/multiple_robots/install/robot_gazebo:/home/min/Downloads/multiple_robots/install/robot_description:/home/min/Downloads/multiple_robots/install/robot_control /usr/bin/cmake --build /home/min/Workspace/scout_mini/build/slam_launch -- -j8 -l8
[2.444s] Invoking command in '/home/min/Workspace/scout_mini/build/slam_launch': CMAKE_PREFIX_PATH=/home/min/Workspace/scout_mini/install/scout_base:/home/min/Workspace/scout_mini/install/scout_mini_tools:/opt/ros/humble:/home/min/Workspace/scout_mini/install/ugv_sdk:/home/min/Workspace/scout_mini/install/sllidar_ros2:/home/min/Workspace/scout_mini/install/slam_launch:/home/min/Workspace/scout_mini/install/scout_msgs:/home/min/Workspace/scout_mini/install/scout_mini_nav2:/home/min/Workspace/scout_mini/install/scout_gazebo_sim:/home/min/Workspace/scout_mini/install/scout_description:/home/min/Workspace/scout_mini/install/scout_control:/home/min/Workspace/scout_mini/install/realsense2_description:/home/min/Workspace/scout_mini/install/realsense2_camera:/home/min/Workspace/scout_mini/install/realsense2_camera_msgs:/home/min/Downloads/multiple_robots/install/robot_gazebo:/home/min/Downloads/multiple_robots/install/robot_description:/home/min/Downloads/multiple_robots/install/robot_control /usr/bin/cmake --install /home/min/Workspace/scout_mini/build/slam_launch
[2.454s] -- Install configuration: ""
[2.455s] -- Execute custom install script
[2.455s] -- Up-to-date symlink: /home/min/Workspace/scout_mini/install/slam_launch/share/ament_index/resource_index/package_run_dependencies/slam_launch
[2.456s] -- Up-to-date symlink: /home/min/Workspace/scout_mini/install/slam_launch/share/ament_index/resource_index/parent_prefix_path/slam_launch
[2.456s] -- Up-to-date symlink: /home/min/Workspace/scout_mini/install/slam_launch/share/slam_launch/environment/ament_prefix_path.sh
[2.456s] -- Up-to-date symlink: /home/min/Workspace/scout_mini/install/slam_launch/share/slam_launch/environment/ament_prefix_path.dsv
[2.457s] -- Up-to-date symlink: /home/min/Workspace/scout_mini/install/slam_launch/share/slam_launch/environment/path.sh
[2.457s] -- Up-to-date symlink: /home/min/Workspace/scout_mini/install/slam_launch/share/slam_launch/environment/path.dsv
[2.457s] -- Up-to-date symlink: /home/min/Workspace/scout_mini/install/slam_launch/share/slam_launch/local_setup.bash
[2.459s] -- Up-to-date symlink: /home/min/Workspace/scout_mini/install/slam_launch/share/slam_launch/local_setup.sh
[2.459s] -- Up-to-date symlink: /home/min/Workspace/scout_mini/install/slam_launch/share/slam_launch/local_setup.zsh
[2.459s] -- Up-to-date symlink: /home/min/Workspace/scout_mini/install/slam_launch/share/slam_launch/local_setup.dsv
[2.459s] -- Symlinking: /home/min/Workspace/scout_mini/install/slam_launch/share/slam_launch/package.dsv
[2.477s] -- Up-to-date symlink: /home/min/Workspace/scout_mini/install/slam_launch/share/ament_index/resource_index/packages/slam_launch
[2.478s] -- Up-to-date symlink: /home/min/Workspace/scout_mini/install/slam_launch/share/slam_launch/cmake/slam_launchConfig.cmake
[2.478s] -- Up-to-date symlink: /home/min/Workspace/scout_mini/install/slam_launch/share/slam_launch/cmake/slam_launchConfig-version.cmake
[2.478s] -- Up-to-date symlink: /home/min/Workspace/scout_mini/install/slam_launch/share/slam_launch/package.xml
[2.478s] -- Up-to-date symlink: /home/min/Workspace/scout_mini/install/slam_launch/share/slam_launch//launch/localization.launch.py
[2.478s] -- Up-to-date symlink: /home/min/Workspace/scout_mini/install/slam_launch/share/slam_launch//launch/slam_online.launch.py
[2.478s] -- Up-to-date symlink: /home/min/Workspace/scout_mini/install/slam_launch/share/slam_launch//launch/static_map.launch.py
[2.479s] -- Up-to-date symlink: /home/min/Workspace/scout_mini/install/slam_launch/share/slam_launch//config/mapper_params_localization.yaml
[2.479s] -- Up-to-date symlink: /home/min/Workspace/scout_mini/install/slam_launch/share/slam_launch//config/mapper_params_online_async.yaml
[2.483s] Invoked command in '/home/min/Workspace/scout_mini/build/slam_launch' returned '0': CMAKE_PREFIX_PATH=/home/min/Workspace/scout_mini/install/scout_base:/home/min/Workspace/scout_mini/install/scout_mini_tools:/opt/ros/humble:/home/min/Workspace/scout_mini/install/ugv_sdk:/home/min/Workspace/scout_mini/install/sllidar_ros2:/home/min/Workspace/scout_mini/install/slam_launch:/home/min/Workspace/scout_mini/install/scout_msgs:/home/min/Workspace/scout_mini/install/scout_mini_nav2:/home/min/Workspace/scout_mini/install/scout_gazebo_sim:/home/min/Workspace/scout_mini/install/scout_description:/home/min/Workspace/scout_mini/install/scout_control:/home/min/Workspace/scout_mini/install/realsense2_description:/home/min/Workspace/scout_mini/install/realsense2_camera:/home/min/Workspace/scout_mini/install/realsense2_camera_msgs:/home/min/Downloads/multiple_robots/install/robot_gazebo:/home/min/Downloads/multiple_robots/install/robot_description:/home/min/Downloads/multiple_robots/install/robot_control /usr/bin/cmake --install /home/min/Workspace/scout_mini/build/slam_launch
