[0.054s] Invoking command in '/home/min/Workspace/scout_mini/build/realsense2_camera_msgs': CMAKE_PREFIX_PATH=/home/min/Workspace/scout_mini/install/scout_base:/home/min/Workspace/scout_mini/install/scout_mini_tools:/home/min/Workspace/scout_mini/install/robot_control:/opt/ros/humble:/home/min/Workspace/scout_mini/install/ugv_sdk:/home/min/Workspace/scout_mini/install/sllidar_ros2:/home/min/Workspace/scout_mini/install/slam_launch:/home/min/Workspace/scout_mini/install/scout_msgs:/home/min/Workspace/scout_mini/install/scout_mini_nav2:/home/min/Workspace/scout_mini/install/scout_gazebo_sim:/home/min/Workspace/scout_mini/install/scout_description:/home/min/Workspace/scout_mini/install/scout_control:/home/min/Workspace/scout_mini/install/realsense2_description:/home/min/Workspace/scout_mini/install/realsense2_camera:/home/min/Workspace/scout_mini/install/realsense2_camera_msgs /usr/bin/cmake --build /home/min/Workspace/scout_mini/build/realsense2_camera_msgs -- -j8 -l8
[0.614s] [  1%] Built target realsense2_camera_msgs__cpp
[0.615s] [  1%] Built target ament_cmake_python_symlink_realsense2_camera_msgs
[0.615s] [ 12%] Built target realsense2_camera_msgs__rosidl_generator_c
[0.615s] [ 24%] Built target realsense2_camera_msgs__rosidl_typesupport_fastrtps_cpp
[0.615s] [ 35%] Built target realsense2_camera_msgs__rosidl_typesupport_introspection_cpp
[0.615s] [ 47%] Built target realsense2_camera_msgs__rosidl_typesupport_cpp
[0.615s] [ 58%] Built target realsense2_camera_msgs__rosidl_typesupport_fastrtps_c
[0.615s] [ 70%] Built target realsense2_camera_msgs__rosidl_typesupport_c
[0.615s] [ 81%] Built target realsense2_camera_msgs__rosidl_typesupport_introspection_c
[0.616s] [ 81%] Built target realsense2_camera_msgs
[0.616s] [ 82%] Built target realsense2_camera_msgs__py
[0.616s] [ 93%] Built target realsense2_camera_msgs__rosidl_generator_py
[0.616s] [ 95%] Built target realsense2_camera_msgs__rosidl_typesupport_fastrtps_c__pyext
[0.616s] [ 97%] Built target realsense2_camera_msgs__rosidl_typesupport_introspection_c__pyext
[0.616s] [100%] Built target realsense2_camera_msgs__rosidl_typesupport_c__pyext
[0.783s] running egg_info
[0.787s] writing realsense2_camera_msgs.egg-info/PKG-INFO
[0.787s] writing dependency_links to realsense2_camera_msgs.egg-info/dependency_links.txt
[0.787s] writing top-level names to realsense2_camera_msgs.egg-info/top_level.txt
[0.795s] reading manifest file 'realsense2_camera_msgs.egg-info/SOURCES.txt'
[0.801s] writing manifest file 'realsense2_camera_msgs.egg-info/SOURCES.txt'
[1.155s] [100%] Built target ament_cmake_python_build_realsense2_camera_msgs_egg
[1.200s] Invoked command in '/home/min/Workspace/scout_mini/build/realsense2_camera_msgs' returned '0': CMAKE_PREFIX_PATH=/home/min/Workspace/scout_mini/install/scout_base:/home/min/Workspace/scout_mini/install/scout_mini_tools:/home/min/Workspace/scout_mini/install/robot_control:/opt/ros/humble:/home/min/Workspace/scout_mini/install/ugv_sdk:/home/min/Workspace/scout_mini/install/sllidar_ros2:/home/min/Workspace/scout_mini/install/slam_launch:/home/min/Workspace/scout_mini/install/scout_msgs:/home/min/Workspace/scout_mini/install/scout_mini_nav2:/home/min/Workspace/scout_mini/install/scout_gazebo_sim:/home/min/Workspace/scout_mini/install/scout_description:/home/min/Workspace/scout_mini/install/scout_control:/home/min/Workspace/scout_mini/install/realsense2_description:/home/min/Workspace/scout_mini/install/realsense2_camera:/home/min/Workspace/scout_mini/install/realsense2_camera_msgs /usr/bin/cmake --build /home/min/Workspace/scout_mini/build/realsense2_camera_msgs -- -j8 -l8
[1.202s] Invoking command in '/home/min/Workspace/scout_mini/build/realsense2_camera_msgs': CMAKE_PREFIX_PATH=/home/min/Workspace/scout_mini/install/scout_base:/home/min/Workspace/scout_mini/install/scout_mini_tools:/home/min/Workspace/scout_mini/install/robot_control:/opt/ros/humble:/home/min/Workspace/scout_mini/install/ugv_sdk:/home/min/Workspace/scout_mini/install/sllidar_ros2:/home/min/Workspace/scout_mini/install/slam_launch:/home/min/Workspace/scout_mini/install/scout_msgs:/home/min/Workspace/scout_mini/install/scout_mini_nav2:/home/min/Workspace/scout_mini/install/scout_gazebo_sim:/home/min/Workspace/scout_mini/install/scout_description:/home/min/Workspace/scout_mini/install/scout_control:/home/min/Workspace/scout_mini/install/realsense2_description:/home/min/Workspace/scout_mini/install/realsense2_camera:/home/min/Workspace/scout_mini/install/realsense2_camera_msgs /usr/bin/cmake --install /home/min/Workspace/scout_mini/build/realsense2_camera_msgs
[1.236s] -- Install configuration: ""
[1.236s] -- Execute custom install script
[1.236s] -- Up-to-date symlink: /home/min/Workspace/scout_mini/install/realsense2_camera_msgs/share/ament_index/resource_index/rosidl_interfaces/realsense2_camera_msgs
[1.237s] -- Up-to-date symlink: /home/min/Workspace/scout_mini/install/realsense2_camera_msgs/include/realsense2_camera_msgs/realsense2_camera_msgs/action/detail/triggered_calibration__functions.h
[1.237s] -- Up-to-date symlink: /home/min/Workspace/scout_mini/install/realsense2_camera_msgs/include/realsense2_camera_msgs/realsense2_camera_msgs/action/detail/triggered_calibration__struct.h
[1.237s] -- Up-to-date symlink: /home/min/Workspace/scout_mini/install/realsense2_camera_msgs/include/realsense2_camera_msgs/realsense2_camera_msgs/action/detail/triggered_calibration__type_support.h
[1.237s] -- Up-to-date symlink: /home/min/Workspace/scout_mini/install/realsense2_camera_msgs/include/realsense2_camera_msgs/realsense2_camera_msgs/action/triggered_calibration.h
[1.237s] -- Up-to-date symlink: /home/min/Workspace/scout_mini/install/realsense2_camera_msgs/include/realsense2_camera_msgs/realsense2_camera_msgs/msg/detail/extrinsics__functions.h
[1.237s] -- Up-to-date symlink: /home/min/Workspace/scout_mini/install/realsense2_camera_msgs/include/realsense2_camera_msgs/realsense2_camera_msgs/msg/detail/extrinsics__struct.h
[1.237s] -- Up-to-date symlink: /home/min/Workspace/scout_mini/install/realsense2_camera_msgs/include/realsense2_camera_msgs/realsense2_camera_msgs/msg/detail/extrinsics__type_support.h
[1.238s] -- Up-to-date symlink: /home/min/Workspace/scout_mini/install/realsense2_camera_msgs/include/realsense2_camera_msgs/realsense2_camera_msgs/msg/detail/imu_info__functions.h
[1.238s] -- Up-to-date symlink: /home/min/Workspace/scout_mini/install/realsense2_camera_msgs/include/realsense2_camera_msgs/realsense2_camera_msgs/msg/detail/imu_info__struct.h
[1.238s] -- Up-to-date symlink: /home/min/Workspace/scout_mini/install/realsense2_camera_msgs/include/realsense2_camera_msgs/realsense2_camera_msgs/msg/detail/imu_info__type_support.h
[1.238s] -- Up-to-date symlink: /home/min/Workspace/scout_mini/install/realsense2_camera_msgs/include/realsense2_camera_msgs/realsense2_camera_msgs/msg/detail/metadata__functions.h
[1.238s] -- Up-to-date symlink: /home/min/Workspace/scout_mini/install/realsense2_camera_msgs/include/realsense2_camera_msgs/realsense2_camera_msgs/msg/detail/metadata__struct.h
[1.238s] -- Up-to-date symlink: /home/min/Workspace/scout_mini/install/realsense2_camera_msgs/include/realsense2_camera_msgs/realsense2_camera_msgs/msg/detail/metadata__type_support.h
[1.239s] -- Up-to-date symlink: /home/min/Workspace/scout_mini/install/realsense2_camera_msgs/include/realsense2_camera_msgs/realsense2_camera_msgs/msg/detail/rgbd__functions.h
[1.239s] -- Up-to-date symlink: /home/min/Workspace/scout_mini/install/realsense2_camera_msgs/include/realsense2_camera_msgs/realsense2_camera_msgs/msg/detail/rgbd__struct.h
[1.239s] -- Up-to-date symlink: /home/min/Workspace/scout_mini/install/realsense2_camera_msgs/include/realsense2_camera_msgs/realsense2_camera_msgs/msg/detail/rgbd__type_support.h
[1.239s] -- Up-to-date symlink: /home/min/Workspace/scout_mini/install/realsense2_camera_msgs/include/realsense2_camera_msgs/realsense2_camera_msgs/msg/extrinsics.h
[1.239s] -- Up-to-date symlink: /home/min/Workspace/scout_mini/install/realsense2_camera_msgs/include/realsense2_camera_msgs/realsense2_camera_msgs/msg/imu_info.h
[1.239s] -- Up-to-date symlink: /home/min/Workspace/scout_mini/install/realsense2_camera_msgs/include/realsense2_camera_msgs/realsense2_camera_msgs/msg/metadata.h
[1.239s] -- Up-to-date symlink: /home/min/Workspace/scout_mini/install/realsense2_camera_msgs/include/realsense2_camera_msgs/realsense2_camera_msgs/msg/rgbd.h
[1.240s] -- Up-to-date symlink: /home/min/Workspace/scout_mini/install/realsense2_camera_msgs/include/realsense2_camera_msgs/realsense2_camera_msgs/msg/rosidl_generator_c__visibility_control.h
[1.240s] -- Up-to-date symlink: /home/min/Workspace/scout_mini/install/realsense2_camera_msgs/include/realsense2_camera_msgs/realsense2_camera_msgs/srv/calib_config_read.h
[1.242s] -- Up-to-date symlink: /home/min/Workspace/scout_mini/install/realsense2_camera_msgs/include/realsense2_camera_msgs/realsense2_camera_msgs/srv/calib_config_write.h
[1.242s] -- Up-to-date symlink: /home/min/Workspace/scout_mini/install/realsense2_camera_msgs/include/realsense2_camera_msgs/realsense2_camera_msgs/srv/detail/calib_config_read__functions.h
[1.242s] -- Up-to-date symlink: /home/min/Workspace/scout_mini/install/realsense2_camera_msgs/include/realsense2_camera_msgs/realsense2_camera_msgs/srv/detail/calib_config_read__struct.h
[1.243s] -- Up-to-date symlink: /home/min/Workspace/scout_mini/install/realsense2_camera_msgs/include/realsense2_camera_msgs/realsense2_camera_msgs/srv/detail/calib_config_read__type_support.h
[1.243s] -- Up-to-date symlink: /home/min/Workspace/scout_mini/install/realsense2_camera_msgs/include/realsense2_camera_msgs/realsense2_camera_msgs/srv/detail/calib_config_write__functions.h
[1.243s] -- Up-to-date symlink: /home/min/Workspace/scout_mini/install/realsense2_camera_msgs/include/realsense2_camera_msgs/realsense2_camera_msgs/srv/detail/calib_config_write__struct.h
[1.243s] -- Up-to-date symlink: /home/min/Workspace/scout_mini/install/realsense2_camera_msgs/include/realsense2_camera_msgs/realsense2_camera_msgs/srv/detail/calib_config_write__type_support.h
[1.243s] -- Up-to-date symlink: /home/min/Workspace/scout_mini/install/realsense2_camera_msgs/include/realsense2_camera_msgs/realsense2_camera_msgs/srv/detail/device_info__functions.h
[1.243s] -- Up-to-date symlink: /home/min/Workspace/scout_mini/install/realsense2_camera_msgs/include/realsense2_camera_msgs/realsense2_camera_msgs/srv/detail/device_info__struct.h
[1.243s] -- Up-to-date symlink: /home/min/Workspace/scout_mini/install/realsense2_camera_msgs/include/realsense2_camera_msgs/realsense2_camera_msgs/srv/detail/device_info__type_support.h
[1.243s] -- Up-to-date symlink: /home/min/Workspace/scout_mini/install/realsense2_camera_msgs/include/realsense2_camera_msgs/realsense2_camera_msgs/srv/device_info.h
[1.243s] -- Up-to-date symlink: /home/min/Workspace/scout_mini/install/realsense2_camera_msgs/share/realsense2_camera_msgs/environment/library_path.sh
[1.244s] -- Up-to-date symlink: /home/min/Workspace/scout_mini/install/realsense2_camera_msgs/share/realsense2_camera_msgs/environment/library_path.dsv
[1.244s] -- Up-to-date symlink: /home/min/Workspace/scout_mini/install/realsense2_camera_msgs/include/realsense2_camera_msgs/realsense2_camera_msgs/action/detail/triggered_calibration__rosidl_typesupport_fastrtps_c.h
[1.244s] -- Up-to-date symlink: /home/min/Workspace/scout_mini/install/realsense2_camera_msgs/include/realsense2_camera_msgs/realsense2_camera_msgs/msg/detail/extrinsics__rosidl_typesupport_fastrtps_c.h
[1.244s] -- Up-to-date symlink: /home/min/Workspace/scout_mini/install/realsense2_camera_msgs/include/realsense2_camera_msgs/realsense2_camera_msgs/msg/detail/imu_info__rosidl_typesupport_fastrtps_c.h
[1.244s] -- Up-to-date symlink: /home/min/Workspace/scout_mini/install/realsense2_camera_msgs/include/realsense2_camera_msgs/realsense2_camera_msgs/msg/detail/metadata__rosidl_typesupport_fastrtps_c.h
[1.244s] -- Up-to-date symlink: /home/min/Workspace/scout_mini/install/realsense2_camera_msgs/include/realsense2_camera_msgs/realsense2_camera_msgs/msg/detail/rgbd__rosidl_typesupport_fastrtps_c.h
[1.244s] -- Up-to-date symlink: /home/min/Workspace/scout_mini/install/realsense2_camera_msgs/include/realsense2_camera_msgs/realsense2_camera_msgs/msg/rosidl_typesupport_fastrtps_c__visibility_control.h
[1.244s] -- Up-to-date symlink: /home/min/Workspace/scout_mini/install/realsense2_camera_msgs/include/realsense2_camera_msgs/realsense2_camera_msgs/srv/detail/calib_config_read__rosidl_typesupport_fastrtps_c.h
[1.245s] -- Up-to-date symlink: /home/min/Workspace/scout_mini/install/realsense2_camera_msgs/include/realsense2_camera_msgs/realsense2_camera_msgs/srv/detail/calib_config_write__rosidl_typesupport_fastrtps_c.h
[1.245s] -- Up-to-date symlink: /home/min/Workspace/scout_mini/install/realsense2_camera_msgs/include/realsense2_camera_msgs/realsense2_camera_msgs/srv/detail/device_info__rosidl_typesupport_fastrtps_c.h
[1.245s] -- Up-to-date symlink: /home/min/Workspace/scout_mini/install/realsense2_camera_msgs/include/realsense2_camera_msgs/realsense2_camera_msgs/action/detail/triggered_calibration__rosidl_typesupport_introspection_c.h
[1.245s] -- Up-to-date symlink: /home/min/Workspace/scout_mini/install/realsense2_camera_msgs/include/realsense2_camera_msgs/realsense2_camera_msgs/msg/detail/extrinsics__rosidl_typesupport_introspection_c.h
[1.245s] -- Up-to-date symlink: /home/min/Workspace/scout_mini/install/realsense2_camera_msgs/include/realsense2_camera_msgs/realsense2_camera_msgs/msg/detail/imu_info__rosidl_typesupport_introspection_c.h
[1.245s] -- Up-to-date symlink: /home/min/Workspace/scout_mini/install/realsense2_camera_msgs/include/realsense2_camera_msgs/realsense2_camera_msgs/msg/detail/metadata__rosidl_typesupport_introspection_c.h
[1.245s] -- Up-to-date symlink: /home/min/Workspace/scout_mini/install/realsense2_camera_msgs/include/realsense2_camera_msgs/realsense2_camera_msgs/msg/detail/rgbd__rosidl_typesupport_introspection_c.h
[1.245s] -- Up-to-date symlink: /home/min/Workspace/scout_mini/install/realsense2_camera_msgs/include/realsense2_camera_msgs/realsense2_camera_msgs/msg/rosidl_typesupport_introspection_c__visibility_control.h
[1.245s] -- Up-to-date symlink: /home/min/Workspace/scout_mini/install/realsense2_camera_msgs/include/realsense2_camera_msgs/realsense2_camera_msgs/srv/detail/calib_config_read__rosidl_typesupport_introspection_c.h
[1.246s] -- Up-to-date symlink: /home/min/Workspace/scout_mini/install/realsense2_camera_msgs/include/realsense2_camera_msgs/realsense2_camera_msgs/srv/detail/calib_config_write__rosidl_typesupport_introspection_c.h
[1.246s] -- Up-to-date symlink: /home/min/Workspace/scout_mini/install/realsense2_camera_msgs/include/realsense2_camera_msgs/realsense2_camera_msgs/srv/detail/device_info__rosidl_typesupport_introspection_c.h
[1.246s] -- Up-to-date symlink: /home/min/Workspace/scout_mini/install/realsense2_camera_msgs/include/realsense2_camera_msgs/realsense2_camera_msgs/action/detail/triggered_calibration__builder.hpp
[1.247s] -- Up-to-date symlink: /home/min/Workspace/scout_mini/install/realsense2_camera_msgs/include/realsense2_camera_msgs/realsense2_camera_msgs/action/detail/triggered_calibration__struct.hpp
[1.247s] -- Up-to-date symlink: /home/min/Workspace/scout_mini/install/realsense2_camera_msgs/include/realsense2_camera_msgs/realsense2_camera_msgs/action/detail/triggered_calibration__traits.hpp
[1.251s] -- Up-to-date symlink: /home/min/Workspace/scout_mini/install/realsense2_camera_msgs/include/realsense2_camera_msgs/realsense2_camera_msgs/action/detail/triggered_calibration__type_support.hpp
[1.251s] -- Up-to-date symlink: /home/min/Workspace/scout_mini/install/realsense2_camera_msgs/include/realsense2_camera_msgs/realsense2_camera_msgs/action/triggered_calibration.hpp
[1.251s] -- Up-to-date symlink: /home/min/Workspace/scout_mini/install/realsense2_camera_msgs/include/realsense2_camera_msgs/realsense2_camera_msgs/msg/detail/extrinsics__builder.hpp
[1.251s] -- Up-to-date symlink: /home/min/Workspace/scout_mini/install/realsense2_camera_msgs/include/realsense2_camera_msgs/realsense2_camera_msgs/msg/detail/extrinsics__struct.hpp
[1.252s] -- Up-to-date symlink: /home/min/Workspace/scout_mini/install/realsense2_camera_msgs/include/realsense2_camera_msgs/realsense2_camera_msgs/msg/detail/extrinsics__traits.hpp
[1.252s] -- Up-to-date symlink: /home/min/Workspace/scout_mini/install/realsense2_camera_msgs/include/realsense2_camera_msgs/realsense2_camera_msgs/msg/detail/extrinsics__type_support.hpp
[1.253s] -- Up-to-date symlink: /home/min/Workspace/scout_mini/install/realsense2_camera_msgs/include/realsense2_camera_msgs/realsense2_camera_msgs/msg/detail/imu_info__builder.hpp
[1.253s] -- Up-to-date symlink: /home/min/Workspace/scout_mini/install/realsense2_camera_msgs/include/realsense2_camera_msgs/realsense2_camera_msgs/msg/detail/imu_info__struct.hpp
[1.253s] -- Up-to-date symlink: /home/min/Workspace/scout_mini/install/realsense2_camera_msgs/include/realsense2_camera_msgs/realsense2_camera_msgs/msg/detail/imu_info__traits.hpp
[1.254s] -- Up-to-date symlink: /home/min/Workspace/scout_mini/install/realsense2_camera_msgs/include/realsense2_camera_msgs/realsense2_camera_msgs/msg/detail/imu_info__type_support.hpp
[1.254s] -- Up-to-date symlink: /home/min/Workspace/scout_mini/install/realsense2_camera_msgs/include/realsense2_camera_msgs/realsense2_camera_msgs/msg/detail/metadata__builder.hpp
[1.254s] -- Up-to-date symlink: /home/min/Workspace/scout_mini/install/realsense2_camera_msgs/include/realsense2_camera_msgs/realsense2_camera_msgs/msg/detail/metadata__struct.hpp
[1.254s] -- Up-to-date symlink: /home/min/Workspace/scout_mini/install/realsense2_camera_msgs/include/realsense2_camera_msgs/realsense2_camera_msgs/msg/detail/metadata__traits.hpp
[1.254s] -- Up-to-date symlink: /home/min/Workspace/scout_mini/install/realsense2_camera_msgs/include/realsense2_camera_msgs/realsense2_camera_msgs/msg/detail/metadata__type_support.hpp
[1.254s] -- Up-to-date symlink: /home/min/Workspace/scout_mini/install/realsense2_camera_msgs/include/realsense2_camera_msgs/realsense2_camera_msgs/msg/detail/rgbd__builder.hpp
[1.255s] -- Up-to-date symlink: /home/min/Workspace/scout_mini/install/realsense2_camera_msgs/include/realsense2_camera_msgs/realsense2_camera_msgs/msg/detail/rgbd__struct.hpp
[1.256s] -- Up-to-date symlink: /home/min/Workspace/scout_mini/install/realsense2_camera_msgs/include/realsense2_camera_msgs/realsense2_camera_msgs/msg/detail/rgbd__traits.hpp
[1.256s] -- Up-to-date symlink: /home/min/Workspace/scout_mini/install/realsense2_camera_msgs/include/realsense2_camera_msgs/realsense2_camera_msgs/msg/detail/rgbd__type_support.hpp
[1.256s] -- Up-to-date symlink: /home/min/Workspace/scout_mini/install/realsense2_camera_msgs/include/realsense2_camera_msgs/realsense2_camera_msgs/msg/extrinsics.hpp
[1.256s] -- Up-to-date symlink: /home/min/Workspace/scout_mini/install/realsense2_camera_msgs/include/realsense2_camera_msgs/realsense2_camera_msgs/msg/imu_info.hpp
[1.256s] -- Up-to-date symlink: /home/min/Workspace/scout_mini/install/realsense2_camera_msgs/include/realsense2_camera_msgs/realsense2_camera_msgs/msg/metadata.hpp
[1.257s] -- Up-to-date symlink: /home/min/Workspace/scout_mini/install/realsense2_camera_msgs/include/realsense2_camera_msgs/realsense2_camera_msgs/msg/rgbd.hpp
[1.257s] -- Up-to-date symlink: /home/min/Workspace/scout_mini/install/realsense2_camera_msgs/include/realsense2_camera_msgs/realsense2_camera_msgs/msg/rosidl_generator_cpp__visibility_control.hpp
[1.257s] -- Up-to-date symlink: /home/min/Workspace/scout_mini/install/realsense2_camera_msgs/include/realsense2_camera_msgs/realsense2_camera_msgs/srv/calib_config_read.hpp
[1.258s] -- Up-to-date symlink: /home/min/Workspace/scout_mini/install/realsense2_camera_msgs/include/realsense2_camera_msgs/realsense2_camera_msgs/srv/calib_config_write.hpp
[1.258s] -- Up-to-date symlink: /home/min/Workspace/scout_mini/install/realsense2_camera_msgs/include/realsense2_camera_msgs/realsense2_camera_msgs/srv/detail/calib_config_read__builder.hpp
[1.258s] -- Up-to-date symlink: /home/min/Workspace/scout_mini/install/realsense2_camera_msgs/include/realsense2_camera_msgs/realsense2_camera_msgs/srv/detail/calib_config_read__struct.hpp
[1.258s] -- Up-to-date symlink: /home/min/Workspace/scout_mini/install/realsense2_camera_msgs/include/realsense2_camera_msgs/realsense2_camera_msgs/srv/detail/calib_config_read__traits.hpp
[1.258s] -- Up-to-date symlink: /home/min/Workspace/scout_mini/install/realsense2_camera_msgs/include/realsense2_camera_msgs/realsense2_camera_msgs/srv/detail/calib_config_read__type_support.hpp
[1.259s] -- Up-to-date symlink: /home/min/Workspace/scout_mini/install/realsense2_camera_msgs/include/realsense2_camera_msgs/realsense2_camera_msgs/srv/detail/calib_config_write__builder.hpp
[1.259s] -- Up-to-date symlink: /home/min/Workspace/scout_mini/install/realsense2_camera_msgs/include/realsense2_camera_msgs/realsense2_camera_msgs/srv/detail/calib_config_write__struct.hpp
[1.260s] -- Up-to-date symlink: /home/min/Workspace/scout_mini/install/realsense2_camera_msgs/include/realsense2_camera_msgs/realsense2_camera_msgs/srv/detail/calib_config_write__traits.hpp
[1.260s] -- Up-to-date symlink: /home/min/Workspace/scout_mini/install/realsense2_camera_msgs/include/realsense2_camera_msgs/realsense2_camera_msgs/srv/detail/calib_config_write__type_support.hpp
[1.260s] -- Up-to-date symlink: /home/min/Workspace/scout_mini/install/realsense2_camera_msgs/include/realsense2_camera_msgs/realsense2_camera_msgs/srv/detail/device_info__builder.hpp
[1.260s] -- Up-to-date symlink: /home/min/Workspace/scout_mini/install/realsense2_camera_msgs/include/realsense2_camera_msgs/realsense2_camera_msgs/srv/detail/device_info__struct.hpp
[1.260s] -- Up-to-date symlink: /home/min/Workspace/scout_mini/install/realsense2_camera_msgs/include/realsense2_camera_msgs/realsense2_camera_msgs/srv/detail/device_info__traits.hpp
[1.260s] -- Up-to-date symlink: /home/min/Workspace/scout_mini/install/realsense2_camera_msgs/include/realsense2_camera_msgs/realsense2_camera_msgs/srv/detail/device_info__type_support.hpp
[1.261s] -- Up-to-date symlink: /home/min/Workspace/scout_mini/install/realsense2_camera_msgs/include/realsense2_camera_msgs/realsense2_camera_msgs/srv/device_info.hpp
[1.264s] -- Up-to-date symlink: /home/min/Workspace/scout_mini/install/realsense2_camera_msgs/include/realsense2_camera_msgs/realsense2_camera_msgs/action/detail/triggered_calibration__rosidl_typesupport_fastrtps_cpp.hpp
[1.264s] -- Up-to-date symlink: /home/min/Workspace/scout_mini/install/realsense2_camera_msgs/include/realsense2_camera_msgs/realsense2_camera_msgs/msg/detail/extrinsics__rosidl_typesupport_fastrtps_cpp.hpp
[1.264s] -- Up-to-date symlink: /home/min/Workspace/scout_mini/install/realsense2_camera_msgs/include/realsense2_camera_msgs/realsense2_camera_msgs/msg/detail/imu_info__rosidl_typesupport_fastrtps_cpp.hpp
[1.264s] -- Up-to-date symlink: /home/min/Workspace/scout_mini/install/realsense2_camera_msgs/include/realsense2_camera_msgs/realsense2_camera_msgs/msg/detail/metadata__rosidl_typesupport_fastrtps_cpp.hpp
[1.264s] -- Up-to-date symlink: /home/min/Workspace/scout_mini/install/realsense2_camera_msgs/include/realsense2_camera_msgs/realsense2_camera_msgs/msg/detail/rgbd__rosidl_typesupport_fastrtps_cpp.hpp
[1.265s] -- Up-to-date symlink: /home/min/Workspace/scout_mini/install/realsense2_camera_msgs/include/realsense2_camera_msgs/realsense2_camera_msgs/msg/rosidl_typesupport_fastrtps_cpp__visibility_control.h
[1.265s] -- Up-to-date symlink: /home/min/Workspace/scout_mini/install/realsense2_camera_msgs/include/realsense2_camera_msgs/realsense2_camera_msgs/srv/detail/calib_config_read__rosidl_typesupport_fastrtps_cpp.hpp
[1.265s] -- Up-to-date symlink: /home/min/Workspace/scout_mini/install/realsense2_camera_msgs/include/realsense2_camera_msgs/realsense2_camera_msgs/srv/detail/calib_config_write__rosidl_typesupport_fastrtps_cpp.hpp
[1.265s] -- Up-to-date symlink: /home/min/Workspace/scout_mini/install/realsense2_camera_msgs/include/realsense2_camera_msgs/realsense2_camera_msgs/srv/detail/device_info__rosidl_typesupport_fastrtps_cpp.hpp
[1.265s] -- Up-to-date symlink: /home/min/Workspace/scout_mini/install/realsense2_camera_msgs/include/realsense2_camera_msgs/realsense2_camera_msgs/action/detail/triggered_calibration__rosidl_typesupport_introspection_cpp.hpp
[1.265s] -- Up-to-date symlink: /home/min/Workspace/scout_mini/install/realsense2_camera_msgs/include/realsense2_camera_msgs/realsense2_camera_msgs/msg/detail/extrinsics__rosidl_typesupport_introspection_cpp.hpp
[1.265s] -- Up-to-date symlink: /home/min/Workspace/scout_mini/install/realsense2_camera_msgs/include/realsense2_camera_msgs/realsense2_camera_msgs/msg/detail/imu_info__rosidl_typesupport_introspection_cpp.hpp
[1.265s] -- Up-to-date symlink: /home/min/Workspace/scout_mini/install/realsense2_camera_msgs/include/realsense2_camera_msgs/realsense2_camera_msgs/msg/detail/metadata__rosidl_typesupport_introspection_cpp.hpp
[1.266s] -- Up-to-date symlink: /home/min/Workspace/scout_mini/install/realsense2_camera_msgs/include/realsense2_camera_msgs/realsense2_camera_msgs/msg/detail/rgbd__rosidl_typesupport_introspection_cpp.hpp
[1.266s] -- Up-to-date symlink: /home/min/Workspace/scout_mini/install/realsense2_camera_msgs/include/realsense2_camera_msgs/realsense2_camera_msgs/srv/detail/calib_config_read__rosidl_typesupport_introspection_cpp.hpp
[1.266s] -- Up-to-date symlink: /home/min/Workspace/scout_mini/install/realsense2_camera_msgs/include/realsense2_camera_msgs/realsense2_camera_msgs/srv/detail/calib_config_write__rosidl_typesupport_introspection_cpp.hpp
[1.266s] -- Up-to-date symlink: /home/min/Workspace/scout_mini/install/realsense2_camera_msgs/include/realsense2_camera_msgs/realsense2_camera_msgs/srv/detail/device_info__rosidl_typesupport_introspection_cpp.hpp
[1.266s] -- Up-to-date symlink: /home/min/Workspace/scout_mini/install/realsense2_camera_msgs/share/realsense2_camera_msgs/environment/pythonpath.sh
[1.266s] -- Up-to-date symlink: /home/min/Workspace/scout_mini/install/realsense2_camera_msgs/share/realsense2_camera_msgs/environment/pythonpath.dsv
[1.266s] -- Up-to-date symlink: /home/min/Workspace/scout_mini/install/realsense2_camera_msgs/local/lib/python3.10/dist-packages/realsense2_camera_msgs-4.56.4-py3.10.egg-info/PKG-INFO
[1.267s] -- Up-to-date symlink: /home/min/Workspace/scout_mini/install/realsense2_camera_msgs/local/lib/python3.10/dist-packages/realsense2_camera_msgs-4.56.4-py3.10.egg-info/SOURCES.txt
[1.267s] -- Up-to-date symlink: /home/min/Workspace/scout_mini/install/realsense2_camera_msgs/local/lib/python3.10/dist-packages/realsense2_camera_msgs-4.56.4-py3.10.egg-info/dependency_links.txt
[1.267s] -- Up-to-date symlink: /home/min/Workspace/scout_mini/install/realsense2_camera_msgs/local/lib/python3.10/dist-packages/realsense2_camera_msgs-4.56.4-py3.10.egg-info/top_level.txt
[1.268s] -- Up-to-date symlink: /home/min/Workspace/scout_mini/install/realsense2_camera_msgs/local/lib/python3.10/dist-packages/realsense2_camera_msgs/__init__.py
[1.268s] -- Up-to-date symlink: /home/min/Workspace/scout_mini/install/realsense2_camera_msgs/local/lib/python3.10/dist-packages/realsense2_camera_msgs/_realsense2_camera_msgs_s.ep.rosidl_typesupport_c.c
[1.268s] -- Up-to-date symlink: /home/min/Workspace/scout_mini/install/realsense2_camera_msgs/local/lib/python3.10/dist-packages/realsense2_camera_msgs/_realsense2_camera_msgs_s.ep.rosidl_typesupport_fastrtps_c.c
[1.268s] -- Up-to-date symlink: /home/min/Workspace/scout_mini/install/realsense2_camera_msgs/local/lib/python3.10/dist-packages/realsense2_camera_msgs/_realsense2_camera_msgs_s.ep.rosidl_typesupport_introspection_c.c
[1.268s] -- Up-to-date symlink: /home/min/Workspace/scout_mini/install/realsense2_camera_msgs/local/lib/python3.10/dist-packages/realsense2_camera_msgs/action/__init__.py
[1.269s] -- Up-to-date symlink: /home/min/Workspace/scout_mini/install/realsense2_camera_msgs/local/lib/python3.10/dist-packages/realsense2_camera_msgs/action/_triggered_calibration.py
[1.269s] -- Up-to-date symlink: /home/min/Workspace/scout_mini/install/realsense2_camera_msgs/local/lib/python3.10/dist-packages/realsense2_camera_msgs/action/_triggered_calibration_s.c
[1.269s] -- Up-to-date symlink: /home/min/Workspace/scout_mini/install/realsense2_camera_msgs/local/lib/python3.10/dist-packages/realsense2_camera_msgs/librealsense2_camera_msgs__rosidl_generator_py.so
[1.269s] -- Up-to-date symlink: /home/min/Workspace/scout_mini/install/realsense2_camera_msgs/local/lib/python3.10/dist-packages/realsense2_camera_msgs/msg/__init__.py
[1.269s] -- Up-to-date symlink: /home/min/Workspace/scout_mini/install/realsense2_camera_msgs/local/lib/python3.10/dist-packages/realsense2_camera_msgs/msg/_extrinsics.py
[1.270s] -- Up-to-date symlink: /home/min/Workspace/scout_mini/install/realsense2_camera_msgs/local/lib/python3.10/dist-packages/realsense2_camera_msgs/msg/_extrinsics_s.c
[1.270s] -- Up-to-date symlink: /home/min/Workspace/scout_mini/install/realsense2_camera_msgs/local/lib/python3.10/dist-packages/realsense2_camera_msgs/msg/_imu_info.py
[1.270s] -- Up-to-date symlink: /home/min/Workspace/scout_mini/install/realsense2_camera_msgs/local/lib/python3.10/dist-packages/realsense2_camera_msgs/msg/_imu_info_s.c
[1.270s] -- Up-to-date symlink: /home/min/Workspace/scout_mini/install/realsense2_camera_msgs/local/lib/python3.10/dist-packages/realsense2_camera_msgs/msg/_metadata.py
[1.270s] -- Up-to-date symlink: /home/min/Workspace/scout_mini/install/realsense2_camera_msgs/local/lib/python3.10/dist-packages/realsense2_camera_msgs/msg/_metadata_s.c
[1.270s] -- Up-to-date symlink: /home/min/Workspace/scout_mini/install/realsense2_camera_msgs/local/lib/python3.10/dist-packages/realsense2_camera_msgs/msg/_rgbd.py
[1.270s] -- Up-to-date symlink: /home/min/Workspace/scout_mini/install/realsense2_camera_msgs/local/lib/python3.10/dist-packages/realsense2_camera_msgs/msg/_rgbd_s.c
[1.271s] -- Up-to-date symlink: /home/min/Workspace/scout_mini/install/realsense2_camera_msgs/local/lib/python3.10/dist-packages/realsense2_camera_msgs/realsense2_camera_msgs_s__rosidl_typesupport_c.cpython-310-x86_64-linux-gnu.so
[1.271s] -- Up-to-date symlink: /home/min/Workspace/scout_mini/install/realsense2_camera_msgs/local/lib/python3.10/dist-packages/realsense2_camera_msgs/realsense2_camera_msgs_s__rosidl_typesupport_fastrtps_c.cpython-310-x86_64-linux-gnu.so
[1.271s] -- Up-to-date symlink: /home/min/Workspace/scout_mini/install/realsense2_camera_msgs/local/lib/python3.10/dist-packages/realsense2_camera_msgs/realsense2_camera_msgs_s__rosidl_typesupport_introspection_c.cpython-310-x86_64-linux-gnu.so
[1.271s] -- Up-to-date symlink: /home/min/Workspace/scout_mini/install/realsense2_camera_msgs/local/lib/python3.10/dist-packages/realsense2_camera_msgs/srv/__init__.py
[1.271s] -- Up-to-date symlink: /home/min/Workspace/scout_mini/install/realsense2_camera_msgs/local/lib/python3.10/dist-packages/realsense2_camera_msgs/srv/_calib_config_read.py
[1.272s] -- Up-to-date symlink: /home/min/Workspace/scout_mini/install/realsense2_camera_msgs/local/lib/python3.10/dist-packages/realsense2_camera_msgs/srv/_calib_config_read_s.c
[1.272s] -- Up-to-date symlink: /home/min/Workspace/scout_mini/install/realsense2_camera_msgs/local/lib/python3.10/dist-packages/realsense2_camera_msgs/srv/_calib_config_write.py
[1.272s] -- Up-to-date symlink: /home/min/Workspace/scout_mini/install/realsense2_camera_msgs/local/lib/python3.10/dist-packages/realsense2_camera_msgs/srv/_calib_config_write_s.c
[1.272s] -- Up-to-date symlink: /home/min/Workspace/scout_mini/install/realsense2_camera_msgs/local/lib/python3.10/dist-packages/realsense2_camera_msgs/srv/_device_info.py
[1.273s] -- Up-to-date symlink: /home/min/Workspace/scout_mini/install/realsense2_camera_msgs/local/lib/python3.10/dist-packages/realsense2_camera_msgs/srv/_device_info_s.c
[1.273s] -- Up-to-date symlink: /home/min/Workspace/scout_mini/install/realsense2_camera_msgs/local/lib/python3.10/dist-packages/realsense2_camera_msgs/realsense2_camera_msgs_s__rosidl_typesupport_fastrtps_c.cpython-310-x86_64-linux-gnu.so
[1.273s] -- Up-to-date symlink: /home/min/Workspace/scout_mini/install/realsense2_camera_msgs/local/lib/python3.10/dist-packages/realsense2_camera_msgs/realsense2_camera_msgs_s__rosidl_typesupport_introspection_c.cpython-310-x86_64-linux-gnu.so
[1.273s] -- Up-to-date symlink: /home/min/Workspace/scout_mini/install/realsense2_camera_msgs/local/lib/python3.10/dist-packages/realsense2_camera_msgs/realsense2_camera_msgs_s__rosidl_typesupport_c.cpython-310-x86_64-linux-gnu.so
[1.273s] -- Up-to-date symlink: /home/min/Workspace/scout_mini/install/realsense2_camera_msgs/share/realsense2_camera_msgs/msg/IMUInfo.idl
[1.273s] -- Up-to-date symlink: /home/min/Workspace/scout_mini/install/realsense2_camera_msgs/share/realsense2_camera_msgs/msg/Extrinsics.idl
[1.274s] -- Up-to-date symlink: /home/min/Workspace/scout_mini/install/realsense2_camera_msgs/share/realsense2_camera_msgs/msg/Metadata.idl
[1.274s] -- Up-to-date symlink: /home/min/Workspace/scout_mini/install/realsense2_camera_msgs/share/realsense2_camera_msgs/msg/RGBD.idl
[1.274s] -- Up-to-date symlink: /home/min/Workspace/scout_mini/install/realsense2_camera_msgs/share/realsense2_camera_msgs/srv/DeviceInfo.idl
[1.274s] -- Up-to-date symlink: /home/min/Workspace/scout_mini/install/realsense2_camera_msgs/share/realsense2_camera_msgs/srv/CalibConfigRead.idl
[1.274s] -- Up-to-date symlink: /home/min/Workspace/scout_mini/install/realsense2_camera_msgs/share/realsense2_camera_msgs/srv/CalibConfigWrite.idl
[1.274s] -- Up-to-date symlink: /home/min/Workspace/scout_mini/install/realsense2_camera_msgs/share/realsense2_camera_msgs/action/TriggeredCalibration.idl
[1.275s] -- Up-to-date symlink: /home/min/Workspace/scout_mini/install/realsense2_camera_msgs/share/realsense2_camera_msgs/msg/IMUInfo.msg
[1.275s] -- Up-to-date symlink: /home/min/Workspace/scout_mini/install/realsense2_camera_msgs/share/realsense2_camera_msgs/msg/Extrinsics.msg
[1.275s] -- Up-to-date symlink: /home/min/Workspace/scout_mini/install/realsense2_camera_msgs/share/realsense2_camera_msgs/msg/Metadata.msg
[1.275s] -- Up-to-date symlink: /home/min/Workspace/scout_mini/install/realsense2_camera_msgs/share/realsense2_camera_msgs/msg/RGBD.msg
[1.275s] -- Up-to-date symlink: /home/min/Workspace/scout_mini/install/realsense2_camera_msgs/share/realsense2_camera_msgs/srv/DeviceInfo.srv
[1.275s] -- Up-to-date symlink: /home/min/Workspace/scout_mini/install/realsense2_camera_msgs/share/realsense2_camera_msgs/srv/DeviceInfo_Request.msg
[1.276s] -- Up-to-date symlink: /home/min/Workspace/scout_mini/install/realsense2_camera_msgs/share/realsense2_camera_msgs/srv/DeviceInfo_Response.msg
[1.276s] -- Up-to-date symlink: /home/min/Workspace/scout_mini/install/realsense2_camera_msgs/share/realsense2_camera_msgs/srv/CalibConfigRead.srv
[1.276s] -- Up-to-date symlink: /home/min/Workspace/scout_mini/install/realsense2_camera_msgs/share/realsense2_camera_msgs/srv/CalibConfigRead_Request.msg
[1.276s] -- Up-to-date symlink: /home/min/Workspace/scout_mini/install/realsense2_camera_msgs/share/realsense2_camera_msgs/srv/CalibConfigRead_Response.msg
[1.276s] -- Up-to-date symlink: /home/min/Workspace/scout_mini/install/realsense2_camera_msgs/share/realsense2_camera_msgs/srv/CalibConfigWrite.srv
[1.276s] -- Up-to-date symlink: /home/min/Workspace/scout_mini/install/realsense2_camera_msgs/share/realsense2_camera_msgs/srv/CalibConfigWrite_Request.msg
[1.276s] -- Up-to-date symlink: /home/min/Workspace/scout_mini/install/realsense2_camera_msgs/share/realsense2_camera_msgs/srv/CalibConfigWrite_Response.msg
[1.276s] -- Up-to-date symlink: /home/min/Workspace/scout_mini/install/realsense2_camera_msgs/share/realsense2_camera_msgs/action/TriggeredCalibration.action
[1.277s] -- Up-to-date symlink: /home/min/Workspace/scout_mini/install/realsense2_camera_msgs/share/ament_index/resource_index/package_run_dependencies/realsense2_camera_msgs
[1.277s] -- Up-to-date symlink: /home/min/Workspace/scout_mini/install/realsense2_camera_msgs/share/ament_index/resource_index/parent_prefix_path/realsense2_camera_msgs
[1.277s] -- Up-to-date symlink: /home/min/Workspace/scout_mini/install/realsense2_camera_msgs/share/realsense2_camera_msgs/environment/ament_prefix_path.sh
[1.277s] -- Up-to-date symlink: /home/min/Workspace/scout_mini/install/realsense2_camera_msgs/share/realsense2_camera_msgs/environment/ament_prefix_path.dsv
[1.277s] -- Up-to-date symlink: /home/min/Workspace/scout_mini/install/realsense2_camera_msgs/share/realsense2_camera_msgs/environment/path.sh
[1.277s] -- Up-to-date symlink: /home/min/Workspace/scout_mini/install/realsense2_camera_msgs/share/realsense2_camera_msgs/environment/path.dsv
[1.280s] -- Up-to-date symlink: /home/min/Workspace/scout_mini/install/realsense2_camera_msgs/share/realsense2_camera_msgs/local_setup.bash
[1.280s] -- Up-to-date symlink: /home/min/Workspace/scout_mini/install/realsense2_camera_msgs/share/realsense2_camera_msgs/local_setup.sh
[1.280s] -- Up-to-date symlink: /home/min/Workspace/scout_mini/install/realsense2_camera_msgs/share/realsense2_camera_msgs/local_setup.zsh
[1.281s] -- Up-to-date symlink: /home/min/Workspace/scout_mini/install/realsense2_camera_msgs/share/realsense2_camera_msgs/local_setup.dsv
[1.281s] -- Symlinking: /home/min/Workspace/scout_mini/install/realsense2_camera_msgs/share/realsense2_camera_msgs/package.dsv
[1.281s] -- Up-to-date symlink: /home/min/Workspace/scout_mini/install/realsense2_camera_msgs/share/ament_index/resource_index/packages/realsense2_camera_msgs
[1.281s] -- Up-to-date symlink: /home/min/Workspace/scout_mini/install/realsense2_camera_msgs/share/realsense2_camera_msgs/cmake/rosidl_cmake-extras.cmake
[1.281s] -- Up-to-date symlink: /home/min/Workspace/scout_mini/install/realsense2_camera_msgs/share/realsense2_camera_msgs/cmake/ament_cmake_export_dependencies-extras.cmake
[1.282s] -- Up-to-date symlink: /home/min/Workspace/scout_mini/install/realsense2_camera_msgs/share/realsense2_camera_msgs/cmake/ament_cmake_export_include_directories-extras.cmake
[1.282s] -- Up-to-date symlink: /home/min/Workspace/scout_mini/install/realsense2_camera_msgs/share/realsense2_camera_msgs/cmake/ament_cmake_export_libraries-extras.cmake
[1.282s] -- Up-to-date symlink: /home/min/Workspace/scout_mini/install/realsense2_camera_msgs/share/realsense2_camera_msgs/cmake/ament_cmake_export_targets-extras.cmake
[1.282s] -- Up-to-date symlink: /home/min/Workspace/scout_mini/install/realsense2_camera_msgs/share/realsense2_camera_msgs/cmake/rosidl_cmake_export_typesupport_targets-extras.cmake
[1.282s] -- Up-to-date symlink: /home/min/Workspace/scout_mini/install/realsense2_camera_msgs/share/realsense2_camera_msgs/cmake/rosidl_cmake_export_typesupport_libraries-extras.cmake
[1.282s] -- Up-to-date symlink: /home/min/Workspace/scout_mini/install/realsense2_camera_msgs/share/realsense2_camera_msgs/cmake/realsense2_camera_msgsConfig.cmake
[1.282s] -- Up-to-date symlink: /home/min/Workspace/scout_mini/install/realsense2_camera_msgs/share/realsense2_camera_msgs/cmake/realsense2_camera_msgsConfig-version.cmake
[1.282s] -- Up-to-date symlink: /home/min/Workspace/scout_mini/install/realsense2_camera_msgs/share/realsense2_camera_msgs/package.xml
[1.282s] -- Up-to-date: /home/min/Workspace/scout_mini/install/realsense2_camera_msgs/lib/librealsense2_camera_msgs__rosidl_generator_c.so
[1.282s] -- Up-to-date: /home/min/Workspace/scout_mini/install/realsense2_camera_msgs/lib/librealsense2_camera_msgs__rosidl_typesupport_fastrtps_c.so
[1.283s] -- Up-to-date: /home/min/Workspace/scout_mini/install/realsense2_camera_msgs/lib/librealsense2_camera_msgs__rosidl_typesupport_introspection_c.so
[1.283s] -- Up-to-date: /home/min/Workspace/scout_mini/install/realsense2_camera_msgs/lib/librealsense2_camera_msgs__rosidl_typesupport_c.so
[1.283s] -- Up-to-date: /home/min/Workspace/scout_mini/install/realsense2_camera_msgs/lib/librealsense2_camera_msgs__rosidl_typesupport_fastrtps_cpp.so
[1.283s] -- Up-to-date: /home/min/Workspace/scout_mini/install/realsense2_camera_msgs/lib/librealsense2_camera_msgs__rosidl_typesupport_introspection_cpp.so
[1.283s] -- Up-to-date: /home/min/Workspace/scout_mini/install/realsense2_camera_msgs/lib/librealsense2_camera_msgs__rosidl_typesupport_cpp.so
[1.341s] Listing '/home/min/Workspace/scout_mini/install/realsense2_camera_msgs/local/lib/python3.10/dist-packages/realsense2_camera_msgs'...
[1.341s] Listing '/home/min/Workspace/scout_mini/install/realsense2_camera_msgs/local/lib/python3.10/dist-packages/realsense2_camera_msgs/action'...
[1.341s] Listing '/home/min/Workspace/scout_mini/install/realsense2_camera_msgs/local/lib/python3.10/dist-packages/realsense2_camera_msgs/msg'...
[1.341s] Listing '/home/min/Workspace/scout_mini/install/realsense2_camera_msgs/local/lib/python3.10/dist-packages/realsense2_camera_msgs/srv'...
[1.344s] -- Up-to-date: /home/min/Workspace/scout_mini/install/realsense2_camera_msgs/lib/librealsense2_camera_msgs__rosidl_generator_py.so
[1.345s] -- Up-to-date: /home/min/Workspace/scout_mini/install/realsense2_camera_msgs/share/realsense2_camera_msgs/cmake/export_realsense2_camera_msgs__rosidl_generator_cExport.cmake
[1.345s] -- Up-to-date: /home/min/Workspace/scout_mini/install/realsense2_camera_msgs/share/realsense2_camera_msgs/cmake/export_realsense2_camera_msgs__rosidl_generator_cExport-noconfig.cmake
[1.345s] -- Up-to-date: /home/min/Workspace/scout_mini/install/realsense2_camera_msgs/share/realsense2_camera_msgs/cmake/export_realsense2_camera_msgs__rosidl_typesupport_fastrtps_cExport.cmake
[1.345s] -- Up-to-date: /home/min/Workspace/scout_mini/install/realsense2_camera_msgs/share/realsense2_camera_msgs/cmake/export_realsense2_camera_msgs__rosidl_typesupport_fastrtps_cExport-noconfig.cmake
[1.345s] -- Up-to-date: /home/min/Workspace/scout_mini/install/realsense2_camera_msgs/share/realsense2_camera_msgs/cmake/realsense2_camera_msgs__rosidl_typesupport_introspection_cExport.cmake
[1.346s] -- Up-to-date: /home/min/Workspace/scout_mini/install/realsense2_camera_msgs/share/realsense2_camera_msgs/cmake/realsense2_camera_msgs__rosidl_typesupport_introspection_cExport-noconfig.cmake
[1.346s] -- Up-to-date: /home/min/Workspace/scout_mini/install/realsense2_camera_msgs/share/realsense2_camera_msgs/cmake/realsense2_camera_msgs__rosidl_typesupport_cExport.cmake
[1.346s] -- Up-to-date: /home/min/Workspace/scout_mini/install/realsense2_camera_msgs/share/realsense2_camera_msgs/cmake/realsense2_camera_msgs__rosidl_typesupport_cExport-noconfig.cmake
[1.346s] -- Up-to-date: /home/min/Workspace/scout_mini/install/realsense2_camera_msgs/share/realsense2_camera_msgs/cmake/export_realsense2_camera_msgs__rosidl_generator_cppExport.cmake
[1.346s] -- Up-to-date: /home/min/Workspace/scout_mini/install/realsense2_camera_msgs/share/realsense2_camera_msgs/cmake/export_realsense2_camera_msgs__rosidl_typesupport_fastrtps_cppExport.cmake
[1.347s] -- Up-to-date: /home/min/Workspace/scout_mini/install/realsense2_camera_msgs/share/realsense2_camera_msgs/cmake/export_realsense2_camera_msgs__rosidl_typesupport_fastrtps_cppExport-noconfig.cmake
[1.347s] -- Up-to-date: /home/min/Workspace/scout_mini/install/realsense2_camera_msgs/share/realsense2_camera_msgs/cmake/realsense2_camera_msgs__rosidl_typesupport_introspection_cppExport.cmake
[1.347s] -- Up-to-date: /home/min/Workspace/scout_mini/install/realsense2_camera_msgs/share/realsense2_camera_msgs/cmake/realsense2_camera_msgs__rosidl_typesupport_introspection_cppExport-noconfig.cmake
[1.347s] -- Up-to-date: /home/min/Workspace/scout_mini/install/realsense2_camera_msgs/share/realsense2_camera_msgs/cmake/realsense2_camera_msgs__rosidl_typesupport_cppExport.cmake
[1.347s] -- Up-to-date: /home/min/Workspace/scout_mini/install/realsense2_camera_msgs/share/realsense2_camera_msgs/cmake/realsense2_camera_msgs__rosidl_typesupport_cppExport-noconfig.cmake
[1.347s] -- Up-to-date: /home/min/Workspace/scout_mini/install/realsense2_camera_msgs/share/realsense2_camera_msgs/cmake/export_realsense2_camera_msgs__rosidl_generator_pyExport.cmake
[1.348s] -- Up-to-date: /home/min/Workspace/scout_mini/install/realsense2_camera_msgs/share/realsense2_camera_msgs/cmake/export_realsense2_camera_msgs__rosidl_generator_pyExport-noconfig.cmake
[1.381s] Invoked command in '/home/min/Workspace/scout_mini/build/realsense2_camera_msgs' returned '0': CMAKE_PREFIX_PATH=/home/min/Workspace/scout_mini/install/scout_base:/home/min/Workspace/scout_mini/install/scout_mini_tools:/home/min/Workspace/scout_mini/install/robot_control:/opt/ros/humble:/home/min/Workspace/scout_mini/install/ugv_sdk:/home/min/Workspace/scout_mini/install/sllidar_ros2:/home/min/Workspace/scout_mini/install/slam_launch:/home/min/Workspace/scout_mini/install/scout_msgs:/home/min/Workspace/scout_mini/install/scout_mini_nav2:/home/min/Workspace/scout_mini/install/scout_gazebo_sim:/home/min/Workspace/scout_mini/install/scout_description:/home/min/Workspace/scout_mini/install/scout_control:/home/min/Workspace/scout_mini/install/realsense2_description:/home/min/Workspace/scout_mini/install/realsense2_camera:/home/min/Workspace/scout_mini/install/realsense2_camera_msgs /usr/bin/cmake --install /home/min/Workspace/scout_mini/build/realsense2_camera_msgs
