[0.027s] Invoking command in '/home/min/Workspace/scout_mini/build/scout_base': AMENT_PREFIX_PATH=/home/min/Workspace/scout_mini/install/scout_msgs CMAKE_PREFIX_PATH=/home/min/Workspace/scout_mini/install/ugv_sdk:/home/min/Workspace/scout_mini/install/scout_msgs LD_LIBRARY_PATH=/home/min/Workspace/scout_mini/install/scout_msgs/lib PKG_CONFIG_PATH=/home/min/Workspace/scout_mini/install/ugv_sdk/lib/x86_64-linux-gnu/pkgconfig:/home/min/Workspace/scout_mini/install/ugv_sdk/lib/pkgconfig PYTHONPATH=/home/min/Workspace/scout_mini/install/scout_msgs/local/lib/python3.10/dist-packages ROS_PACKAGE_PATH=/home/min/Workspace/scout_mini/install/ugv_sdk/share /usr/bin/cmake --build /home/min/Workspace/scout_mini/build/scout_base -- -j8 -l8
[0.156s] [100%] Built target scout_base_node
[0.173s] Invoked command in '/home/min/Workspace/scout_mini/build/scout_base' returned '0': AMENT_PREFIX_PATH=/home/min/Workspace/scout_mini/install/scout_msgs CMAKE_PREFIX_PATH=/home/min/Workspace/scout_mini/install/ugv_sdk:/home/min/Workspace/scout_mini/install/scout_msgs LD_LIBRARY_PATH=/home/min/Workspace/scout_mini/install/scout_msgs/lib PKG_CONFIG_PATH=/home/min/Workspace/scout_mini/install/ugv_sdk/lib/x86_64-linux-gnu/pkgconfig:/home/min/Workspace/scout_mini/install/ugv_sdk/lib/pkgconfig PYTHONPATH=/home/min/Workspace/scout_mini/install/scout_msgs/local/lib/python3.10/dist-packages ROS_PACKAGE_PATH=/home/min/Workspace/scout_mini/install/ugv_sdk/share /usr/bin/cmake --build /home/min/Workspace/scout_mini/build/scout_base -- -j8 -l8
[0.177s] Invoking command in '/home/min/Workspace/scout_mini/build/scout_base': AMENT_PREFIX_PATH=/home/min/Workspace/scout_mini/install/scout_msgs CMAKE_PREFIX_PATH=/home/min/Workspace/scout_mini/install/ugv_sdk:/home/min/Workspace/scout_mini/install/scout_msgs LD_LIBRARY_PATH=/home/min/Workspace/scout_mini/install/scout_msgs/lib PKG_CONFIG_PATH=/home/min/Workspace/scout_mini/install/ugv_sdk/lib/x86_64-linux-gnu/pkgconfig:/home/min/Workspace/scout_mini/install/ugv_sdk/lib/pkgconfig PYTHONPATH=/home/min/Workspace/scout_mini/install/scout_msgs/local/lib/python3.10/dist-packages ROS_PACKAGE_PATH=/home/min/Workspace/scout_mini/install/ugv_sdk/share /usr/bin/cmake --install /home/min/Workspace/scout_mini/build/scout_base
[0.188s] -- Install configuration: ""
[0.189s] -- Execute custom install script
[0.189s] -- Up-to-date symlink: /home/min/Workspace/scout_mini/install/scout_base/lib/scout_base/scout_base_node
[0.190s] -- Up-to-date symlink: /home/min/Workspace/scout_mini/install/scout_base/share/scout_base//launch/scout_base.launch.py
[0.190s] -- Up-to-date symlink: /home/min/Workspace/scout_mini/install/scout_base/share/scout_base//launch/scout_mini_base.launch.py
[0.191s] -- Up-to-date symlink: /home/min/Workspace/scout_mini/install/scout_base/share/scout_base//launch/scout_mini_omni_base.launch.py
[0.191s] -- Up-to-date symlink: /home/min/Workspace/scout_mini/install/scout_base/share/ament_index/resource_index/package_run_dependencies/scout_base
[0.191s] -- Up-to-date symlink: /home/min/Workspace/scout_mini/install/scout_base/share/ament_index/resource_index/parent_prefix_path/scout_base
[0.192s] -- Up-to-date symlink: /home/min/Workspace/scout_mini/install/scout_base/share/scout_base/environment/ament_prefix_path.sh
[0.192s] -- Up-to-date symlink: /home/min/Workspace/scout_mini/install/scout_base/share/scout_base/environment/ament_prefix_path.dsv
[0.192s] -- Up-to-date symlink: /home/min/Workspace/scout_mini/install/scout_base/share/scout_base/environment/path.sh
[0.192s] -- Up-to-date symlink: /home/min/Workspace/scout_mini/install/scout_base/share/scout_base/environment/path.dsv
[0.193s] -- Up-to-date symlink: /home/min/Workspace/scout_mini/install/scout_base/share/scout_base/local_setup.bash
[0.193s] -- Up-to-date symlink: /home/min/Workspace/scout_mini/install/scout_base/share/scout_base/local_setup.sh
[0.193s] -- Up-to-date symlink: /home/min/Workspace/scout_mini/install/scout_base/share/scout_base/local_setup.zsh
[0.193s] -- Up-to-date symlink: /home/min/Workspace/scout_mini/install/scout_base/share/scout_base/local_setup.dsv
[0.194s] -- Symlinking: /home/min/Workspace/scout_mini/install/scout_base/share/scout_base/package.dsv
[0.205s] -- Up-to-date symlink: /home/min/Workspace/scout_mini/install/scout_base/share/ament_index/resource_index/packages/scout_base
[0.206s] -- Up-to-date symlink: /home/min/Workspace/scout_mini/install/scout_base/share/scout_base/cmake/scout_baseConfig.cmake
[0.206s] -- Up-to-date symlink: /home/min/Workspace/scout_mini/install/scout_base/share/scout_base/cmake/scout_baseConfig-version.cmake
[0.206s] -- Up-to-date symlink: /home/min/Workspace/scout_mini/install/scout_base/share/scout_base/package.xml
[0.209s] Invoked command in '/home/min/Workspace/scout_mini/build/scout_base' returned '0': AMENT_PREFIX_PATH=/home/min/Workspace/scout_mini/install/scout_msgs CMAKE_PREFIX_PATH=/home/min/Workspace/scout_mini/install/ugv_sdk:/home/min/Workspace/scout_mini/install/scout_msgs LD_LIBRARY_PATH=/home/min/Workspace/scout_mini/install/scout_msgs/lib PKG_CONFIG_PATH=/home/min/Workspace/scout_mini/install/ugv_sdk/lib/x86_64-linux-gnu/pkgconfig:/home/min/Workspace/scout_mini/install/ugv_sdk/lib/pkgconfig PYTHONPATH=/home/min/Workspace/scout_mini/install/scout_msgs/local/lib/python3.10/dist-packages ROS_PACKAGE_PATH=/home/min/Workspace/scout_mini/install/ugv_sdk/share /usr/bin/cmake --install /home/min/Workspace/scout_mini/build/scout_base
