[0.813s] Invoking command in '/home/min/Workspace/scout_mini/build/scout_mini_nav2': CMAKE_PREFIX_PATH=/home/min/Workspace/scout_mini/install/scout_base:/opt/ros/humble:/home/min/Workspace/scout_mini/install/scout_mini_tools:/home/min/Workspace/scout_mini/install/robot_control:/home/min/Workspace/scout_mini/install/ugv_sdk:/home/min/Workspace/scout_mini/install/sllidar_ros2:/home/min/Workspace/scout_mini/install/slam_launch:/home/min/Workspace/scout_mini/install/scout_msgs:/home/min/Workspace/scout_mini/install/scout_mini_nav2:/home/min/Workspace/scout_mini/install/scout_gazebo_sim:/home/min/Workspace/scout_mini/install/scout_description:/home/min/Workspace/scout_mini/install/scout_control:/home/min/Workspace/scout_mini/install/realsense2_description:/home/min/Workspace/scout_mini/install/realsense2_camera:/home/min/Workspace/scout_mini/install/realsense2_camera_msgs /usr/bin/cmake --build /home/min/Workspace/scout_mini/build/scout_mini_nav2 -- -j8 -l8
[1.171s] Invoked command in '/home/min/Workspace/scout_mini/build/scout_mini_nav2' returned '0': CMAKE_PREFIX_PATH=/home/min/Workspace/scout_mini/install/scout_base:/opt/ros/humble:/home/min/Workspace/scout_mini/install/scout_mini_tools:/home/min/Workspace/scout_mini/install/robot_control:/home/min/Workspace/scout_mini/install/ugv_sdk:/home/min/Workspace/scout_mini/install/sllidar_ros2:/home/min/Workspace/scout_mini/install/slam_launch:/home/min/Workspace/scout_mini/install/scout_msgs:/home/min/Workspace/scout_mini/install/scout_mini_nav2:/home/min/Workspace/scout_mini/install/scout_gazebo_sim:/home/min/Workspace/scout_mini/install/scout_description:/home/min/Workspace/scout_mini/install/scout_control:/home/min/Workspace/scout_mini/install/realsense2_description:/home/min/Workspace/scout_mini/install/realsense2_camera:/home/min/Workspace/scout_mini/install/realsense2_camera_msgs /usr/bin/cmake --build /home/min/Workspace/scout_mini/build/scout_mini_nav2 -- -j8 -l8
[1.181s] Invoking command in '/home/min/Workspace/scout_mini/build/scout_mini_nav2': CMAKE_PREFIX_PATH=/home/min/Workspace/scout_mini/install/scout_base:/opt/ros/humble:/home/min/Workspace/scout_mini/install/scout_mini_tools:/home/min/Workspace/scout_mini/install/robot_control:/home/min/Workspace/scout_mini/install/ugv_sdk:/home/min/Workspace/scout_mini/install/sllidar_ros2:/home/min/Workspace/scout_mini/install/slam_launch:/home/min/Workspace/scout_mini/install/scout_msgs:/home/min/Workspace/scout_mini/install/scout_mini_nav2:/home/min/Workspace/scout_mini/install/scout_gazebo_sim:/home/min/Workspace/scout_mini/install/scout_description:/home/min/Workspace/scout_mini/install/scout_control:/home/min/Workspace/scout_mini/install/realsense2_description:/home/min/Workspace/scout_mini/install/realsense2_camera:/home/min/Workspace/scout_mini/install/realsense2_camera_msgs /usr/bin/cmake --install /home/min/Workspace/scout_mini/build/scout_mini_nav2
[1.225s] -- Install configuration: ""
[1.225s] -- Execute custom install script
[1.233s] -- Up-to-date symlink: /home/min/Workspace/scout_mini/install/scout_mini_nav2/share/scout_mini_nav2/launch/localization_launch.py
[1.235s] -- Up-to-date symlink: /home/min/Workspace/scout_mini/install/scout_mini_nav2/share/scout_mini_nav2/launch/localization_only_launch.xml
[1.235s] -- Up-to-date symlink: /home/min/Workspace/scout_mini/install/scout_mini_nav2/share/scout_mini_nav2/launch/nav2_view.launch.xml
[1.236s] -- Up-to-date symlink: /home/min/Workspace/scout_mini/install/scout_mini_nav2/share/scout_mini_nav2/params/amcl_params.yaml
[1.236s] -- Up-to-date symlink: /home/min/Workspace/scout_mini/install/scout_mini_nav2/share/scout_mini_nav2/floor5_test1.yaml
[1.236s] -- Up-to-date symlink: /home/min/Workspace/scout_mini/install/scout_mini_nav2/share/scout_mini_nav2/floor5_test1.pgm
[1.236s] -- Up-to-date symlink: /home/min/Workspace/scout_mini/install/scout_mini_nav2/share/scout_mini_nav2/floor5_test2.yaml
[1.242s] -- Up-to-date symlink: /home/min/Workspace/scout_mini/install/scout_mini_nav2/share/scout_mini_nav2/floor5_test2.pgm
[1.242s] -- Up-to-date symlink: /home/min/Workspace/scout_mini/install/scout_mini_nav2/share/ament_index/resource_index/package_run_dependencies/scout_mini_nav2
[1.244s] -- Up-to-date symlink: /home/min/Workspace/scout_mini/install/scout_mini_nav2/share/ament_index/resource_index/parent_prefix_path/scout_mini_nav2
[1.246s] -- Up-to-date symlink: /home/min/Workspace/scout_mini/install/scout_mini_nav2/share/scout_mini_nav2/environment/ament_prefix_path.sh
[1.248s] -- Up-to-date symlink: /home/min/Workspace/scout_mini/install/scout_mini_nav2/share/scout_mini_nav2/environment/ament_prefix_path.dsv
[1.248s] -- Up-to-date symlink: /home/min/Workspace/scout_mini/install/scout_mini_nav2/share/scout_mini_nav2/environment/path.sh
[1.249s] -- Up-to-date symlink: /home/min/Workspace/scout_mini/install/scout_mini_nav2/share/scout_mini_nav2/environment/path.dsv
[1.249s] -- Up-to-date symlink: /home/min/Workspace/scout_mini/install/scout_mini_nav2/share/scout_mini_nav2/local_setup.bash
[1.249s] -- Up-to-date symlink: /home/min/Workspace/scout_mini/install/scout_mini_nav2/share/scout_mini_nav2/local_setup.sh
[1.249s] -- Up-to-date symlink: /home/min/Workspace/scout_mini/install/scout_mini_nav2/share/scout_mini_nav2/local_setup.zsh
[1.249s] -- Up-to-date symlink: /home/min/Workspace/scout_mini/install/scout_mini_nav2/share/scout_mini_nav2/local_setup.dsv
[1.249s] -- Symlinking: /home/min/Workspace/scout_mini/install/scout_mini_nav2/share/scout_mini_nav2/package.dsv
[1.277s] -- Up-to-date symlink: /home/min/Workspace/scout_mini/install/scout_mini_nav2/share/ament_index/resource_index/packages/scout_mini_nav2
[1.279s] -- Up-to-date symlink: /home/min/Workspace/scout_mini/install/scout_mini_nav2/share/scout_mini_nav2/cmake/scout_mini_nav2Config.cmake
[1.279s] -- Up-to-date symlink: /home/min/Workspace/scout_mini/install/scout_mini_nav2/share/scout_mini_nav2/cmake/scout_mini_nav2Config-version.cmake
[1.283s] -- Up-to-date symlink: /home/min/Workspace/scout_mini/install/scout_mini_nav2/share/scout_mini_nav2/package.xml
[1.356s] Invoked command in '/home/min/Workspace/scout_mini/build/scout_mini_nav2' returned '0': CMAKE_PREFIX_PATH=/home/min/Workspace/scout_mini/install/scout_base:/opt/ros/humble:/home/min/Workspace/scout_mini/install/scout_mini_tools:/home/min/Workspace/scout_mini/install/robot_control:/home/min/Workspace/scout_mini/install/ugv_sdk:/home/min/Workspace/scout_mini/install/sllidar_ros2:/home/min/Workspace/scout_mini/install/slam_launch:/home/min/Workspace/scout_mini/install/scout_msgs:/home/min/Workspace/scout_mini/install/scout_mini_nav2:/home/min/Workspace/scout_mini/install/scout_gazebo_sim:/home/min/Workspace/scout_mini/install/scout_description:/home/min/Workspace/scout_mini/install/scout_control:/home/min/Workspace/scout_mini/install/realsense2_description:/home/min/Workspace/scout_mini/install/realsense2_camera:/home/min/Workspace/scout_mini/install/realsense2_camera_msgs /usr/bin/cmake --install /home/min/Workspace/scout_mini/build/scout_mini_nav2
