-- The C compiler identification is GNU 11.4.0
-- The CXX compiler identification is GNU 11.4.0
-- Detecting C compiler ABI info
-- Detecting C compiler ABI info - done
-- Check for working C compiler: /usr/bin/cc - skipped
-- Detecting C compile features
-- Detecting C compile features - done
-- Detecting CXX compiler ABI info
-- Detecting CXX compiler ABI info - done
-- Check for working CXX compiler: /usr/bin/c++ - skipped
-- Detecting CXX compile features
-- Detecting CXX compile features - done
-- Found ament_cmake: 1.3.12 (/opt/ros/humble/share/ament_cmake/cmake)
-- Found Python3: /usr/bin/python3 (found version "3.10.12") found components: Interpreter 
-- Override CMake install command with custom implementation using symlinks instead of copying resources
-- Found ament_lint_auto: 0.12.14 (/opt/ros/humble/share/ament_lint_auto/cmake)
-- Configuring done
-- Generating done
-- Build files have been written to: /home/min/Workspace/scout_mini/build/scout_control
-- Install configuration: ""
-- Execute custom install script
-- Symlinking: /home/min/Workspace/scout_mini/install/scout_control/share/ament_index/resource_index/package_run_dependencies/scout_control
-- Symlinking: /home/min/Workspace/scout_mini/install/scout_control/share/ament_index/resource_index/parent_prefix_path/scout_control
-- Symlinking: /home/min/Workspace/scout_mini/install/scout_control/share/scout_control/environment/ament_prefix_path.sh
-- Symlinking: /home/min/Workspace/scout_mini/install/scout_control/share/scout_control/environment/ament_prefix_path.dsv
-- Symlinking: /home/min/Workspace/scout_mini/install/scout_control/share/scout_control/environment/path.sh
-- Symlinking: /home/min/Workspace/scout_mini/install/scout_control/share/scout_control/environment/path.dsv
-- Symlinking: /home/min/Workspace/scout_mini/install/scout_control/share/scout_control/local_setup.bash
-- Symlinking: /home/min/Workspace/scout_mini/install/scout_control/share/scout_control/local_setup.sh
-- Symlinking: /home/min/Workspace/scout_mini/install/scout_control/share/scout_control/local_setup.zsh
-- Symlinking: /home/min/Workspace/scout_mini/install/scout_control/share/scout_control/local_setup.dsv
-- Symlinking: /home/min/Workspace/scout_mini/install/scout_control/share/scout_control/package.dsv
-- Symlinking: /home/min/Workspace/scout_mini/install/scout_control/share/ament_index/resource_index/packages/scout_control
-- Symlinking: /home/min/Workspace/scout_mini/install/scout_control/share/scout_control/cmake/scout_controlConfig.cmake
-- Symlinking: /home/min/Workspace/scout_mini/install/scout_control/share/scout_control/cmake/scout_controlConfig-version.cmake
-- Symlinking: /home/min/Workspace/scout_mini/install/scout_control/share/scout_control/package.xml
