[0.038s] Invoking command in '/home/min/Workspace/scout_mini/build/scout_control': CMAKE_PREFIX_PATH=${CMAKE_PREFIX_PATH}:/home/min/Workspace/scout_mini/install/scout_mini_tools:/opt/ros/humble /usr/bin/cmake /home/min/Workspace/scout_mini/src/scout_control -DAMENT_CMAKE_SYMLINK_INSTALL=1 -DCMAKE_INSTALL_PREFIX=/home/min/Workspace/scout_mini/install/scout_control
[1.711s] -- The C compiler identification is GNU 11.4.0
[1.925s] -- The CXX compiler identification is GNU 11.4.0
[1.979s] -- Detecting C compiler ABI info
[2.217s] -- Detecting C compiler ABI info - done
[2.233s] -- Check for working C compiler: /usr/bin/cc - skipped
[2.234s] -- Detecting C compile features
[2.248s] -- Detecting C compile features - done
[2.269s] -- Detecting CXX compiler ABI info
[2.443s] -- Detecting CXX compiler ABI info - done
[2.460s] -- Check for working CXX compiler: /usr/bin/c++ - skipped
[2.461s] -- Detecting CXX compile features
[2.462s] -- Detecting CXX compile features - done
[2.610s] -- Found ament_cmake: 1.3.12 (/opt/ros/humble/share/ament_cmake/cmake)
[2.990s] -- Found Python3: /usr/bin/python3 (found version "3.10.12") found components: Interpreter 
[3.222s] -- Override CMake install command with custom implementation using symlinks instead of copying resources
[3.683s] -- Found ament_lint_auto: 0.12.14 (/opt/ros/humble/share/ament_lint_auto/cmake)
[4.110s] -- Configuring done
[4.125s] -- Generating done
[4.141s] -- Build files have been written to: /home/min/Workspace/scout_mini/build/scout_control
[4.162s] Invoked command in '/home/min/Workspace/scout_mini/build/scout_control' returned '0': CMAKE_PREFIX_PATH=${CMAKE_PREFIX_PATH}:/home/min/Workspace/scout_mini/install/scout_mini_tools:/opt/ros/humble /usr/bin/cmake /home/min/Workspace/scout_mini/src/scout_control -DAMENT_CMAKE_SYMLINK_INSTALL=1 -DCMAKE_INSTALL_PREFIX=/home/min/Workspace/scout_mini/install/scout_control
[4.175s] Invoking command in '/home/min/Workspace/scout_mini/build/scout_control': CMAKE_PREFIX_PATH=${CMAKE_PREFIX_PATH}:/home/min/Workspace/scout_mini/install/scout_mini_tools:/opt/ros/humble /usr/bin/cmake --build /home/min/Workspace/scout_mini/build/scout_control -- -j8 -l8
[4.224s] Invoked command in '/home/min/Workspace/scout_mini/build/scout_control' returned '0': CMAKE_PREFIX_PATH=${CMAKE_PREFIX_PATH}:/home/min/Workspace/scout_mini/install/scout_mini_tools:/opt/ros/humble /usr/bin/cmake --build /home/min/Workspace/scout_mini/build/scout_control -- -j8 -l8
[4.238s] Invoking command in '/home/min/Workspace/scout_mini/build/scout_control': CMAKE_PREFIX_PATH=${CMAKE_PREFIX_PATH}:/home/min/Workspace/scout_mini/install/scout_mini_tools:/opt/ros/humble /usr/bin/cmake --install /home/min/Workspace/scout_mini/build/scout_control
[4.267s] -- Install configuration: ""
[4.267s] -- Execute custom install script
[4.267s] -- Symlinking: /home/min/Workspace/scout_mini/install/scout_control/share/ament_index/resource_index/package_run_dependencies/scout_control
[4.268s] -- Symlinking: /home/min/Workspace/scout_mini/install/scout_control/share/ament_index/resource_index/parent_prefix_path/scout_control
[4.275s] -- Symlinking: /home/min/Workspace/scout_mini/install/scout_control/share/scout_control/environment/ament_prefix_path.sh
[4.286s] -- Symlinking: /home/min/Workspace/scout_mini/install/scout_control/share/scout_control/environment/ament_prefix_path.dsv
[4.300s] -- Symlinking: /home/min/Workspace/scout_mini/install/scout_control/share/scout_control/environment/path.sh
[4.314s] -- Symlinking: /home/min/Workspace/scout_mini/install/scout_control/share/scout_control/environment/path.dsv
[4.327s] -- Symlinking: /home/min/Workspace/scout_mini/install/scout_control/share/scout_control/local_setup.bash
[4.338s] -- Symlinking: /home/min/Workspace/scout_mini/install/scout_control/share/scout_control/local_setup.sh
[4.348s] -- Symlinking: /home/min/Workspace/scout_mini/install/scout_control/share/scout_control/local_setup.zsh
[4.359s] -- Symlinking: /home/min/Workspace/scout_mini/install/scout_control/share/scout_control/local_setup.dsv
[4.372s] -- Symlinking: /home/min/Workspace/scout_mini/install/scout_control/share/scout_control/package.dsv
[4.386s] -- Symlinking: /home/min/Workspace/scout_mini/install/scout_control/share/ament_index/resource_index/packages/scout_control
[4.397s] -- Symlinking: /home/min/Workspace/scout_mini/install/scout_control/share/scout_control/cmake/scout_controlConfig.cmake
[4.408s] -- Symlinking: /home/min/Workspace/scout_mini/install/scout_control/share/scout_control/cmake/scout_controlConfig-version.cmake
[4.423s] -- Symlinking: /home/min/Workspace/scout_mini/install/scout_control/share/scout_control/package.xml
[4.444s] Invoked command in '/home/min/Workspace/scout_mini/build/scout_control' returned '0': CMAKE_PREFIX_PATH=${CMAKE_PREFIX_PATH}:/home/min/Workspace/scout_mini/install/scout_mini_tools:/opt/ros/humble /usr/bin/cmake --install /home/min/Workspace/scout_mini/build/scout_control
