[0.017s] Invoking command in '/home/min/Workspace/scout_mini/build/realsense2_description': AMENT_PREFIX_PATH=/home/min/Workspace/scout_mini/install/realsense2_camera_msgs:${AMENT_PREFIX_PATH} CMAKE_PREFIX_PATH=/home/min/Workspace/scout_mini/install/realsense2_camera_msgs:/opt/ros/humble LD_LIBRARY_PATH=/home/min/Workspace/scout_mini/install/realsense2_camera_msgs/lib:${LD_LIBRARY_PATH} PYTHONPATH=/home/min/Workspace/scout_mini/install/realsense2_camera_msgs/local/lib/python3.10/dist-packages:${PYTHONPATH} /usr/bin/cmake /home/min/Workspace/scout_mini/src/realsense-ros/realsense2_description -DAMENT_CMAKE_SYMLINK_INSTALL=1 -DCMAKE_INSTALL_PREFIX=/home/min/Workspace/scout_mini/install/realsense2_description
[0.329s] -- The C compiler identification is GNU 11.4.0
[0.429s] -- The CXX compiler identification is GNU 11.4.0
[0.442s] -- Detecting C compiler ABI info
[0.531s] -- Detecting C compiler ABI info - done
[0.547s] -- Check for working C compiler: /usr/bin/cc - skipped
[0.548s] -- Detecting C compile features
[0.548s] -- Detecting C compile features - done
[0.553s] -- Detecting CXX compiler ABI info
[0.667s] -- Detecting CXX compiler ABI info - done
[0.677s] -- Check for working CXX compiler: /usr/bin/c++ - skipped
[0.678s] -- Detecting CXX compile features
[0.678s] -- Detecting CXX compile features - done
[0.682s] -- Found ament_cmake: 1.3.12 (/opt/ros/humble/share/ament_cmake/cmake)
[0.982s] -- Found Python3: /usr/bin/python3 (found version "3.10.12") found components: Interpreter 
[1.097s] -- Override CMake install command with custom implementation using symlinks instead of copying resources
[1.243s] -- Configuring done
[1.247s] -- Generating done
[1.249s] -- Build files have been written to: /home/min/Workspace/scout_mini/build/realsense2_description
[1.256s] Invoked command in '/home/min/Workspace/scout_mini/build/realsense2_description' returned '0': AMENT_PREFIX_PATH=/home/min/Workspace/scout_mini/install/realsense2_camera_msgs:${AMENT_PREFIX_PATH} CMAKE_PREFIX_PATH=/home/min/Workspace/scout_mini/install/realsense2_camera_msgs:/opt/ros/humble LD_LIBRARY_PATH=/home/min/Workspace/scout_mini/install/realsense2_camera_msgs/lib:${LD_LIBRARY_PATH} PYTHONPATH=/home/min/Workspace/scout_mini/install/realsense2_camera_msgs/local/lib/python3.10/dist-packages:${PYTHONPATH} /usr/bin/cmake /home/min/Workspace/scout_mini/src/realsense-ros/realsense2_description -DAMENT_CMAKE_SYMLINK_INSTALL=1 -DCMAKE_INSTALL_PREFIX=/home/min/Workspace/scout_mini/install/realsense2_description
[1.258s] Invoking command in '/home/min/Workspace/scout_mini/build/realsense2_description': AMENT_PREFIX_PATH=/home/min/Workspace/scout_mini/install/realsense2_camera_msgs:${AMENT_PREFIX_PATH} CMAKE_PREFIX_PATH=/home/min/Workspace/scout_mini/install/realsense2_camera_msgs:/opt/ros/humble LD_LIBRARY_PATH=/home/min/Workspace/scout_mini/install/realsense2_camera_msgs/lib:${LD_LIBRARY_PATH} PYTHONPATH=/home/min/Workspace/scout_mini/install/realsense2_camera_msgs/local/lib/python3.10/dist-packages:${PYTHONPATH} /usr/bin/cmake --build /home/min/Workspace/scout_mini/build/realsense2_description -- -j8 -l8
[1.305s] Invoked command in '/home/min/Workspace/scout_mini/build/realsense2_description' returned '0': AMENT_PREFIX_PATH=/home/min/Workspace/scout_mini/install/realsense2_camera_msgs:${AMENT_PREFIX_PATH} CMAKE_PREFIX_PATH=/home/min/Workspace/scout_mini/install/realsense2_camera_msgs:/opt/ros/humble LD_LIBRARY_PATH=/home/min/Workspace/scout_mini/install/realsense2_camera_msgs/lib:${LD_LIBRARY_PATH} PYTHONPATH=/home/min/Workspace/scout_mini/install/realsense2_camera_msgs/local/lib/python3.10/dist-packages:${PYTHONPATH} /usr/bin/cmake --build /home/min/Workspace/scout_mini/build/realsense2_description -- -j8 -l8
[1.307s] Invoking command in '/home/min/Workspace/scout_mini/build/realsense2_description': AMENT_PREFIX_PATH=/home/min/Workspace/scout_mini/install/realsense2_camera_msgs:${AMENT_PREFIX_PATH} CMAKE_PREFIX_PATH=/home/min/Workspace/scout_mini/install/realsense2_camera_msgs:/opt/ros/humble LD_LIBRARY_PATH=/home/min/Workspace/scout_mini/install/realsense2_camera_msgs/lib:${LD_LIBRARY_PATH} PYTHONPATH=/home/min/Workspace/scout_mini/install/realsense2_camera_msgs/local/lib/python3.10/dist-packages:${PYTHONPATH} /usr/bin/cmake --install /home/min/Workspace/scout_mini/build/realsense2_description
[1.316s] -- Install configuration: ""
[1.316s] -- Execute custom install script
[1.499s] -- Symlinking: /home/min/Workspace/scout_mini/install/realsense2_description/share/realsense2_description/launch/launch_utils.py
[1.509s] -- Symlinking: /home/min/Workspace/scout_mini/install/realsense2_description/share/realsense2_description/launch/view_model.launch.py
[1.519s] -- Symlinking: /home/min/Workspace/scout_mini/install/realsense2_description/share/realsense2_description/meshes/d405.stl
[1.528s] -- Symlinking: /home/min/Workspace/scout_mini/install/realsense2_description/share/realsense2_description/meshes/d415.stl
[1.539s] -- Symlinking: /home/min/Workspace/scout_mini/install/realsense2_description/share/realsense2_description/meshes/d435.dae
[1.549s] -- Symlinking: /home/min/Workspace/scout_mini/install/realsense2_description/share/realsense2_description/meshes/d455.stl
[1.559s] -- Symlinking: /home/min/Workspace/scout_mini/install/realsense2_description/share/realsense2_description/meshes/l515.dae
[1.569s] -- Symlinking: /home/min/Workspace/scout_mini/install/realsense2_description/share/realsense2_description/meshes/plug.stl
[1.579s] -- Symlinking: /home/min/Workspace/scout_mini/install/realsense2_description/share/realsense2_description/meshes/plug_collision.stl
[1.589s] -- Symlinking: /home/min/Workspace/scout_mini/install/realsense2_description/share/realsense2_description/rviz/urdf.rviz
[1.693s] -- Symlinking: /home/min/Workspace/scout_mini/install/realsense2_description/share/realsense2_description/urdf/_d405.urdf.xacro
[1.703s] -- Symlinking: /home/min/Workspace/scout_mini/install/realsense2_description/share/realsense2_description/urdf/_d415.urdf.xacro
[1.712s] -- Symlinking: /home/min/Workspace/scout_mini/install/realsense2_description/share/realsense2_description/urdf/_d435.urdf.xacro
[1.722s] -- Symlinking: /home/min/Workspace/scout_mini/install/realsense2_description/share/realsense2_description/urdf/_d435i.urdf.xacro
[1.732s] -- Symlinking: /home/min/Workspace/scout_mini/install/realsense2_description/share/realsense2_description/urdf/_d435i_imu_modules.urdf.xacro
[1.743s] -- Symlinking: /home/min/Workspace/scout_mini/install/realsense2_description/share/realsense2_description/urdf/_d455.urdf.xacro
[1.753s] -- Symlinking: /home/min/Workspace/scout_mini/install/realsense2_description/share/realsense2_description/urdf/_materials.urdf.xacro
[1.763s] -- Symlinking: /home/min/Workspace/scout_mini/install/realsense2_description/share/realsense2_description/urdf/_r410.urdf.xacro
[1.772s] -- Symlinking: /home/min/Workspace/scout_mini/install/realsense2_description/share/realsense2_description/urdf/_r430.urdf.xacro
[1.782s] -- Symlinking: /home/min/Workspace/scout_mini/install/realsense2_description/share/realsense2_description/urdf/_usb_plug.urdf.xacro
[1.791s] -- Symlinking: /home/min/Workspace/scout_mini/install/realsense2_description/share/realsense2_description/urdf/test_d405_camera.urdf.xacro
[1.802s] -- Symlinking: /home/min/Workspace/scout_mini/install/realsense2_description/share/realsense2_description/urdf/test_d415_camera.urdf.xacro
[1.811s] -- Symlinking: /home/min/Workspace/scout_mini/install/realsense2_description/share/realsense2_description/urdf/test_d435_camera.urdf.xacro
[1.821s] -- Symlinking: /home/min/Workspace/scout_mini/install/realsense2_description/share/realsense2_description/urdf/test_d435_multiple_cameras.urdf.xacro
[1.833s] -- Symlinking: /home/min/Workspace/scout_mini/install/realsense2_description/share/realsense2_description/urdf/test_d435i_camera.urdf.xacro
[1.844s] -- Symlinking: /home/min/Workspace/scout_mini/install/realsense2_description/share/realsense2_description/urdf/test_d455_camera.urdf.xacro
[1.854s] -- Symlinking: /home/min/Workspace/scout_mini/install/realsense2_description/share/realsense2_description/urdf/test_r410_camera.urdf.xacro
[1.864s] -- Symlinking: /home/min/Workspace/scout_mini/install/realsense2_description/share/realsense2_description/urdf/test_r430_camera.urdf.xacro
[1.874s] -- Symlinking: /home/min/Workspace/scout_mini/install/realsense2_description/share/ament_index/resource_index/package_run_dependencies/realsense2_description
[1.884s] -- Symlinking: /home/min/Workspace/scout_mini/install/realsense2_description/share/ament_index/resource_index/parent_prefix_path/realsense2_description
[1.894s] -- Symlinking: /home/min/Workspace/scout_mini/install/realsense2_description/share/realsense2_description/environment/ament_prefix_path.sh
[1.903s] -- Symlinking: /home/min/Workspace/scout_mini/install/realsense2_description/share/realsense2_description/environment/ament_prefix_path.dsv
[1.913s] -- Symlinking: /home/min/Workspace/scout_mini/install/realsense2_description/share/realsense2_description/environment/path.sh
[1.923s] -- Symlinking: /home/min/Workspace/scout_mini/install/realsense2_description/share/realsense2_description/environment/path.dsv
[1.933s] -- Symlinking: /home/min/Workspace/scout_mini/install/realsense2_description/share/realsense2_description/local_setup.bash
[1.943s] -- Symlinking: /home/min/Workspace/scout_mini/install/realsense2_description/share/realsense2_description/local_setup.sh
[1.953s] -- Symlinking: /home/min/Workspace/scout_mini/install/realsense2_description/share/realsense2_description/local_setup.zsh
[1.963s] -- Symlinking: /home/min/Workspace/scout_mini/install/realsense2_description/share/realsense2_description/local_setup.dsv
[1.973s] -- Symlinking: /home/min/Workspace/scout_mini/install/realsense2_description/share/realsense2_description/package.dsv
[1.983s] -- Symlinking: /home/min/Workspace/scout_mini/install/realsense2_description/share/ament_index/resource_index/packages/realsense2_description
[1.992s] -- Symlinking: /home/min/Workspace/scout_mini/install/realsense2_description/share/realsense2_description/cmake/realsense2_descriptionConfig.cmake
[2.002s] -- Symlinking: /home/min/Workspace/scout_mini/install/realsense2_description/share/realsense2_description/cmake/realsense2_descriptionConfig-version.cmake
[2.012s] -- Symlinking: /home/min/Workspace/scout_mini/install/realsense2_description/share/realsense2_description/package.xml
[2.025s] Invoked command in '/home/min/Workspace/scout_mini/build/realsense2_description' returned '0': AMENT_PREFIX_PATH=/home/min/Workspace/scout_mini/install/realsense2_camera_msgs:${AMENT_PREFIX_PATH} CMAKE_PREFIX_PATH=/home/min/Workspace/scout_mini/install/realsense2_camera_msgs:/opt/ros/humble LD_LIBRARY_PATH=/home/min/Workspace/scout_mini/install/realsense2_camera_msgs/lib:${LD_LIBRARY_PATH} PYTHONPATH=/home/min/Workspace/scout_mini/install/realsense2_camera_msgs/local/lib/python3.10/dist-packages:${PYTHONPATH} /usr/bin/cmake --install /home/min/Workspace/scout_mini/build/realsense2_description
