[0.122s] Invoking command in '/home/min/Workspace/scout_mini/build/slam_launch': CMAKE_PREFIX_PATH=/home/min/Workspace/scout_mini/install/scout_base:/opt/ros/humble:/home/min/Workspace/scout_mini/install/scout_mini_tools:/home/min/Workspace/scout_mini/install/robot_control:/home/min/Workspace/scout_mini/install/ugv_sdk:/home/min/Workspace/scout_mini/install/sllidar_ros2:/home/min/Workspace/scout_mini/install/slam_launch:/home/min/Workspace/scout_mini/install/scout_msgs:/home/min/Workspace/scout_mini/install/scout_mini_nav2:/home/min/Workspace/scout_mini/install/scout_gazebo_sim:/home/min/Workspace/scout_mini/install/scout_description:/home/min/Workspace/scout_mini/install/scout_control:/home/min/Workspace/scout_mini/install/realsense2_description:/home/min/Workspace/scout_mini/install/realsense2_camera:/home/min/Workspace/scout_mini/install/realsense2_camera_msgs /usr/bin/cmake --build /home/min/Workspace/scout_mini/build/slam_launch -- -j8 -l8
[0.188s] Invoked command in '/home/min/Workspace/scout_mini/build/slam_launch' returned '0': CMAKE_PREFIX_PATH=/home/min/Workspace/scout_mini/install/scout_base:/opt/ros/humble:/home/min/Workspace/scout_mini/install/scout_mini_tools:/home/min/Workspace/scout_mini/install/robot_control:/home/min/Workspace/scout_mini/install/ugv_sdk:/home/min/Workspace/scout_mini/install/sllidar_ros2:/home/min/Workspace/scout_mini/install/slam_launch:/home/min/Workspace/scout_mini/install/scout_msgs:/home/min/Workspace/scout_mini/install/scout_mini_nav2:/home/min/Workspace/scout_mini/install/scout_gazebo_sim:/home/min/Workspace/scout_mini/install/scout_description:/home/min/Workspace/scout_mini/install/scout_control:/home/min/Workspace/scout_mini/install/realsense2_description:/home/min/Workspace/scout_mini/install/realsense2_camera:/home/min/Workspace/scout_mini/install/realsense2_camera_msgs /usr/bin/cmake --build /home/min/Workspace/scout_mini/build/slam_launch -- -j8 -l8
[0.191s] Invoking command in '/home/min/Workspace/scout_mini/build/slam_launch': CMAKE_PREFIX_PATH=/home/min/Workspace/scout_mini/install/scout_base:/opt/ros/humble:/home/min/Workspace/scout_mini/install/scout_mini_tools:/home/min/Workspace/scout_mini/install/robot_control:/home/min/Workspace/scout_mini/install/ugv_sdk:/home/min/Workspace/scout_mini/install/sllidar_ros2:/home/min/Workspace/scout_mini/install/slam_launch:/home/min/Workspace/scout_mini/install/scout_msgs:/home/min/Workspace/scout_mini/install/scout_mini_nav2:/home/min/Workspace/scout_mini/install/scout_gazebo_sim:/home/min/Workspace/scout_mini/install/scout_description:/home/min/Workspace/scout_mini/install/scout_control:/home/min/Workspace/scout_mini/install/realsense2_description:/home/min/Workspace/scout_mini/install/realsense2_camera:/home/min/Workspace/scout_mini/install/realsense2_camera_msgs /usr/bin/cmake --install /home/min/Workspace/scout_mini/build/slam_launch
[0.205s] -- Install configuration: ""
[0.205s] -- Execute custom install script
[0.205s] -- Up-to-date symlink: /home/min/Workspace/scout_mini/install/slam_launch/share/ament_index/resource_index/package_run_dependencies/slam_launch
[0.205s] -- Up-to-date symlink: /home/min/Workspace/scout_mini/install/slam_launch/share/ament_index/resource_index/parent_prefix_path/slam_launch
[0.206s] -- Up-to-date symlink: /home/min/Workspace/scout_mini/install/slam_launch/share/slam_launch/environment/ament_prefix_path.sh
[0.206s] -- Up-to-date symlink: /home/min/Workspace/scout_mini/install/slam_launch/share/slam_launch/environment/ament_prefix_path.dsv
[0.206s] -- Up-to-date symlink: /home/min/Workspace/scout_mini/install/slam_launch/share/slam_launch/environment/path.sh
[0.206s] -- Up-to-date symlink: /home/min/Workspace/scout_mini/install/slam_launch/share/slam_launch/environment/path.dsv
[0.207s] -- Up-to-date symlink: /home/min/Workspace/scout_mini/install/slam_launch/share/slam_launch/local_setup.bash
[0.207s] -- Up-to-date symlink: /home/min/Workspace/scout_mini/install/slam_launch/share/slam_launch/local_setup.sh
[0.207s] -- Up-to-date symlink: /home/min/Workspace/scout_mini/install/slam_launch/share/slam_launch/local_setup.zsh
[0.207s] -- Up-to-date symlink: /home/min/Workspace/scout_mini/install/slam_launch/share/slam_launch/local_setup.dsv
[0.207s] -- Symlinking: /home/min/Workspace/scout_mini/install/slam_launch/share/slam_launch/package.dsv
[0.222s] -- Up-to-date symlink: /home/min/Workspace/scout_mini/install/slam_launch/share/ament_index/resource_index/packages/slam_launch
[0.222s] -- Up-to-date symlink: /home/min/Workspace/scout_mini/install/slam_launch/share/slam_launch/cmake/slam_launchConfig.cmake
[0.222s] -- Up-to-date symlink: /home/min/Workspace/scout_mini/install/slam_launch/share/slam_launch/cmake/slam_launchConfig-version.cmake
[0.222s] -- Up-to-date symlink: /home/min/Workspace/scout_mini/install/slam_launch/share/slam_launch/package.xml
[0.223s] -- Up-to-date symlink: /home/min/Workspace/scout_mini/install/slam_launch/share/slam_launch//launch/localization.launch.py
[0.223s] -- Up-to-date symlink: /home/min/Workspace/scout_mini/install/slam_launch/share/slam_launch//launch/slam_online.launch.py
[0.227s] -- Up-to-date symlink: /home/min/Workspace/scout_mini/install/slam_launch/share/slam_launch//launch/static_map.launch.py
[0.233s] -- Up-to-date symlink: /home/min/Workspace/scout_mini/install/slam_launch/share/slam_launch//config/mapper_params_localization.yaml
[0.233s] -- Up-to-date symlink: /home/min/Workspace/scout_mini/install/slam_launch/share/slam_launch//config/mapper_params_online_async.yaml
[0.233s] Invoked command in '/home/min/Workspace/scout_mini/build/slam_launch' returned '0': CMAKE_PREFIX_PATH=/home/min/Workspace/scout_mini/install/scout_base:/opt/ros/humble:/home/min/Workspace/scout_mini/install/scout_mini_tools:/home/min/Workspace/scout_mini/install/robot_control:/home/min/Workspace/scout_mini/install/ugv_sdk:/home/min/Workspace/scout_mini/install/sllidar_ros2:/home/min/Workspace/scout_mini/install/slam_launch:/home/min/Workspace/scout_mini/install/scout_msgs:/home/min/Workspace/scout_mini/install/scout_mini_nav2:/home/min/Workspace/scout_mini/install/scout_gazebo_sim:/home/min/Workspace/scout_mini/install/scout_description:/home/min/Workspace/scout_mini/install/scout_control:/home/min/Workspace/scout_mini/install/realsense2_description:/home/min/Workspace/scout_mini/install/realsense2_camera:/home/min/Workspace/scout_mini/install/realsense2_camera_msgs /usr/bin/cmake --install /home/min/Workspace/scout_mini/build/slam_launch
