[0.297s] DEBUG:colcon:Command line arguments: ['/usr/bin/colcon', 'build', '--packages-select', 'robot_control']
[0.297s] DEBUG:colcon:Parsed command line arguments: Namespace(log_base=None, log_level=None, verb_name='build', build_base='build', install_base='install', merge_install=False, symlink_install=False, test_result_base=None, continue_on_error=False, executor='parallel', parallel_workers=8, event_handlers=None, ignore_user_meta=False, metas=['./colcon.meta'], base_paths=['.'], packages_ignore=None, packages_ignore_regex=None, paths=None, packages_up_to=None, packages_up_to_regex=None, packages_above=None, packages_above_and_dependencies=None, packages_above_depth=None, packages_select_by_dep=None, packages_skip_by_dep=None, packages_skip_up_to=None, packages_select_build_failed=False, packages_skip_build_finished=False, packages_select_test_failures=False, packages_skip_test_passed=False, packages_select=['robot_control'], packages_skip=None, packages_select_regex=None, packages_skip_regex=None, packages_start=None, packages_end=None, allow_overriding=[], cmake_args=None, cmake_target=None, cmake_target_skip_unavailable=False, cmake_clean_cache=False, cmake_clean_first=False, cmake_force_configure=False, ament_cmake_args=None, catkin_cmake_args=None, catkin_skip_building_tests=False, verb_parser=<colcon_defaults.argument_parser.defaults.DefaultArgumentsDecorator object at 0x702348c9fe50>, verb_extension=<colcon_core.verb.build.BuildVerb object at 0x702348e65810>, main=<bound method BuildVerb.main of <colcon_core.verb.build.BuildVerb object at 0x702348e65810>>)
[2.636s] Level 1:colcon.colcon_core.package_discovery:discover_packages(colcon_meta) check parameters
[2.637s] Level 1:colcon.colcon_core.package_discovery:discover_packages(recursive) check parameters
[2.637s] Level 1:colcon.colcon_core.package_discovery:discover_packages(ignore) check parameters
[2.637s] Level 1:colcon.colcon_core.package_discovery:discover_packages(path) check parameters
[2.638s] Level 1:colcon.colcon_core.package_discovery:discover_packages(colcon_meta) discover
[2.638s] Level 1:colcon.colcon_core.package_discovery:discover_packages(recursive) discover
[2.638s] INFO:colcon.colcon_core.package_discovery:Crawling recursively for packages in '/home/min/Workspace/scout_mini'
[2.639s] Level 1:colcon.colcon_core.package_identification:_identify(.) by extensions ['ignore', 'ignore_ament_install']
[2.639s] Level 1:colcon.colcon_core.package_identification:_identify(.) by extension 'ignore'
[2.640s] Level 1:colcon.colcon_core.package_identification:_identify(.) by extension 'ignore_ament_install'
[2.640s] Level 1:colcon.colcon_core.package_identification:_identify(.) by extensions ['colcon_pkg']
[2.641s] Level 1:colcon.colcon_core.package_identification:_identify(.) by extension 'colcon_pkg'
[2.642s] Level 1:colcon.colcon_core.package_identification:_identify(.) by extensions ['colcon_meta']
[2.642s] Level 1:colcon.colcon_core.package_identification:_identify(.) by extension 'colcon_meta'
[2.642s] Level 1:colcon.colcon_core.package_identification:_identify(.) by extensions ['ros']
[2.642s] Level 1:colcon.colcon_core.package_identification:_identify(.) by extension 'ros'
[2.674s] Level 1:colcon.colcon_core.package_identification:_identify(.) by extensions ['cmake', 'python']
[2.674s] Level 1:colcon.colcon_core.package_identification:_identify(.) by extension 'cmake'
[2.674s] Level 1:colcon.colcon_core.package_identification:_identify(.) by extension 'python'
[2.674s] Level 1:colcon.colcon_core.package_identification:_identify(.) by extensions ['python_setup_py']
[2.674s] Level 1:colcon.colcon_core.package_identification:_identify(.) by extension 'python_setup_py'
[2.675s] Level 1:colcon.colcon_core.package_identification:_identify(build) by extensions ['ignore', 'ignore_ament_install']
[2.675s] Level 1:colcon.colcon_core.package_identification:_identify(build) by extension 'ignore'
[2.675s] Level 1:colcon.colcon_core.package_identification:_identify(build) ignored
[2.675s] Level 1:colcon.colcon_core.package_identification:_identify(install) by extensions ['ignore', 'ignore_ament_install']
[2.676s] Level 1:colcon.colcon_core.package_identification:_identify(install) by extension 'ignore'
[2.676s] Level 1:colcon.colcon_core.package_identification:_identify(install) ignored
[2.676s] Level 1:colcon.colcon_core.package_identification:_identify(log) by extensions ['ignore', 'ignore_ament_install']
[2.676s] Level 1:colcon.colcon_core.package_identification:_identify(log) by extension 'ignore'
[2.676s] Level 1:colcon.colcon_core.package_identification:_identify(log) ignored
[2.677s] Level 1:colcon.colcon_core.package_identification:_identify(src) by extensions ['ignore', 'ignore_ament_install']
[2.677s] Level 1:colcon.colcon_core.package_identification:_identify(src) by extension 'ignore'
[2.677s] Level 1:colcon.colcon_core.package_identification:_identify(src) by extension 'ignore_ament_install'
[2.677s] Level 1:colcon.colcon_core.package_identification:_identify(src) by extensions ['colcon_pkg']
[2.677s] Level 1:colcon.colcon_core.package_identification:_identify(src) by extension 'colcon_pkg'
[2.678s] Level 1:colcon.colcon_core.package_identification:_identify(src) by extensions ['colcon_meta']
[2.678s] Level 1:colcon.colcon_core.package_identification:_identify(src) by extension 'colcon_meta'
[2.678s] Level 1:colcon.colcon_core.package_identification:_identify(src) by extensions ['ros']
[2.678s] Level 1:colcon.colcon_core.package_identification:_identify(src) by extension 'ros'
[2.678s] Level 1:colcon.colcon_core.package_identification:_identify(src) by extensions ['cmake', 'python']
[2.678s] Level 1:colcon.colcon_core.package_identification:_identify(src) by extension 'cmake'
[2.678s] Level 1:colcon.colcon_core.package_identification:_identify(src) by extension 'python'
[2.678s] Level 1:colcon.colcon_core.package_identification:_identify(src) by extensions ['python_setup_py']
[2.678s] Level 1:colcon.colcon_core.package_identification:_identify(src) by extension 'python_setup_py'
[2.678s] Level 1:colcon.colcon_core.package_identification:_identify(src/build) by extensions ['ignore', 'ignore_ament_install']
[2.679s] Level 1:colcon.colcon_core.package_identification:_identify(src/build) by extension 'ignore'
[2.679s] Level 1:colcon.colcon_core.package_identification:_identify(src/build) ignored
[2.679s] Level 1:colcon.colcon_core.package_identification:_identify(src/install) by extensions ['ignore', 'ignore_ament_install']
[2.679s] Level 1:colcon.colcon_core.package_identification:_identify(src/install) by extension 'ignore'
[2.680s] Level 1:colcon.colcon_core.package_identification:_identify(src/install) ignored
[2.680s] Level 1:colcon.colcon_core.package_identification:_identify(src/log) by extensions ['ignore', 'ignore_ament_install']
[2.680s] Level 1:colcon.colcon_core.package_identification:_identify(src/log) by extension 'ignore'
[2.680s] Level 1:colcon.colcon_core.package_identification:_identify(src/log) ignored
[2.680s] Level 1:colcon.colcon_core.package_identification:_identify(src/realsense-ros) by extensions ['ignore', 'ignore_ament_install']
[2.681s] Level 1:colcon.colcon_core.package_identification:_identify(src/realsense-ros) by extension 'ignore'
[2.681s] Level 1:colcon.colcon_core.package_identification:_identify(src/realsense-ros) by extension 'ignore_ament_install'
[2.681s] Level 1:colcon.colcon_core.package_identification:_identify(src/realsense-ros) by extensions ['colcon_pkg']
[2.681s] Level 1:colcon.colcon_core.package_identification:_identify(src/realsense-ros) by extension 'colcon_pkg'
[2.681s] Level 1:colcon.colcon_core.package_identification:_identify(src/realsense-ros) by extensions ['colcon_meta']
[2.681s] Level 1:colcon.colcon_core.package_identification:_identify(src/realsense-ros) by extension 'colcon_meta'
[2.681s] Level 1:colcon.colcon_core.package_identification:_identify(src/realsense-ros) by extensions ['ros']
[2.681s] Level 1:colcon.colcon_core.package_identification:_identify(src/realsense-ros) by extension 'ros'
[2.681s] Level 1:colcon.colcon_core.package_identification:_identify(src/realsense-ros) by extensions ['cmake', 'python']
[2.682s] Level 1:colcon.colcon_core.package_identification:_identify(src/realsense-ros) by extension 'cmake'
[2.682s] Level 1:colcon.colcon_core.package_identification:_identify(src/realsense-ros) by extension 'python'
[2.682s] Level 1:colcon.colcon_core.package_identification:_identify(src/realsense-ros) by extensions ['python_setup_py']
[2.682s] Level 1:colcon.colcon_core.package_identification:_identify(src/realsense-ros) by extension 'python_setup_py'
[2.682s] Level 1:colcon.colcon_core.package_identification:_identify(src/realsense-ros/realsense2_camera) by extensions ['ignore', 'ignore_ament_install']
[2.682s] Level 1:colcon.colcon_core.package_identification:_identify(src/realsense-ros/realsense2_camera) by extension 'ignore'
[2.682s] Level 1:colcon.colcon_core.package_identification:_identify(src/realsense-ros/realsense2_camera) by extension 'ignore_ament_install'
[2.682s] Level 1:colcon.colcon_core.package_identification:_identify(src/realsense-ros/realsense2_camera) by extensions ['colcon_pkg']
[2.683s] Level 1:colcon.colcon_core.package_identification:_identify(src/realsense-ros/realsense2_camera) by extension 'colcon_pkg'
[2.683s] Level 1:colcon.colcon_core.package_identification:_identify(src/realsense-ros/realsense2_camera) by extensions ['colcon_meta']
[2.683s] Level 1:colcon.colcon_core.package_identification:_identify(src/realsense-ros/realsense2_camera) by extension 'colcon_meta'
[2.683s] Level 1:colcon.colcon_core.package_identification:_identify(src/realsense-ros/realsense2_camera) by extensions ['ros']
[2.683s] Level 1:colcon.colcon_core.package_identification:_identify(src/realsense-ros/realsense2_camera) by extension 'ros'
[2.704s] DEBUG:colcon.colcon_core.package_identification:Package 'src/realsense-ros/realsense2_camera' with type 'ros.ament_cmake' and name 'realsense2_camera'
[2.704s] Level 1:colcon.colcon_core.package_identification:_identify(src/realsense-ros/realsense2_camera_msgs) by extensions ['ignore', 'ignore_ament_install']
[2.704s] Level 1:colcon.colcon_core.package_identification:_identify(src/realsense-ros/realsense2_camera_msgs) by extension 'ignore'
[2.704s] Level 1:colcon.colcon_core.package_identification:_identify(src/realsense-ros/realsense2_camera_msgs) by extension 'ignore_ament_install'
[2.705s] Level 1:colcon.colcon_core.package_identification:_identify(src/realsense-ros/realsense2_camera_msgs) by extensions ['colcon_pkg']
[2.705s] Level 1:colcon.colcon_core.package_identification:_identify(src/realsense-ros/realsense2_camera_msgs) by extension 'colcon_pkg'
[2.705s] Level 1:colcon.colcon_core.package_identification:_identify(src/realsense-ros/realsense2_camera_msgs) by extensions ['colcon_meta']
[2.705s] Level 1:colcon.colcon_core.package_identification:_identify(src/realsense-ros/realsense2_camera_msgs) by extension 'colcon_meta'
[2.705s] Level 1:colcon.colcon_core.package_identification:_identify(src/realsense-ros/realsense2_camera_msgs) by extensions ['ros']
[2.705s] Level 1:colcon.colcon_core.package_identification:_identify(src/realsense-ros/realsense2_camera_msgs) by extension 'ros'
[2.707s] DEBUG:colcon.colcon_core.package_identification:Package 'src/realsense-ros/realsense2_camera_msgs' with type 'ros.ament_cmake' and name 'realsense2_camera_msgs'
[2.707s] Level 1:colcon.colcon_core.package_identification:_identify(src/realsense-ros/realsense2_description) by extensions ['ignore', 'ignore_ament_install']
[2.708s] Level 1:colcon.colcon_core.package_identification:_identify(src/realsense-ros/realsense2_description) by extension 'ignore'
[2.708s] Level 1:colcon.colcon_core.package_identification:_identify(src/realsense-ros/realsense2_description) by extension 'ignore_ament_install'
[2.708s] Level 1:colcon.colcon_core.package_identification:_identify(src/realsense-ros/realsense2_description) by extensions ['colcon_pkg']
[2.708s] Level 1:colcon.colcon_core.package_identification:_identify(src/realsense-ros/realsense2_description) by extension 'colcon_pkg'
[2.708s] Level 1:colcon.colcon_core.package_identification:_identify(src/realsense-ros/realsense2_description) by extensions ['colcon_meta']
[2.708s] Level 1:colcon.colcon_core.package_identification:_identify(src/realsense-ros/realsense2_description) by extension 'colcon_meta'
[2.708s] Level 1:colcon.colcon_core.package_identification:_identify(src/realsense-ros/realsense2_description) by extensions ['ros']
[2.708s] Level 1:colcon.colcon_core.package_identification:_identify(src/realsense-ros/realsense2_description) by extension 'ros'
[2.710s] DEBUG:colcon.colcon_core.package_identification:Package 'src/realsense-ros/realsense2_description' with type 'ros.ament_cmake' and name 'realsense2_description'
[2.710s] Level 1:colcon.colcon_core.package_identification:_identify(src/realsense-ros/scripts) by extensions ['ignore', 'ignore_ament_install']
[2.711s] Level 1:colcon.colcon_core.package_identification:_identify(src/realsense-ros/scripts) by extension 'ignore'
[2.711s] Level 1:colcon.colcon_core.package_identification:_identify(src/realsense-ros/scripts) by extension 'ignore_ament_install'
[2.711s] Level 1:colcon.colcon_core.package_identification:_identify(src/realsense-ros/scripts) by extensions ['colcon_pkg']
[2.711s] Level 1:colcon.colcon_core.package_identification:_identify(src/realsense-ros/scripts) by extension 'colcon_pkg'
[2.711s] Level 1:colcon.colcon_core.package_identification:_identify(src/realsense-ros/scripts) by extensions ['colcon_meta']
[2.711s] Level 1:colcon.colcon_core.package_identification:_identify(src/realsense-ros/scripts) by extension 'colcon_meta'
[2.711s] Level 1:colcon.colcon_core.package_identification:_identify(src/realsense-ros/scripts) by extensions ['ros']
[2.711s] Level 1:colcon.colcon_core.package_identification:_identify(src/realsense-ros/scripts) by extension 'ros'
[2.711s] Level 1:colcon.colcon_core.package_identification:_identify(src/realsense-ros/scripts) by extensions ['cmake', 'python']
[2.711s] Level 1:colcon.colcon_core.package_identification:_identify(src/realsense-ros/scripts) by extension 'cmake'
[2.711s] Level 1:colcon.colcon_core.package_identification:_identify(src/realsense-ros/scripts) by extension 'python'
[2.711s] Level 1:colcon.colcon_core.package_identification:_identify(src/realsense-ros/scripts) by extensions ['python_setup_py']
[2.711s] Level 1:colcon.colcon_core.package_identification:_identify(src/realsense-ros/scripts) by extension 'python_setup_py'
[2.712s] Level 1:colcon.colcon_core.package_identification:_identify(src/robot_control) by extensions ['ignore', 'ignore_ament_install']
[2.712s] Level 1:colcon.colcon_core.package_identification:_identify(src/robot_control) by extension 'ignore'
[2.712s] Level 1:colcon.colcon_core.package_identification:_identify(src/robot_control) by extension 'ignore_ament_install'
[2.712s] Level 1:colcon.colcon_core.package_identification:_identify(src/robot_control) by extensions ['colcon_pkg']
[2.713s] Level 1:colcon.colcon_core.package_identification:_identify(src/robot_control) by extension 'colcon_pkg'
[2.713s] Level 1:colcon.colcon_core.package_identification:_identify(src/robot_control) by extensions ['colcon_meta']
[2.713s] Level 1:colcon.colcon_core.package_identification:_identify(src/robot_control) by extension 'colcon_meta'
[2.713s] Level 1:colcon.colcon_core.package_identification:_identify(src/robot_control) by extensions ['ros']
[2.713s] Level 1:colcon.colcon_core.package_identification:_identify(src/robot_control) by extension 'ros'
[2.714s] DEBUG:colcon.colcon_core.package_identification:Package 'src/robot_control' with type 'ros.ament_python' and name 'robot_control'
[2.714s] Level 1:colcon.colcon_core.package_identification:_identify(src/scout_gazebo_sim) by extensions ['ignore', 'ignore_ament_install']
[2.715s] Level 1:colcon.colcon_core.package_identification:_identify(src/scout_gazebo_sim) by extension 'ignore'
[2.715s] Level 1:colcon.colcon_core.package_identification:_identify(src/scout_gazebo_sim) by extension 'ignore_ament_install'
[2.715s] Level 1:colcon.colcon_core.package_identification:_identify(src/scout_gazebo_sim) by extensions ['colcon_pkg']
[2.715s] Level 1:colcon.colcon_core.package_identification:_identify(src/scout_gazebo_sim) by extension 'colcon_pkg'
[2.715s] Level 1:colcon.colcon_core.package_identification:_identify(src/scout_gazebo_sim) by extensions ['colcon_meta']
[2.715s] Level 1:colcon.colcon_core.package_identification:_identify(src/scout_gazebo_sim) by extension 'colcon_meta'
[2.715s] Level 1:colcon.colcon_core.package_identification:_identify(src/scout_gazebo_sim) by extensions ['ros']
[2.716s] Level 1:colcon.colcon_core.package_identification:_identify(src/scout_gazebo_sim) by extension 'ros'
[2.718s] DEBUG:colcon.colcon_core.package_identification:Package 'src/scout_gazebo_sim' with type 'ros.ament_cmake' and name 'scout_gazebo_sim'
[2.719s] Level 1:colcon.colcon_core.package_identification:_identify(src/scout_mini_nav2) by extensions ['ignore', 'ignore_ament_install']
[2.719s] Level 1:colcon.colcon_core.package_identification:_identify(src/scout_mini_nav2) by extension 'ignore'
[2.719s] Level 1:colcon.colcon_core.package_identification:_identify(src/scout_mini_nav2) by extension 'ignore_ament_install'
[2.720s] Level 1:colcon.colcon_core.package_identification:_identify(src/scout_mini_nav2) by extensions ['colcon_pkg']
[2.720s] Level 1:colcon.colcon_core.package_identification:_identify(src/scout_mini_nav2) by extension 'colcon_pkg'
[2.720s] Level 1:colcon.colcon_core.package_identification:_identify(src/scout_mini_nav2) by extensions ['colcon_meta']
[2.720s] Level 1:colcon.colcon_core.package_identification:_identify(src/scout_mini_nav2) by extension 'colcon_meta'
[2.720s] Level 1:colcon.colcon_core.package_identification:_identify(src/scout_mini_nav2) by extensions ['ros']
[2.720s] Level 1:colcon.colcon_core.package_identification:_identify(src/scout_mini_nav2) by extension 'ros'
[2.723s] DEBUG:colcon.colcon_core.package_identification:Package 'src/scout_mini_nav2' with type 'ros.ament_cmake' and name 'scout_mini_nav2'
[2.725s] Level 1:colcon.colcon_core.package_identification:_identify(src/scout_mini_tools) by extensions ['ignore', 'ignore_ament_install']
[2.725s] Level 1:colcon.colcon_core.package_identification:_identify(src/scout_mini_tools) by extension 'ignore'
[2.725s] Level 1:colcon.colcon_core.package_identification:_identify(src/scout_mini_tools) by extension 'ignore_ament_install'
[2.725s] Level 1:colcon.colcon_core.package_identification:_identify(src/scout_mini_tools) by extensions ['colcon_pkg']
[2.725s] Level 1:colcon.colcon_core.package_identification:_identify(src/scout_mini_tools) by extension 'colcon_pkg'
[2.725s] Level 1:colcon.colcon_core.package_identification:_identify(src/scout_mini_tools) by extensions ['colcon_meta']
[2.725s] Level 1:colcon.colcon_core.package_identification:_identify(src/scout_mini_tools) by extension 'colcon_meta'
[2.726s] Level 1:colcon.colcon_core.package_identification:_identify(src/scout_mini_tools) by extensions ['ros']
[2.726s] Level 1:colcon.colcon_core.package_identification:_identify(src/scout_mini_tools) by extension 'ros'
[2.728s] DEBUG:colcon.colcon_core.package_identification:Package 'src/scout_mini_tools' with type 'ros.ament_python' and name 'scout_mini_tools'
[2.728s] Level 1:colcon.colcon_core.package_identification:_identify(src/scout_ros2) by extensions ['ignore', 'ignore_ament_install']
[2.729s] Level 1:colcon.colcon_core.package_identification:_identify(src/scout_ros2) by extension 'ignore'
[2.729s] Level 1:colcon.colcon_core.package_identification:_identify(src/scout_ros2) by extension 'ignore_ament_install'
[2.729s] Level 1:colcon.colcon_core.package_identification:_identify(src/scout_ros2) by extensions ['colcon_pkg']
[2.729s] Level 1:colcon.colcon_core.package_identification:_identify(src/scout_ros2) by extension 'colcon_pkg'
[2.729s] Level 1:colcon.colcon_core.package_identification:_identify(src/scout_ros2) by extensions ['colcon_meta']
[2.730s] Level 1:colcon.colcon_core.package_identification:_identify(src/scout_ros2) by extension 'colcon_meta'
[2.730s] Level 1:colcon.colcon_core.package_identification:_identify(src/scout_ros2) by extensions ['ros']
[2.730s] Level 1:colcon.colcon_core.package_identification:_identify(src/scout_ros2) by extension 'ros'
[2.731s] Level 1:colcon.colcon_core.package_identification:_identify(src/scout_ros2) by extensions ['cmake', 'python']
[2.731s] Level 1:colcon.colcon_core.package_identification:_identify(src/scout_ros2) by extension 'cmake'
[2.731s] Level 1:colcon.colcon_core.package_identification:_identify(src/scout_ros2) by extension 'python'
[2.731s] Level 1:colcon.colcon_core.package_identification:_identify(src/scout_ros2) by extensions ['python_setup_py']
[2.731s] Level 1:colcon.colcon_core.package_identification:_identify(src/scout_ros2) by extension 'python_setup_py'
[2.732s] Level 1:colcon.colcon_core.package_identification:_identify(src/scout_ros2/scout_base) by extensions ['ignore', 'ignore_ament_install']
[2.732s] Level 1:colcon.colcon_core.package_identification:_identify(src/scout_ros2/scout_base) by extension 'ignore'
[2.732s] Level 1:colcon.colcon_core.package_identification:_identify(src/scout_ros2/scout_base) by extension 'ignore_ament_install'
[2.732s] Level 1:colcon.colcon_core.package_identification:_identify(src/scout_ros2/scout_base) by extensions ['colcon_pkg']
[2.732s] Level 1:colcon.colcon_core.package_identification:_identify(src/scout_ros2/scout_base) by extension 'colcon_pkg'
[2.733s] Level 1:colcon.colcon_core.package_identification:_identify(src/scout_ros2/scout_base) by extensions ['colcon_meta']
[2.733s] Level 1:colcon.colcon_core.package_identification:_identify(src/scout_ros2/scout_base) by extension 'colcon_meta'
[2.733s] Level 1:colcon.colcon_core.package_identification:_identify(src/scout_ros2/scout_base) by extensions ['ros']
[2.733s] Level 1:colcon.colcon_core.package_identification:_identify(src/scout_ros2/scout_base) by extension 'ros'
[2.735s] DEBUG:colcon.colcon_core.package_identification:Package 'src/scout_ros2/scout_base' with type 'ros.ament_cmake' and name 'scout_base'
[2.736s] Level 1:colcon.colcon_core.package_identification:_identify(src/scout_ros2/scout_description) by extensions ['ignore', 'ignore_ament_install']
[2.736s] Level 1:colcon.colcon_core.package_identification:_identify(src/scout_ros2/scout_description) by extension 'ignore'
[2.736s] Level 1:colcon.colcon_core.package_identification:_identify(src/scout_ros2/scout_description) by extension 'ignore_ament_install'
[2.736s] Level 1:colcon.colcon_core.package_identification:_identify(src/scout_ros2/scout_description) by extensions ['colcon_pkg']
[2.737s] Level 1:colcon.colcon_core.package_identification:_identify(src/scout_ros2/scout_description) by extension 'colcon_pkg'
[2.737s] Level 1:colcon.colcon_core.package_identification:_identify(src/scout_ros2/scout_description) by extensions ['colcon_meta']
[2.737s] Level 1:colcon.colcon_core.package_identification:_identify(src/scout_ros2/scout_description) by extension 'colcon_meta'
[2.737s] Level 1:colcon.colcon_core.package_identification:_identify(src/scout_ros2/scout_description) by extensions ['ros']
[2.737s] Level 1:colcon.colcon_core.package_identification:_identify(src/scout_ros2/scout_description) by extension 'ros'
[2.738s] DEBUG:colcon.colcon_core.package_identification:Package 'src/scout_ros2/scout_description' with type 'ros.ament_cmake' and name 'scout_description'
[2.739s] Level 1:colcon.colcon_core.package_identification:_identify(src/scout_ros2/scout_msgs) by extensions ['ignore', 'ignore_ament_install']
[2.739s] Level 1:colcon.colcon_core.package_identification:_identify(src/scout_ros2/scout_msgs) by extension 'ignore'
[2.739s] Level 1:colcon.colcon_core.package_identification:_identify(src/scout_ros2/scout_msgs) by extension 'ignore_ament_install'
[2.739s] Level 1:colcon.colcon_core.package_identification:_identify(src/scout_ros2/scout_msgs) by extensions ['colcon_pkg']
[2.739s] Level 1:colcon.colcon_core.package_identification:_identify(src/scout_ros2/scout_msgs) by extension 'colcon_pkg'
[2.739s] Level 1:colcon.colcon_core.package_identification:_identify(src/scout_ros2/scout_msgs) by extensions ['colcon_meta']
[2.739s] Level 1:colcon.colcon_core.package_identification:_identify(src/scout_ros2/scout_msgs) by extension 'colcon_meta'
[2.739s] Level 1:colcon.colcon_core.package_identification:_identify(src/scout_ros2/scout_msgs) by extensions ['ros']
[2.739s] Level 1:colcon.colcon_core.package_identification:_identify(src/scout_ros2/scout_msgs) by extension 'ros'
[2.742s] DEBUG:colcon.colcon_core.package_identification:Package 'src/scout_ros2/scout_msgs' with type 'ros.ament_cmake' and name 'scout_msgs'
[2.742s] Level 1:colcon.colcon_core.package_identification:_identify(src/slam_launch) by extensions ['ignore', 'ignore_ament_install']
[2.743s] Level 1:colcon.colcon_core.package_identification:_identify(src/slam_launch) by extension 'ignore'
[2.743s] Level 1:colcon.colcon_core.package_identification:_identify(src/slam_launch) by extension 'ignore_ament_install'
[2.743s] Level 1:colcon.colcon_core.package_identification:_identify(src/slam_launch) by extensions ['colcon_pkg']
[2.743s] Level 1:colcon.colcon_core.package_identification:_identify(src/slam_launch) by extension 'colcon_pkg'
[2.744s] Level 1:colcon.colcon_core.package_identification:_identify(src/slam_launch) by extensions ['colcon_meta']
[2.744s] Level 1:colcon.colcon_core.package_identification:_identify(src/slam_launch) by extension 'colcon_meta'
[2.744s] Level 1:colcon.colcon_core.package_identification:_identify(src/slam_launch) by extensions ['ros']
[2.744s] Level 1:colcon.colcon_core.package_identification:_identify(src/slam_launch) by extension 'ros'
[2.752s] DEBUG:colcon.colcon_core.package_identification:Package 'src/slam_launch' with type 'ros.ament_cmake' and name 'slam_launch'
[2.752s] Level 1:colcon.colcon_core.package_identification:_identify(src/sllidar_ros2) by extensions ['ignore', 'ignore_ament_install']
[2.753s] Level 1:colcon.colcon_core.package_identification:_identify(src/sllidar_ros2) by extension 'ignore'
[2.753s] Level 1:colcon.colcon_core.package_identification:_identify(src/sllidar_ros2) by extension 'ignore_ament_install'
[2.753s] Level 1:colcon.colcon_core.package_identification:_identify(src/sllidar_ros2) by extensions ['colcon_pkg']
[2.753s] Level 1:colcon.colcon_core.package_identification:_identify(src/sllidar_ros2) by extension 'colcon_pkg'
[2.753s] Level 1:colcon.colcon_core.package_identification:_identify(src/sllidar_ros2) by extensions ['colcon_meta']
[2.753s] Level 1:colcon.colcon_core.package_identification:_identify(src/sllidar_ros2) by extension 'colcon_meta'
[2.753s] Level 1:colcon.colcon_core.package_identification:_identify(src/sllidar_ros2) by extensions ['ros']
[2.753s] Level 1:colcon.colcon_core.package_identification:_identify(src/sllidar_ros2) by extension 'ros'
[2.756s] DEBUG:colcon.colcon_core.package_identification:Package 'src/sllidar_ros2' with type 'ros.ament_cmake' and name 'sllidar_ros2'
[2.756s] Level 1:colcon.colcon_core.package_identification:_identify(src/ugv_sdk) by extensions ['ignore', 'ignore_ament_install']
[2.756s] Level 1:colcon.colcon_core.package_identification:_identify(src/ugv_sdk) by extension 'ignore'
[2.757s] Level 1:colcon.colcon_core.package_identification:_identify(src/ugv_sdk) by extension 'ignore_ament_install'
[2.757s] Level 1:colcon.colcon_core.package_identification:_identify(src/ugv_sdk) by extensions ['colcon_pkg']
[2.757s] Level 1:colcon.colcon_core.package_identification:_identify(src/ugv_sdk) by extension 'colcon_pkg'
[2.757s] Level 1:colcon.colcon_core.package_identification:_identify(src/ugv_sdk) by extensions ['colcon_meta']
[2.757s] Level 1:colcon.colcon_core.package_identification:_identify(src/ugv_sdk) by extension 'colcon_meta'
[2.757s] Level 1:colcon.colcon_core.package_identification:_identify(src/ugv_sdk) by extensions ['ros']
[2.757s] Level 1:colcon.colcon_core.package_identification:_identify(src/ugv_sdk) by extension 'ros'
[2.759s] DEBUG:colcon.colcon_core.package_identification:Package 'src/ugv_sdk' with type 'ros.catkin' and name 'ugv_sdk'
[2.759s] Level 1:colcon.colcon_core.package_discovery:discover_packages(recursive) using defaults
[2.759s] Level 1:colcon.colcon_core.package_discovery:discover_packages(ignore) discover
[2.759s] Level 1:colcon.colcon_core.package_discovery:discover_packages(ignore) using defaults
[2.759s] Level 1:colcon.colcon_core.package_discovery:discover_packages(path) discover
[2.759s] Level 1:colcon.colcon_core.package_discovery:discover_packages(path) using defaults
[2.851s] INFO:colcon.colcon_core.package_selection:Skipping not selected package 'realsense2_camera_msgs' in 'src/realsense-ros/realsense2_camera_msgs'
[2.852s] INFO:colcon.colcon_core.package_selection:Skipping not selected package 'scout_description' in 'src/scout_ros2/scout_description'
[2.852s] INFO:colcon.colcon_core.package_selection:Skipping not selected package 'scout_gazebo_sim' in 'src/scout_gazebo_sim'
[2.852s] INFO:colcon.colcon_core.package_selection:Skipping not selected package 'scout_mini_nav2' in 'src/scout_mini_nav2'
[2.852s] INFO:colcon.colcon_core.package_selection:Skipping not selected package 'scout_mini_tools' in 'src/scout_mini_tools'
[2.852s] INFO:colcon.colcon_core.package_selection:Skipping not selected package 'scout_msgs' in 'src/scout_ros2/scout_msgs'
[2.852s] INFO:colcon.colcon_core.package_selection:Skipping not selected package 'slam_launch' in 'src/slam_launch'
[2.852s] INFO:colcon.colcon_core.package_selection:Skipping not selected package 'sllidar_ros2' in 'src/sllidar_ros2'
[2.852s] INFO:colcon.colcon_core.package_selection:Skipping not selected package 'ugv_sdk' in 'src/ugv_sdk'
[2.852s] INFO:colcon.colcon_core.package_selection:Skipping not selected package 'realsense2_camera' in 'src/realsense-ros/realsense2_camera'
[2.852s] INFO:colcon.colcon_core.package_selection:Skipping not selected package 'realsense2_description' in 'src/realsense-ros/realsense2_description'
[2.852s] INFO:colcon.colcon_core.package_selection:Skipping not selected package 'scout_base' in 'src/scout_ros2/scout_base'
[2.853s] Level 1:colcon.colcon_core.package_discovery:discover_packages(prefix_path) check parameters
[2.853s] Level 1:colcon.colcon_core.package_discovery:discover_packages(prefix_path) discover
[2.953s] DEBUG:colcon.colcon_installed_package_information.package_discovery:Found 334 installed packages in /opt/ros/humble
[2.956s] Level 1:colcon.colcon_core.package_discovery:discover_packages(prefix_path) using defaults
[3.073s] Level 5:colcon.colcon_core.verb:set package 'robot_control' build argument 'cmake_args' from command line to 'None'
[3.073s] Level 5:colcon.colcon_core.verb:set package 'robot_control' build argument 'cmake_target' from command line to 'None'
[3.073s] Level 5:colcon.colcon_core.verb:set package 'robot_control' build argument 'cmake_target_skip_unavailable' from command line to 'False'
[3.073s] Level 5:colcon.colcon_core.verb:set package 'robot_control' build argument 'cmake_clean_cache' from command line to 'False'
[3.073s] Level 5:colcon.colcon_core.verb:set package 'robot_control' build argument 'cmake_clean_first' from command line to 'False'
[3.073s] Level 5:colcon.colcon_core.verb:set package 'robot_control' build argument 'cmake_force_configure' from command line to 'False'
[3.073s] Level 5:colcon.colcon_core.verb:set package 'robot_control' build argument 'ament_cmake_args' from command line to 'None'
[3.074s] Level 5:colcon.colcon_core.verb:set package 'robot_control' build argument 'catkin_cmake_args' from command line to 'None'
[3.074s] Level 5:colcon.colcon_core.verb:set package 'robot_control' build argument 'catkin_skip_building_tests' from command line to 'False'
[3.074s] DEBUG:colcon.colcon_core.verb:Building package 'robot_control' with the following arguments: {'ament_cmake_args': None, 'build_base': '/home/min/Workspace/scout_mini/build/robot_control', 'catkin_cmake_args': None, 'catkin_skip_building_tests': False, 'cmake_args': None, 'cmake_clean_cache': False, 'cmake_clean_first': False, 'cmake_force_configure': False, 'cmake_target': None, 'cmake_target_skip_unavailable': False, 'install_base': '/home/min/Workspace/scout_mini/install/robot_control', 'merge_install': False, 'path': '/home/min/Workspace/scout_mini/src/robot_control', 'symlink_install': False, 'test_result_base': None}
[3.074s] INFO:colcon.colcon_core.executor:Executing jobs using 'parallel' executor
[3.077s] DEBUG:colcon.colcon_parallel_executor.executor.parallel:run_until_complete
[3.078s] INFO:colcon.colcon_ros.task.ament_python.build:Building ROS package in '/home/min/Workspace/scout_mini/src/robot_control' with build type 'ament_python'
[3.078s] Level 1:colcon.colcon_core.shell:create_environment_hook('robot_control', 'ament_prefix_path')
[3.086s] INFO:colcon.colcon_core.plugin_system:Skipping extension 'colcon_core.shell.bat': Not used on non-Windows systems
[3.087s] INFO:colcon.colcon_core.shell:Creating environment hook '/home/min/Workspace/scout_mini/install/robot_control/share/robot_control/hook/ament_prefix_path.ps1'
[3.089s] INFO:colcon.colcon_core.shell:Creating environment descriptor '/home/min/Workspace/scout_mini/install/robot_control/share/robot_control/hook/ament_prefix_path.dsv'
[3.091s] INFO:colcon.colcon_core.shell:Creating environment hook '/home/min/Workspace/scout_mini/install/robot_control/share/robot_control/hook/ament_prefix_path.sh'
[3.094s] INFO:colcon.colcon_core.shell:Skip shell extension 'powershell' for command environment: Not usable outside of PowerShell
[3.094s] DEBUG:colcon.colcon_core.shell:Skip shell extension 'dsv' for command environment
[3.814s] INFO:colcon.colcon_core.task.python.build:Building Python package in '/home/min/Workspace/scout_mini/src/robot_control'
[3.815s] INFO:colcon.colcon_core.shell:Skip shell extension 'powershell' for command environment: Not usable outside of PowerShell
[3.815s] DEBUG:colcon.colcon_core.shell:Skip shell extension 'dsv' for command environment
[5.064s] DEBUG:colcon.colcon_core.event_handler.log_command:Invoking command in '/home/min/Workspace/scout_mini/src/robot_control': PYTHONPATH=/home/min/Workspace/scout_mini/build/robot_control/prefix_override:/usr/lib/python3/dist-packages/colcon_core/task/python/colcon_distutils_commands:/home/min/Workspace/scout_mini/install/robot_control/lib/python3.10/site-packages:${PYTHONPATH} /usr/bin/python3 -W ignore:setup.py install is deprecated -W ignore:easy_install command is deprecated setup.py egg_info --egg-base ../../build/robot_control build --build-base /home/min/Workspace/scout_mini/build/robot_control/build install --record /home/min/Workspace/scout_mini/build/robot_control/install.log --single-version-externally-managed install_data
[6.076s] DEBUG:colcon.colcon_core.event_handler.log_command:Invoked command in '/home/min/Workspace/scout_mini/src/robot_control' returned '0': PYTHONPATH=/home/min/Workspace/scout_mini/build/robot_control/prefix_override:/usr/lib/python3/dist-packages/colcon_core/task/python/colcon_distutils_commands:/home/min/Workspace/scout_mini/install/robot_control/lib/python3.10/site-packages:${PYTHONPATH} /usr/bin/python3 -W ignore:setup.py install is deprecated -W ignore:easy_install command is deprecated setup.py egg_info --egg-base ../../build/robot_control build --build-base /home/min/Workspace/scout_mini/build/robot_control/build install --record /home/min/Workspace/scout_mini/build/robot_control/install.log --single-version-externally-managed install_data
[6.083s] Level 1:colcon.colcon_core.environment:checking '/home/min/Workspace/scout_mini/install/robot_control' for CMake module files
[6.084s] Level 1:colcon.colcon_core.environment:checking '/home/min/Workspace/scout_mini/install/robot_control' for CMake config files
[6.086s] Level 1:colcon.colcon_core.environment:checking '/home/min/Workspace/scout_mini/install/robot_control/lib'
[6.088s] Level 1:colcon.colcon_core.environment:checking '/home/min/Workspace/scout_mini/install/robot_control/bin'
[6.088s] Level 1:colcon.colcon_core.environment:checking '/home/min/Workspace/scout_mini/install/robot_control/lib/pkgconfig/robot_control.pc'
[6.089s] Level 1:colcon.colcon_core.environment:checking '/home/min/Workspace/scout_mini/install/robot_control/lib/python3.10/site-packages'
[6.089s] Level 1:colcon.colcon_core.shell:create_environment_hook('robot_control', 'pythonpath')
[6.090s] INFO:colcon.colcon_core.shell:Creating environment hook '/home/min/Workspace/scout_mini/install/robot_control/share/robot_control/hook/pythonpath.ps1'
[6.091s] INFO:colcon.colcon_core.shell:Creating environment descriptor '/home/min/Workspace/scout_mini/install/robot_control/share/robot_control/hook/pythonpath.dsv'
[6.093s] INFO:colcon.colcon_core.shell:Creating environment hook '/home/min/Workspace/scout_mini/install/robot_control/share/robot_control/hook/pythonpath.sh'
[6.096s] Level 1:colcon.colcon_core.environment:checking '/home/min/Workspace/scout_mini/install/robot_control/bin'
[6.096s] Level 1:colcon.colcon_core.environment:create_environment_scripts_only(robot_control)
[6.097s] INFO:colcon.colcon_core.shell:Creating package script '/home/min/Workspace/scout_mini/install/robot_control/share/robot_control/package.ps1'
[6.099s] INFO:colcon.colcon_core.shell:Creating package descriptor '/home/min/Workspace/scout_mini/install/robot_control/share/robot_control/package.dsv'
[6.101s] INFO:colcon.colcon_core.shell:Creating package script '/home/min/Workspace/scout_mini/install/robot_control/share/robot_control/package.sh'
[6.105s] INFO:colcon.colcon_core.shell:Creating package script '/home/min/Workspace/scout_mini/install/robot_control/share/robot_control/package.bash'
[6.108s] INFO:colcon.colcon_core.shell:Creating package script '/home/min/Workspace/scout_mini/install/robot_control/share/robot_control/package.zsh'
[6.113s] Level 1:colcon.colcon_core.environment:create_file_with_runtime_dependencies(/home/min/Workspace/scout_mini/install/robot_control/share/colcon-core/packages/robot_control)
[6.113s] DEBUG:colcon.colcon_parallel_executor.executor.parallel:closing loop
[6.114s] DEBUG:colcon.colcon_parallel_executor.executor.parallel:loop closed
[6.115s] DEBUG:colcon.colcon_parallel_executor.executor.parallel:run_until_complete finished with '0'
[6.115s] DEBUG:colcon.colcon_core.event_reactor:joining thread
[6.296s] INFO:colcon.colcon_core.plugin_system:Skipping extension 'colcon_notification.desktop_notification.terminal_notifier': Not used on non-Darwin systems
[6.296s] INFO:colcon.colcon_core.plugin_system:Skipping extension 'colcon_notification.desktop_notification.win32': Not used on non-Windows systems
[6.297s] INFO:colcon.colcon_notification.desktop_notification:Sending desktop notification using 'notify2'
[6.333s] DEBUG:colcon.colcon_core.event_reactor:joined thread
[6.334s] INFO:colcon.colcon_core.shell:Creating prefix script '/home/min/Workspace/scout_mini/install/local_setup.ps1'
[6.338s] INFO:colcon.colcon_core.shell:Creating prefix util module '/home/min/Workspace/scout_mini/install/_local_setup_util_ps1.py'
[6.342s] INFO:colcon.colcon_core.shell:Creating prefix chain script '/home/min/Workspace/scout_mini/install/setup.ps1'
[6.345s] INFO:colcon.colcon_core.shell:Creating prefix script '/home/min/Workspace/scout_mini/install/local_setup.sh'
[6.347s] INFO:colcon.colcon_core.shell:Creating prefix util module '/home/min/Workspace/scout_mini/install/_local_setup_util_sh.py'
[6.349s] INFO:colcon.colcon_core.shell:Creating prefix chain script '/home/min/Workspace/scout_mini/install/setup.sh'
[6.352s] INFO:colcon.colcon_core.shell:Creating prefix script '/home/min/Workspace/scout_mini/install/local_setup.bash'
[6.355s] INFO:colcon.colcon_core.shell:Creating prefix chain script '/home/min/Workspace/scout_mini/install/setup.bash'
[6.358s] INFO:colcon.colcon_core.shell:Creating prefix script '/home/min/Workspace/scout_mini/install/local_setup.zsh'
[6.359s] INFO:colcon.colcon_core.shell:Creating prefix chain script '/home/min/Workspace/scout_mini/install/setup.zsh'
