[0.523s] Invoking command in '/home/min/Workspace/scout_mini/build/realsense2_camera_msgs': CMAKE_PREFIX_PATH=/home/min/Workspace/scout_mini/install/scout_base:/home/min/Workspace/scout_mini/install/scout_mini_tools:/opt/ros/humble:/home/min/Workspace/scout_mini/install/ugv_sdk:/home/min/Workspace/scout_mini/install/sllidar_ros2:/home/min/Workspace/scout_mini/install/slam_launch:/home/min/Workspace/scout_mini/install/scout_msgs:/home/min/Workspace/scout_mini/install/scout_mini_nav2:/home/min/Workspace/scout_mini/install/scout_gazebo_sim:/home/min/Workspace/scout_mini/install/scout_description:/home/min/Workspace/scout_mini/install/scout_control:/home/min/Workspace/scout_mini/install/realsense2_description:/home/min/Workspace/scout_mini/install/realsense2_camera:/home/min/Workspace/scout_mini/install/realsense2_camera_msgs:/home/min/Downloads/multiple_robots/install/robot_gazebo:/home/min/Downloads/multiple_robots/install/robot_description:/home/min/Downloads/multiple_robots/install/robot_control /usr/bin/cmake --build /home/min/Workspace/scout_mini/build/realsense2_camera_msgs -- -j8 -l8
[0.634s] [  1%] Built target realsense2_camera_msgs__cpp
[0.656s] [  1%] Built target ament_cmake_python_symlink_realsense2_camera_msgs
[0.659s] [ 12%] Built target realsense2_camera_msgs__rosidl_generator_c
[0.739s] [ 24%] Built target realsense2_camera_msgs__rosidl_typesupport_cpp
[0.739s] [ 35%] Built target realsense2_camera_msgs__rosidl_typesupport_introspection_cpp
[0.739s] [ 47%] Built target realsense2_camera_msgs__rosidl_typesupport_fastrtps_cpp
[0.742s] [ 58%] Built target realsense2_camera_msgs__rosidl_typesupport_c
[0.767s] [ 70%] Built target realsense2_camera_msgs__rosidl_typesupport_fastrtps_c
[0.794s] [ 81%] Built target realsense2_camera_msgs__rosidl_typesupport_introspection_c
[0.837s] [ 81%] Built target realsense2_camera_msgs
[0.869s] [ 82%] Built target realsense2_camera_msgs__py
[0.907s] [ 93%] Built target realsense2_camera_msgs__rosidl_generator_py
[0.956s] [ 95%] Built target realsense2_camera_msgs__rosidl_typesupport_introspection_c__pyext
[0.960s] [ 97%] Built target realsense2_camera_msgs__rosidl_typesupport_fastrtps_c__pyext
[0.965s] [100%] Built target realsense2_camera_msgs__rosidl_typesupport_c__pyext
[1.194s] running egg_info
[1.194s] writing realsense2_camera_msgs.egg-info/PKG-INFO
[1.194s] writing dependency_links to realsense2_camera_msgs.egg-info/dependency_links.txt
[1.194s] writing top-level names to realsense2_camera_msgs.egg-info/top_level.txt
[1.195s] reading manifest file 'realsense2_camera_msgs.egg-info/SOURCES.txt'
[1.195s] writing manifest file 'realsense2_camera_msgs.egg-info/SOURCES.txt'
[1.228s] [100%] Built target ament_cmake_python_build_realsense2_camera_msgs_egg
[3.594s] Invoked command in '/home/min/Workspace/scout_mini/build/realsense2_camera_msgs' returned '0': CMAKE_PREFIX_PATH=/home/min/Workspace/scout_mini/install/scout_base:/home/min/Workspace/scout_mini/install/scout_mini_tools:/opt/ros/humble:/home/min/Workspace/scout_mini/install/ugv_sdk:/home/min/Workspace/scout_mini/install/sllidar_ros2:/home/min/Workspace/scout_mini/install/slam_launch:/home/min/Workspace/scout_mini/install/scout_msgs:/home/min/Workspace/scout_mini/install/scout_mini_nav2:/home/min/Workspace/scout_mini/install/scout_gazebo_sim:/home/min/Workspace/scout_mini/install/scout_description:/home/min/Workspace/scout_mini/install/scout_control:/home/min/Workspace/scout_mini/install/realsense2_description:/home/min/Workspace/scout_mini/install/realsense2_camera:/home/min/Workspace/scout_mini/install/realsense2_camera_msgs:/home/min/Downloads/multiple_robots/install/robot_gazebo:/home/min/Downloads/multiple_robots/install/robot_description:/home/min/Downloads/multiple_robots/install/robot_control /usr/bin/cmake --build /home/min/Workspace/scout_mini/build/realsense2_camera_msgs -- -j8 -l8
[3.598s] Invoking command in '/home/min/Workspace/scout_mini/build/realsense2_camera_msgs': CMAKE_PREFIX_PATH=/home/min/Workspace/scout_mini/install/scout_base:/home/min/Workspace/scout_mini/install/scout_mini_tools:/opt/ros/humble:/home/min/Workspace/scout_mini/install/ugv_sdk:/home/min/Workspace/scout_mini/install/sllidar_ros2:/home/min/Workspace/scout_mini/install/slam_launch:/home/min/Workspace/scout_mini/install/scout_msgs:/home/min/Workspace/scout_mini/install/scout_mini_nav2:/home/min/Workspace/scout_mini/install/scout_gazebo_sim:/home/min/Workspace/scout_mini/install/scout_description:/home/min/Workspace/scout_mini/install/scout_control:/home/min/Workspace/scout_mini/install/realsense2_description:/home/min/Workspace/scout_mini/install/realsense2_camera:/home/min/Workspace/scout_mini/install/realsense2_camera_msgs:/home/min/Downloads/multiple_robots/install/robot_gazebo:/home/min/Downloads/multiple_robots/install/robot_description:/home/min/Downloads/multiple_robots/install/robot_control /usr/bin/cmake --install /home/min/Workspace/scout_mini/build/realsense2_camera_msgs
[3.613s] -- Install configuration: ""
[3.615s] -- Execute custom install script
[3.615s] -- Up-to-date symlink: /home/min/Workspace/scout_mini/install/realsense2_camera_msgs/share/ament_index/resource_index/rosidl_interfaces/realsense2_camera_msgs
[3.617s] -- Up-to-date symlink: /home/min/Workspace/scout_mini/install/realsense2_camera_msgs/include/realsense2_camera_msgs/realsense2_camera_msgs/action/detail/triggered_calibration__functions.h
[3.617s] -- Up-to-date symlink: /home/min/Workspace/scout_mini/install/realsense2_camera_msgs/include/realsense2_camera_msgs/realsense2_camera_msgs/action/detail/triggered_calibration__struct.h
[3.617s] -- Up-to-date symlink: /home/min/Workspace/scout_mini/install/realsense2_camera_msgs/include/realsense2_camera_msgs/realsense2_camera_msgs/action/detail/triggered_calibration__type_support.h
[3.617s] -- Up-to-date symlink: /home/min/Workspace/scout_mini/install/realsense2_camera_msgs/include/realsense2_camera_msgs/realsense2_camera_msgs/action/triggered_calibration.h
[3.617s] -- Up-to-date symlink: /home/min/Workspace/scout_mini/install/realsense2_camera_msgs/include/realsense2_camera_msgs/realsense2_camera_msgs/msg/detail/extrinsics__functions.h
[3.618s] -- Up-to-date symlink: /home/min/Workspace/scout_mini/install/realsense2_camera_msgs/include/realsense2_camera_msgs/realsense2_camera_msgs/msg/detail/extrinsics__struct.h
[3.618s] -- Up-to-date symlink: /home/min/Workspace/scout_mini/install/realsense2_camera_msgs/include/realsense2_camera_msgs/realsense2_camera_msgs/msg/detail/extrinsics__type_support.h
[3.618s] -- Up-to-date symlink: /home/min/Workspace/scout_mini/install/realsense2_camera_msgs/include/realsense2_camera_msgs/realsense2_camera_msgs/msg/detail/imu_info__functions.h
[3.622s] -- Up-to-date symlink: /home/min/Workspace/scout_mini/install/realsense2_camera_msgs/include/realsense2_camera_msgs/realsense2_camera_msgs/msg/detail/imu_info__struct.h
[3.623s] -- Up-to-date symlink: /home/min/Workspace/scout_mini/install/realsense2_camera_msgs/include/realsense2_camera_msgs/realsense2_camera_msgs/msg/detail/imu_info__type_support.h
[3.625s] -- Up-to-date symlink: /home/min/Workspace/scout_mini/install/realsense2_camera_msgs/include/realsense2_camera_msgs/realsense2_camera_msgs/msg/detail/metadata__functions.h
[3.626s] -- Up-to-date symlink: /home/min/Workspace/scout_mini/install/realsense2_camera_msgs/include/realsense2_camera_msgs/realsense2_camera_msgs/msg/detail/metadata__struct.h
[3.626s] -- Up-to-date symlink: /home/min/Workspace/scout_mini/install/realsense2_camera_msgs/include/realsense2_camera_msgs/realsense2_camera_msgs/msg/detail/metadata__type_support.h
[3.626s] -- Up-to-date symlink: /home/min/Workspace/scout_mini/install/realsense2_camera_msgs/include/realsense2_camera_msgs/realsense2_camera_msgs/msg/detail/rgbd__functions.h
[3.626s] -- Up-to-date symlink: /home/min/Workspace/scout_mini/install/realsense2_camera_msgs/include/realsense2_camera_msgs/realsense2_camera_msgs/msg/detail/rgbd__struct.h
[3.626s] -- Up-to-date symlink: /home/min/Workspace/scout_mini/install/realsense2_camera_msgs/include/realsense2_camera_msgs/realsense2_camera_msgs/msg/detail/rgbd__type_support.h
[3.627s] -- Up-to-date symlink: /home/min/Workspace/scout_mini/install/realsense2_camera_msgs/include/realsense2_camera_msgs/realsense2_camera_msgs/msg/extrinsics.h
[3.627s] -- Up-to-date symlink: /home/min/Workspace/scout_mini/install/realsense2_camera_msgs/include/realsense2_camera_msgs/realsense2_camera_msgs/msg/imu_info.h
[3.627s] -- Up-to-date symlink: /home/min/Workspace/scout_mini/install/realsense2_camera_msgs/include/realsense2_camera_msgs/realsense2_camera_msgs/msg/metadata.h
[3.628s] -- Up-to-date symlink: /home/min/Workspace/scout_mini/install/realsense2_camera_msgs/include/realsense2_camera_msgs/realsense2_camera_msgs/msg/rgbd.h
[3.633s] -- Up-to-date symlink: /home/min/Workspace/scout_mini/install/realsense2_camera_msgs/include/realsense2_camera_msgs/realsense2_camera_msgs/msg/rosidl_generator_c__visibility_control.h
[3.633s] -- Up-to-date symlink: /home/min/Workspace/scout_mini/install/realsense2_camera_msgs/include/realsense2_camera_msgs/realsense2_camera_msgs/srv/calib_config_read.h
[3.633s] -- Up-to-date symlink: /home/min/Workspace/scout_mini/install/realsense2_camera_msgs/include/realsense2_camera_msgs/realsense2_camera_msgs/srv/calib_config_write.h
[3.633s] -- Up-to-date symlink: /home/min/Workspace/scout_mini/install/realsense2_camera_msgs/include/realsense2_camera_msgs/realsense2_camera_msgs/srv/detail/calib_config_read__functions.h
[3.634s] -- Up-to-date symlink: /home/min/Workspace/scout_mini/install/realsense2_camera_msgs/include/realsense2_camera_msgs/realsense2_camera_msgs/srv/detail/calib_config_read__struct.h
[3.634s] -- Up-to-date symlink: /home/min/Workspace/scout_mini/install/realsense2_camera_msgs/include/realsense2_camera_msgs/realsense2_camera_msgs/srv/detail/calib_config_read__type_support.h
[3.635s] -- Up-to-date symlink: /home/min/Workspace/scout_mini/install/realsense2_camera_msgs/include/realsense2_camera_msgs/realsense2_camera_msgs/srv/detail/calib_config_write__functions.h
[3.635s] -- Up-to-date symlink: /home/min/Workspace/scout_mini/install/realsense2_camera_msgs/include/realsense2_camera_msgs/realsense2_camera_msgs/srv/detail/calib_config_write__struct.h
[3.636s] -- Up-to-date symlink: /home/min/Workspace/scout_mini/install/realsense2_camera_msgs/include/realsense2_camera_msgs/realsense2_camera_msgs/srv/detail/calib_config_write__type_support.h
[3.636s] -- Up-to-date symlink: /home/min/Workspace/scout_mini/install/realsense2_camera_msgs/include/realsense2_camera_msgs/realsense2_camera_msgs/srv/detail/device_info__functions.h
[3.636s] -- Up-to-date symlink: /home/min/Workspace/scout_mini/install/realsense2_camera_msgs/include/realsense2_camera_msgs/realsense2_camera_msgs/srv/detail/device_info__struct.h
[3.637s] -- Up-to-date symlink: /home/min/Workspace/scout_mini/install/realsense2_camera_msgs/include/realsense2_camera_msgs/realsense2_camera_msgs/srv/detail/device_info__type_support.h
[3.637s] -- Up-to-date symlink: /home/min/Workspace/scout_mini/install/realsense2_camera_msgs/include/realsense2_camera_msgs/realsense2_camera_msgs/srv/device_info.h
[3.637s] -- Up-to-date symlink: /home/min/Workspace/scout_mini/install/realsense2_camera_msgs/share/realsense2_camera_msgs/environment/library_path.sh
[3.638s] -- Up-to-date symlink: /home/min/Workspace/scout_mini/install/realsense2_camera_msgs/share/realsense2_camera_msgs/environment/library_path.dsv
[3.638s] -- Up-to-date symlink: /home/min/Workspace/scout_mini/install/realsense2_camera_msgs/include/realsense2_camera_msgs/realsense2_camera_msgs/action/detail/triggered_calibration__rosidl_typesupport_fastrtps_c.h
[3.639s] -- Up-to-date symlink: /home/min/Workspace/scout_mini/install/realsense2_camera_msgs/include/realsense2_camera_msgs/realsense2_camera_msgs/msg/detail/extrinsics__rosidl_typesupport_fastrtps_c.h
[3.639s] -- Up-to-date symlink: /home/min/Workspace/scout_mini/install/realsense2_camera_msgs/include/realsense2_camera_msgs/realsense2_camera_msgs/msg/detail/imu_info__rosidl_typesupport_fastrtps_c.h
[3.639s] -- Up-to-date symlink: /home/min/Workspace/scout_mini/install/realsense2_camera_msgs/include/realsense2_camera_msgs/realsense2_camera_msgs/msg/detail/metadata__rosidl_typesupport_fastrtps_c.h
[3.639s] -- Up-to-date symlink: /home/min/Workspace/scout_mini/install/realsense2_camera_msgs/include/realsense2_camera_msgs/realsense2_camera_msgs/msg/detail/rgbd__rosidl_typesupport_fastrtps_c.h
[3.640s] -- Up-to-date symlink: /home/min/Workspace/scout_mini/install/realsense2_camera_msgs/include/realsense2_camera_msgs/realsense2_camera_msgs/msg/rosidl_typesupport_fastrtps_c__visibility_control.h
[3.640s] -- Up-to-date symlink: /home/min/Workspace/scout_mini/install/realsense2_camera_msgs/include/realsense2_camera_msgs/realsense2_camera_msgs/srv/detail/calib_config_read__rosidl_typesupport_fastrtps_c.h
[3.640s] -- Up-to-date symlink: /home/min/Workspace/scout_mini/install/realsense2_camera_msgs/include/realsense2_camera_msgs/realsense2_camera_msgs/srv/detail/calib_config_write__rosidl_typesupport_fastrtps_c.h
[3.640s] -- Up-to-date symlink: /home/min/Workspace/scout_mini/install/realsense2_camera_msgs/include/realsense2_camera_msgs/realsense2_camera_msgs/srv/detail/device_info__rosidl_typesupport_fastrtps_c.h
[3.641s] -- Up-to-date symlink: /home/min/Workspace/scout_mini/install/realsense2_camera_msgs/include/realsense2_camera_msgs/realsense2_camera_msgs/action/detail/triggered_calibration__rosidl_typesupport_introspection_c.h
[3.641s] -- Up-to-date symlink: /home/min/Workspace/scout_mini/install/realsense2_camera_msgs/include/realsense2_camera_msgs/realsense2_camera_msgs/msg/detail/extrinsics__rosidl_typesupport_introspection_c.h
[3.642s] -- Up-to-date symlink: /home/min/Workspace/scout_mini/install/realsense2_camera_msgs/include/realsense2_camera_msgs/realsense2_camera_msgs/msg/detail/imu_info__rosidl_typesupport_introspection_c.h
[3.642s] -- Up-to-date symlink: /home/min/Workspace/scout_mini/install/realsense2_camera_msgs/include/realsense2_camera_msgs/realsense2_camera_msgs/msg/detail/metadata__rosidl_typesupport_introspection_c.h
[3.642s] -- Up-to-date symlink: /home/min/Workspace/scout_mini/install/realsense2_camera_msgs/include/realsense2_camera_msgs/realsense2_camera_msgs/msg/detail/rgbd__rosidl_typesupport_introspection_c.h
[3.642s] -- Up-to-date symlink: /home/min/Workspace/scout_mini/install/realsense2_camera_msgs/include/realsense2_camera_msgs/realsense2_camera_msgs/msg/rosidl_typesupport_introspection_c__visibility_control.h
[3.643s] -- Up-to-date symlink: /home/min/Workspace/scout_mini/install/realsense2_camera_msgs/include/realsense2_camera_msgs/realsense2_camera_msgs/srv/detail/calib_config_read__rosidl_typesupport_introspection_c.h
[3.643s] -- Up-to-date symlink: /home/min/Workspace/scout_mini/install/realsense2_camera_msgs/include/realsense2_camera_msgs/realsense2_camera_msgs/srv/detail/calib_config_write__rosidl_typesupport_introspection_c.h
[3.643s] -- Up-to-date symlink: /home/min/Workspace/scout_mini/install/realsense2_camera_msgs/include/realsense2_camera_msgs/realsense2_camera_msgs/srv/detail/device_info__rosidl_typesupport_introspection_c.h
[3.644s] -- Up-to-date symlink: /home/min/Workspace/scout_mini/install/realsense2_camera_msgs/include/realsense2_camera_msgs/realsense2_camera_msgs/action/detail/triggered_calibration__builder.hpp
[3.644s] -- Up-to-date symlink: /home/min/Workspace/scout_mini/install/realsense2_camera_msgs/include/realsense2_camera_msgs/realsense2_camera_msgs/action/detail/triggered_calibration__struct.hpp
[3.645s] -- Up-to-date symlink: /home/min/Workspace/scout_mini/install/realsense2_camera_msgs/include/realsense2_camera_msgs/realsense2_camera_msgs/action/detail/triggered_calibration__traits.hpp
[3.645s] -- Up-to-date symlink: /home/min/Workspace/scout_mini/install/realsense2_camera_msgs/include/realsense2_camera_msgs/realsense2_camera_msgs/action/detail/triggered_calibration__type_support.hpp
[3.645s] -- Up-to-date symlink: /home/min/Workspace/scout_mini/install/realsense2_camera_msgs/include/realsense2_camera_msgs/realsense2_camera_msgs/action/triggered_calibration.hpp
[3.645s] -- Up-to-date symlink: /home/min/Workspace/scout_mini/install/realsense2_camera_msgs/include/realsense2_camera_msgs/realsense2_camera_msgs/msg/detail/extrinsics__builder.hpp
[3.645s] -- Up-to-date symlink: /home/min/Workspace/scout_mini/install/realsense2_camera_msgs/include/realsense2_camera_msgs/realsense2_camera_msgs/msg/detail/extrinsics__struct.hpp
[3.646s] -- Up-to-date symlink: /home/min/Workspace/scout_mini/install/realsense2_camera_msgs/include/realsense2_camera_msgs/realsense2_camera_msgs/msg/detail/extrinsics__traits.hpp
[3.646s] -- Up-to-date symlink: /home/min/Workspace/scout_mini/install/realsense2_camera_msgs/include/realsense2_camera_msgs/realsense2_camera_msgs/msg/detail/extrinsics__type_support.hpp
[3.647s] -- Up-to-date symlink: /home/min/Workspace/scout_mini/install/realsense2_camera_msgs/include/realsense2_camera_msgs/realsense2_camera_msgs/msg/detail/imu_info__builder.hpp
[3.647s] -- Up-to-date symlink: /home/min/Workspace/scout_mini/install/realsense2_camera_msgs/include/realsense2_camera_msgs/realsense2_camera_msgs/msg/detail/imu_info__struct.hpp
[3.647s] -- Up-to-date symlink: /home/min/Workspace/scout_mini/install/realsense2_camera_msgs/include/realsense2_camera_msgs/realsense2_camera_msgs/msg/detail/imu_info__traits.hpp
[3.647s] -- Up-to-date symlink: /home/min/Workspace/scout_mini/install/realsense2_camera_msgs/include/realsense2_camera_msgs/realsense2_camera_msgs/msg/detail/imu_info__type_support.hpp
[3.648s] -- Up-to-date symlink: /home/min/Workspace/scout_mini/install/realsense2_camera_msgs/include/realsense2_camera_msgs/realsense2_camera_msgs/msg/detail/metadata__builder.hpp
[3.648s] -- Up-to-date symlink: /home/min/Workspace/scout_mini/install/realsense2_camera_msgs/include/realsense2_camera_msgs/realsense2_camera_msgs/msg/detail/metadata__struct.hpp
[3.649s] -- Up-to-date symlink: /home/min/Workspace/scout_mini/install/realsense2_camera_msgs/include/realsense2_camera_msgs/realsense2_camera_msgs/msg/detail/metadata__traits.hpp
[3.649s] -- Up-to-date symlink: /home/min/Workspace/scout_mini/install/realsense2_camera_msgs/include/realsense2_camera_msgs/realsense2_camera_msgs/msg/detail/metadata__type_support.hpp
[3.649s] -- Up-to-date symlink: /home/min/Workspace/scout_mini/install/realsense2_camera_msgs/include/realsense2_camera_msgs/realsense2_camera_msgs/msg/detail/rgbd__builder.hpp
[3.649s] -- Up-to-date symlink: /home/min/Workspace/scout_mini/install/realsense2_camera_msgs/include/realsense2_camera_msgs/realsense2_camera_msgs/msg/detail/rgbd__struct.hpp
[3.650s] -- Up-to-date symlink: /home/min/Workspace/scout_mini/install/realsense2_camera_msgs/include/realsense2_camera_msgs/realsense2_camera_msgs/msg/detail/rgbd__traits.hpp
[3.650s] -- Up-to-date symlink: /home/min/Workspace/scout_mini/install/realsense2_camera_msgs/include/realsense2_camera_msgs/realsense2_camera_msgs/msg/detail/rgbd__type_support.hpp
[3.650s] -- Up-to-date symlink: /home/min/Workspace/scout_mini/install/realsense2_camera_msgs/include/realsense2_camera_msgs/realsense2_camera_msgs/msg/extrinsics.hpp
[3.650s] -- Up-to-date symlink: /home/min/Workspace/scout_mini/install/realsense2_camera_msgs/include/realsense2_camera_msgs/realsense2_camera_msgs/msg/imu_info.hpp
[3.651s] -- Up-to-date symlink: /home/min/Workspace/scout_mini/install/realsense2_camera_msgs/include/realsense2_camera_msgs/realsense2_camera_msgs/msg/metadata.hpp
[3.652s] -- Up-to-date symlink: /home/min/Workspace/scout_mini/install/realsense2_camera_msgs/include/realsense2_camera_msgs/realsense2_camera_msgs/msg/rgbd.hpp
[3.652s] -- Up-to-date symlink: /home/min/Workspace/scout_mini/install/realsense2_camera_msgs/include/realsense2_camera_msgs/realsense2_camera_msgs/msg/rosidl_generator_cpp__visibility_control.hpp
[3.652s] -- Up-to-date symlink: /home/min/Workspace/scout_mini/install/realsense2_camera_msgs/include/realsense2_camera_msgs/realsense2_camera_msgs/srv/calib_config_read.hpp
[3.652s] -- Up-to-date symlink: /home/min/Workspace/scout_mini/install/realsense2_camera_msgs/include/realsense2_camera_msgs/realsense2_camera_msgs/srv/calib_config_write.hpp
[3.652s] -- Up-to-date symlink: /home/min/Workspace/scout_mini/install/realsense2_camera_msgs/include/realsense2_camera_msgs/realsense2_camera_msgs/srv/detail/calib_config_read__builder.hpp
[3.652s] -- Up-to-date symlink: /home/min/Workspace/scout_mini/install/realsense2_camera_msgs/include/realsense2_camera_msgs/realsense2_camera_msgs/srv/detail/calib_config_read__struct.hpp
[3.652s] -- Up-to-date symlink: /home/min/Workspace/scout_mini/install/realsense2_camera_msgs/include/realsense2_camera_msgs/realsense2_camera_msgs/srv/detail/calib_config_read__traits.hpp
[3.652s] -- Up-to-date symlink: /home/min/Workspace/scout_mini/install/realsense2_camera_msgs/include/realsense2_camera_msgs/realsense2_camera_msgs/srv/detail/calib_config_read__type_support.hpp
[3.653s] -- Up-to-date symlink: /home/min/Workspace/scout_mini/install/realsense2_camera_msgs/include/realsense2_camera_msgs/realsense2_camera_msgs/srv/detail/calib_config_write__builder.hpp
[3.653s] -- Up-to-date symlink: /home/min/Workspace/scout_mini/install/realsense2_camera_msgs/include/realsense2_camera_msgs/realsense2_camera_msgs/srv/detail/calib_config_write__struct.hpp
[3.653s] -- Up-to-date symlink: /home/min/Workspace/scout_mini/install/realsense2_camera_msgs/include/realsense2_camera_msgs/realsense2_camera_msgs/srv/detail/calib_config_write__traits.hpp
[3.653s] -- Up-to-date symlink: /home/min/Workspace/scout_mini/install/realsense2_camera_msgs/include/realsense2_camera_msgs/realsense2_camera_msgs/srv/detail/calib_config_write__type_support.hpp
[3.653s] -- Up-to-date symlink: /home/min/Workspace/scout_mini/install/realsense2_camera_msgs/include/realsense2_camera_msgs/realsense2_camera_msgs/srv/detail/device_info__builder.hpp
[3.653s] -- Up-to-date symlink: /home/min/Workspace/scout_mini/install/realsense2_camera_msgs/include/realsense2_camera_msgs/realsense2_camera_msgs/srv/detail/device_info__struct.hpp
[3.653s] -- Up-to-date symlink: /home/min/Workspace/scout_mini/install/realsense2_camera_msgs/include/realsense2_camera_msgs/realsense2_camera_msgs/srv/detail/device_info__traits.hpp
[3.653s] -- Up-to-date symlink: /home/min/Workspace/scout_mini/install/realsense2_camera_msgs/include/realsense2_camera_msgs/realsense2_camera_msgs/srv/detail/device_info__type_support.hpp
[3.653s] -- Up-to-date symlink: /home/min/Workspace/scout_mini/install/realsense2_camera_msgs/include/realsense2_camera_msgs/realsense2_camera_msgs/srv/device_info.hpp
[3.653s] -- Up-to-date symlink: /home/min/Workspace/scout_mini/install/realsense2_camera_msgs/include/realsense2_camera_msgs/realsense2_camera_msgs/action/detail/triggered_calibration__rosidl_typesupport_fastrtps_cpp.hpp
[3.655s] -- Up-to-date symlink: /home/min/Workspace/scout_mini/install/realsense2_camera_msgs/include/realsense2_camera_msgs/realsense2_camera_msgs/msg/detail/extrinsics__rosidl_typesupport_fastrtps_cpp.hpp
[3.655s] -- Up-to-date symlink: /home/min/Workspace/scout_mini/install/realsense2_camera_msgs/include/realsense2_camera_msgs/realsense2_camera_msgs/msg/detail/imu_info__rosidl_typesupport_fastrtps_cpp.hpp
[3.656s] -- Up-to-date symlink: /home/min/Workspace/scout_mini/install/realsense2_camera_msgs/include/realsense2_camera_msgs/realsense2_camera_msgs/msg/detail/metadata__rosidl_typesupport_fastrtps_cpp.hpp
[3.656s] -- Up-to-date symlink: /home/min/Workspace/scout_mini/install/realsense2_camera_msgs/include/realsense2_camera_msgs/realsense2_camera_msgs/msg/detail/rgbd__rosidl_typesupport_fastrtps_cpp.hpp
[3.656s] -- Up-to-date symlink: /home/min/Workspace/scout_mini/install/realsense2_camera_msgs/include/realsense2_camera_msgs/realsense2_camera_msgs/msg/rosidl_typesupport_fastrtps_cpp__visibility_control.h
[3.656s] -- Up-to-date symlink: /home/min/Workspace/scout_mini/install/realsense2_camera_msgs/include/realsense2_camera_msgs/realsense2_camera_msgs/srv/detail/calib_config_read__rosidl_typesupport_fastrtps_cpp.hpp
[3.657s] -- Up-to-date symlink: /home/min/Workspace/scout_mini/install/realsense2_camera_msgs/include/realsense2_camera_msgs/realsense2_camera_msgs/srv/detail/calib_config_write__rosidl_typesupport_fastrtps_cpp.hpp
[3.657s] -- Up-to-date symlink: /home/min/Workspace/scout_mini/install/realsense2_camera_msgs/include/realsense2_camera_msgs/realsense2_camera_msgs/srv/detail/device_info__rosidl_typesupport_fastrtps_cpp.hpp
[3.657s] -- Up-to-date symlink: /home/min/Workspace/scout_mini/install/realsense2_camera_msgs/include/realsense2_camera_msgs/realsense2_camera_msgs/action/detail/triggered_calibration__rosidl_typesupport_introspection_cpp.hpp
[3.657s] -- Up-to-date symlink: /home/min/Workspace/scout_mini/install/realsense2_camera_msgs/include/realsense2_camera_msgs/realsense2_camera_msgs/msg/detail/extrinsics__rosidl_typesupport_introspection_cpp.hpp
[3.657s] -- Up-to-date symlink: /home/min/Workspace/scout_mini/install/realsense2_camera_msgs/include/realsense2_camera_msgs/realsense2_camera_msgs/msg/detail/imu_info__rosidl_typesupport_introspection_cpp.hpp
[3.657s] -- Up-to-date symlink: /home/min/Workspace/scout_mini/install/realsense2_camera_msgs/include/realsense2_camera_msgs/realsense2_camera_msgs/msg/detail/metadata__rosidl_typesupport_introspection_cpp.hpp
[3.658s] -- Up-to-date symlink: /home/min/Workspace/scout_mini/install/realsense2_camera_msgs/include/realsense2_camera_msgs/realsense2_camera_msgs/msg/detail/rgbd__rosidl_typesupport_introspection_cpp.hpp
[3.658s] -- Up-to-date symlink: /home/min/Workspace/scout_mini/install/realsense2_camera_msgs/include/realsense2_camera_msgs/realsense2_camera_msgs/srv/detail/calib_config_read__rosidl_typesupport_introspection_cpp.hpp
[3.658s] -- Up-to-date symlink: /home/min/Workspace/scout_mini/install/realsense2_camera_msgs/include/realsense2_camera_msgs/realsense2_camera_msgs/srv/detail/calib_config_write__rosidl_typesupport_introspection_cpp.hpp
[3.658s] -- Up-to-date symlink: /home/min/Workspace/scout_mini/install/realsense2_camera_msgs/include/realsense2_camera_msgs/realsense2_camera_msgs/srv/detail/device_info__rosidl_typesupport_introspection_cpp.hpp
[3.658s] -- Up-to-date symlink: /home/min/Workspace/scout_mini/install/realsense2_camera_msgs/share/realsense2_camera_msgs/environment/pythonpath.sh
[3.658s] -- Up-to-date symlink: /home/min/Workspace/scout_mini/install/realsense2_camera_msgs/share/realsense2_camera_msgs/environment/pythonpath.dsv
[3.658s] -- Up-to-date symlink: /home/min/Workspace/scout_mini/install/realsense2_camera_msgs/local/lib/python3.10/dist-packages/realsense2_camera_msgs-4.56.4-py3.10.egg-info/PKG-INFO
[3.658s] -- Up-to-date symlink: /home/min/Workspace/scout_mini/install/realsense2_camera_msgs/local/lib/python3.10/dist-packages/realsense2_camera_msgs-4.56.4-py3.10.egg-info/SOURCES.txt
[3.659s] -- Up-to-date symlink: /home/min/Workspace/scout_mini/install/realsense2_camera_msgs/local/lib/python3.10/dist-packages/realsense2_camera_msgs-4.56.4-py3.10.egg-info/dependency_links.txt
[3.659s] -- Up-to-date symlink: /home/min/Workspace/scout_mini/install/realsense2_camera_msgs/local/lib/python3.10/dist-packages/realsense2_camera_msgs-4.56.4-py3.10.egg-info/top_level.txt
[3.659s] -- Up-to-date symlink: /home/min/Workspace/scout_mini/install/realsense2_camera_msgs/local/lib/python3.10/dist-packages/realsense2_camera_msgs/__init__.py
[3.659s] -- Up-to-date symlink: /home/min/Workspace/scout_mini/install/realsense2_camera_msgs/local/lib/python3.10/dist-packages/realsense2_camera_msgs/_realsense2_camera_msgs_s.ep.rosidl_typesupport_c.c
[3.659s] -- Up-to-date symlink: /home/min/Workspace/scout_mini/install/realsense2_camera_msgs/local/lib/python3.10/dist-packages/realsense2_camera_msgs/_realsense2_camera_msgs_s.ep.rosidl_typesupport_fastrtps_c.c
[3.660s] -- Up-to-date symlink: /home/min/Workspace/scout_mini/install/realsense2_camera_msgs/local/lib/python3.10/dist-packages/realsense2_camera_msgs/_realsense2_camera_msgs_s.ep.rosidl_typesupport_introspection_c.c
[3.660s] -- Up-to-date symlink: /home/min/Workspace/scout_mini/install/realsense2_camera_msgs/local/lib/python3.10/dist-packages/realsense2_camera_msgs/action/__init__.py
[3.660s] -- Up-to-date symlink: /home/min/Workspace/scout_mini/install/realsense2_camera_msgs/local/lib/python3.10/dist-packages/realsense2_camera_msgs/action/_triggered_calibration.py
[3.660s] -- Up-to-date symlink: /home/min/Workspace/scout_mini/install/realsense2_camera_msgs/local/lib/python3.10/dist-packages/realsense2_camera_msgs/action/_triggered_calibration_s.c
[3.660s] -- Up-to-date symlink: /home/min/Workspace/scout_mini/install/realsense2_camera_msgs/local/lib/python3.10/dist-packages/realsense2_camera_msgs/librealsense2_camera_msgs__rosidl_generator_py.so
[3.660s] -- Up-to-date symlink: /home/min/Workspace/scout_mini/install/realsense2_camera_msgs/local/lib/python3.10/dist-packages/realsense2_camera_msgs/msg/__init__.py
[3.660s] -- Up-to-date symlink: /home/min/Workspace/scout_mini/install/realsense2_camera_msgs/local/lib/python3.10/dist-packages/realsense2_camera_msgs/msg/_extrinsics.py
[3.661s] -- Up-to-date symlink: /home/min/Workspace/scout_mini/install/realsense2_camera_msgs/local/lib/python3.10/dist-packages/realsense2_camera_msgs/msg/_extrinsics_s.c
[3.661s] -- Up-to-date symlink: /home/min/Workspace/scout_mini/install/realsense2_camera_msgs/local/lib/python3.10/dist-packages/realsense2_camera_msgs/msg/_imu_info.py
[3.661s] -- Up-to-date symlink: /home/min/Workspace/scout_mini/install/realsense2_camera_msgs/local/lib/python3.10/dist-packages/realsense2_camera_msgs/msg/_imu_info_s.c
[3.661s] -- Up-to-date symlink: /home/min/Workspace/scout_mini/install/realsense2_camera_msgs/local/lib/python3.10/dist-packages/realsense2_camera_msgs/msg/_metadata.py
[3.661s] -- Up-to-date symlink: /home/min/Workspace/scout_mini/install/realsense2_camera_msgs/local/lib/python3.10/dist-packages/realsense2_camera_msgs/msg/_metadata_s.c
[3.662s] -- Up-to-date symlink: /home/min/Workspace/scout_mini/install/realsense2_camera_msgs/local/lib/python3.10/dist-packages/realsense2_camera_msgs/msg/_rgbd.py
[3.662s] -- Up-to-date symlink: /home/min/Workspace/scout_mini/install/realsense2_camera_msgs/local/lib/python3.10/dist-packages/realsense2_camera_msgs/msg/_rgbd_s.c
[3.662s] -- Up-to-date symlink: /home/min/Workspace/scout_mini/install/realsense2_camera_msgs/local/lib/python3.10/dist-packages/realsense2_camera_msgs/realsense2_camera_msgs_s__rosidl_typesupport_c.cpython-310-x86_64-linux-gnu.so
[3.662s] -- Up-to-date symlink: /home/min/Workspace/scout_mini/install/realsense2_camera_msgs/local/lib/python3.10/dist-packages/realsense2_camera_msgs/realsense2_camera_msgs_s__rosidl_typesupport_fastrtps_c.cpython-310-x86_64-linux-gnu.so
[3.663s] -- Up-to-date symlink: /home/min/Workspace/scout_mini/install/realsense2_camera_msgs/local/lib/python3.10/dist-packages/realsense2_camera_msgs/realsense2_camera_msgs_s__rosidl_typesupport_introspection_c.cpython-310-x86_64-linux-gnu.so
[3.663s] -- Up-to-date symlink: /home/min/Workspace/scout_mini/install/realsense2_camera_msgs/local/lib/python3.10/dist-packages/realsense2_camera_msgs/srv/__init__.py
[3.663s] -- Up-to-date symlink: /home/min/Workspace/scout_mini/install/realsense2_camera_msgs/local/lib/python3.10/dist-packages/realsense2_camera_msgs/srv/_calib_config_read.py
[3.663s] -- Up-to-date symlink: /home/min/Workspace/scout_mini/install/realsense2_camera_msgs/local/lib/python3.10/dist-packages/realsense2_camera_msgs/srv/_calib_config_read_s.c
[3.663s] -- Up-to-date symlink: /home/min/Workspace/scout_mini/install/realsense2_camera_msgs/local/lib/python3.10/dist-packages/realsense2_camera_msgs/srv/_calib_config_write.py
[3.663s] -- Up-to-date symlink: /home/min/Workspace/scout_mini/install/realsense2_camera_msgs/local/lib/python3.10/dist-packages/realsense2_camera_msgs/srv/_calib_config_write_s.c
[3.663s] -- Up-to-date symlink: /home/min/Workspace/scout_mini/install/realsense2_camera_msgs/local/lib/python3.10/dist-packages/realsense2_camera_msgs/srv/_device_info.py
[3.664s] -- Up-to-date symlink: /home/min/Workspace/scout_mini/install/realsense2_camera_msgs/local/lib/python3.10/dist-packages/realsense2_camera_msgs/srv/_device_info_s.c
[3.664s] -- Up-to-date symlink: /home/min/Workspace/scout_mini/install/realsense2_camera_msgs/local/lib/python3.10/dist-packages/realsense2_camera_msgs/realsense2_camera_msgs_s__rosidl_typesupport_fastrtps_c.cpython-310-x86_64-linux-gnu.so
[3.664s] -- Up-to-date symlink: /home/min/Workspace/scout_mini/install/realsense2_camera_msgs/local/lib/python3.10/dist-packages/realsense2_camera_msgs/realsense2_camera_msgs_s__rosidl_typesupport_introspection_c.cpython-310-x86_64-linux-gnu.so
[3.666s] -- Up-to-date symlink: /home/min/Workspace/scout_mini/install/realsense2_camera_msgs/local/lib/python3.10/dist-packages/realsense2_camera_msgs/realsense2_camera_msgs_s__rosidl_typesupport_c.cpython-310-x86_64-linux-gnu.so
[3.666s] -- Up-to-date symlink: /home/min/Workspace/scout_mini/install/realsense2_camera_msgs/share/realsense2_camera_msgs/msg/IMUInfo.idl
[3.666s] -- Up-to-date symlink: /home/min/Workspace/scout_mini/install/realsense2_camera_msgs/share/realsense2_camera_msgs/msg/Extrinsics.idl
[3.666s] -- Up-to-date symlink: /home/min/Workspace/scout_mini/install/realsense2_camera_msgs/share/realsense2_camera_msgs/msg/Metadata.idl
[3.667s] -- Up-to-date symlink: /home/min/Workspace/scout_mini/install/realsense2_camera_msgs/share/realsense2_camera_msgs/msg/RGBD.idl
[3.667s] -- Up-to-date symlink: /home/min/Workspace/scout_mini/install/realsense2_camera_msgs/share/realsense2_camera_msgs/srv/DeviceInfo.idl
[3.668s] -- Up-to-date symlink: /home/min/Workspace/scout_mini/install/realsense2_camera_msgs/share/realsense2_camera_msgs/srv/CalibConfigRead.idl
[3.668s] -- Up-to-date symlink: /home/min/Workspace/scout_mini/install/realsense2_camera_msgs/share/realsense2_camera_msgs/srv/CalibConfigWrite.idl
[3.669s] -- Up-to-date symlink: /home/min/Workspace/scout_mini/install/realsense2_camera_msgs/share/realsense2_camera_msgs/action/TriggeredCalibration.idl
[3.669s] -- Up-to-date symlink: /home/min/Workspace/scout_mini/install/realsense2_camera_msgs/share/realsense2_camera_msgs/msg/IMUInfo.msg
[3.670s] -- Up-to-date symlink: /home/min/Workspace/scout_mini/install/realsense2_camera_msgs/share/realsense2_camera_msgs/msg/Extrinsics.msg
[3.670s] -- Up-to-date symlink: /home/min/Workspace/scout_mini/install/realsense2_camera_msgs/share/realsense2_camera_msgs/msg/Metadata.msg
[3.670s] -- Up-to-date symlink: /home/min/Workspace/scout_mini/install/realsense2_camera_msgs/share/realsense2_camera_msgs/msg/RGBD.msg
[3.670s] -- Up-to-date symlink: /home/min/Workspace/scout_mini/install/realsense2_camera_msgs/share/realsense2_camera_msgs/srv/DeviceInfo.srv
[3.671s] -- Up-to-date symlink: /home/min/Workspace/scout_mini/install/realsense2_camera_msgs/share/realsense2_camera_msgs/srv/DeviceInfo_Request.msg
[3.671s] -- Up-to-date symlink: /home/min/Workspace/scout_mini/install/realsense2_camera_msgs/share/realsense2_camera_msgs/srv/DeviceInfo_Response.msg
[3.671s] -- Up-to-date symlink: /home/min/Workspace/scout_mini/install/realsense2_camera_msgs/share/realsense2_camera_msgs/srv/CalibConfigRead.srv
[3.671s] -- Up-to-date symlink: /home/min/Workspace/scout_mini/install/realsense2_camera_msgs/share/realsense2_camera_msgs/srv/CalibConfigRead_Request.msg
[3.672s] -- Up-to-date symlink: /home/min/Workspace/scout_mini/install/realsense2_camera_msgs/share/realsense2_camera_msgs/srv/CalibConfigRead_Response.msg
[3.673s] -- Up-to-date symlink: /home/min/Workspace/scout_mini/install/realsense2_camera_msgs/share/realsense2_camera_msgs/srv/CalibConfigWrite.srv
[3.673s] -- Up-to-date symlink: /home/min/Workspace/scout_mini/install/realsense2_camera_msgs/share/realsense2_camera_msgs/srv/CalibConfigWrite_Request.msg
[3.673s] -- Up-to-date symlink: /home/min/Workspace/scout_mini/install/realsense2_camera_msgs/share/realsense2_camera_msgs/srv/CalibConfigWrite_Response.msg
[3.674s] -- Up-to-date symlink: /home/min/Workspace/scout_mini/install/realsense2_camera_msgs/share/realsense2_camera_msgs/action/TriggeredCalibration.action
[3.674s] -- Up-to-date symlink: /home/min/Workspace/scout_mini/install/realsense2_camera_msgs/share/ament_index/resource_index/package_run_dependencies/realsense2_camera_msgs
[3.674s] -- Up-to-date symlink: /home/min/Workspace/scout_mini/install/realsense2_camera_msgs/share/ament_index/resource_index/parent_prefix_path/realsense2_camera_msgs
[3.675s] -- Up-to-date symlink: /home/min/Workspace/scout_mini/install/realsense2_camera_msgs/share/realsense2_camera_msgs/environment/ament_prefix_path.sh
[3.675s] -- Up-to-date symlink: /home/min/Workspace/scout_mini/install/realsense2_camera_msgs/share/realsense2_camera_msgs/environment/ament_prefix_path.dsv
[3.675s] -- Up-to-date symlink: /home/min/Workspace/scout_mini/install/realsense2_camera_msgs/share/realsense2_camera_msgs/environment/path.sh
[3.675s] -- Up-to-date symlink: /home/min/Workspace/scout_mini/install/realsense2_camera_msgs/share/realsense2_camera_msgs/environment/path.dsv
[3.675s] -- Up-to-date symlink: /home/min/Workspace/scout_mini/install/realsense2_camera_msgs/share/realsense2_camera_msgs/local_setup.bash
[3.675s] -- Up-to-date symlink: /home/min/Workspace/scout_mini/install/realsense2_camera_msgs/share/realsense2_camera_msgs/local_setup.sh
[3.677s] -- Up-to-date symlink: /home/min/Workspace/scout_mini/install/realsense2_camera_msgs/share/realsense2_camera_msgs/local_setup.zsh
[3.677s] -- Up-to-date symlink: /home/min/Workspace/scout_mini/install/realsense2_camera_msgs/share/realsense2_camera_msgs/local_setup.dsv
[3.678s] -- Symlinking: /home/min/Workspace/scout_mini/install/realsense2_camera_msgs/share/realsense2_camera_msgs/package.dsv
[3.688s] -- Up-to-date symlink: /home/min/Workspace/scout_mini/install/realsense2_camera_msgs/share/ament_index/resource_index/packages/realsense2_camera_msgs
[3.688s] -- Up-to-date symlink: /home/min/Workspace/scout_mini/install/realsense2_camera_msgs/share/realsense2_camera_msgs/cmake/rosidl_cmake-extras.cmake
[3.688s] -- Up-to-date symlink: /home/min/Workspace/scout_mini/install/realsense2_camera_msgs/share/realsense2_camera_msgs/cmake/ament_cmake_export_dependencies-extras.cmake
[3.688s] -- Up-to-date symlink: /home/min/Workspace/scout_mini/install/realsense2_camera_msgs/share/realsense2_camera_msgs/cmake/ament_cmake_export_include_directories-extras.cmake
[3.689s] -- Up-to-date symlink: /home/min/Workspace/scout_mini/install/realsense2_camera_msgs/share/realsense2_camera_msgs/cmake/ament_cmake_export_libraries-extras.cmake
[3.689s] -- Up-to-date symlink: /home/min/Workspace/scout_mini/install/realsense2_camera_msgs/share/realsense2_camera_msgs/cmake/ament_cmake_export_targets-extras.cmake
[3.689s] -- Up-to-date symlink: /home/min/Workspace/scout_mini/install/realsense2_camera_msgs/share/realsense2_camera_msgs/cmake/rosidl_cmake_export_typesupport_targets-extras.cmake
[3.691s] -- Up-to-date symlink: /home/min/Workspace/scout_mini/install/realsense2_camera_msgs/share/realsense2_camera_msgs/cmake/rosidl_cmake_export_typesupport_libraries-extras.cmake
[3.691s] -- Up-to-date symlink: /home/min/Workspace/scout_mini/install/realsense2_camera_msgs/share/realsense2_camera_msgs/cmake/realsense2_camera_msgsConfig.cmake
[3.691s] -- Up-to-date symlink: /home/min/Workspace/scout_mini/install/realsense2_camera_msgs/share/realsense2_camera_msgs/cmake/realsense2_camera_msgsConfig-version.cmake
[3.692s] -- Up-to-date symlink: /home/min/Workspace/scout_mini/install/realsense2_camera_msgs/share/realsense2_camera_msgs/package.xml
[3.692s] -- Up-to-date: /home/min/Workspace/scout_mini/install/realsense2_camera_msgs/lib/librealsense2_camera_msgs__rosidl_generator_c.so
[3.692s] -- Up-to-date: /home/min/Workspace/scout_mini/install/realsense2_camera_msgs/lib/librealsense2_camera_msgs__rosidl_typesupport_fastrtps_c.so
[3.692s] -- Up-to-date: /home/min/Workspace/scout_mini/install/realsense2_camera_msgs/lib/librealsense2_camera_msgs__rosidl_typesupport_introspection_c.so
[3.693s] -- Up-to-date: /home/min/Workspace/scout_mini/install/realsense2_camera_msgs/lib/librealsense2_camera_msgs__rosidl_typesupport_c.so
[3.693s] -- Up-to-date: /home/min/Workspace/scout_mini/install/realsense2_camera_msgs/lib/librealsense2_camera_msgs__rosidl_typesupport_fastrtps_cpp.so
[3.694s] -- Up-to-date: /home/min/Workspace/scout_mini/install/realsense2_camera_msgs/lib/librealsense2_camera_msgs__rosidl_typesupport_introspection_cpp.so
[3.695s] -- Up-to-date: /home/min/Workspace/scout_mini/install/realsense2_camera_msgs/lib/librealsense2_camera_msgs__rosidl_typesupport_cpp.so
[3.762s] Listing '/home/min/Workspace/scout_mini/install/realsense2_camera_msgs/local/lib/python3.10/dist-packages/realsense2_camera_msgs'...
[3.762s] Listing '/home/min/Workspace/scout_mini/install/realsense2_camera_msgs/local/lib/python3.10/dist-packages/realsense2_camera_msgs/action'...
[3.762s] Listing '/home/min/Workspace/scout_mini/install/realsense2_camera_msgs/local/lib/python3.10/dist-packages/realsense2_camera_msgs/msg'...
[3.762s] Listing '/home/min/Workspace/scout_mini/install/realsense2_camera_msgs/local/lib/python3.10/dist-packages/realsense2_camera_msgs/srv'...
[3.768s] -- Up-to-date: /home/min/Workspace/scout_mini/install/realsense2_camera_msgs/lib/librealsense2_camera_msgs__rosidl_generator_py.so
[3.769s] -- Up-to-date: /home/min/Workspace/scout_mini/install/realsense2_camera_msgs/share/realsense2_camera_msgs/cmake/export_realsense2_camera_msgs__rosidl_generator_cExport.cmake
[3.769s] -- Up-to-date: /home/min/Workspace/scout_mini/install/realsense2_camera_msgs/share/realsense2_camera_msgs/cmake/export_realsense2_camera_msgs__rosidl_generator_cExport-noconfig.cmake
[3.769s] -- Up-to-date: /home/min/Workspace/scout_mini/install/realsense2_camera_msgs/share/realsense2_camera_msgs/cmake/export_realsense2_camera_msgs__rosidl_typesupport_fastrtps_cExport.cmake
[3.769s] -- Up-to-date: /home/min/Workspace/scout_mini/install/realsense2_camera_msgs/share/realsense2_camera_msgs/cmake/export_realsense2_camera_msgs__rosidl_typesupport_fastrtps_cExport-noconfig.cmake
[3.770s] -- Up-to-date: /home/min/Workspace/scout_mini/install/realsense2_camera_msgs/share/realsense2_camera_msgs/cmake/realsense2_camera_msgs__rosidl_typesupport_introspection_cExport.cmake
[3.770s] -- Up-to-date: /home/min/Workspace/scout_mini/install/realsense2_camera_msgs/share/realsense2_camera_msgs/cmake/realsense2_camera_msgs__rosidl_typesupport_introspection_cExport-noconfig.cmake
[3.770s] -- Up-to-date: /home/min/Workspace/scout_mini/install/realsense2_camera_msgs/share/realsense2_camera_msgs/cmake/realsense2_camera_msgs__rosidl_typesupport_cExport.cmake
[3.770s] -- Up-to-date: /home/min/Workspace/scout_mini/install/realsense2_camera_msgs/share/realsense2_camera_msgs/cmake/realsense2_camera_msgs__rosidl_typesupport_cExport-noconfig.cmake
[3.770s] -- Up-to-date: /home/min/Workspace/scout_mini/install/realsense2_camera_msgs/share/realsense2_camera_msgs/cmake/export_realsense2_camera_msgs__rosidl_generator_cppExport.cmake
[3.771s] -- Up-to-date: /home/min/Workspace/scout_mini/install/realsense2_camera_msgs/share/realsense2_camera_msgs/cmake/export_realsense2_camera_msgs__rosidl_typesupport_fastrtps_cppExport.cmake
[3.771s] -- Up-to-date: /home/min/Workspace/scout_mini/install/realsense2_camera_msgs/share/realsense2_camera_msgs/cmake/export_realsense2_camera_msgs__rosidl_typesupport_fastrtps_cppExport-noconfig.cmake
[3.771s] -- Up-to-date: /home/min/Workspace/scout_mini/install/realsense2_camera_msgs/share/realsense2_camera_msgs/cmake/realsense2_camera_msgs__rosidl_typesupport_introspection_cppExport.cmake
[3.771s] -- Up-to-date: /home/min/Workspace/scout_mini/install/realsense2_camera_msgs/share/realsense2_camera_msgs/cmake/realsense2_camera_msgs__rosidl_typesupport_introspection_cppExport-noconfig.cmake
[3.771s] -- Up-to-date: /home/min/Workspace/scout_mini/install/realsense2_camera_msgs/share/realsense2_camera_msgs/cmake/realsense2_camera_msgs__rosidl_typesupport_cppExport.cmake
[3.771s] -- Up-to-date: /home/min/Workspace/scout_mini/install/realsense2_camera_msgs/share/realsense2_camera_msgs/cmake/realsense2_camera_msgs__rosidl_typesupport_cppExport-noconfig.cmake
[3.771s] -- Up-to-date: /home/min/Workspace/scout_mini/install/realsense2_camera_msgs/share/realsense2_camera_msgs/cmake/export_realsense2_camera_msgs__rosidl_generator_pyExport.cmake
[3.772s] -- Up-to-date: /home/min/Workspace/scout_mini/install/realsense2_camera_msgs/share/realsense2_camera_msgs/cmake/export_realsense2_camera_msgs__rosidl_generator_pyExport-noconfig.cmake
[3.896s] Invoked command in '/home/min/Workspace/scout_mini/build/realsense2_camera_msgs' returned '0': CMAKE_PREFIX_PATH=/home/min/Workspace/scout_mini/install/scout_base:/home/min/Workspace/scout_mini/install/scout_mini_tools:/opt/ros/humble:/home/min/Workspace/scout_mini/install/ugv_sdk:/home/min/Workspace/scout_mini/install/sllidar_ros2:/home/min/Workspace/scout_mini/install/slam_launch:/home/min/Workspace/scout_mini/install/scout_msgs:/home/min/Workspace/scout_mini/install/scout_mini_nav2:/home/min/Workspace/scout_mini/install/scout_gazebo_sim:/home/min/Workspace/scout_mini/install/scout_description:/home/min/Workspace/scout_mini/install/scout_control:/home/min/Workspace/scout_mini/install/realsense2_description:/home/min/Workspace/scout_mini/install/realsense2_camera:/home/min/Workspace/scout_mini/install/realsense2_camera_msgs:/home/min/Downloads/multiple_robots/install/robot_gazebo:/home/min/Downloads/multiple_robots/install/robot_description:/home/min/Downloads/multiple_robots/install/robot_control /usr/bin/cmake --install /home/min/Workspace/scout_mini/build/realsense2_camera_msgs
