[0.101s] Invoking command in '/home/min/Workspace/scout_mini/build/realsense2_camera_msgs': CMAKE_PREFIX_PATH=${CMAKE_PREFIX_PATH}:/home/min/Workspace/scout_mini/install/scout_mini_tools:/home/min/Workspace/scout_mini/install/robot_following:/home/min/Workspace/scout_mini/install/robot_control:/opt/ros/humble /usr/bin/cmake /home/min/Workspace/scout_mini/src/realsense-ros/realsense2_camera_msgs -DAMENT_CMAKE_SYMLINK_INSTALL=1 -DCMAKE_INSTALL_PREFIX=/home/min/Workspace/scout_mini/install/realsense2_camera_msgs
[2.714s] -- The C compiler identification is GNU 11.4.0
[3.581s] -- The CXX compiler identification is GNU 11.4.0
[3.633s] -- Detecting C compiler ABI info
[3.942s] -- Detecting C compiler ABI info - done
[3.965s] -- Check for working C compiler: /usr/bin/cc - skipped
[3.965s] -- Detecting C compile features
[3.971s] -- Detecting C compile features - done
[4.087s] -- Detecting CXX compiler ABI info
[4.288s] -- Detecting CXX compiler ABI info - done
[4.310s] -- Check for working CXX compiler: /usr/bin/c++ - skipped
[4.311s] -- Detecting CXX compile features
[4.311s] -- Detecting CXX compile features - done
[4.487s] -- Found ament_cmake: 1.3.12 (/opt/ros/humble/share/ament_cmake/cmake)
[4.946s] -- Found Python3: /usr/bin/python3 (found version "3.10.12") found components: Interpreter 
[5.069s] -- Override CMake install command with custom implementation using symlinks instead of copying resources
[5.322s] -- Found rosidl_default_generators: 1.2.0 (/opt/ros/humble/share/rosidl_default_generators/cmake)
[5.411s] -- Using all available rosidl_typesupport_c: rosidl_typesupport_fastrtps_c;rosidl_typesupport_introspection_c
[6.023s] -- Found rosidl_adapter: 3.1.7 (/opt/ros/humble/share/rosidl_adapter/cmake)
[6.391s] -- Using all available rosidl_typesupport_cpp: rosidl_typesupport_fastrtps_cpp;rosidl_typesupport_introspection_cpp
[6.695s] -- Found builtin_interfaces: 1.2.2 (/opt/ros/humble/share/builtin_interfaces/cmake)
[6.721s] -- Found std_msgs: 4.9.0 (/opt/ros/humble/share/std_msgs/cmake)
[6.780s] -- Found sensor_msgs: 4.9.0 (/opt/ros/humble/share/sensor_msgs/cmake)
[7.944s] -- Found ament_cmake_cppcheck: 0.12.14 (/opt/ros/humble/share/ament_cmake_cppcheck/cmake)
[7.989s] -- Found ament_cmake_cpplint: 0.12.14 (/opt/ros/humble/share/ament_cmake_cpplint/cmake)
[8.020s] -- Found ament_cmake_uncrustify: 0.12.14 (/opt/ros/humble/share/ament_cmake_uncrustify/cmake)
[8.034s] -- Found ament_cmake_ros: 0.10.0 (/opt/ros/humble/share/ament_cmake_ros/cmake)
[8.531s] -- Using all available rosidl_typesupport_c: rosidl_typesupport_fastrtps_c;rosidl_typesupport_introspection_c
[9.831s] -- Using all available rosidl_typesupport_cpp: rosidl_typesupport_fastrtps_cpp;rosidl_typesupport_introspection_cpp
[9.909s] -- Found PythonInterp: /usr/bin/python3 (found suitable version "3.10.12", minimum required is "3.6") 
[9.925s] -- Found python_cmake_module: 0.10.0 (/opt/ros/humble/share/python_cmake_module/cmake)
[10.006s] -- Found PythonLibs: /usr/lib/x86_64-linux-gnu/libpython3.10.so (found suitable version "3.10.12", minimum required is "3.5") 
[10.012s] -- Using PYTHON_EXECUTABLE: /usr/bin/python3
[10.012s] -- Using PYTHON_INCLUDE_DIRS: /usr/include/python3.10
[10.012s] -- Using PYTHON_LIBRARIES: /usr/lib/x86_64-linux-gnu/libpython3.10.so
[10.078s] -- Found PythonExtra: .so  
[10.490s] -- Found ament_cmake_flake8: 0.12.14 (/opt/ros/humble/share/ament_cmake_flake8/cmake)
[10.525s] -- Found ament_cmake_pep257: 0.12.14 (/opt/ros/humble/share/ament_cmake_pep257/cmake)
[10.584s] -- Configuring done
[10.810s] -- Generating done
[10.864s] -- Build files have been written to: /home/min/Workspace/scout_mini/build/realsense2_camera_msgs
[10.908s] Invoked command in '/home/min/Workspace/scout_mini/build/realsense2_camera_msgs' returned '0': CMAKE_PREFIX_PATH=${CMAKE_PREFIX_PATH}:/home/min/Workspace/scout_mini/install/scout_mini_tools:/home/min/Workspace/scout_mini/install/robot_following:/home/min/Workspace/scout_mini/install/robot_control:/opt/ros/humble /usr/bin/cmake /home/min/Workspace/scout_mini/src/realsense-ros/realsense2_camera_msgs -DAMENT_CMAKE_SYMLINK_INSTALL=1 -DCMAKE_INSTALL_PREFIX=/home/min/Workspace/scout_mini/install/realsense2_camera_msgs
[10.914s] Invoking command in '/home/min/Workspace/scout_mini/build/realsense2_camera_msgs': CMAKE_PREFIX_PATH=${CMAKE_PREFIX_PATH}:/home/min/Workspace/scout_mini/install/scout_mini_tools:/home/min/Workspace/scout_mini/install/robot_following:/home/min/Workspace/scout_mini/install/robot_control:/opt/ros/humble /usr/bin/cmake --build /home/min/Workspace/scout_mini/build/realsense2_camera_msgs -- -j8 -l8
[11.077s] [  1%] [34m[1mGenerating C code for ROS interfaces[0m
[11.130s] [  1%] Built target ament_cmake_python_symlink_realsense2_camera_msgs
[11.143s] [  2%] [34m[1mGenerating C++ code for ROS interfaces[0m
[12.047s] running egg_info
[12.055s] creating realsense2_camera_msgs.egg-info
[12.055s] writing realsense2_camera_msgs.egg-info/PKG-INFO
[12.055s] writing dependency_links to realsense2_camera_msgs.egg-info/dependency_links.txt
[12.055s] writing top-level names to realsense2_camera_msgs.egg-info/top_level.txt
[12.055s] writing manifest file 'realsense2_camera_msgs.egg-info/SOURCES.txt'
[12.081s] reading manifest file 'realsense2_camera_msgs.egg-info/SOURCES.txt'
[12.082s] writing manifest file 'realsense2_camera_msgs.egg-info/SOURCES.txt'
[12.256s] [  2%] Built target ament_cmake_python_build_realsense2_camera_msgs_egg
[16.967s] [  3%] [32mBuilding C object CMakeFiles/realsense2_camera_msgs__rosidl_generator_c.dir/rosidl_generator_c/realsense2_camera_msgs/msg/detail/imu_info__functions.c.o[0m
[16.973s] [  4%] [32mBuilding C object CMakeFiles/realsense2_camera_msgs__rosidl_generator_c.dir/rosidl_generator_c/realsense2_camera_msgs/msg/detail/extrinsics__functions.c.o[0m
[16.992s] [  5%] [32mBuilding C object CMakeFiles/realsense2_camera_msgs__rosidl_generator_c.dir/rosidl_generator_c/realsense2_camera_msgs/msg/detail/metadata__functions.c.o[0m
[17.008s] [  6%] [32mBuilding C object CMakeFiles/realsense2_camera_msgs__rosidl_generator_c.dir/rosidl_generator_c/realsense2_camera_msgs/msg/detail/rgbd__functions.c.o[0m
[17.023s] [  8%] [32mBuilding C object CMakeFiles/realsense2_camera_msgs__rosidl_generator_c.dir/rosidl_generator_c/realsense2_camera_msgs/srv/detail/device_info__functions.c.o[0m
[17.040s] [  9%] [32mBuilding C object CMakeFiles/realsense2_camera_msgs__rosidl_generator_c.dir/rosidl_generator_c/realsense2_camera_msgs/srv/detail/calib_config_write__functions.c.o[0m
[17.049s] [ 10%] [32mBuilding C object CMakeFiles/realsense2_camera_msgs__rosidl_generator_c.dir/rosidl_generator_c/realsense2_camera_msgs/srv/detail/calib_config_read__functions.c.o[0m
[17.172s] [ 11%] [32mBuilding C object CMakeFiles/realsense2_camera_msgs__rosidl_generator_c.dir/rosidl_generator_c/realsense2_camera_msgs/action/detail/triggered_calibration__functions.c.o[0m
[17.641s] [ 11%] Built target realsense2_camera_msgs__cpp
[17.693s] [ 12%] [34m[1mGenerating C++ type support dispatch for ROS interfaces[0m
[17.703s] [ 13%] [34m[1mGenerating C++ introspection for ROS interfaces[0m
[17.715s] [ 14%] [34m[1mGenerating C++ type support for eProsima Fast-RTPS[0m
[17.962s] [ 16%] [32m[1mLinking C shared library librealsense2_camera_msgs__rosidl_generator_c.so[0m
[18.217s] [ 16%] Built target realsense2_camera_msgs__rosidl_generator_c
[18.270s] [ 17%] [34m[1mGenerating C introspection for ROS interfaces[0m
[18.292s] [ 18%] [34m[1mGenerating C type support for eProsima Fast-RTPS[0m
[18.316s] [ 19%] [34m[1mGenerating C type support dispatch for ROS interfaces[0m
[20.968s] [ 20%] [32mBuilding CXX object CMakeFiles/realsense2_camera_msgs__rosidl_typesupport_cpp.dir/rosidl_typesupport_cpp/realsense2_camera_msgs/msg/imu_info__type_support.cpp.o[0m
[20.972s] [ 21%] [32mBuilding CXX object CMakeFiles/realsense2_camera_msgs__rosidl_typesupport_cpp.dir/rosidl_typesupport_cpp/realsense2_camera_msgs/msg/extrinsics__type_support.cpp.o[0m
[20.993s] [ 22%] [32mBuilding CXX object CMakeFiles/realsense2_camera_msgs__rosidl_typesupport_cpp.dir/rosidl_typesupport_cpp/realsense2_camera_msgs/msg/metadata__type_support.cpp.o[0m
[21.630s] [ 24%] [32mBuilding CXX object CMakeFiles/realsense2_camera_msgs__rosidl_typesupport_c.dir/rosidl_typesupport_c/realsense2_camera_msgs/msg/imu_info__type_support.cpp.o[0m
[21.749s] [ 25%] [32mBuilding CXX object CMakeFiles/realsense2_camera_msgs__rosidl_typesupport_c.dir/rosidl_typesupport_c/realsense2_camera_msgs/msg/extrinsics__type_support.cpp.o[0m
[21.760s] [ 26%] [32mBuilding CXX object CMakeFiles/realsense2_camera_msgs__rosidl_typesupport_c.dir/rosidl_typesupport_c/realsense2_camera_msgs/msg/metadata__type_support.cpp.o[0m
[21.812s] [ 27%] [32mBuilding CXX object CMakeFiles/realsense2_camera_msgs__rosidl_typesupport_cpp.dir/rosidl_typesupport_cpp/realsense2_camera_msgs/msg/rgbd__type_support.cpp.o[0m
[21.819s] [ 28%] [32mBuilding CXX object CMakeFiles/realsense2_camera_msgs__rosidl_typesupport_cpp.dir/rosidl_typesupport_cpp/realsense2_camera_msgs/srv/device_info__type_support.cpp.o[0m
[21.845s] [ 29%] [32mBuilding CXX object CMakeFiles/realsense2_camera_msgs__rosidl_typesupport_c.dir/rosidl_typesupport_c/realsense2_camera_msgs/msg/rgbd__type_support.cpp.o[0m
[21.852s] [ 31%] [32mBuilding CXX object CMakeFiles/realsense2_camera_msgs__rosidl_typesupport_c.dir/rosidl_typesupport_c/realsense2_camera_msgs/srv/device_info__type_support.cpp.o[0m
[22.005s] [ 32%] [32mBuilding CXX object CMakeFiles/realsense2_camera_msgs__rosidl_typesupport_c.dir/rosidl_typesupport_c/realsense2_camera_msgs/srv/calib_config_read__type_support.cpp.o[0m
[22.012s] [ 33%] [32mBuilding CXX object CMakeFiles/realsense2_camera_msgs__rosidl_typesupport_c.dir/rosidl_typesupport_c/realsense2_camera_msgs/srv/calib_config_write__type_support.cpp.o[0m
[22.101s] [ 34%] [32mBuilding CXX object CMakeFiles/realsense2_camera_msgs__rosidl_typesupport_c.dir/rosidl_typesupport_c/realsense2_camera_msgs/action/triggered_calibration__type_support.cpp.o[0m
[22.128s] [ 35%] [32mBuilding CXX object CMakeFiles/realsense2_camera_msgs__rosidl_typesupport_cpp.dir/rosidl_typesupport_cpp/realsense2_camera_msgs/srv/calib_config_read__type_support.cpp.o[0m
[22.231s] [ 36%] [32mBuilding CXX object CMakeFiles/realsense2_camera_msgs__rosidl_typesupport_fastrtps_cpp.dir/rosidl_typesupport_fastrtps_cpp/realsense2_camera_msgs/msg/detail/dds_fastrtps/imu_info__type_support.cpp.o[0m
[22.367s] [ 37%] [32m[1mLinking CXX shared library librealsense2_camera_msgs__rosidl_typesupport_c.so[0m
[22.471s] [ 39%] [32mBuilding CXX object CMakeFiles/realsense2_camera_msgs__rosidl_typesupport_introspection_cpp.dir/rosidl_typesupport_introspection_cpp/realsense2_camera_msgs/msg/detail/imu_info__type_support.cpp.o[0m
[22.582s] [ 39%] Built target realsense2_camera_msgs__rosidl_typesupport_c
[22.604s] [ 40%] [32mBuilding C object CMakeFiles/realsense2_camera_msgs__rosidl_typesupport_introspection_c.dir/rosidl_typesupport_introspection_c/realsense2_camera_msgs/msg/detail/imu_info__type_support.c.o[0m
[22.612s] [ 41%] [32mBuilding C object CMakeFiles/realsense2_camera_msgs__rosidl_typesupport_introspection_c.dir/rosidl_typesupport_introspection_c/realsense2_camera_msgs/msg/detail/extrinsics__type_support.c.o[0m
[22.725s] [ 42%] [32mBuilding C object CMakeFiles/realsense2_camera_msgs__rosidl_typesupport_introspection_c.dir/rosidl_typesupport_introspection_c/realsense2_camera_msgs/msg/detail/rgbd__type_support.c.o[0m
[22.726s] [ 43%] [32mBuilding C object CMakeFiles/realsense2_camera_msgs__rosidl_typesupport_introspection_c.dir/rosidl_typesupport_introspection_c/realsense2_camera_msgs/msg/detail/metadata__type_support.c.o[0m
[22.736s] [ 44%] [32mBuilding CXX object CMakeFiles/realsense2_camera_msgs__rosidl_typesupport_fastrtps_cpp.dir/rosidl_typesupport_fastrtps_cpp/realsense2_camera_msgs/msg/detail/dds_fastrtps/extrinsics__type_support.cpp.o[0m
[22.841s] [ 47%] [32mBuilding CXX object CMakeFiles/realsense2_camera_msgs__rosidl_typesupport_cpp.dir/rosidl_typesupport_cpp/realsense2_camera_msgs/srv/calib_config_write__type_support.cpp.o[0m
[22.841s] [ 47%] [32mBuilding CXX object CMakeFiles/realsense2_camera_msgs__rosidl_typesupport_introspection_cpp.dir/rosidl_typesupport_introspection_cpp/realsense2_camera_msgs/msg/detail/extrinsics__type_support.cpp.o[0m
[22.854s] [ 48%] [32mBuilding CXX object CMakeFiles/realsense2_camera_msgs__rosidl_typesupport_cpp.dir/rosidl_typesupport_cpp/realsense2_camera_msgs/action/triggered_calibration__type_support.cpp.o[0m
[22.908s] [ 49%] [32mBuilding CXX object CMakeFiles/realsense2_camera_msgs__rosidl_typesupport_fastrtps_c.dir/rosidl_typesupport_fastrtps_c/realsense2_camera_msgs/msg/detail/imu_info__type_support_c.cpp.o[0m
[22.922s] [ 50%] [32mBuilding C object CMakeFiles/realsense2_camera_msgs__rosidl_typesupport_introspection_c.dir/rosidl_typesupport_introspection_c/realsense2_camera_msgs/srv/detail/device_info__type_support.c.o[0m
[23.141s] [ 51%] [32mBuilding C object CMakeFiles/realsense2_camera_msgs__rosidl_typesupport_introspection_c.dir/rosidl_typesupport_introspection_c/realsense2_camera_msgs/srv/detail/calib_config_read__type_support.c.o[0m
[23.252s] [ 52%] [32mBuilding C object CMakeFiles/realsense2_camera_msgs__rosidl_typesupport_introspection_c.dir/rosidl_typesupport_introspection_c/realsense2_camera_msgs/srv/detail/calib_config_write__type_support.c.o[0m
[23.353s] [ 54%] [32mBuilding C object CMakeFiles/realsense2_camera_msgs__rosidl_typesupport_introspection_c.dir/rosidl_typesupport_introspection_c/realsense2_camera_msgs/action/detail/triggered_calibration__type_support.c.o[0m
[23.556s] [ 55%] [32mBuilding CXX object CMakeFiles/realsense2_camera_msgs__rosidl_typesupport_introspection_cpp.dir/rosidl_typesupport_introspection_cpp/realsense2_camera_msgs/msg/detail/metadata__type_support.cpp.o[0m
[23.652s] [ 56%] [32m[1mLinking C shared library librealsense2_camera_msgs__rosidl_typesupport_introspection_c.so[0m
[23.755s] [ 57%] [32mBuilding CXX object CMakeFiles/realsense2_camera_msgs__rosidl_typesupport_fastrtps_cpp.dir/rosidl_typesupport_fastrtps_cpp/realsense2_camera_msgs/msg/detail/dds_fastrtps/metadata__type_support.cpp.o[0m
[23.893s] [ 57%] Built target realsense2_camera_msgs__rosidl_typesupport_introspection_c
[23.927s] [ 58%] [32mBuilding CXX object CMakeFiles/realsense2_camera_msgs__rosidl_typesupport_fastrtps_c.dir/rosidl_typesupport_fastrtps_c/realsense2_camera_msgs/msg/detail/extrinsics__type_support_c.cpp.o[0m
[24.056s] [ 59%] [32mBuilding CXX object CMakeFiles/realsense2_camera_msgs__rosidl_typesupport_introspection_cpp.dir/rosidl_typesupport_introspection_cpp/realsense2_camera_msgs/msg/detail/rgbd__type_support.cpp.o[0m
[24.348s] [ 60%] [32mBuilding CXX object CMakeFiles/realsense2_camera_msgs__rosidl_typesupport_introspection_cpp.dir/rosidl_typesupport_introspection_cpp/realsense2_camera_msgs/srv/detail/device_info__type_support.cpp.o[0m
[24.427s] [ 62%] [32mBuilding CXX object CMakeFiles/realsense2_camera_msgs__rosidl_typesupport_fastrtps_cpp.dir/rosidl_typesupport_fastrtps_cpp/realsense2_camera_msgs/msg/detail/dds_fastrtps/rgbd__type_support.cpp.o[0m
[24.486s] [ 63%] [32mBuilding CXX object CMakeFiles/realsense2_camera_msgs__rosidl_typesupport_fastrtps_cpp.dir/rosidl_typesupport_fastrtps_cpp/realsense2_camera_msgs/srv/detail/dds_fastrtps/device_info__type_support.cpp.o[0m
[24.581s] [ 64%] [32m[1mLinking CXX shared library librealsense2_camera_msgs__rosidl_typesupport_cpp.so[0m
[24.787s] [ 65%] [32mBuilding CXX object CMakeFiles/realsense2_camera_msgs__rosidl_typesupport_fastrtps_c.dir/rosidl_typesupport_fastrtps_c/realsense2_camera_msgs/msg/detail/metadata__type_support_c.cpp.o[0m
[24.795s] [ 66%] [32mBuilding CXX object CMakeFiles/realsense2_camera_msgs__rosidl_typesupport_fastrtps_cpp.dir/rosidl_typesupport_fastrtps_cpp/realsense2_camera_msgs/srv/detail/dds_fastrtps/calib_config_read__type_support.cpp.o[0m
[24.890s] [ 66%] Built target realsense2_camera_msgs__rosidl_typesupport_cpp
[24.934s] [ 67%] [32mBuilding CXX object CMakeFiles/realsense2_camera_msgs__rosidl_typesupport_fastrtps_cpp.dir/rosidl_typesupport_fastrtps_cpp/realsense2_camera_msgs/srv/detail/dds_fastrtps/calib_config_write__type_support.cpp.o[0m
[25.731s] [ 68%] [32mBuilding CXX object CMakeFiles/realsense2_camera_msgs__rosidl_typesupport_fastrtps_c.dir/rosidl_typesupport_fastrtps_c/realsense2_camera_msgs/msg/detail/rgbd__type_support_c.cpp.o[0m
[25.812s] [ 70%] [32mBuilding CXX object CMakeFiles/realsense2_camera_msgs__rosidl_typesupport_introspection_cpp.dir/rosidl_typesupport_introspection_cpp/realsense2_camera_msgs/srv/detail/calib_config_read__type_support.cpp.o[0m
[25.993s] [ 71%] [32mBuilding CXX object CMakeFiles/realsense2_camera_msgs__rosidl_typesupport_introspection_cpp.dir/rosidl_typesupport_introspection_cpp/realsense2_camera_msgs/srv/detail/calib_config_write__type_support.cpp.o[0m
[26.721s] [ 72%] [32mBuilding CXX object CMakeFiles/realsense2_camera_msgs__rosidl_typesupport_fastrtps_cpp.dir/rosidl_typesupport_fastrtps_cpp/realsense2_camera_msgs/action/detail/dds_fastrtps/triggered_calibration__type_support.cpp.o[0m
[26.746s] [ 73%] [32mBuilding CXX object CMakeFiles/realsense2_camera_msgs__rosidl_typesupport_fastrtps_c.dir/rosidl_typesupport_fastrtps_c/realsense2_camera_msgs/srv/detail/device_info__type_support_c.cpp.o[0m
[26.818s] [ 74%] [32mBuilding CXX object CMakeFiles/realsense2_camera_msgs__rosidl_typesupport_fastrtps_c.dir/rosidl_typesupport_fastrtps_c/realsense2_camera_msgs/srv/detail/calib_config_read__type_support_c.cpp.o[0m
[27.104s] [ 75%] [32mBuilding CXX object CMakeFiles/realsense2_camera_msgs__rosidl_typesupport_introspection_cpp.dir/rosidl_typesupport_introspection_cpp/realsense2_camera_msgs/action/detail/triggered_calibration__type_support.cpp.o[0m
[27.361s] [ 77%] [32mBuilding CXX object CMakeFiles/realsense2_camera_msgs__rosidl_typesupport_fastrtps_c.dir/rosidl_typesupport_fastrtps_c/realsense2_camera_msgs/srv/detail/calib_config_write__type_support_c.cpp.o[0m
[28.213s] [ 78%] [32mBuilding CXX object CMakeFiles/realsense2_camera_msgs__rosidl_typesupport_fastrtps_c.dir/rosidl_typesupport_fastrtps_c/realsense2_camera_msgs/action/detail/triggered_calibration__type_support_c.cpp.o[0m
[28.796s] [ 79%] [32m[1mLinking CXX shared library librealsense2_camera_msgs__rosidl_typesupport_fastrtps_cpp.so[0m
[28.895s] [ 80%] [32m[1mLinking CXX shared library librealsense2_camera_msgs__rosidl_typesupport_introspection_cpp.so[0m
[29.360s] [ 81%] [32m[1mLinking CXX shared library librealsense2_camera_msgs__rosidl_typesupport_fastrtps_c.so[0m
[29.526s] [ 81%] Built target realsense2_camera_msgs__rosidl_typesupport_fastrtps_cpp
[29.532s] [ 81%] Built target realsense2_camera_msgs__rosidl_typesupport_introspection_cpp
[29.851s] [ 81%] Built target realsense2_camera_msgs__rosidl_typesupport_fastrtps_c
[29.885s] [ 81%] Built target realsense2_camera_msgs
[29.921s] [ 82%] [34m[1mGenerating Python code for ROS interfaces[0m
[32.999s] [ 82%] Built target realsense2_camera_msgs__py
[33.022s] [ 83%] [32mBuilding C object CMakeFiles/realsense2_camera_msgs__rosidl_generator_py.dir/rosidl_generator_py/realsense2_camera_msgs/msg/_imu_info_s.c.o[0m
[33.160s] [ 85%] [32mBuilding C object CMakeFiles/realsense2_camera_msgs__rosidl_generator_py.dir/rosidl_generator_py/realsense2_camera_msgs/action/_triggered_calibration_s.c.o[0m
[33.340s] [ 86%] [32mBuilding C object CMakeFiles/realsense2_camera_msgs__rosidl_generator_py.dir/rosidl_generator_py/realsense2_camera_msgs/srv/_calib_config_write_s.c.o[0m
[33.475s] [ 87%] [32mBuilding C object CMakeFiles/realsense2_camera_msgs__rosidl_generator_py.dir/rosidl_generator_py/realsense2_camera_msgs/srv/_calib_config_read_s.c.o[0m
[33.615s] [ 88%] [32mBuilding C object CMakeFiles/realsense2_camera_msgs__rosidl_generator_py.dir/rosidl_generator_py/realsense2_camera_msgs/srv/_device_info_s.c.o[0m
[33.756s] [ 89%] [32mBuilding C object CMakeFiles/realsense2_camera_msgs__rosidl_generator_py.dir/rosidl_generator_py/realsense2_camera_msgs/msg/_rgbd_s.c.o[0m
[33.881s] [ 90%] [32mBuilding C object CMakeFiles/realsense2_camera_msgs__rosidl_generator_py.dir/rosidl_generator_py/realsense2_camera_msgs/msg/_metadata_s.c.o[0m
[34.026s] [ 91%] [32mBuilding C object CMakeFiles/realsense2_camera_msgs__rosidl_generator_py.dir/rosidl_generator_py/realsense2_camera_msgs/msg/_extrinsics_s.c.o[0m
[34.164s] [ 93%] [32m[1mLinking C shared library rosidl_generator_py/realsense2_camera_msgs/librealsense2_camera_msgs__rosidl_generator_py.so[0m
[34.224s] [ 93%] Built target realsense2_camera_msgs__rosidl_generator_py
[34.252s] [ 94%] [32mBuilding C object CMakeFiles/realsense2_camera_msgs__rosidl_typesupport_fastrtps_c__pyext.dir/rosidl_generator_py/realsense2_camera_msgs/_realsense2_camera_msgs_s.ep.rosidl_typesupport_fastrtps_c.c.o[0m
[34.465s] [ 95%] [32m[1mLinking C shared library rosidl_generator_py/realsense2_camera_msgs/realsense2_camera_msgs_s__rosidl_typesupport_fastrtps_c.cpython-310-x86_64-linux-gnu.so[0m
[34.523s] [ 95%] Built target realsense2_camera_msgs__rosidl_typesupport_fastrtps_c__pyext
[34.550s] [ 96%] [32mBuilding C object CMakeFiles/realsense2_camera_msgs__rosidl_typesupport_c__pyext.dir/rosidl_generator_py/realsense2_camera_msgs/_realsense2_camera_msgs_s.ep.rosidl_typesupport_c.c.o[0m
[34.777s] [ 97%] [32m[1mLinking C shared library rosidl_generator_py/realsense2_camera_msgs/realsense2_camera_msgs_s__rosidl_typesupport_c.cpython-310-x86_64-linux-gnu.so[0m
[34.835s] [ 97%] Built target realsense2_camera_msgs__rosidl_typesupport_c__pyext
[34.861s] [ 98%] [32mBuilding C object CMakeFiles/realsense2_camera_msgs__rosidl_typesupport_introspection_c__pyext.dir/rosidl_generator_py/realsense2_camera_msgs/_realsense2_camera_msgs_s.ep.rosidl_typesupport_introspection_c.c.o[0m
[35.047s] [100%] [32m[1mLinking C shared library rosidl_generator_py/realsense2_camera_msgs/realsense2_camera_msgs_s__rosidl_typesupport_introspection_c.cpython-310-x86_64-linux-gnu.so[0m
[35.125s] [100%] Built target realsense2_camera_msgs__rosidl_typesupport_introspection_c__pyext
[35.161s] Invoked command in '/home/min/Workspace/scout_mini/build/realsense2_camera_msgs' returned '0': CMAKE_PREFIX_PATH=${CMAKE_PREFIX_PATH}:/home/min/Workspace/scout_mini/install/scout_mini_tools:/home/min/Workspace/scout_mini/install/robot_following:/home/min/Workspace/scout_mini/install/robot_control:/opt/ros/humble /usr/bin/cmake --build /home/min/Workspace/scout_mini/build/realsense2_camera_msgs -- -j8 -l8
[35.163s] Invoking command in '/home/min/Workspace/scout_mini/build/realsense2_camera_msgs': CMAKE_PREFIX_PATH=${CMAKE_PREFIX_PATH}:/home/min/Workspace/scout_mini/install/scout_mini_tools:/home/min/Workspace/scout_mini/install/robot_following:/home/min/Workspace/scout_mini/install/robot_control:/opt/ros/humble /usr/bin/cmake --install /home/min/Workspace/scout_mini/build/realsense2_camera_msgs
[35.175s] -- Install configuration: ""
[35.176s] -- Execute custom install script
[35.176s] -- Symlinking: /home/min/Workspace/scout_mini/install/realsense2_camera_msgs/share/ament_index/resource_index/rosidl_interfaces/realsense2_camera_msgs
[35.188s] -- Symlinking: /home/min/Workspace/scout_mini/install/realsense2_camera_msgs/include/realsense2_camera_msgs/realsense2_camera_msgs/action/detail/triggered_calibration__functions.h
[35.199s] -- Symlinking: /home/min/Workspace/scout_mini/install/realsense2_camera_msgs/include/realsense2_camera_msgs/realsense2_camera_msgs/action/detail/triggered_calibration__struct.h
[35.209s] -- Symlinking: /home/min/Workspace/scout_mini/install/realsense2_camera_msgs/include/realsense2_camera_msgs/realsense2_camera_msgs/action/detail/triggered_calibration__type_support.h
[35.219s] -- Symlinking: /home/min/Workspace/scout_mini/install/realsense2_camera_msgs/include/realsense2_camera_msgs/realsense2_camera_msgs/action/triggered_calibration.h
[35.229s] -- Symlinking: /home/min/Workspace/scout_mini/install/realsense2_camera_msgs/include/realsense2_camera_msgs/realsense2_camera_msgs/msg/detail/extrinsics__functions.h
[35.238s] -- Symlinking: /home/min/Workspace/scout_mini/install/realsense2_camera_msgs/include/realsense2_camera_msgs/realsense2_camera_msgs/msg/detail/extrinsics__struct.h
[35.248s] -- Symlinking: /home/min/Workspace/scout_mini/install/realsense2_camera_msgs/include/realsense2_camera_msgs/realsense2_camera_msgs/msg/detail/extrinsics__type_support.h
[35.258s] -- Symlinking: /home/min/Workspace/scout_mini/install/realsense2_camera_msgs/include/realsense2_camera_msgs/realsense2_camera_msgs/msg/detail/imu_info__functions.h
[35.267s] -- Symlinking: /home/min/Workspace/scout_mini/install/realsense2_camera_msgs/include/realsense2_camera_msgs/realsense2_camera_msgs/msg/detail/imu_info__struct.h
[35.276s] -- Symlinking: /home/min/Workspace/scout_mini/install/realsense2_camera_msgs/include/realsense2_camera_msgs/realsense2_camera_msgs/msg/detail/imu_info__type_support.h
[35.286s] -- Symlinking: /home/min/Workspace/scout_mini/install/realsense2_camera_msgs/include/realsense2_camera_msgs/realsense2_camera_msgs/msg/detail/metadata__functions.h
[35.295s] -- Symlinking: /home/min/Workspace/scout_mini/install/realsense2_camera_msgs/include/realsense2_camera_msgs/realsense2_camera_msgs/msg/detail/metadata__struct.h
[35.305s] -- Symlinking: /home/min/Workspace/scout_mini/install/realsense2_camera_msgs/include/realsense2_camera_msgs/realsense2_camera_msgs/msg/detail/metadata__type_support.h
[35.314s] -- Symlinking: /home/min/Workspace/scout_mini/install/realsense2_camera_msgs/include/realsense2_camera_msgs/realsense2_camera_msgs/msg/detail/rgbd__functions.h
[35.323s] -- Symlinking: /home/min/Workspace/scout_mini/install/realsense2_camera_msgs/include/realsense2_camera_msgs/realsense2_camera_msgs/msg/detail/rgbd__struct.h
[35.333s] -- Symlinking: /home/min/Workspace/scout_mini/install/realsense2_camera_msgs/include/realsense2_camera_msgs/realsense2_camera_msgs/msg/detail/rgbd__type_support.h
[35.342s] -- Symlinking: /home/min/Workspace/scout_mini/install/realsense2_camera_msgs/include/realsense2_camera_msgs/realsense2_camera_msgs/msg/extrinsics.h
[35.351s] -- Symlinking: /home/min/Workspace/scout_mini/install/realsense2_camera_msgs/include/realsense2_camera_msgs/realsense2_camera_msgs/msg/imu_info.h
[35.361s] -- Symlinking: /home/min/Workspace/scout_mini/install/realsense2_camera_msgs/include/realsense2_camera_msgs/realsense2_camera_msgs/msg/metadata.h
[35.370s] -- Symlinking: /home/min/Workspace/scout_mini/install/realsense2_camera_msgs/include/realsense2_camera_msgs/realsense2_camera_msgs/msg/rgbd.h
[35.381s] -- Symlinking: /home/min/Workspace/scout_mini/install/realsense2_camera_msgs/include/realsense2_camera_msgs/realsense2_camera_msgs/msg/rosidl_generator_c__visibility_control.h
[35.394s] -- Symlinking: /home/min/Workspace/scout_mini/install/realsense2_camera_msgs/include/realsense2_camera_msgs/realsense2_camera_msgs/srv/calib_config_read.h
[35.405s] -- Symlinking: /home/min/Workspace/scout_mini/install/realsense2_camera_msgs/include/realsense2_camera_msgs/realsense2_camera_msgs/srv/calib_config_write.h
[35.415s] -- Symlinking: /home/min/Workspace/scout_mini/install/realsense2_camera_msgs/include/realsense2_camera_msgs/realsense2_camera_msgs/srv/detail/calib_config_read__functions.h
[35.425s] -- Symlinking: /home/min/Workspace/scout_mini/install/realsense2_camera_msgs/include/realsense2_camera_msgs/realsense2_camera_msgs/srv/detail/calib_config_read__struct.h
[35.438s] -- Symlinking: /home/min/Workspace/scout_mini/install/realsense2_camera_msgs/include/realsense2_camera_msgs/realsense2_camera_msgs/srv/detail/calib_config_read__type_support.h
[35.449s] -- Symlinking: /home/min/Workspace/scout_mini/install/realsense2_camera_msgs/include/realsense2_camera_msgs/realsense2_camera_msgs/srv/detail/calib_config_write__functions.h
[35.460s] -- Symlinking: /home/min/Workspace/scout_mini/install/realsense2_camera_msgs/include/realsense2_camera_msgs/realsense2_camera_msgs/srv/detail/calib_config_write__struct.h
[35.470s] -- Symlinking: /home/min/Workspace/scout_mini/install/realsense2_camera_msgs/include/realsense2_camera_msgs/realsense2_camera_msgs/srv/detail/calib_config_write__type_support.h
[35.479s] -- Symlinking: /home/min/Workspace/scout_mini/install/realsense2_camera_msgs/include/realsense2_camera_msgs/realsense2_camera_msgs/srv/detail/device_info__functions.h
[35.487s] -- Symlinking: /home/min/Workspace/scout_mini/install/realsense2_camera_msgs/include/realsense2_camera_msgs/realsense2_camera_msgs/srv/detail/device_info__struct.h
[35.496s] -- Symlinking: /home/min/Workspace/scout_mini/install/realsense2_camera_msgs/include/realsense2_camera_msgs/realsense2_camera_msgs/srv/detail/device_info__type_support.h
[35.506s] -- Symlinking: /home/min/Workspace/scout_mini/install/realsense2_camera_msgs/include/realsense2_camera_msgs/realsense2_camera_msgs/srv/device_info.h
[35.517s] -- Symlinking: /home/min/Workspace/scout_mini/install/realsense2_camera_msgs/share/realsense2_camera_msgs/environment/library_path.sh
[35.527s] -- Symlinking: /home/min/Workspace/scout_mini/install/realsense2_camera_msgs/share/realsense2_camera_msgs/environment/library_path.dsv
[35.537s] -- Symlinking: /home/min/Workspace/scout_mini/install/realsense2_camera_msgs/include/realsense2_camera_msgs/realsense2_camera_msgs/action/detail/triggered_calibration__rosidl_typesupport_fastrtps_c.h
[35.547s] -- Symlinking: /home/min/Workspace/scout_mini/install/realsense2_camera_msgs/include/realsense2_camera_msgs/realsense2_camera_msgs/msg/detail/extrinsics__rosidl_typesupport_fastrtps_c.h
[35.556s] -- Symlinking: /home/min/Workspace/scout_mini/install/realsense2_camera_msgs/include/realsense2_camera_msgs/realsense2_camera_msgs/msg/detail/imu_info__rosidl_typesupport_fastrtps_c.h
[35.567s] -- Symlinking: /home/min/Workspace/scout_mini/install/realsense2_camera_msgs/include/realsense2_camera_msgs/realsense2_camera_msgs/msg/detail/metadata__rosidl_typesupport_fastrtps_c.h
[35.576s] -- Symlinking: /home/min/Workspace/scout_mini/install/realsense2_camera_msgs/include/realsense2_camera_msgs/realsense2_camera_msgs/msg/detail/rgbd__rosidl_typesupport_fastrtps_c.h
[35.586s] -- Symlinking: /home/min/Workspace/scout_mini/install/realsense2_camera_msgs/include/realsense2_camera_msgs/realsense2_camera_msgs/msg/rosidl_typesupport_fastrtps_c__visibility_control.h
[35.595s] -- Symlinking: /home/min/Workspace/scout_mini/install/realsense2_camera_msgs/include/realsense2_camera_msgs/realsense2_camera_msgs/srv/detail/calib_config_read__rosidl_typesupport_fastrtps_c.h
[35.605s] -- Symlinking: /home/min/Workspace/scout_mini/install/realsense2_camera_msgs/include/realsense2_camera_msgs/realsense2_camera_msgs/srv/detail/calib_config_write__rosidl_typesupport_fastrtps_c.h
[35.614s] -- Symlinking: /home/min/Workspace/scout_mini/install/realsense2_camera_msgs/include/realsense2_camera_msgs/realsense2_camera_msgs/srv/detail/device_info__rosidl_typesupport_fastrtps_c.h
[35.624s] -- Symlinking: /home/min/Workspace/scout_mini/install/realsense2_camera_msgs/include/realsense2_camera_msgs/realsense2_camera_msgs/action/detail/triggered_calibration__rosidl_typesupport_introspection_c.h
[35.633s] -- Symlinking: /home/min/Workspace/scout_mini/install/realsense2_camera_msgs/include/realsense2_camera_msgs/realsense2_camera_msgs/msg/detail/extrinsics__rosidl_typesupport_introspection_c.h
[35.642s] -- Symlinking: /home/min/Workspace/scout_mini/install/realsense2_camera_msgs/include/realsense2_camera_msgs/realsense2_camera_msgs/msg/detail/imu_info__rosidl_typesupport_introspection_c.h
[35.652s] -- Symlinking: /home/min/Workspace/scout_mini/install/realsense2_camera_msgs/include/realsense2_camera_msgs/realsense2_camera_msgs/msg/detail/metadata__rosidl_typesupport_introspection_c.h
[35.663s] -- Symlinking: /home/min/Workspace/scout_mini/install/realsense2_camera_msgs/include/realsense2_camera_msgs/realsense2_camera_msgs/msg/detail/rgbd__rosidl_typesupport_introspection_c.h
[35.673s] -- Symlinking: /home/min/Workspace/scout_mini/install/realsense2_camera_msgs/include/realsense2_camera_msgs/realsense2_camera_msgs/msg/rosidl_typesupport_introspection_c__visibility_control.h
[35.682s] -- Symlinking: /home/min/Workspace/scout_mini/install/realsense2_camera_msgs/include/realsense2_camera_msgs/realsense2_camera_msgs/srv/detail/calib_config_read__rosidl_typesupport_introspection_c.h
[35.692s] -- Symlinking: /home/min/Workspace/scout_mini/install/realsense2_camera_msgs/include/realsense2_camera_msgs/realsense2_camera_msgs/srv/detail/calib_config_write__rosidl_typesupport_introspection_c.h
[35.701s] -- Symlinking: /home/min/Workspace/scout_mini/install/realsense2_camera_msgs/include/realsense2_camera_msgs/realsense2_camera_msgs/srv/detail/device_info__rosidl_typesupport_introspection_c.h
[35.712s] -- Symlinking: /home/min/Workspace/scout_mini/install/realsense2_camera_msgs/include/realsense2_camera_msgs/realsense2_camera_msgs/action/detail/triggered_calibration__builder.hpp
[35.722s] -- Symlinking: /home/min/Workspace/scout_mini/install/realsense2_camera_msgs/include/realsense2_camera_msgs/realsense2_camera_msgs/action/detail/triggered_calibration__struct.hpp
[35.732s] -- Symlinking: /home/min/Workspace/scout_mini/install/realsense2_camera_msgs/include/realsense2_camera_msgs/realsense2_camera_msgs/action/detail/triggered_calibration__traits.hpp
[35.743s] -- Symlinking: /home/min/Workspace/scout_mini/install/realsense2_camera_msgs/include/realsense2_camera_msgs/realsense2_camera_msgs/action/detail/triggered_calibration__type_support.hpp
[35.755s] -- Symlinking: /home/min/Workspace/scout_mini/install/realsense2_camera_msgs/include/realsense2_camera_msgs/realsense2_camera_msgs/action/triggered_calibration.hpp
[35.767s] -- Symlinking: /home/min/Workspace/scout_mini/install/realsense2_camera_msgs/include/realsense2_camera_msgs/realsense2_camera_msgs/msg/detail/extrinsics__builder.hpp
[35.777s] -- Symlinking: /home/min/Workspace/scout_mini/install/realsense2_camera_msgs/include/realsense2_camera_msgs/realsense2_camera_msgs/msg/detail/extrinsics__struct.hpp
[35.788s] -- Symlinking: /home/min/Workspace/scout_mini/install/realsense2_camera_msgs/include/realsense2_camera_msgs/realsense2_camera_msgs/msg/detail/extrinsics__traits.hpp
[35.799s] -- Symlinking: /home/min/Workspace/scout_mini/install/realsense2_camera_msgs/include/realsense2_camera_msgs/realsense2_camera_msgs/msg/detail/extrinsics__type_support.hpp
[35.811s] -- Symlinking: /home/min/Workspace/scout_mini/install/realsense2_camera_msgs/include/realsense2_camera_msgs/realsense2_camera_msgs/msg/detail/imu_info__builder.hpp
[35.823s] -- Symlinking: /home/min/Workspace/scout_mini/install/realsense2_camera_msgs/include/realsense2_camera_msgs/realsense2_camera_msgs/msg/detail/imu_info__struct.hpp
[35.836s] -- Symlinking: /home/min/Workspace/scout_mini/install/realsense2_camera_msgs/include/realsense2_camera_msgs/realsense2_camera_msgs/msg/detail/imu_info__traits.hpp
[35.848s] -- Symlinking: /home/min/Workspace/scout_mini/install/realsense2_camera_msgs/include/realsense2_camera_msgs/realsense2_camera_msgs/msg/detail/imu_info__type_support.hpp
[35.860s] -- Symlinking: /home/min/Workspace/scout_mini/install/realsense2_camera_msgs/include/realsense2_camera_msgs/realsense2_camera_msgs/msg/detail/metadata__builder.hpp
[35.870s] -- Symlinking: /home/min/Workspace/scout_mini/install/realsense2_camera_msgs/include/realsense2_camera_msgs/realsense2_camera_msgs/msg/detail/metadata__struct.hpp
[35.880s] -- Symlinking: /home/min/Workspace/scout_mini/install/realsense2_camera_msgs/include/realsense2_camera_msgs/realsense2_camera_msgs/msg/detail/metadata__traits.hpp
[35.890s] -- Symlinking: /home/min/Workspace/scout_mini/install/realsense2_camera_msgs/include/realsense2_camera_msgs/realsense2_camera_msgs/msg/detail/metadata__type_support.hpp
[35.900s] -- Symlinking: /home/min/Workspace/scout_mini/install/realsense2_camera_msgs/include/realsense2_camera_msgs/realsense2_camera_msgs/msg/detail/rgbd__builder.hpp
[35.910s] -- Symlinking: /home/min/Workspace/scout_mini/install/realsense2_camera_msgs/include/realsense2_camera_msgs/realsense2_camera_msgs/msg/detail/rgbd__struct.hpp
[35.920s] -- Symlinking: /home/min/Workspace/scout_mini/install/realsense2_camera_msgs/include/realsense2_camera_msgs/realsense2_camera_msgs/msg/detail/rgbd__traits.hpp
[35.930s] -- Symlinking: /home/min/Workspace/scout_mini/install/realsense2_camera_msgs/include/realsense2_camera_msgs/realsense2_camera_msgs/msg/detail/rgbd__type_support.hpp
[35.940s] -- Symlinking: /home/min/Workspace/scout_mini/install/realsense2_camera_msgs/include/realsense2_camera_msgs/realsense2_camera_msgs/msg/extrinsics.hpp
[35.950s] -- Symlinking: /home/min/Workspace/scout_mini/install/realsense2_camera_msgs/include/realsense2_camera_msgs/realsense2_camera_msgs/msg/imu_info.hpp
[35.961s] -- Symlinking: /home/min/Workspace/scout_mini/install/realsense2_camera_msgs/include/realsense2_camera_msgs/realsense2_camera_msgs/msg/metadata.hpp
[35.970s] -- Symlinking: /home/min/Workspace/scout_mini/install/realsense2_camera_msgs/include/realsense2_camera_msgs/realsense2_camera_msgs/msg/rgbd.hpp
[35.980s] -- Symlinking: /home/min/Workspace/scout_mini/install/realsense2_camera_msgs/include/realsense2_camera_msgs/realsense2_camera_msgs/msg/rosidl_generator_cpp__visibility_control.hpp
[35.989s] -- Symlinking: /home/min/Workspace/scout_mini/install/realsense2_camera_msgs/include/realsense2_camera_msgs/realsense2_camera_msgs/srv/calib_config_read.hpp
[35.999s] -- Symlinking: /home/min/Workspace/scout_mini/install/realsense2_camera_msgs/include/realsense2_camera_msgs/realsense2_camera_msgs/srv/calib_config_write.hpp
[36.009s] -- Symlinking: /home/min/Workspace/scout_mini/install/realsense2_camera_msgs/include/realsense2_camera_msgs/realsense2_camera_msgs/srv/detail/calib_config_read__builder.hpp
[36.018s] -- Symlinking: /home/min/Workspace/scout_mini/install/realsense2_camera_msgs/include/realsense2_camera_msgs/realsense2_camera_msgs/srv/detail/calib_config_read__struct.hpp
[36.027s] -- Symlinking: /home/min/Workspace/scout_mini/install/realsense2_camera_msgs/include/realsense2_camera_msgs/realsense2_camera_msgs/srv/detail/calib_config_read__traits.hpp
[36.038s] -- Symlinking: /home/min/Workspace/scout_mini/install/realsense2_camera_msgs/include/realsense2_camera_msgs/realsense2_camera_msgs/srv/detail/calib_config_read__type_support.hpp
[36.049s] -- Symlinking: /home/min/Workspace/scout_mini/install/realsense2_camera_msgs/include/realsense2_camera_msgs/realsense2_camera_msgs/srv/detail/calib_config_write__builder.hpp
[36.061s] -- Symlinking: /home/min/Workspace/scout_mini/install/realsense2_camera_msgs/include/realsense2_camera_msgs/realsense2_camera_msgs/srv/detail/calib_config_write__struct.hpp
[36.074s] -- Symlinking: /home/min/Workspace/scout_mini/install/realsense2_camera_msgs/include/realsense2_camera_msgs/realsense2_camera_msgs/srv/detail/calib_config_write__traits.hpp
[36.087s] -- Symlinking: /home/min/Workspace/scout_mini/install/realsense2_camera_msgs/include/realsense2_camera_msgs/realsense2_camera_msgs/srv/detail/calib_config_write__type_support.hpp
[36.099s] -- Symlinking: /home/min/Workspace/scout_mini/install/realsense2_camera_msgs/include/realsense2_camera_msgs/realsense2_camera_msgs/srv/detail/device_info__builder.hpp
[36.113s] -- Symlinking: /home/min/Workspace/scout_mini/install/realsense2_camera_msgs/include/realsense2_camera_msgs/realsense2_camera_msgs/srv/detail/device_info__struct.hpp
[36.127s] -- Symlinking: /home/min/Workspace/scout_mini/install/realsense2_camera_msgs/include/realsense2_camera_msgs/realsense2_camera_msgs/srv/detail/device_info__traits.hpp
[36.138s] -- Symlinking: /home/min/Workspace/scout_mini/install/realsense2_camera_msgs/include/realsense2_camera_msgs/realsense2_camera_msgs/srv/detail/device_info__type_support.hpp
[36.150s] -- Symlinking: /home/min/Workspace/scout_mini/install/realsense2_camera_msgs/include/realsense2_camera_msgs/realsense2_camera_msgs/srv/device_info.hpp
[36.163s] -- Symlinking: /home/min/Workspace/scout_mini/install/realsense2_camera_msgs/include/realsense2_camera_msgs/realsense2_camera_msgs/action/detail/triggered_calibration__rosidl_typesupport_fastrtps_cpp.hpp
[36.173s] -- Symlinking: /home/min/Workspace/scout_mini/install/realsense2_camera_msgs/include/realsense2_camera_msgs/realsense2_camera_msgs/msg/detail/extrinsics__rosidl_typesupport_fastrtps_cpp.hpp
[36.183s] -- Symlinking: /home/min/Workspace/scout_mini/install/realsense2_camera_msgs/include/realsense2_camera_msgs/realsense2_camera_msgs/msg/detail/imu_info__rosidl_typesupport_fastrtps_cpp.hpp
[36.193s] -- Symlinking: /home/min/Workspace/scout_mini/install/realsense2_camera_msgs/include/realsense2_camera_msgs/realsense2_camera_msgs/msg/detail/metadata__rosidl_typesupport_fastrtps_cpp.hpp
[36.203s] -- Symlinking: /home/min/Workspace/scout_mini/install/realsense2_camera_msgs/include/realsense2_camera_msgs/realsense2_camera_msgs/msg/detail/rgbd__rosidl_typesupport_fastrtps_cpp.hpp
[36.215s] -- Symlinking: /home/min/Workspace/scout_mini/install/realsense2_camera_msgs/include/realsense2_camera_msgs/realsense2_camera_msgs/msg/rosidl_typesupport_fastrtps_cpp__visibility_control.h
[36.225s] -- Symlinking: /home/min/Workspace/scout_mini/install/realsense2_camera_msgs/include/realsense2_camera_msgs/realsense2_camera_msgs/srv/detail/calib_config_read__rosidl_typesupport_fastrtps_cpp.hpp
[36.235s] -- Symlinking: /home/min/Workspace/scout_mini/install/realsense2_camera_msgs/include/realsense2_camera_msgs/realsense2_camera_msgs/srv/detail/calib_config_write__rosidl_typesupport_fastrtps_cpp.hpp
[36.245s] -- Symlinking: /home/min/Workspace/scout_mini/install/realsense2_camera_msgs/include/realsense2_camera_msgs/realsense2_camera_msgs/srv/detail/device_info__rosidl_typesupport_fastrtps_cpp.hpp
[36.257s] -- Symlinking: /home/min/Workspace/scout_mini/install/realsense2_camera_msgs/include/realsense2_camera_msgs/realsense2_camera_msgs/action/detail/triggered_calibration__rosidl_typesupport_introspection_cpp.hpp
[36.268s] -- Symlinking: /home/min/Workspace/scout_mini/install/realsense2_camera_msgs/include/realsense2_camera_msgs/realsense2_camera_msgs/msg/detail/extrinsics__rosidl_typesupport_introspection_cpp.hpp
[36.277s] -- Symlinking: /home/min/Workspace/scout_mini/install/realsense2_camera_msgs/include/realsense2_camera_msgs/realsense2_camera_msgs/msg/detail/imu_info__rosidl_typesupport_introspection_cpp.hpp
[36.287s] -- Symlinking: /home/min/Workspace/scout_mini/install/realsense2_camera_msgs/include/realsense2_camera_msgs/realsense2_camera_msgs/msg/detail/metadata__rosidl_typesupport_introspection_cpp.hpp
[36.297s] -- Symlinking: /home/min/Workspace/scout_mini/install/realsense2_camera_msgs/include/realsense2_camera_msgs/realsense2_camera_msgs/msg/detail/rgbd__rosidl_typesupport_introspection_cpp.hpp
[36.307s] -- Symlinking: /home/min/Workspace/scout_mini/install/realsense2_camera_msgs/include/realsense2_camera_msgs/realsense2_camera_msgs/srv/detail/calib_config_read__rosidl_typesupport_introspection_cpp.hpp
[36.317s] -- Symlinking: /home/min/Workspace/scout_mini/install/realsense2_camera_msgs/include/realsense2_camera_msgs/realsense2_camera_msgs/srv/detail/calib_config_write__rosidl_typesupport_introspection_cpp.hpp
[36.327s] -- Symlinking: /home/min/Workspace/scout_mini/install/realsense2_camera_msgs/include/realsense2_camera_msgs/realsense2_camera_msgs/srv/detail/device_info__rosidl_typesupport_introspection_cpp.hpp
[36.337s] -- Symlinking: /home/min/Workspace/scout_mini/install/realsense2_camera_msgs/share/realsense2_camera_msgs/environment/pythonpath.sh
[36.347s] -- Symlinking: /home/min/Workspace/scout_mini/install/realsense2_camera_msgs/share/realsense2_camera_msgs/environment/pythonpath.dsv
[36.359s] -- Symlinking: /home/min/Workspace/scout_mini/install/realsense2_camera_msgs/local/lib/python3.10/dist-packages/realsense2_camera_msgs-4.56.4-py3.10.egg-info/PKG-INFO
[36.370s] -- Symlinking: /home/min/Workspace/scout_mini/install/realsense2_camera_msgs/local/lib/python3.10/dist-packages/realsense2_camera_msgs-4.56.4-py3.10.egg-info/SOURCES.txt
[36.383s] -- Symlinking: /home/min/Workspace/scout_mini/install/realsense2_camera_msgs/local/lib/python3.10/dist-packages/realsense2_camera_msgs-4.56.4-py3.10.egg-info/dependency_links.txt
[36.401s] -- Symlinking: /home/min/Workspace/scout_mini/install/realsense2_camera_msgs/local/lib/python3.10/dist-packages/realsense2_camera_msgs-4.56.4-py3.10.egg-info/top_level.txt
[36.413s] -- Symlinking: /home/min/Workspace/scout_mini/install/realsense2_camera_msgs/local/lib/python3.10/dist-packages/realsense2_camera_msgs/__init__.py
[36.423s] -- Symlinking: /home/min/Workspace/scout_mini/install/realsense2_camera_msgs/local/lib/python3.10/dist-packages/realsense2_camera_msgs/_realsense2_camera_msgs_s.ep.rosidl_typesupport_c.c
[36.435s] -- Symlinking: /home/min/Workspace/scout_mini/install/realsense2_camera_msgs/local/lib/python3.10/dist-packages/realsense2_camera_msgs/_realsense2_camera_msgs_s.ep.rosidl_typesupport_fastrtps_c.c
[36.446s] -- Symlinking: /home/min/Workspace/scout_mini/install/realsense2_camera_msgs/local/lib/python3.10/dist-packages/realsense2_camera_msgs/_realsense2_camera_msgs_s.ep.rosidl_typesupport_introspection_c.c
[36.458s] -- Symlinking: /home/min/Workspace/scout_mini/install/realsense2_camera_msgs/local/lib/python3.10/dist-packages/realsense2_camera_msgs/action/__init__.py
[36.468s] -- Symlinking: /home/min/Workspace/scout_mini/install/realsense2_camera_msgs/local/lib/python3.10/dist-packages/realsense2_camera_msgs/action/_triggered_calibration.py
[36.478s] -- Symlinking: /home/min/Workspace/scout_mini/install/realsense2_camera_msgs/local/lib/python3.10/dist-packages/realsense2_camera_msgs/action/_triggered_calibration_s.c
[36.488s] -- Symlinking: /home/min/Workspace/scout_mini/install/realsense2_camera_msgs/local/lib/python3.10/dist-packages/realsense2_camera_msgs/librealsense2_camera_msgs__rosidl_generator_py.so
[36.498s] -- Symlinking: /home/min/Workspace/scout_mini/install/realsense2_camera_msgs/local/lib/python3.10/dist-packages/realsense2_camera_msgs/msg/__init__.py
[36.507s] -- Symlinking: /home/min/Workspace/scout_mini/install/realsense2_camera_msgs/local/lib/python3.10/dist-packages/realsense2_camera_msgs/msg/_extrinsics.py
[36.516s] -- Symlinking: /home/min/Workspace/scout_mini/install/realsense2_camera_msgs/local/lib/python3.10/dist-packages/realsense2_camera_msgs/msg/_extrinsics_s.c
[36.525s] -- Symlinking: /home/min/Workspace/scout_mini/install/realsense2_camera_msgs/local/lib/python3.10/dist-packages/realsense2_camera_msgs/msg/_imu_info.py
[36.534s] -- Symlinking: /home/min/Workspace/scout_mini/install/realsense2_camera_msgs/local/lib/python3.10/dist-packages/realsense2_camera_msgs/msg/_imu_info_s.c
[36.543s] -- Symlinking: /home/min/Workspace/scout_mini/install/realsense2_camera_msgs/local/lib/python3.10/dist-packages/realsense2_camera_msgs/msg/_metadata.py
[36.552s] -- Symlinking: /home/min/Workspace/scout_mini/install/realsense2_camera_msgs/local/lib/python3.10/dist-packages/realsense2_camera_msgs/msg/_metadata_s.c
[36.563s] -- Symlinking: /home/min/Workspace/scout_mini/install/realsense2_camera_msgs/local/lib/python3.10/dist-packages/realsense2_camera_msgs/msg/_rgbd.py
[36.573s] -- Symlinking: /home/min/Workspace/scout_mini/install/realsense2_camera_msgs/local/lib/python3.10/dist-packages/realsense2_camera_msgs/msg/_rgbd_s.c
[36.584s] -- Symlinking: /home/min/Workspace/scout_mini/install/realsense2_camera_msgs/local/lib/python3.10/dist-packages/realsense2_camera_msgs/realsense2_camera_msgs_s__rosidl_typesupport_c.cpython-310-x86_64-linux-gnu.so
[36.594s] -- Symlinking: /home/min/Workspace/scout_mini/install/realsense2_camera_msgs/local/lib/python3.10/dist-packages/realsense2_camera_msgs/realsense2_camera_msgs_s__rosidl_typesupport_fastrtps_c.cpython-310-x86_64-linux-gnu.so
[36.603s] -- Symlinking: /home/min/Workspace/scout_mini/install/realsense2_camera_msgs/local/lib/python3.10/dist-packages/realsense2_camera_msgs/realsense2_camera_msgs_s__rosidl_typesupport_introspection_c.cpython-310-x86_64-linux-gnu.so
[36.613s] -- Symlinking: /home/min/Workspace/scout_mini/install/realsense2_camera_msgs/local/lib/python3.10/dist-packages/realsense2_camera_msgs/srv/__init__.py
[36.622s] -- Symlinking: /home/min/Workspace/scout_mini/install/realsense2_camera_msgs/local/lib/python3.10/dist-packages/realsense2_camera_msgs/srv/_calib_config_read.py
[36.632s] -- Symlinking: /home/min/Workspace/scout_mini/install/realsense2_camera_msgs/local/lib/python3.10/dist-packages/realsense2_camera_msgs/srv/_calib_config_read_s.c
[36.642s] -- Symlinking: /home/min/Workspace/scout_mini/install/realsense2_camera_msgs/local/lib/python3.10/dist-packages/realsense2_camera_msgs/srv/_calib_config_write.py
[36.653s] -- Symlinking: /home/min/Workspace/scout_mini/install/realsense2_camera_msgs/local/lib/python3.10/dist-packages/realsense2_camera_msgs/srv/_calib_config_write_s.c
[36.665s] -- Symlinking: /home/min/Workspace/scout_mini/install/realsense2_camera_msgs/local/lib/python3.10/dist-packages/realsense2_camera_msgs/srv/_device_info.py
[36.678s] -- Symlinking: /home/min/Workspace/scout_mini/install/realsense2_camera_msgs/local/lib/python3.10/dist-packages/realsense2_camera_msgs/srv/_device_info_s.c
[36.689s] -- Up-to-date symlink: /home/min/Workspace/scout_mini/install/realsense2_camera_msgs/local/lib/python3.10/dist-packages/realsense2_camera_msgs/realsense2_camera_msgs_s__rosidl_typesupport_fastrtps_c.cpython-310-x86_64-linux-gnu.so
[36.689s] -- Up-to-date symlink: /home/min/Workspace/scout_mini/install/realsense2_camera_msgs/local/lib/python3.10/dist-packages/realsense2_camera_msgs/realsense2_camera_msgs_s__rosidl_typesupport_introspection_c.cpython-310-x86_64-linux-gnu.so
[36.690s] -- Up-to-date symlink: /home/min/Workspace/scout_mini/install/realsense2_camera_msgs/local/lib/python3.10/dist-packages/realsense2_camera_msgs/realsense2_camera_msgs_s__rosidl_typesupport_c.cpython-310-x86_64-linux-gnu.so
[36.691s] -- Symlinking: /home/min/Workspace/scout_mini/install/realsense2_camera_msgs/share/realsense2_camera_msgs/msg/IMUInfo.idl
[36.701s] -- Symlinking: /home/min/Workspace/scout_mini/install/realsense2_camera_msgs/share/realsense2_camera_msgs/msg/Extrinsics.idl
[36.712s] -- Symlinking: /home/min/Workspace/scout_mini/install/realsense2_camera_msgs/share/realsense2_camera_msgs/msg/Metadata.idl
[36.722s] -- Symlinking: /home/min/Workspace/scout_mini/install/realsense2_camera_msgs/share/realsense2_camera_msgs/msg/RGBD.idl
[36.732s] -- Symlinking: /home/min/Workspace/scout_mini/install/realsense2_camera_msgs/share/realsense2_camera_msgs/srv/DeviceInfo.idl
[36.742s] -- Symlinking: /home/min/Workspace/scout_mini/install/realsense2_camera_msgs/share/realsense2_camera_msgs/srv/CalibConfigRead.idl
[36.752s] -- Symlinking: /home/min/Workspace/scout_mini/install/realsense2_camera_msgs/share/realsense2_camera_msgs/srv/CalibConfigWrite.idl
[36.764s] -- Symlinking: /home/min/Workspace/scout_mini/install/realsense2_camera_msgs/share/realsense2_camera_msgs/action/TriggeredCalibration.idl
[36.775s] -- Symlinking: /home/min/Workspace/scout_mini/install/realsense2_camera_msgs/share/realsense2_camera_msgs/msg/IMUInfo.msg
[36.785s] -- Symlinking: /home/min/Workspace/scout_mini/install/realsense2_camera_msgs/share/realsense2_camera_msgs/msg/Extrinsics.msg
[36.794s] -- Symlinking: /home/min/Workspace/scout_mini/install/realsense2_camera_msgs/share/realsense2_camera_msgs/msg/Metadata.msg
[36.802s] -- Symlinking: /home/min/Workspace/scout_mini/install/realsense2_camera_msgs/share/realsense2_camera_msgs/msg/RGBD.msg
[36.810s] -- Symlinking: /home/min/Workspace/scout_mini/install/realsense2_camera_msgs/share/realsense2_camera_msgs/srv/DeviceInfo.srv
[36.819s] -- Symlinking: /home/min/Workspace/scout_mini/install/realsense2_camera_msgs/share/realsense2_camera_msgs/srv/DeviceInfo_Request.msg
[36.830s] -- Symlinking: /home/min/Workspace/scout_mini/install/realsense2_camera_msgs/share/realsense2_camera_msgs/srv/DeviceInfo_Response.msg
[36.839s] -- Symlinking: /home/min/Workspace/scout_mini/install/realsense2_camera_msgs/share/realsense2_camera_msgs/srv/CalibConfigRead.srv
[36.848s] -- Symlinking: /home/min/Workspace/scout_mini/install/realsense2_camera_msgs/share/realsense2_camera_msgs/srv/CalibConfigRead_Request.msg
[36.859s] -- Symlinking: /home/min/Workspace/scout_mini/install/realsense2_camera_msgs/share/realsense2_camera_msgs/srv/CalibConfigRead_Response.msg
[36.869s] -- Symlinking: /home/min/Workspace/scout_mini/install/realsense2_camera_msgs/share/realsense2_camera_msgs/srv/CalibConfigWrite.srv
[36.878s] -- Symlinking: /home/min/Workspace/scout_mini/install/realsense2_camera_msgs/share/realsense2_camera_msgs/srv/CalibConfigWrite_Request.msg
[36.887s] -- Symlinking: /home/min/Workspace/scout_mini/install/realsense2_camera_msgs/share/realsense2_camera_msgs/srv/CalibConfigWrite_Response.msg
[36.897s] -- Symlinking: /home/min/Workspace/scout_mini/install/realsense2_camera_msgs/share/realsense2_camera_msgs/action/TriggeredCalibration.action
[36.907s] -- Symlinking: /home/min/Workspace/scout_mini/install/realsense2_camera_msgs/share/ament_index/resource_index/package_run_dependencies/realsense2_camera_msgs
[36.917s] -- Symlinking: /home/min/Workspace/scout_mini/install/realsense2_camera_msgs/share/ament_index/resource_index/parent_prefix_path/realsense2_camera_msgs
[36.928s] -- Symlinking: /home/min/Workspace/scout_mini/install/realsense2_camera_msgs/share/realsense2_camera_msgs/environment/ament_prefix_path.sh
[36.937s] -- Symlinking: /home/min/Workspace/scout_mini/install/realsense2_camera_msgs/share/realsense2_camera_msgs/environment/ament_prefix_path.dsv
[36.947s] -- Symlinking: /home/min/Workspace/scout_mini/install/realsense2_camera_msgs/share/realsense2_camera_msgs/environment/path.sh
[36.957s] -- Symlinking: /home/min/Workspace/scout_mini/install/realsense2_camera_msgs/share/realsense2_camera_msgs/environment/path.dsv
[36.968s] -- Symlinking: /home/min/Workspace/scout_mini/install/realsense2_camera_msgs/share/realsense2_camera_msgs/local_setup.bash
[36.977s] -- Symlinking: /home/min/Workspace/scout_mini/install/realsense2_camera_msgs/share/realsense2_camera_msgs/local_setup.sh
[36.987s] -- Symlinking: /home/min/Workspace/scout_mini/install/realsense2_camera_msgs/share/realsense2_camera_msgs/local_setup.zsh
[36.996s] -- Symlinking: /home/min/Workspace/scout_mini/install/realsense2_camera_msgs/share/realsense2_camera_msgs/local_setup.dsv
[37.006s] -- Symlinking: /home/min/Workspace/scout_mini/install/realsense2_camera_msgs/share/realsense2_camera_msgs/package.dsv
[37.016s] -- Symlinking: /home/min/Workspace/scout_mini/install/realsense2_camera_msgs/share/ament_index/resource_index/packages/realsense2_camera_msgs
[37.025s] -- Symlinking: /home/min/Workspace/scout_mini/install/realsense2_camera_msgs/share/realsense2_camera_msgs/cmake/rosidl_cmake-extras.cmake
[37.034s] -- Symlinking: /home/min/Workspace/scout_mini/install/realsense2_camera_msgs/share/realsense2_camera_msgs/cmake/ament_cmake_export_dependencies-extras.cmake
[37.045s] -- Symlinking: /home/min/Workspace/scout_mini/install/realsense2_camera_msgs/share/realsense2_camera_msgs/cmake/ament_cmake_export_include_directories-extras.cmake
[37.056s] -- Symlinking: /home/min/Workspace/scout_mini/install/realsense2_camera_msgs/share/realsense2_camera_msgs/cmake/ament_cmake_export_libraries-extras.cmake
[37.067s] -- Symlinking: /home/min/Workspace/scout_mini/install/realsense2_camera_msgs/share/realsense2_camera_msgs/cmake/ament_cmake_export_targets-extras.cmake
[37.076s] -- Symlinking: /home/min/Workspace/scout_mini/install/realsense2_camera_msgs/share/realsense2_camera_msgs/cmake/rosidl_cmake_export_typesupport_targets-extras.cmake
[37.085s] -- Symlinking: /home/min/Workspace/scout_mini/install/realsense2_camera_msgs/share/realsense2_camera_msgs/cmake/rosidl_cmake_export_typesupport_libraries-extras.cmake
[37.094s] -- Symlinking: /home/min/Workspace/scout_mini/install/realsense2_camera_msgs/share/realsense2_camera_msgs/cmake/realsense2_camera_msgsConfig.cmake
[37.103s] -- Symlinking: /home/min/Workspace/scout_mini/install/realsense2_camera_msgs/share/realsense2_camera_msgs/cmake/realsense2_camera_msgsConfig-version.cmake
[37.112s] -- Symlinking: /home/min/Workspace/scout_mini/install/realsense2_camera_msgs/share/realsense2_camera_msgs/package.xml
[37.121s] -- Installing: /home/min/Workspace/scout_mini/install/realsense2_camera_msgs/lib/librealsense2_camera_msgs__rosidl_generator_c.so
[37.121s] -- Set runtime path of "/home/min/Workspace/scout_mini/install/realsense2_camera_msgs/lib/librealsense2_camera_msgs__rosidl_generator_c.so" to ""
[37.121s] -- Installing: /home/min/Workspace/scout_mini/install/realsense2_camera_msgs/lib/librealsense2_camera_msgs__rosidl_typesupport_fastrtps_c.so
[37.122s] -- Set runtime path of "/home/min/Workspace/scout_mini/install/realsense2_camera_msgs/lib/librealsense2_camera_msgs__rosidl_typesupport_fastrtps_c.so" to ""
[37.122s] -- Installing: /home/min/Workspace/scout_mini/install/realsense2_camera_msgs/lib/librealsense2_camera_msgs__rosidl_typesupport_introspection_c.so
[37.123s] -- Set runtime path of "/home/min/Workspace/scout_mini/install/realsense2_camera_msgs/lib/librealsense2_camera_msgs__rosidl_typesupport_introspection_c.so" to ""
[37.123s] -- Installing: /home/min/Workspace/scout_mini/install/realsense2_camera_msgs/lib/librealsense2_camera_msgs__rosidl_typesupport_c.so
[37.123s] -- Set runtime path of "/home/min/Workspace/scout_mini/install/realsense2_camera_msgs/lib/librealsense2_camera_msgs__rosidl_typesupport_c.so" to ""
[37.123s] -- Installing: /home/min/Workspace/scout_mini/install/realsense2_camera_msgs/lib/librealsense2_camera_msgs__rosidl_typesupport_fastrtps_cpp.so
[37.124s] -- Set runtime path of "/home/min/Workspace/scout_mini/install/realsense2_camera_msgs/lib/librealsense2_camera_msgs__rosidl_typesupport_fastrtps_cpp.so" to ""
[37.124s] -- Installing: /home/min/Workspace/scout_mini/install/realsense2_camera_msgs/lib/librealsense2_camera_msgs__rosidl_typesupport_introspection_cpp.so
[37.124s] -- Set runtime path of "/home/min/Workspace/scout_mini/install/realsense2_camera_msgs/lib/librealsense2_camera_msgs__rosidl_typesupport_introspection_cpp.so" to ""
[37.124s] -- Installing: /home/min/Workspace/scout_mini/install/realsense2_camera_msgs/lib/librealsense2_camera_msgs__rosidl_typesupport_cpp.so
[37.125s] -- Set runtime path of "/home/min/Workspace/scout_mini/install/realsense2_camera_msgs/lib/librealsense2_camera_msgs__rosidl_typesupport_cpp.so" to ""
[37.186s] Listing '/home/min/Workspace/scout_mini/install/realsense2_camera_msgs/local/lib/python3.10/dist-packages/realsense2_camera_msgs'...
[37.186s] Compiling '/home/min/Workspace/scout_mini/install/realsense2_camera_msgs/local/lib/python3.10/dist-packages/realsense2_camera_msgs/__init__.py'...
[37.186s] Listing '/home/min/Workspace/scout_mini/install/realsense2_camera_msgs/local/lib/python3.10/dist-packages/realsense2_camera_msgs/action'...
[37.186s] Compiling '/home/min/Workspace/scout_mini/install/realsense2_camera_msgs/local/lib/python3.10/dist-packages/realsense2_camera_msgs/action/__init__.py'...
[37.186s] Compiling '/home/min/Workspace/scout_mini/install/realsense2_camera_msgs/local/lib/python3.10/dist-packages/realsense2_camera_msgs/action/_triggered_calibration.py'...
[37.186s] Listing '/home/min/Workspace/scout_mini/install/realsense2_camera_msgs/local/lib/python3.10/dist-packages/realsense2_camera_msgs/msg'...
[37.186s] Compiling '/home/min/Workspace/scout_mini/install/realsense2_camera_msgs/local/lib/python3.10/dist-packages/realsense2_camera_msgs/msg/__init__.py'...
[37.186s] Compiling '/home/min/Workspace/scout_mini/install/realsense2_camera_msgs/local/lib/python3.10/dist-packages/realsense2_camera_msgs/msg/_extrinsics.py'...
[37.186s] Compiling '/home/min/Workspace/scout_mini/install/realsense2_camera_msgs/local/lib/python3.10/dist-packages/realsense2_camera_msgs/msg/_imu_info.py'...
[37.186s] Compiling '/home/min/Workspace/scout_mini/install/realsense2_camera_msgs/local/lib/python3.10/dist-packages/realsense2_camera_msgs/msg/_metadata.py'...
[37.186s] Compiling '/home/min/Workspace/scout_mini/install/realsense2_camera_msgs/local/lib/python3.10/dist-packages/realsense2_camera_msgs/msg/_rgbd.py'...
[37.186s] Listing '/home/min/Workspace/scout_mini/install/realsense2_camera_msgs/local/lib/python3.10/dist-packages/realsense2_camera_msgs/srv'...
[37.186s] Compiling '/home/min/Workspace/scout_mini/install/realsense2_camera_msgs/local/lib/python3.10/dist-packages/realsense2_camera_msgs/srv/__init__.py'...
[37.186s] Compiling '/home/min/Workspace/scout_mini/install/realsense2_camera_msgs/local/lib/python3.10/dist-packages/realsense2_camera_msgs/srv/_calib_config_read.py'...
[37.187s] Compiling '/home/min/Workspace/scout_mini/install/realsense2_camera_msgs/local/lib/python3.10/dist-packages/realsense2_camera_msgs/srv/_calib_config_write.py'...
[37.187s] Compiling '/home/min/Workspace/scout_mini/install/realsense2_camera_msgs/local/lib/python3.10/dist-packages/realsense2_camera_msgs/srv/_device_info.py'...
[37.192s] -- Installing: /home/min/Workspace/scout_mini/install/realsense2_camera_msgs/lib/librealsense2_camera_msgs__rosidl_generator_py.so
[37.192s] -- Set runtime path of "/home/min/Workspace/scout_mini/install/realsense2_camera_msgs/lib/librealsense2_camera_msgs__rosidl_generator_py.so" to ""
[37.193s] -- Installing: /home/min/Workspace/scout_mini/install/realsense2_camera_msgs/share/realsense2_camera_msgs/cmake/export_realsense2_camera_msgs__rosidl_generator_cExport.cmake
[37.193s] -- Installing: /home/min/Workspace/scout_mini/install/realsense2_camera_msgs/share/realsense2_camera_msgs/cmake/export_realsense2_camera_msgs__rosidl_generator_cExport-noconfig.cmake
[37.193s] -- Installing: /home/min/Workspace/scout_mini/install/realsense2_camera_msgs/share/realsense2_camera_msgs/cmake/export_realsense2_camera_msgs__rosidl_typesupport_fastrtps_cExport.cmake
[37.193s] -- Installing: /home/min/Workspace/scout_mini/install/realsense2_camera_msgs/share/realsense2_camera_msgs/cmake/export_realsense2_camera_msgs__rosidl_typesupport_fastrtps_cExport-noconfig.cmake
[37.193s] -- Installing: /home/min/Workspace/scout_mini/install/realsense2_camera_msgs/share/realsense2_camera_msgs/cmake/realsense2_camera_msgs__rosidl_typesupport_introspection_cExport.cmake
[37.193s] -- Installing: /home/min/Workspace/scout_mini/install/realsense2_camera_msgs/share/realsense2_camera_msgs/cmake/realsense2_camera_msgs__rosidl_typesupport_introspection_cExport-noconfig.cmake
[37.194s] -- Installing: /home/min/Workspace/scout_mini/install/realsense2_camera_msgs/share/realsense2_camera_msgs/cmake/realsense2_camera_msgs__rosidl_typesupport_cExport.cmake
[37.194s] -- Installing: /home/min/Workspace/scout_mini/install/realsense2_camera_msgs/share/realsense2_camera_msgs/cmake/realsense2_camera_msgs__rosidl_typesupport_cExport-noconfig.cmake
[37.194s] -- Installing: /home/min/Workspace/scout_mini/install/realsense2_camera_msgs/share/realsense2_camera_msgs/cmake/export_realsense2_camera_msgs__rosidl_generator_cppExport.cmake
[37.194s] -- Installing: /home/min/Workspace/scout_mini/install/realsense2_camera_msgs/share/realsense2_camera_msgs/cmake/export_realsense2_camera_msgs__rosidl_typesupport_fastrtps_cppExport.cmake
[37.194s] -- Installing: /home/min/Workspace/scout_mini/install/realsense2_camera_msgs/share/realsense2_camera_msgs/cmake/export_realsense2_camera_msgs__rosidl_typesupport_fastrtps_cppExport-noconfig.cmake
[37.194s] -- Installing: /home/min/Workspace/scout_mini/install/realsense2_camera_msgs/share/realsense2_camera_msgs/cmake/realsense2_camera_msgs__rosidl_typesupport_introspection_cppExport.cmake
[37.195s] -- Installing: /home/min/Workspace/scout_mini/install/realsense2_camera_msgs/share/realsense2_camera_msgs/cmake/realsense2_camera_msgs__rosidl_typesupport_introspection_cppExport-noconfig.cmake
[37.195s] -- Installing: /home/min/Workspace/scout_mini/install/realsense2_camera_msgs/share/realsense2_camera_msgs/cmake/realsense2_camera_msgs__rosidl_typesupport_cppExport.cmake
[37.195s] -- Installing: /home/min/Workspace/scout_mini/install/realsense2_camera_msgs/share/realsense2_camera_msgs/cmake/realsense2_camera_msgs__rosidl_typesupport_cppExport-noconfig.cmake
[37.195s] -- Installing: /home/min/Workspace/scout_mini/install/realsense2_camera_msgs/share/realsense2_camera_msgs/cmake/export_realsense2_camera_msgs__rosidl_generator_pyExport.cmake
[37.195s] -- Installing: /home/min/Workspace/scout_mini/install/realsense2_camera_msgs/share/realsense2_camera_msgs/cmake/export_realsense2_camera_msgs__rosidl_generator_pyExport-noconfig.cmake
[37.198s] Invoked command in '/home/min/Workspace/scout_mini/build/realsense2_camera_msgs' returned '0': CMAKE_PREFIX_PATH=${CMAKE_PREFIX_PATH}:/home/min/Workspace/scout_mini/install/scout_mini_tools:/home/min/Workspace/scout_mini/install/robot_following:/home/min/Workspace/scout_mini/install/robot_control:/opt/ros/humble /usr/bin/cmake --install /home/min/Workspace/scout_mini/build/realsense2_camera_msgs
