[0.361s] Invoking command in '/home/min/Workspace/scout_mini/build/realsense2_camera_msgs': CMAKE_PREFIX_PATH=/home/min/Workspace/scout_mini/install/scout_base:/home/min/Workspace/scout_mini/install/scout_mini_tools:/home/min/Workspace/scout_mini/install/robot_control:/opt/ros/humble:/home/min/Workspace/scout_mini/install/ugv_sdk:/home/min/Workspace/scout_mini/install/sllidar_ros2:/home/min/Workspace/scout_mini/install/slam_launch:/home/min/Workspace/scout_mini/install/scout_msgs:/home/min/Workspace/scout_mini/install/scout_mini_nav2:/home/min/Workspace/scout_mini/install/scout_gazebo_sim:/home/min/Workspace/scout_mini/install/scout_description:/home/min/Workspace/scout_mini/install/scout_control:/home/min/Workspace/scout_mini/install/realsense2_description:/home/min/Workspace/scout_mini/install/realsense2_camera:/home/min/Workspace/scout_mini/install/realsense2_camera_msgs /usr/bin/cmake --build /home/min/Workspace/scout_mini/build/realsense2_camera_msgs -- -j8 -l8
[2.556s] [  1%] Built target realsense2_camera_msgs__cpp
[2.619s] [  1%] Built target ament_cmake_python_symlink_realsense2_camera_msgs
[2.794s] [ 12%] Built target realsense2_camera_msgs__rosidl_typesupport_fastrtps_cpp
[2.798s] [ 24%] Built target realsense2_camera_msgs__rosidl_generator_c
[2.880s] [ 35%] Built target realsense2_camera_msgs__rosidl_typesupport_cpp
[2.888s] [ 47%] Built target realsense2_camera_msgs__rosidl_typesupport_introspection_cpp
[2.973s] [ 58%] Built target realsense2_camera_msgs__rosidl_typesupport_c
[3.042s] [ 70%] Built target realsense2_camera_msgs__rosidl_typesupport_fastrtps_c
[3.108s] [ 81%] Built target realsense2_camera_msgs__rosidl_typesupport_introspection_c
[3.155s] [ 81%] Built target realsense2_camera_msgs
[3.272s] [ 82%] Built target realsense2_camera_msgs__py
[3.295s] running egg_info
[3.296s] writing realsense2_camera_msgs.egg-info/PKG-INFO
[3.297s] writing dependency_links to realsense2_camera_msgs.egg-info/dependency_links.txt
[3.298s] writing top-level names to realsense2_camera_msgs.egg-info/top_level.txt
[3.304s] reading manifest file 'realsense2_camera_msgs.egg-info/SOURCES.txt'
[3.360s] writing manifest file 'realsense2_camera_msgs.egg-info/SOURCES.txt'
[3.378s] [ 82%] Built target ament_cmake_python_build_realsense2_camera_msgs_egg
[3.548s] [ 93%] Built target realsense2_camera_msgs__rosidl_generator_py
[3.623s] [ 95%] Built target realsense2_camera_msgs__rosidl_typesupport_introspection_c__pyext
[3.626s] [ 97%] Built target realsense2_camera_msgs__rosidl_typesupport_fastrtps_c__pyext
[3.751s] [100%] Built target realsense2_camera_msgs__rosidl_typesupport_c__pyext
[3.809s] Invoked command in '/home/min/Workspace/scout_mini/build/realsense2_camera_msgs' returned '0': CMAKE_PREFIX_PATH=/home/min/Workspace/scout_mini/install/scout_base:/home/min/Workspace/scout_mini/install/scout_mini_tools:/home/min/Workspace/scout_mini/install/robot_control:/opt/ros/humble:/home/min/Workspace/scout_mini/install/ugv_sdk:/home/min/Workspace/scout_mini/install/sllidar_ros2:/home/min/Workspace/scout_mini/install/slam_launch:/home/min/Workspace/scout_mini/install/scout_msgs:/home/min/Workspace/scout_mini/install/scout_mini_nav2:/home/min/Workspace/scout_mini/install/scout_gazebo_sim:/home/min/Workspace/scout_mini/install/scout_description:/home/min/Workspace/scout_mini/install/scout_control:/home/min/Workspace/scout_mini/install/realsense2_description:/home/min/Workspace/scout_mini/install/realsense2_camera:/home/min/Workspace/scout_mini/install/realsense2_camera_msgs /usr/bin/cmake --build /home/min/Workspace/scout_mini/build/realsense2_camera_msgs -- -j8 -l8
[3.824s] Invoking command in '/home/min/Workspace/scout_mini/build/realsense2_camera_msgs': CMAKE_PREFIX_PATH=/home/min/Workspace/scout_mini/install/scout_base:/home/min/Workspace/scout_mini/install/scout_mini_tools:/home/min/Workspace/scout_mini/install/robot_control:/opt/ros/humble:/home/min/Workspace/scout_mini/install/ugv_sdk:/home/min/Workspace/scout_mini/install/sllidar_ros2:/home/min/Workspace/scout_mini/install/slam_launch:/home/min/Workspace/scout_mini/install/scout_msgs:/home/min/Workspace/scout_mini/install/scout_mini_nav2:/home/min/Workspace/scout_mini/install/scout_gazebo_sim:/home/min/Workspace/scout_mini/install/scout_description:/home/min/Workspace/scout_mini/install/scout_control:/home/min/Workspace/scout_mini/install/realsense2_description:/home/min/Workspace/scout_mini/install/realsense2_camera:/home/min/Workspace/scout_mini/install/realsense2_camera_msgs /usr/bin/cmake --install /home/min/Workspace/scout_mini/build/realsense2_camera_msgs
[3.864s] -- Install configuration: ""
[3.868s] -- Execute custom install script
[3.872s] -- Up-to-date symlink: /home/min/Workspace/scout_mini/install/realsense2_camera_msgs/share/ament_index/resource_index/rosidl_interfaces/realsense2_camera_msgs
[3.889s] -- Up-to-date symlink: /home/min/Workspace/scout_mini/install/realsense2_camera_msgs/include/realsense2_camera_msgs/realsense2_camera_msgs/action/detail/triggered_calibration__functions.h
[3.892s] -- Up-to-date symlink: /home/min/Workspace/scout_mini/install/realsense2_camera_msgs/include/realsense2_camera_msgs/realsense2_camera_msgs/action/detail/triggered_calibration__struct.h
[3.893s] -- Up-to-date symlink: /home/min/Workspace/scout_mini/install/realsense2_camera_msgs/include/realsense2_camera_msgs/realsense2_camera_msgs/action/detail/triggered_calibration__type_support.h
[3.895s] -- Up-to-date symlink: /home/min/Workspace/scout_mini/install/realsense2_camera_msgs/include/realsense2_camera_msgs/realsense2_camera_msgs/action/triggered_calibration.h
[3.897s] -- Up-to-date symlink: /home/min/Workspace/scout_mini/install/realsense2_camera_msgs/include/realsense2_camera_msgs/realsense2_camera_msgs/msg/detail/extrinsics__functions.h
[3.898s] -- Up-to-date symlink: /home/min/Workspace/scout_mini/install/realsense2_camera_msgs/include/realsense2_camera_msgs/realsense2_camera_msgs/msg/detail/extrinsics__struct.h
[3.900s] -- Up-to-date symlink: /home/min/Workspace/scout_mini/install/realsense2_camera_msgs/include/realsense2_camera_msgs/realsense2_camera_msgs/msg/detail/extrinsics__type_support.h
[3.901s] -- Up-to-date symlink: /home/min/Workspace/scout_mini/install/realsense2_camera_msgs/include/realsense2_camera_msgs/realsense2_camera_msgs/msg/detail/imu_info__functions.h
[3.903s] -- Up-to-date symlink: /home/min/Workspace/scout_mini/install/realsense2_camera_msgs/include/realsense2_camera_msgs/realsense2_camera_msgs/msg/detail/imu_info__struct.h
[3.905s] -- Up-to-date symlink: /home/min/Workspace/scout_mini/install/realsense2_camera_msgs/include/realsense2_camera_msgs/realsense2_camera_msgs/msg/detail/imu_info__type_support.h
[3.907s] -- Up-to-date symlink: /home/min/Workspace/scout_mini/install/realsense2_camera_msgs/include/realsense2_camera_msgs/realsense2_camera_msgs/msg/detail/metadata__functions.h
[3.909s] -- Up-to-date symlink: /home/min/Workspace/scout_mini/install/realsense2_camera_msgs/include/realsense2_camera_msgs/realsense2_camera_msgs/msg/detail/metadata__struct.h
[3.911s] -- Up-to-date symlink: /home/min/Workspace/scout_mini/install/realsense2_camera_msgs/include/realsense2_camera_msgs/realsense2_camera_msgs/msg/detail/metadata__type_support.h
[3.913s] -- Up-to-date symlink: /home/min/Workspace/scout_mini/install/realsense2_camera_msgs/include/realsense2_camera_msgs/realsense2_camera_msgs/msg/detail/rgbd__functions.h
[3.915s] -- Up-to-date symlink: /home/min/Workspace/scout_mini/install/realsense2_camera_msgs/include/realsense2_camera_msgs/realsense2_camera_msgs/msg/detail/rgbd__struct.h
[3.916s] -- Up-to-date symlink: /home/min/Workspace/scout_mini/install/realsense2_camera_msgs/include/realsense2_camera_msgs/realsense2_camera_msgs/msg/detail/rgbd__type_support.h
[3.918s] -- Up-to-date symlink: /home/min/Workspace/scout_mini/install/realsense2_camera_msgs/include/realsense2_camera_msgs/realsense2_camera_msgs/msg/extrinsics.h
[3.920s] -- Up-to-date symlink: /home/min/Workspace/scout_mini/install/realsense2_camera_msgs/include/realsense2_camera_msgs/realsense2_camera_msgs/msg/imu_info.h
[3.921s] -- Up-to-date symlink: /home/min/Workspace/scout_mini/install/realsense2_camera_msgs/include/realsense2_camera_msgs/realsense2_camera_msgs/msg/metadata.h
[3.923s] -- Up-to-date symlink: /home/min/Workspace/scout_mini/install/realsense2_camera_msgs/include/realsense2_camera_msgs/realsense2_camera_msgs/msg/rgbd.h
[3.924s] -- Up-to-date symlink: /home/min/Workspace/scout_mini/install/realsense2_camera_msgs/include/realsense2_camera_msgs/realsense2_camera_msgs/msg/rosidl_generator_c__visibility_control.h
[3.926s] -- Up-to-date symlink: /home/min/Workspace/scout_mini/install/realsense2_camera_msgs/include/realsense2_camera_msgs/realsense2_camera_msgs/srv/calib_config_read.h
[3.928s] -- Up-to-date symlink: /home/min/Workspace/scout_mini/install/realsense2_camera_msgs/include/realsense2_camera_msgs/realsense2_camera_msgs/srv/calib_config_write.h
[3.930s] -- Up-to-date symlink: /home/min/Workspace/scout_mini/install/realsense2_camera_msgs/include/realsense2_camera_msgs/realsense2_camera_msgs/srv/detail/calib_config_read__functions.h
[3.931s] -- Up-to-date symlink: /home/min/Workspace/scout_mini/install/realsense2_camera_msgs/include/realsense2_camera_msgs/realsense2_camera_msgs/srv/detail/calib_config_read__struct.h
[3.934s] -- Up-to-date symlink: /home/min/Workspace/scout_mini/install/realsense2_camera_msgs/include/realsense2_camera_msgs/realsense2_camera_msgs/srv/detail/calib_config_read__type_support.h
[3.935s] -- Up-to-date symlink: /home/min/Workspace/scout_mini/install/realsense2_camera_msgs/include/realsense2_camera_msgs/realsense2_camera_msgs/srv/detail/calib_config_write__functions.h
[3.936s] -- Up-to-date symlink: /home/min/Workspace/scout_mini/install/realsense2_camera_msgs/include/realsense2_camera_msgs/realsense2_camera_msgs/srv/detail/calib_config_write__struct.h
[3.937s] -- Up-to-date symlink: /home/min/Workspace/scout_mini/install/realsense2_camera_msgs/include/realsense2_camera_msgs/realsense2_camera_msgs/srv/detail/calib_config_write__type_support.h
[3.938s] -- Up-to-date symlink: /home/min/Workspace/scout_mini/install/realsense2_camera_msgs/include/realsense2_camera_msgs/realsense2_camera_msgs/srv/detail/device_info__functions.h
[3.939s] -- Up-to-date symlink: /home/min/Workspace/scout_mini/install/realsense2_camera_msgs/include/realsense2_camera_msgs/realsense2_camera_msgs/srv/detail/device_info__struct.h
[3.941s] -- Up-to-date symlink: /home/min/Workspace/scout_mini/install/realsense2_camera_msgs/include/realsense2_camera_msgs/realsense2_camera_msgs/srv/detail/device_info__type_support.h
[3.949s] -- Up-to-date symlink: /home/min/Workspace/scout_mini/install/realsense2_camera_msgs/include/realsense2_camera_msgs/realsense2_camera_msgs/srv/device_info.h
[3.950s] -- Up-to-date symlink: /home/min/Workspace/scout_mini/install/realsense2_camera_msgs/share/realsense2_camera_msgs/environment/library_path.sh
[3.950s] -- Up-to-date symlink: /home/min/Workspace/scout_mini/install/realsense2_camera_msgs/share/realsense2_camera_msgs/environment/library_path.dsv
[3.951s] -- Up-to-date symlink: /home/min/Workspace/scout_mini/install/realsense2_camera_msgs/include/realsense2_camera_msgs/realsense2_camera_msgs/action/detail/triggered_calibration__rosidl_typesupport_fastrtps_c.h
[3.951s] -- Up-to-date symlink: /home/min/Workspace/scout_mini/install/realsense2_camera_msgs/include/realsense2_camera_msgs/realsense2_camera_msgs/msg/detail/extrinsics__rosidl_typesupport_fastrtps_c.h
[3.952s] -- Up-to-date symlink: /home/min/Workspace/scout_mini/install/realsense2_camera_msgs/include/realsense2_camera_msgs/realsense2_camera_msgs/msg/detail/imu_info__rosidl_typesupport_fastrtps_c.h
[3.954s] -- Up-to-date symlink: /home/min/Workspace/scout_mini/install/realsense2_camera_msgs/include/realsense2_camera_msgs/realsense2_camera_msgs/msg/detail/metadata__rosidl_typesupport_fastrtps_c.h
[3.956s] -- Up-to-date symlink: /home/min/Workspace/scout_mini/install/realsense2_camera_msgs/include/realsense2_camera_msgs/realsense2_camera_msgs/msg/detail/rgbd__rosidl_typesupport_fastrtps_c.h
[3.957s] -- Up-to-date symlink: /home/min/Workspace/scout_mini/install/realsense2_camera_msgs/include/realsense2_camera_msgs/realsense2_camera_msgs/msg/rosidl_typesupport_fastrtps_c__visibility_control.h
[3.958s] -- Up-to-date symlink: /home/min/Workspace/scout_mini/install/realsense2_camera_msgs/include/realsense2_camera_msgs/realsense2_camera_msgs/srv/detail/calib_config_read__rosidl_typesupport_fastrtps_c.h
[3.959s] -- Up-to-date symlink: /home/min/Workspace/scout_mini/install/realsense2_camera_msgs/include/realsense2_camera_msgs/realsense2_camera_msgs/srv/detail/calib_config_write__rosidl_typesupport_fastrtps_c.h
[3.961s] -- Up-to-date symlink: /home/min/Workspace/scout_mini/install/realsense2_camera_msgs/include/realsense2_camera_msgs/realsense2_camera_msgs/srv/detail/device_info__rosidl_typesupport_fastrtps_c.h
[3.963s] -- Up-to-date symlink: /home/min/Workspace/scout_mini/install/realsense2_camera_msgs/include/realsense2_camera_msgs/realsense2_camera_msgs/action/detail/triggered_calibration__rosidl_typesupport_introspection_c.h
[3.965s] -- Up-to-date symlink: /home/min/Workspace/scout_mini/install/realsense2_camera_msgs/include/realsense2_camera_msgs/realsense2_camera_msgs/msg/detail/extrinsics__rosidl_typesupport_introspection_c.h
[3.966s] -- Up-to-date symlink: /home/min/Workspace/scout_mini/install/realsense2_camera_msgs/include/realsense2_camera_msgs/realsense2_camera_msgs/msg/detail/imu_info__rosidl_typesupport_introspection_c.h
[3.967s] -- Up-to-date symlink: /home/min/Workspace/scout_mini/install/realsense2_camera_msgs/include/realsense2_camera_msgs/realsense2_camera_msgs/msg/detail/metadata__rosidl_typesupport_introspection_c.h
[3.969s] -- Up-to-date symlink: /home/min/Workspace/scout_mini/install/realsense2_camera_msgs/include/realsense2_camera_msgs/realsense2_camera_msgs/msg/detail/rgbd__rosidl_typesupport_introspection_c.h
[3.970s] -- Up-to-date symlink: /home/min/Workspace/scout_mini/install/realsense2_camera_msgs/include/realsense2_camera_msgs/realsense2_camera_msgs/msg/rosidl_typesupport_introspection_c__visibility_control.h
[3.971s] -- Up-to-date symlink: /home/min/Workspace/scout_mini/install/realsense2_camera_msgs/include/realsense2_camera_msgs/realsense2_camera_msgs/srv/detail/calib_config_read__rosidl_typesupport_introspection_c.h
[3.972s] -- Up-to-date symlink: /home/min/Workspace/scout_mini/install/realsense2_camera_msgs/include/realsense2_camera_msgs/realsense2_camera_msgs/srv/detail/calib_config_write__rosidl_typesupport_introspection_c.h
[3.977s] -- Up-to-date symlink: /home/min/Workspace/scout_mini/install/realsense2_camera_msgs/include/realsense2_camera_msgs/realsense2_camera_msgs/srv/detail/device_info__rosidl_typesupport_introspection_c.h
[3.987s] -- Up-to-date symlink: /home/min/Workspace/scout_mini/install/realsense2_camera_msgs/include/realsense2_camera_msgs/realsense2_camera_msgs/action/detail/triggered_calibration__builder.hpp
[3.989s] -- Up-to-date symlink: /home/min/Workspace/scout_mini/install/realsense2_camera_msgs/include/realsense2_camera_msgs/realsense2_camera_msgs/action/detail/triggered_calibration__struct.hpp
[3.990s] -- Up-to-date symlink: /home/min/Workspace/scout_mini/install/realsense2_camera_msgs/include/realsense2_camera_msgs/realsense2_camera_msgs/action/detail/triggered_calibration__traits.hpp
[3.991s] -- Up-to-date symlink: /home/min/Workspace/scout_mini/install/realsense2_camera_msgs/include/realsense2_camera_msgs/realsense2_camera_msgs/action/detail/triggered_calibration__type_support.hpp
[3.992s] -- Up-to-date symlink: /home/min/Workspace/scout_mini/install/realsense2_camera_msgs/include/realsense2_camera_msgs/realsense2_camera_msgs/action/triggered_calibration.hpp
[3.994s] -- Up-to-date symlink: /home/min/Workspace/scout_mini/install/realsense2_camera_msgs/include/realsense2_camera_msgs/realsense2_camera_msgs/msg/detail/extrinsics__builder.hpp
[3.995s] -- Up-to-date symlink: /home/min/Workspace/scout_mini/install/realsense2_camera_msgs/include/realsense2_camera_msgs/realsense2_camera_msgs/msg/detail/extrinsics__struct.hpp
[3.995s] -- Up-to-date symlink: /home/min/Workspace/scout_mini/install/realsense2_camera_msgs/include/realsense2_camera_msgs/realsense2_camera_msgs/msg/detail/extrinsics__traits.hpp
[3.996s] -- Up-to-date symlink: /home/min/Workspace/scout_mini/install/realsense2_camera_msgs/include/realsense2_camera_msgs/realsense2_camera_msgs/msg/detail/extrinsics__type_support.hpp
[3.997s] -- Up-to-date symlink: /home/min/Workspace/scout_mini/install/realsense2_camera_msgs/include/realsense2_camera_msgs/realsense2_camera_msgs/msg/detail/imu_info__builder.hpp
[3.999s] -- Up-to-date symlink: /home/min/Workspace/scout_mini/install/realsense2_camera_msgs/include/realsense2_camera_msgs/realsense2_camera_msgs/msg/detail/imu_info__struct.hpp
[4.000s] -- Up-to-date symlink: /home/min/Workspace/scout_mini/install/realsense2_camera_msgs/include/realsense2_camera_msgs/realsense2_camera_msgs/msg/detail/imu_info__traits.hpp
[4.001s] -- Up-to-date symlink: /home/min/Workspace/scout_mini/install/realsense2_camera_msgs/include/realsense2_camera_msgs/realsense2_camera_msgs/msg/detail/imu_info__type_support.hpp
[4.001s] -- Up-to-date symlink: /home/min/Workspace/scout_mini/install/realsense2_camera_msgs/include/realsense2_camera_msgs/realsense2_camera_msgs/msg/detail/metadata__builder.hpp
[4.002s] -- Up-to-date symlink: /home/min/Workspace/scout_mini/install/realsense2_camera_msgs/include/realsense2_camera_msgs/realsense2_camera_msgs/msg/detail/metadata__struct.hpp
[4.003s] -- Up-to-date symlink: /home/min/Workspace/scout_mini/install/realsense2_camera_msgs/include/realsense2_camera_msgs/realsense2_camera_msgs/msg/detail/metadata__traits.hpp
[4.004s] -- Up-to-date symlink: /home/min/Workspace/scout_mini/install/realsense2_camera_msgs/include/realsense2_camera_msgs/realsense2_camera_msgs/msg/detail/metadata__type_support.hpp
[4.005s] -- Up-to-date symlink: /home/min/Workspace/scout_mini/install/realsense2_camera_msgs/include/realsense2_camera_msgs/realsense2_camera_msgs/msg/detail/rgbd__builder.hpp
[4.006s] -- Up-to-date symlink: /home/min/Workspace/scout_mini/install/realsense2_camera_msgs/include/realsense2_camera_msgs/realsense2_camera_msgs/msg/detail/rgbd__struct.hpp
[4.007s] -- Up-to-date symlink: /home/min/Workspace/scout_mini/install/realsense2_camera_msgs/include/realsense2_camera_msgs/realsense2_camera_msgs/msg/detail/rgbd__traits.hpp
[4.008s] -- Up-to-date symlink: /home/min/Workspace/scout_mini/install/realsense2_camera_msgs/include/realsense2_camera_msgs/realsense2_camera_msgs/msg/detail/rgbd__type_support.hpp
[4.009s] -- Up-to-date symlink: /home/min/Workspace/scout_mini/install/realsense2_camera_msgs/include/realsense2_camera_msgs/realsense2_camera_msgs/msg/extrinsics.hpp
[4.010s] -- Up-to-date symlink: /home/min/Workspace/scout_mini/install/realsense2_camera_msgs/include/realsense2_camera_msgs/realsense2_camera_msgs/msg/imu_info.hpp
[4.011s] -- Up-to-date symlink: /home/min/Workspace/scout_mini/install/realsense2_camera_msgs/include/realsense2_camera_msgs/realsense2_camera_msgs/msg/metadata.hpp
[4.012s] -- Up-to-date symlink: /home/min/Workspace/scout_mini/install/realsense2_camera_msgs/include/realsense2_camera_msgs/realsense2_camera_msgs/msg/rgbd.hpp
[4.013s] -- Up-to-date symlink: /home/min/Workspace/scout_mini/install/realsense2_camera_msgs/include/realsense2_camera_msgs/realsense2_camera_msgs/msg/rosidl_generator_cpp__visibility_control.hpp
[4.014s] -- Up-to-date symlink: /home/min/Workspace/scout_mini/install/realsense2_camera_msgs/include/realsense2_camera_msgs/realsense2_camera_msgs/srv/calib_config_read.hpp
[4.015s] -- Up-to-date symlink: /home/min/Workspace/scout_mini/install/realsense2_camera_msgs/include/realsense2_camera_msgs/realsense2_camera_msgs/srv/calib_config_write.hpp
[4.017s] -- Up-to-date symlink: /home/min/Workspace/scout_mini/install/realsense2_camera_msgs/include/realsense2_camera_msgs/realsense2_camera_msgs/srv/detail/calib_config_read__builder.hpp
[4.018s] -- Up-to-date symlink: /home/min/Workspace/scout_mini/install/realsense2_camera_msgs/include/realsense2_camera_msgs/realsense2_camera_msgs/srv/detail/calib_config_read__struct.hpp
[4.019s] -- Up-to-date symlink: /home/min/Workspace/scout_mini/install/realsense2_camera_msgs/include/realsense2_camera_msgs/realsense2_camera_msgs/srv/detail/calib_config_read__traits.hpp
[4.020s] -- Up-to-date symlink: /home/min/Workspace/scout_mini/install/realsense2_camera_msgs/include/realsense2_camera_msgs/realsense2_camera_msgs/srv/detail/calib_config_read__type_support.hpp
[4.021s] -- Up-to-date symlink: /home/min/Workspace/scout_mini/install/realsense2_camera_msgs/include/realsense2_camera_msgs/realsense2_camera_msgs/srv/detail/calib_config_write__builder.hpp
[4.022s] -- Up-to-date symlink: /home/min/Workspace/scout_mini/install/realsense2_camera_msgs/include/realsense2_camera_msgs/realsense2_camera_msgs/srv/detail/calib_config_write__struct.hpp
[4.024s] -- Up-to-date symlink: /home/min/Workspace/scout_mini/install/realsense2_camera_msgs/include/realsense2_camera_msgs/realsense2_camera_msgs/srv/detail/calib_config_write__traits.hpp
[4.024s] -- Up-to-date symlink: /home/min/Workspace/scout_mini/install/realsense2_camera_msgs/include/realsense2_camera_msgs/realsense2_camera_msgs/srv/detail/calib_config_write__type_support.hpp
[4.025s] -- Up-to-date symlink: /home/min/Workspace/scout_mini/install/realsense2_camera_msgs/include/realsense2_camera_msgs/realsense2_camera_msgs/srv/detail/device_info__builder.hpp
[4.026s] -- Up-to-date symlink: /home/min/Workspace/scout_mini/install/realsense2_camera_msgs/include/realsense2_camera_msgs/realsense2_camera_msgs/srv/detail/device_info__struct.hpp
[4.027s] -- Up-to-date symlink: /home/min/Workspace/scout_mini/install/realsense2_camera_msgs/include/realsense2_camera_msgs/realsense2_camera_msgs/srv/detail/device_info__traits.hpp
[4.028s] -- Up-to-date symlink: /home/min/Workspace/scout_mini/install/realsense2_camera_msgs/include/realsense2_camera_msgs/realsense2_camera_msgs/srv/detail/device_info__type_support.hpp
[4.029s] -- Up-to-date symlink: /home/min/Workspace/scout_mini/install/realsense2_camera_msgs/include/realsense2_camera_msgs/realsense2_camera_msgs/srv/device_info.hpp
[4.033s] -- Up-to-date symlink: /home/min/Workspace/scout_mini/install/realsense2_camera_msgs/include/realsense2_camera_msgs/realsense2_camera_msgs/action/detail/triggered_calibration__rosidl_typesupport_fastrtps_cpp.hpp
[4.034s] -- Up-to-date symlink: /home/min/Workspace/scout_mini/install/realsense2_camera_msgs/include/realsense2_camera_msgs/realsense2_camera_msgs/msg/detail/extrinsics__rosidl_typesupport_fastrtps_cpp.hpp
[4.034s] -- Up-to-date symlink: /home/min/Workspace/scout_mini/install/realsense2_camera_msgs/include/realsense2_camera_msgs/realsense2_camera_msgs/msg/detail/imu_info__rosidl_typesupport_fastrtps_cpp.hpp
[4.035s] -- Up-to-date symlink: /home/min/Workspace/scout_mini/install/realsense2_camera_msgs/include/realsense2_camera_msgs/realsense2_camera_msgs/msg/detail/metadata__rosidl_typesupport_fastrtps_cpp.hpp
[4.036s] -- Up-to-date symlink: /home/min/Workspace/scout_mini/install/realsense2_camera_msgs/include/realsense2_camera_msgs/realsense2_camera_msgs/msg/detail/rgbd__rosidl_typesupport_fastrtps_cpp.hpp
[4.037s] -- Up-to-date symlink: /home/min/Workspace/scout_mini/install/realsense2_camera_msgs/include/realsense2_camera_msgs/realsense2_camera_msgs/msg/rosidl_typesupport_fastrtps_cpp__visibility_control.h
[4.038s] -- Up-to-date symlink: /home/min/Workspace/scout_mini/install/realsense2_camera_msgs/include/realsense2_camera_msgs/realsense2_camera_msgs/srv/detail/calib_config_read__rosidl_typesupport_fastrtps_cpp.hpp
[4.039s] -- Up-to-date symlink: /home/min/Workspace/scout_mini/install/realsense2_camera_msgs/include/realsense2_camera_msgs/realsense2_camera_msgs/srv/detail/calib_config_write__rosidl_typesupport_fastrtps_cpp.hpp
[4.039s] -- Up-to-date symlink: /home/min/Workspace/scout_mini/install/realsense2_camera_msgs/include/realsense2_camera_msgs/realsense2_camera_msgs/srv/detail/device_info__rosidl_typesupport_fastrtps_cpp.hpp
[4.041s] -- Up-to-date symlink: /home/min/Workspace/scout_mini/install/realsense2_camera_msgs/include/realsense2_camera_msgs/realsense2_camera_msgs/action/detail/triggered_calibration__rosidl_typesupport_introspection_cpp.hpp
[4.042s] -- Up-to-date symlink: /home/min/Workspace/scout_mini/install/realsense2_camera_msgs/include/realsense2_camera_msgs/realsense2_camera_msgs/msg/detail/extrinsics__rosidl_typesupport_introspection_cpp.hpp
[4.043s] -- Up-to-date symlink: /home/min/Workspace/scout_mini/install/realsense2_camera_msgs/include/realsense2_camera_msgs/realsense2_camera_msgs/msg/detail/imu_info__rosidl_typesupport_introspection_cpp.hpp
[4.043s] -- Up-to-date symlink: /home/min/Workspace/scout_mini/install/realsense2_camera_msgs/include/realsense2_camera_msgs/realsense2_camera_msgs/msg/detail/metadata__rosidl_typesupport_introspection_cpp.hpp
[4.044s] -- Up-to-date symlink: /home/min/Workspace/scout_mini/install/realsense2_camera_msgs/include/realsense2_camera_msgs/realsense2_camera_msgs/msg/detail/rgbd__rosidl_typesupport_introspection_cpp.hpp
[4.045s] -- Up-to-date symlink: /home/min/Workspace/scout_mini/install/realsense2_camera_msgs/include/realsense2_camera_msgs/realsense2_camera_msgs/srv/detail/calib_config_read__rosidl_typesupport_introspection_cpp.hpp
[4.068s] -- Up-to-date symlink: /home/min/Workspace/scout_mini/install/realsense2_camera_msgs/include/realsense2_camera_msgs/realsense2_camera_msgs/srv/detail/calib_config_write__rosidl_typesupport_introspection_cpp.hpp
[4.068s] -- Up-to-date symlink: /home/min/Workspace/scout_mini/install/realsense2_camera_msgs/include/realsense2_camera_msgs/realsense2_camera_msgs/srv/detail/device_info__rosidl_typesupport_introspection_cpp.hpp
[4.069s] -- Up-to-date symlink: /home/min/Workspace/scout_mini/install/realsense2_camera_msgs/share/realsense2_camera_msgs/environment/pythonpath.sh
[4.069s] -- Up-to-date symlink: /home/min/Workspace/scout_mini/install/realsense2_camera_msgs/share/realsense2_camera_msgs/environment/pythonpath.dsv
[4.070s] -- Up-to-date symlink: /home/min/Workspace/scout_mini/install/realsense2_camera_msgs/local/lib/python3.10/dist-packages/realsense2_camera_msgs-4.56.4-py3.10.egg-info/PKG-INFO
[4.071s] -- Up-to-date symlink: /home/min/Workspace/scout_mini/install/realsense2_camera_msgs/local/lib/python3.10/dist-packages/realsense2_camera_msgs-4.56.4-py3.10.egg-info/SOURCES.txt
[4.072s] -- Up-to-date symlink: /home/min/Workspace/scout_mini/install/realsense2_camera_msgs/local/lib/python3.10/dist-packages/realsense2_camera_msgs-4.56.4-py3.10.egg-info/dependency_links.txt
[4.075s] -- Up-to-date symlink: /home/min/Workspace/scout_mini/install/realsense2_camera_msgs/local/lib/python3.10/dist-packages/realsense2_camera_msgs-4.56.4-py3.10.egg-info/top_level.txt
[4.077s] -- Up-to-date symlink: /home/min/Workspace/scout_mini/install/realsense2_camera_msgs/local/lib/python3.10/dist-packages/realsense2_camera_msgs/__init__.py
[4.078s] -- Up-to-date symlink: /home/min/Workspace/scout_mini/install/realsense2_camera_msgs/local/lib/python3.10/dist-packages/realsense2_camera_msgs/_realsense2_camera_msgs_s.ep.rosidl_typesupport_c.c
[4.079s] -- Up-to-date symlink: /home/min/Workspace/scout_mini/install/realsense2_camera_msgs/local/lib/python3.10/dist-packages/realsense2_camera_msgs/_realsense2_camera_msgs_s.ep.rosidl_typesupport_fastrtps_c.c
[4.081s] -- Up-to-date symlink: /home/min/Workspace/scout_mini/install/realsense2_camera_msgs/local/lib/python3.10/dist-packages/realsense2_camera_msgs/_realsense2_camera_msgs_s.ep.rosidl_typesupport_introspection_c.c
[4.083s] -- Up-to-date symlink: /home/min/Workspace/scout_mini/install/realsense2_camera_msgs/local/lib/python3.10/dist-packages/realsense2_camera_msgs/action/__init__.py
[4.084s] -- Up-to-date symlink: /home/min/Workspace/scout_mini/install/realsense2_camera_msgs/local/lib/python3.10/dist-packages/realsense2_camera_msgs/action/_triggered_calibration.py
[4.084s] -- Up-to-date symlink: /home/min/Workspace/scout_mini/install/realsense2_camera_msgs/local/lib/python3.10/dist-packages/realsense2_camera_msgs/action/_triggered_calibration_s.c
[4.085s] -- Up-to-date symlink: /home/min/Workspace/scout_mini/install/realsense2_camera_msgs/local/lib/python3.10/dist-packages/realsense2_camera_msgs/librealsense2_camera_msgs__rosidl_generator_py.so
[4.090s] -- Up-to-date symlink: /home/min/Workspace/scout_mini/install/realsense2_camera_msgs/local/lib/python3.10/dist-packages/realsense2_camera_msgs/msg/__init__.py
[4.091s] -- Up-to-date symlink: /home/min/Workspace/scout_mini/install/realsense2_camera_msgs/local/lib/python3.10/dist-packages/realsense2_camera_msgs/msg/_extrinsics.py
[4.092s] -- Up-to-date symlink: /home/min/Workspace/scout_mini/install/realsense2_camera_msgs/local/lib/python3.10/dist-packages/realsense2_camera_msgs/msg/_extrinsics_s.c
[4.093s] -- Up-to-date symlink: /home/min/Workspace/scout_mini/install/realsense2_camera_msgs/local/lib/python3.10/dist-packages/realsense2_camera_msgs/msg/_imu_info.py
[4.094s] -- Up-to-date symlink: /home/min/Workspace/scout_mini/install/realsense2_camera_msgs/local/lib/python3.10/dist-packages/realsense2_camera_msgs/msg/_imu_info_s.c
[4.096s] -- Up-to-date symlink: /home/min/Workspace/scout_mini/install/realsense2_camera_msgs/local/lib/python3.10/dist-packages/realsense2_camera_msgs/msg/_metadata.py
[4.097s] -- Up-to-date symlink: /home/min/Workspace/scout_mini/install/realsense2_camera_msgs/local/lib/python3.10/dist-packages/realsense2_camera_msgs/msg/_metadata_s.c
[4.097s] -- Up-to-date symlink: /home/min/Workspace/scout_mini/install/realsense2_camera_msgs/local/lib/python3.10/dist-packages/realsense2_camera_msgs/msg/_rgbd.py
[4.098s] -- Up-to-date symlink: /home/min/Workspace/scout_mini/install/realsense2_camera_msgs/local/lib/python3.10/dist-packages/realsense2_camera_msgs/msg/_rgbd_s.c
[4.099s] -- Up-to-date symlink: /home/min/Workspace/scout_mini/install/realsense2_camera_msgs/local/lib/python3.10/dist-packages/realsense2_camera_msgs/realsense2_camera_msgs_s__rosidl_typesupport_c.cpython-310-x86_64-linux-gnu.so
[4.100s] -- Up-to-date symlink: /home/min/Workspace/scout_mini/install/realsense2_camera_msgs/local/lib/python3.10/dist-packages/realsense2_camera_msgs/realsense2_camera_msgs_s__rosidl_typesupport_fastrtps_c.cpython-310-x86_64-linux-gnu.so
[4.101s] -- Up-to-date symlink: /home/min/Workspace/scout_mini/install/realsense2_camera_msgs/local/lib/python3.10/dist-packages/realsense2_camera_msgs/realsense2_camera_msgs_s__rosidl_typesupport_introspection_c.cpython-310-x86_64-linux-gnu.so
[4.103s] -- Up-to-date symlink: /home/min/Workspace/scout_mini/install/realsense2_camera_msgs/local/lib/python3.10/dist-packages/realsense2_camera_msgs/srv/__init__.py
[4.115s] -- Up-to-date symlink: /home/min/Workspace/scout_mini/install/realsense2_camera_msgs/local/lib/python3.10/dist-packages/realsense2_camera_msgs/srv/_calib_config_read.py
[4.116s] -- Up-to-date symlink: /home/min/Workspace/scout_mini/install/realsense2_camera_msgs/local/lib/python3.10/dist-packages/realsense2_camera_msgs/srv/_calib_config_read_s.c
[4.117s] -- Up-to-date symlink: /home/min/Workspace/scout_mini/install/realsense2_camera_msgs/local/lib/python3.10/dist-packages/realsense2_camera_msgs/srv/_calib_config_write.py
[4.118s] -- Up-to-date symlink: /home/min/Workspace/scout_mini/install/realsense2_camera_msgs/local/lib/python3.10/dist-packages/realsense2_camera_msgs/srv/_calib_config_write_s.c
[4.119s] -- Up-to-date symlink: /home/min/Workspace/scout_mini/install/realsense2_camera_msgs/local/lib/python3.10/dist-packages/realsense2_camera_msgs/srv/_device_info.py
[4.119s] -- Up-to-date symlink: /home/min/Workspace/scout_mini/install/realsense2_camera_msgs/local/lib/python3.10/dist-packages/realsense2_camera_msgs/srv/_device_info_s.c
[4.121s] -- Up-to-date symlink: /home/min/Workspace/scout_mini/install/realsense2_camera_msgs/local/lib/python3.10/dist-packages/realsense2_camera_msgs/realsense2_camera_msgs_s__rosidl_typesupport_fastrtps_c.cpython-310-x86_64-linux-gnu.so
[4.122s] -- Up-to-date symlink: /home/min/Workspace/scout_mini/install/realsense2_camera_msgs/local/lib/python3.10/dist-packages/realsense2_camera_msgs/realsense2_camera_msgs_s__rosidl_typesupport_introspection_c.cpython-310-x86_64-linux-gnu.so
[4.123s] -- Up-to-date symlink: /home/min/Workspace/scout_mini/install/realsense2_camera_msgs/local/lib/python3.10/dist-packages/realsense2_camera_msgs/realsense2_camera_msgs_s__rosidl_typesupport_c.cpython-310-x86_64-linux-gnu.so
[4.124s] -- Up-to-date symlink: /home/min/Workspace/scout_mini/install/realsense2_camera_msgs/share/realsense2_camera_msgs/msg/IMUInfo.idl
[4.124s] -- Up-to-date symlink: /home/min/Workspace/scout_mini/install/realsense2_camera_msgs/share/realsense2_camera_msgs/msg/Extrinsics.idl
[4.125s] -- Up-to-date symlink: /home/min/Workspace/scout_mini/install/realsense2_camera_msgs/share/realsense2_camera_msgs/msg/Metadata.idl
[4.126s] -- Up-to-date symlink: /home/min/Workspace/scout_mini/install/realsense2_camera_msgs/share/realsense2_camera_msgs/msg/RGBD.idl
[4.128s] -- Up-to-date symlink: /home/min/Workspace/scout_mini/install/realsense2_camera_msgs/share/realsense2_camera_msgs/srv/DeviceInfo.idl
[4.129s] -- Up-to-date symlink: /home/min/Workspace/scout_mini/install/realsense2_camera_msgs/share/realsense2_camera_msgs/srv/CalibConfigRead.idl
[4.191s] -- Up-to-date symlink: /home/min/Workspace/scout_mini/install/realsense2_camera_msgs/share/realsense2_camera_msgs/srv/CalibConfigWrite.idl
[4.197s] -- Up-to-date symlink: /home/min/Workspace/scout_mini/install/realsense2_camera_msgs/share/realsense2_camera_msgs/action/TriggeredCalibration.idl
[4.198s] -- Up-to-date symlink: /home/min/Workspace/scout_mini/install/realsense2_camera_msgs/share/realsense2_camera_msgs/msg/IMUInfo.msg
[4.199s] -- Up-to-date symlink: /home/min/Workspace/scout_mini/install/realsense2_camera_msgs/share/realsense2_camera_msgs/msg/Extrinsics.msg
[4.200s] -- Up-to-date symlink: /home/min/Workspace/scout_mini/install/realsense2_camera_msgs/share/realsense2_camera_msgs/msg/Metadata.msg
[4.201s] -- Up-to-date symlink: /home/min/Workspace/scout_mini/install/realsense2_camera_msgs/share/realsense2_camera_msgs/msg/RGBD.msg
[4.202s] -- Up-to-date symlink: /home/min/Workspace/scout_mini/install/realsense2_camera_msgs/share/realsense2_camera_msgs/srv/DeviceInfo.srv
[4.203s] -- Up-to-date symlink: /home/min/Workspace/scout_mini/install/realsense2_camera_msgs/share/realsense2_camera_msgs/srv/DeviceInfo_Request.msg
[4.246s] -- Up-to-date symlink: /home/min/Workspace/scout_mini/install/realsense2_camera_msgs/share/realsense2_camera_msgs/srv/DeviceInfo_Response.msg
[4.247s] -- Up-to-date symlink: /home/min/Workspace/scout_mini/install/realsense2_camera_msgs/share/realsense2_camera_msgs/srv/CalibConfigRead.srv
[4.248s] -- Up-to-date symlink: /home/min/Workspace/scout_mini/install/realsense2_camera_msgs/share/realsense2_camera_msgs/srv/CalibConfigRead_Request.msg
[4.249s] -- Up-to-date symlink: /home/min/Workspace/scout_mini/install/realsense2_camera_msgs/share/realsense2_camera_msgs/srv/CalibConfigRead_Response.msg
[4.250s] -- Up-to-date symlink: /home/min/Workspace/scout_mini/install/realsense2_camera_msgs/share/realsense2_camera_msgs/srv/CalibConfigWrite.srv
[4.250s] -- Up-to-date symlink: /home/min/Workspace/scout_mini/install/realsense2_camera_msgs/share/realsense2_camera_msgs/srv/CalibConfigWrite_Request.msg
[4.251s] -- Up-to-date symlink: /home/min/Workspace/scout_mini/install/realsense2_camera_msgs/share/realsense2_camera_msgs/srv/CalibConfigWrite_Response.msg
[4.252s] -- Up-to-date symlink: /home/min/Workspace/scout_mini/install/realsense2_camera_msgs/share/realsense2_camera_msgs/action/TriggeredCalibration.action
[4.252s] -- Up-to-date symlink: /home/min/Workspace/scout_mini/install/realsense2_camera_msgs/share/ament_index/resource_index/package_run_dependencies/realsense2_camera_msgs
[4.267s] -- Up-to-date symlink: /home/min/Workspace/scout_mini/install/realsense2_camera_msgs/share/ament_index/resource_index/parent_prefix_path/realsense2_camera_msgs
[4.268s] -- Up-to-date symlink: /home/min/Workspace/scout_mini/install/realsense2_camera_msgs/share/realsense2_camera_msgs/environment/ament_prefix_path.sh
[4.269s] -- Up-to-date symlink: /home/min/Workspace/scout_mini/install/realsense2_camera_msgs/share/realsense2_camera_msgs/environment/ament_prefix_path.dsv
[4.271s] -- Up-to-date symlink: /home/min/Workspace/scout_mini/install/realsense2_camera_msgs/share/realsense2_camera_msgs/environment/path.sh
[4.272s] -- Up-to-date symlink: /home/min/Workspace/scout_mini/install/realsense2_camera_msgs/share/realsense2_camera_msgs/environment/path.dsv
[4.273s] -- Up-to-date symlink: /home/min/Workspace/scout_mini/install/realsense2_camera_msgs/share/realsense2_camera_msgs/local_setup.bash
[4.275s] -- Up-to-date symlink: /home/min/Workspace/scout_mini/install/realsense2_camera_msgs/share/realsense2_camera_msgs/local_setup.sh
[4.277s] -- Up-to-date symlink: /home/min/Workspace/scout_mini/install/realsense2_camera_msgs/share/realsense2_camera_msgs/local_setup.zsh
[4.278s] -- Up-to-date symlink: /home/min/Workspace/scout_mini/install/realsense2_camera_msgs/share/realsense2_camera_msgs/local_setup.dsv
[4.279s] -- Symlinking: /home/min/Workspace/scout_mini/install/realsense2_camera_msgs/share/realsense2_camera_msgs/package.dsv
[4.298s] -- Up-to-date symlink: /home/min/Workspace/scout_mini/install/realsense2_camera_msgs/share/ament_index/resource_index/packages/realsense2_camera_msgs
[4.323s] -- Up-to-date symlink: /home/min/Workspace/scout_mini/install/realsense2_camera_msgs/share/realsense2_camera_msgs/cmake/rosidl_cmake-extras.cmake
[4.325s] -- Up-to-date symlink: /home/min/Workspace/scout_mini/install/realsense2_camera_msgs/share/realsense2_camera_msgs/cmake/ament_cmake_export_dependencies-extras.cmake
[4.325s] -- Up-to-date symlink: /home/min/Workspace/scout_mini/install/realsense2_camera_msgs/share/realsense2_camera_msgs/cmake/ament_cmake_export_include_directories-extras.cmake
[4.326s] -- Up-to-date symlink: /home/min/Workspace/scout_mini/install/realsense2_camera_msgs/share/realsense2_camera_msgs/cmake/ament_cmake_export_libraries-extras.cmake
[4.326s] -- Up-to-date symlink: /home/min/Workspace/scout_mini/install/realsense2_camera_msgs/share/realsense2_camera_msgs/cmake/ament_cmake_export_targets-extras.cmake
[4.327s] -- Up-to-date symlink: /home/min/Workspace/scout_mini/install/realsense2_camera_msgs/share/realsense2_camera_msgs/cmake/rosidl_cmake_export_typesupport_targets-extras.cmake
[4.327s] -- Up-to-date symlink: /home/min/Workspace/scout_mini/install/realsense2_camera_msgs/share/realsense2_camera_msgs/cmake/rosidl_cmake_export_typesupport_libraries-extras.cmake
[4.329s] -- Up-to-date symlink: /home/min/Workspace/scout_mini/install/realsense2_camera_msgs/share/realsense2_camera_msgs/cmake/realsense2_camera_msgsConfig.cmake
[4.329s] -- Up-to-date symlink: /home/min/Workspace/scout_mini/install/realsense2_camera_msgs/share/realsense2_camera_msgs/cmake/realsense2_camera_msgsConfig-version.cmake
[4.330s] -- Up-to-date symlink: /home/min/Workspace/scout_mini/install/realsense2_camera_msgs/share/realsense2_camera_msgs/package.xml
[4.333s] -- Up-to-date: /home/min/Workspace/scout_mini/install/realsense2_camera_msgs/lib/librealsense2_camera_msgs__rosidl_generator_c.so
[4.359s] -- Up-to-date: /home/min/Workspace/scout_mini/install/realsense2_camera_msgs/lib/librealsense2_camera_msgs__rosidl_typesupport_fastrtps_c.so
[4.362s] -- Up-to-date: /home/min/Workspace/scout_mini/install/realsense2_camera_msgs/lib/librealsense2_camera_msgs__rosidl_typesupport_introspection_c.so
[4.396s] -- Up-to-date: /home/min/Workspace/scout_mini/install/realsense2_camera_msgs/lib/librealsense2_camera_msgs__rosidl_typesupport_c.so
[4.574s] -- Up-to-date: /home/min/Workspace/scout_mini/install/realsense2_camera_msgs/lib/librealsense2_camera_msgs__rosidl_typesupport_fastrtps_cpp.so
[4.618s] -- Up-to-date: /home/min/Workspace/scout_mini/install/realsense2_camera_msgs/lib/librealsense2_camera_msgs__rosidl_typesupport_introspection_cpp.so
[4.650s] -- Up-to-date: /home/min/Workspace/scout_mini/install/realsense2_camera_msgs/lib/librealsense2_camera_msgs__rosidl_typesupport_cpp.so
[4.835s] Listing '/home/min/Workspace/scout_mini/install/realsense2_camera_msgs/local/lib/python3.10/dist-packages/realsense2_camera_msgs'...
[4.835s] Listing '/home/min/Workspace/scout_mini/install/realsense2_camera_msgs/local/lib/python3.10/dist-packages/realsense2_camera_msgs/action'...
[4.836s] Listing '/home/min/Workspace/scout_mini/install/realsense2_camera_msgs/local/lib/python3.10/dist-packages/realsense2_camera_msgs/msg'...
[4.836s] Listing '/home/min/Workspace/scout_mini/install/realsense2_camera_msgs/local/lib/python3.10/dist-packages/realsense2_camera_msgs/srv'...
[4.884s] -- Up-to-date: /home/min/Workspace/scout_mini/install/realsense2_camera_msgs/lib/librealsense2_camera_msgs__rosidl_generator_py.so
[4.891s] -- Up-to-date: /home/min/Workspace/scout_mini/install/realsense2_camera_msgs/share/realsense2_camera_msgs/cmake/export_realsense2_camera_msgs__rosidl_generator_cExport.cmake
[4.892s] -- Up-to-date: /home/min/Workspace/scout_mini/install/realsense2_camera_msgs/share/realsense2_camera_msgs/cmake/export_realsense2_camera_msgs__rosidl_generator_cExport-noconfig.cmake
[4.894s] -- Up-to-date: /home/min/Workspace/scout_mini/install/realsense2_camera_msgs/share/realsense2_camera_msgs/cmake/export_realsense2_camera_msgs__rosidl_typesupport_fastrtps_cExport.cmake
[4.894s] -- Up-to-date: /home/min/Workspace/scout_mini/install/realsense2_camera_msgs/share/realsense2_camera_msgs/cmake/export_realsense2_camera_msgs__rosidl_typesupport_fastrtps_cExport-noconfig.cmake
[4.896s] -- Up-to-date: /home/min/Workspace/scout_mini/install/realsense2_camera_msgs/share/realsense2_camera_msgs/cmake/realsense2_camera_msgs__rosidl_typesupport_introspection_cExport.cmake
[4.897s] -- Up-to-date: /home/min/Workspace/scout_mini/install/realsense2_camera_msgs/share/realsense2_camera_msgs/cmake/realsense2_camera_msgs__rosidl_typesupport_introspection_cExport-noconfig.cmake
[4.898s] -- Up-to-date: /home/min/Workspace/scout_mini/install/realsense2_camera_msgs/share/realsense2_camera_msgs/cmake/realsense2_camera_msgs__rosidl_typesupport_cExport.cmake
[4.899s] -- Up-to-date: /home/min/Workspace/scout_mini/install/realsense2_camera_msgs/share/realsense2_camera_msgs/cmake/realsense2_camera_msgs__rosidl_typesupport_cExport-noconfig.cmake
[4.901s] -- Up-to-date: /home/min/Workspace/scout_mini/install/realsense2_camera_msgs/share/realsense2_camera_msgs/cmake/export_realsense2_camera_msgs__rosidl_generator_cppExport.cmake
[4.902s] -- Up-to-date: /home/min/Workspace/scout_mini/install/realsense2_camera_msgs/share/realsense2_camera_msgs/cmake/export_realsense2_camera_msgs__rosidl_typesupport_fastrtps_cppExport.cmake
[4.903s] -- Up-to-date: /home/min/Workspace/scout_mini/install/realsense2_camera_msgs/share/realsense2_camera_msgs/cmake/export_realsense2_camera_msgs__rosidl_typesupport_fastrtps_cppExport-noconfig.cmake
[4.905s] -- Up-to-date: /home/min/Workspace/scout_mini/install/realsense2_camera_msgs/share/realsense2_camera_msgs/cmake/realsense2_camera_msgs__rosidl_typesupport_introspection_cppExport.cmake
[4.905s] -- Up-to-date: /home/min/Workspace/scout_mini/install/realsense2_camera_msgs/share/realsense2_camera_msgs/cmake/realsense2_camera_msgs__rosidl_typesupport_introspection_cppExport-noconfig.cmake
[4.907s] -- Up-to-date: /home/min/Workspace/scout_mini/install/realsense2_camera_msgs/share/realsense2_camera_msgs/cmake/realsense2_camera_msgs__rosidl_typesupport_cppExport.cmake
[4.908s] -- Up-to-date: /home/min/Workspace/scout_mini/install/realsense2_camera_msgs/share/realsense2_camera_msgs/cmake/realsense2_camera_msgs__rosidl_typesupport_cppExport-noconfig.cmake
[4.909s] -- Up-to-date: /home/min/Workspace/scout_mini/install/realsense2_camera_msgs/share/realsense2_camera_msgs/cmake/export_realsense2_camera_msgs__rosidl_generator_pyExport.cmake
[4.910s] -- Up-to-date: /home/min/Workspace/scout_mini/install/realsense2_camera_msgs/share/realsense2_camera_msgs/cmake/export_realsense2_camera_msgs__rosidl_generator_pyExport-noconfig.cmake
[4.923s] Invoked command in '/home/min/Workspace/scout_mini/build/realsense2_camera_msgs' returned '0': CMAKE_PREFIX_PATH=/home/min/Workspace/scout_mini/install/scout_base:/home/min/Workspace/scout_mini/install/scout_mini_tools:/home/min/Workspace/scout_mini/install/robot_control:/opt/ros/humble:/home/min/Workspace/scout_mini/install/ugv_sdk:/home/min/Workspace/scout_mini/install/sllidar_ros2:/home/min/Workspace/scout_mini/install/slam_launch:/home/min/Workspace/scout_mini/install/scout_msgs:/home/min/Workspace/scout_mini/install/scout_mini_nav2:/home/min/Workspace/scout_mini/install/scout_gazebo_sim:/home/min/Workspace/scout_mini/install/scout_description:/home/min/Workspace/scout_mini/install/scout_control:/home/min/Workspace/scout_mini/install/realsense2_description:/home/min/Workspace/scout_mini/install/realsense2_camera:/home/min/Workspace/scout_mini/install/realsense2_camera_msgs /usr/bin/cmake --install /home/min/Workspace/scout_mini/build/realsense2_camera_msgs
