[0.023s] Invoking command in '/home/min/Workspace/scout_mini/build/realsense2_description': CMAKE_PREFIX_PATH=/home/min/Workspace/scout_mini/install/realsense2_camera_msgs:/home/min/Workspace/scout_mini/install/scout_base:/home/min/Workspace/scout_mini/install/scout_mini_tools:/home/min/Workspace/scout_mini/install/robot_following:/home/min/Workspace/scout_mini/install/robot_control:/opt/ros/humble:/home/min/Workspace/scout_mini/install/ugv_sdk:/home/min/Workspace/scout_mini/install/sllidar_ros2:/home/min/Workspace/scout_mini/install/slam_launch:/home/min/Workspace/scout_mini/install/scout_msgs:/home/min/Workspace/scout_mini/install/scout_mini_nav2:/home/min/Workspace/scout_mini/install/scout_gazebo_sim:/home/min/Workspace/scout_mini/install/scout_description:/home/min/Workspace/scout_mini/install/scout_control:/home/min/Workspace/scout_mini/install/realsense2_description:/home/min/Workspace/scout_mini/install/realsense2_camera LD_LIBRARY_PATH=/home/min/Workspace/scout_mini/install/realsense2_camera_msgs/lib:/home/min/Workspace/scout_mini/install/scout_msgs/lib:/home/min/Workspace/scout_mini/install/realsense2_camera/lib:/usr/lib/x86_64-linux-gnu/gazebo-11/plugins:/opt/ros/humble/opt/rviz_ogre_vendor/lib:/opt/ros/humble/lib/x86_64-linux-gnu:/opt/ros/humble/lib /usr/bin/cmake /home/min/Workspace/scout_mini/src/realsense-ros/realsense2_description -DAMENT_CMAKE_SYMLINK_INSTALL=1 -DCMAKE_INSTALL_PREFIX=/home/min/Workspace/scout_mini/install/realsense2_description
[0.209s] -- The C compiler identification is GNU 11.4.0
[0.289s] -- The CXX compiler identification is GNU 11.4.0
[0.300s] -- Detecting C compiler ABI info
[0.391s] -- Detecting C compiler ABI info - done
[0.402s] -- Check for working C compiler: /usr/bin/cc - skipped
[0.402s] -- Detecting C compile features
[0.403s] -- Detecting C compile features - done
[0.409s] -- Detecting CXX compiler ABI info
[0.519s] -- Detecting CXX compiler ABI info - done
[0.531s] -- Check for working CXX compiler: /usr/bin/c++ - skipped
[0.531s] -- Detecting CXX compile features
[0.532s] -- Detecting CXX compile features - done
[0.536s] -- Found ament_cmake: 1.3.12 (/opt/ros/humble/share/ament_cmake/cmake)
[0.738s] -- Found Python3: /usr/bin/python3 (found version "3.10.12") found components: Interpreter 
[0.830s] -- Override CMake install command with custom implementation using symlinks instead of copying resources
[0.972s] -- Configuring done
[0.977s] -- Generating done
[0.979s] -- Build files have been written to: /home/min/Workspace/scout_mini/build/realsense2_description
[0.986s] Invoked command in '/home/min/Workspace/scout_mini/build/realsense2_description' returned '0': CMAKE_PREFIX_PATH=/home/min/Workspace/scout_mini/install/realsense2_camera_msgs:/home/min/Workspace/scout_mini/install/scout_base:/home/min/Workspace/scout_mini/install/scout_mini_tools:/home/min/Workspace/scout_mini/install/robot_following:/home/min/Workspace/scout_mini/install/robot_control:/opt/ros/humble:/home/min/Workspace/scout_mini/install/ugv_sdk:/home/min/Workspace/scout_mini/install/sllidar_ros2:/home/min/Workspace/scout_mini/install/slam_launch:/home/min/Workspace/scout_mini/install/scout_msgs:/home/min/Workspace/scout_mini/install/scout_mini_nav2:/home/min/Workspace/scout_mini/install/scout_gazebo_sim:/home/min/Workspace/scout_mini/install/scout_description:/home/min/Workspace/scout_mini/install/scout_control:/home/min/Workspace/scout_mini/install/realsense2_description:/home/min/Workspace/scout_mini/install/realsense2_camera LD_LIBRARY_PATH=/home/min/Workspace/scout_mini/install/realsense2_camera_msgs/lib:/home/min/Workspace/scout_mini/install/scout_msgs/lib:/home/min/Workspace/scout_mini/install/realsense2_camera/lib:/usr/lib/x86_64-linux-gnu/gazebo-11/plugins:/opt/ros/humble/opt/rviz_ogre_vendor/lib:/opt/ros/humble/lib/x86_64-linux-gnu:/opt/ros/humble/lib /usr/bin/cmake /home/min/Workspace/scout_mini/src/realsense-ros/realsense2_description -DAMENT_CMAKE_SYMLINK_INSTALL=1 -DCMAKE_INSTALL_PREFIX=/home/min/Workspace/scout_mini/install/realsense2_description
[0.988s] Invoking command in '/home/min/Workspace/scout_mini/build/realsense2_description': CMAKE_PREFIX_PATH=/home/min/Workspace/scout_mini/install/realsense2_camera_msgs:/home/min/Workspace/scout_mini/install/scout_base:/home/min/Workspace/scout_mini/install/scout_mini_tools:/home/min/Workspace/scout_mini/install/robot_following:/home/min/Workspace/scout_mini/install/robot_control:/opt/ros/humble:/home/min/Workspace/scout_mini/install/ugv_sdk:/home/min/Workspace/scout_mini/install/sllidar_ros2:/home/min/Workspace/scout_mini/install/slam_launch:/home/min/Workspace/scout_mini/install/scout_msgs:/home/min/Workspace/scout_mini/install/scout_mini_nav2:/home/min/Workspace/scout_mini/install/scout_gazebo_sim:/home/min/Workspace/scout_mini/install/scout_description:/home/min/Workspace/scout_mini/install/scout_control:/home/min/Workspace/scout_mini/install/realsense2_description:/home/min/Workspace/scout_mini/install/realsense2_camera LD_LIBRARY_PATH=/home/min/Workspace/scout_mini/install/realsense2_camera_msgs/lib:/home/min/Workspace/scout_mini/install/scout_msgs/lib:/home/min/Workspace/scout_mini/install/realsense2_camera/lib:/usr/lib/x86_64-linux-gnu/gazebo-11/plugins:/opt/ros/humble/opt/rviz_ogre_vendor/lib:/opt/ros/humble/lib/x86_64-linux-gnu:/opt/ros/humble/lib /usr/bin/cmake --build /home/min/Workspace/scout_mini/build/realsense2_description -- -j8 -l8
[1.029s] Invoked command in '/home/min/Workspace/scout_mini/build/realsense2_description' returned '0': CMAKE_PREFIX_PATH=/home/min/Workspace/scout_mini/install/realsense2_camera_msgs:/home/min/Workspace/scout_mini/install/scout_base:/home/min/Workspace/scout_mini/install/scout_mini_tools:/home/min/Workspace/scout_mini/install/robot_following:/home/min/Workspace/scout_mini/install/robot_control:/opt/ros/humble:/home/min/Workspace/scout_mini/install/ugv_sdk:/home/min/Workspace/scout_mini/install/sllidar_ros2:/home/min/Workspace/scout_mini/install/slam_launch:/home/min/Workspace/scout_mini/install/scout_msgs:/home/min/Workspace/scout_mini/install/scout_mini_nav2:/home/min/Workspace/scout_mini/install/scout_gazebo_sim:/home/min/Workspace/scout_mini/install/scout_description:/home/min/Workspace/scout_mini/install/scout_control:/home/min/Workspace/scout_mini/install/realsense2_description:/home/min/Workspace/scout_mini/install/realsense2_camera LD_LIBRARY_PATH=/home/min/Workspace/scout_mini/install/realsense2_camera_msgs/lib:/home/min/Workspace/scout_mini/install/scout_msgs/lib:/home/min/Workspace/scout_mini/install/realsense2_camera/lib:/usr/lib/x86_64-linux-gnu/gazebo-11/plugins:/opt/ros/humble/opt/rviz_ogre_vendor/lib:/opt/ros/humble/lib/x86_64-linux-gnu:/opt/ros/humble/lib /usr/bin/cmake --build /home/min/Workspace/scout_mini/build/realsense2_description -- -j8 -l8
[1.031s] Invoking command in '/home/min/Workspace/scout_mini/build/realsense2_description': CMAKE_PREFIX_PATH=/home/min/Workspace/scout_mini/install/realsense2_camera_msgs:/home/min/Workspace/scout_mini/install/scout_base:/home/min/Workspace/scout_mini/install/scout_mini_tools:/home/min/Workspace/scout_mini/install/robot_following:/home/min/Workspace/scout_mini/install/robot_control:/opt/ros/humble:/home/min/Workspace/scout_mini/install/ugv_sdk:/home/min/Workspace/scout_mini/install/sllidar_ros2:/home/min/Workspace/scout_mini/install/slam_launch:/home/min/Workspace/scout_mini/install/scout_msgs:/home/min/Workspace/scout_mini/install/scout_mini_nav2:/home/min/Workspace/scout_mini/install/scout_gazebo_sim:/home/min/Workspace/scout_mini/install/scout_description:/home/min/Workspace/scout_mini/install/scout_control:/home/min/Workspace/scout_mini/install/realsense2_description:/home/min/Workspace/scout_mini/install/realsense2_camera LD_LIBRARY_PATH=/home/min/Workspace/scout_mini/install/realsense2_camera_msgs/lib:/home/min/Workspace/scout_mini/install/scout_msgs/lib:/home/min/Workspace/scout_mini/install/realsense2_camera/lib:/usr/lib/x86_64-linux-gnu/gazebo-11/plugins:/opt/ros/humble/opt/rviz_ogre_vendor/lib:/opt/ros/humble/lib/x86_64-linux-gnu:/opt/ros/humble/lib /usr/bin/cmake --install /home/min/Workspace/scout_mini/build/realsense2_description
[1.039s] -- Install configuration: ""
[1.040s] -- Execute custom install script
[1.040s] -- Symlinking: /home/min/Workspace/scout_mini/install/realsense2_description/share/realsense2_description/launch/launch_utils.py
[1.051s] -- Symlinking: /home/min/Workspace/scout_mini/install/realsense2_description/share/realsense2_description/launch/view_model.launch.py
[1.061s] -- Symlinking: /home/min/Workspace/scout_mini/install/realsense2_description/share/realsense2_description/meshes/d405.stl
[1.070s] -- Symlinking: /home/min/Workspace/scout_mini/install/realsense2_description/share/realsense2_description/meshes/d415.stl
[1.079s] -- Symlinking: /home/min/Workspace/scout_mini/install/realsense2_description/share/realsense2_description/meshes/d435.dae
[1.088s] -- Symlinking: /home/min/Workspace/scout_mini/install/realsense2_description/share/realsense2_description/meshes/d455.stl
[1.097s] -- Symlinking: /home/min/Workspace/scout_mini/install/realsense2_description/share/realsense2_description/meshes/l515.dae
[1.106s] -- Symlinking: /home/min/Workspace/scout_mini/install/realsense2_description/share/realsense2_description/meshes/plug.stl
[1.115s] -- Symlinking: /home/min/Workspace/scout_mini/install/realsense2_description/share/realsense2_description/meshes/plug_collision.stl
[1.124s] -- Symlinking: /home/min/Workspace/scout_mini/install/realsense2_description/share/realsense2_description/rviz/urdf.rviz
[1.135s] -- Symlinking: /home/min/Workspace/scout_mini/install/realsense2_description/share/realsense2_description/urdf/_d405.urdf.xacro
[1.145s] -- Symlinking: /home/min/Workspace/scout_mini/install/realsense2_description/share/realsense2_description/urdf/_d415.urdf.xacro
[1.154s] -- Symlinking: /home/min/Workspace/scout_mini/install/realsense2_description/share/realsense2_description/urdf/_d435.urdf.xacro
[1.163s] -- Symlinking: /home/min/Workspace/scout_mini/install/realsense2_description/share/realsense2_description/urdf/_d435i.urdf.xacro
[1.172s] -- Symlinking: /home/min/Workspace/scout_mini/install/realsense2_description/share/realsense2_description/urdf/_d435i_imu_modules.urdf.xacro
[1.181s] -- Symlinking: /home/min/Workspace/scout_mini/install/realsense2_description/share/realsense2_description/urdf/_d455.urdf.xacro
[1.189s] -- Symlinking: /home/min/Workspace/scout_mini/install/realsense2_description/share/realsense2_description/urdf/_materials.urdf.xacro
[1.198s] -- Symlinking: /home/min/Workspace/scout_mini/install/realsense2_description/share/realsense2_description/urdf/_r410.urdf.xacro
[1.208s] -- Symlinking: /home/min/Workspace/scout_mini/install/realsense2_description/share/realsense2_description/urdf/_r430.urdf.xacro
[1.217s] -- Symlinking: /home/min/Workspace/scout_mini/install/realsense2_description/share/realsense2_description/urdf/_usb_plug.urdf.xacro
[1.228s] -- Symlinking: /home/min/Workspace/scout_mini/install/realsense2_description/share/realsense2_description/urdf/test_d405_camera.urdf.xacro
[1.239s] -- Symlinking: /home/min/Workspace/scout_mini/install/realsense2_description/share/realsense2_description/urdf/test_d415_camera.urdf.xacro
[1.251s] -- Symlinking: /home/min/Workspace/scout_mini/install/realsense2_description/share/realsense2_description/urdf/test_d435_camera.urdf.xacro
[1.262s] -- Symlinking: /home/min/Workspace/scout_mini/install/realsense2_description/share/realsense2_description/urdf/test_d435_multiple_cameras.urdf.xacro
[1.274s] -- Symlinking: /home/min/Workspace/scout_mini/install/realsense2_description/share/realsense2_description/urdf/test_d435i_camera.urdf.xacro
[1.285s] -- Symlinking: /home/min/Workspace/scout_mini/install/realsense2_description/share/realsense2_description/urdf/test_d455_camera.urdf.xacro
[1.298s] -- Symlinking: /home/min/Workspace/scout_mini/install/realsense2_description/share/realsense2_description/urdf/test_r410_camera.urdf.xacro
[1.309s] -- Symlinking: /home/min/Workspace/scout_mini/install/realsense2_description/share/realsense2_description/urdf/test_r430_camera.urdf.xacro
[1.322s] -- Symlinking: /home/min/Workspace/scout_mini/install/realsense2_description/share/ament_index/resource_index/package_run_dependencies/realsense2_description
[1.341s] -- Symlinking: /home/min/Workspace/scout_mini/install/realsense2_description/share/ament_index/resource_index/parent_prefix_path/realsense2_description
[1.353s] -- Symlinking: /home/min/Workspace/scout_mini/install/realsense2_description/share/realsense2_description/environment/ament_prefix_path.sh
[1.366s] -- Symlinking: /home/min/Workspace/scout_mini/install/realsense2_description/share/realsense2_description/environment/ament_prefix_path.dsv
[1.377s] -- Symlinking: /home/min/Workspace/scout_mini/install/realsense2_description/share/realsense2_description/environment/path.sh
[1.392s] -- Symlinking: /home/min/Workspace/scout_mini/install/realsense2_description/share/realsense2_description/environment/path.dsv
[1.402s] -- Symlinking: /home/min/Workspace/scout_mini/install/realsense2_description/share/realsense2_description/local_setup.bash
[1.414s] -- Symlinking: /home/min/Workspace/scout_mini/install/realsense2_description/share/realsense2_description/local_setup.sh
[1.423s] -- Symlinking: /home/min/Workspace/scout_mini/install/realsense2_description/share/realsense2_description/local_setup.zsh
[1.436s] -- Symlinking: /home/min/Workspace/scout_mini/install/realsense2_description/share/realsense2_description/local_setup.dsv
[1.448s] -- Symlinking: /home/min/Workspace/scout_mini/install/realsense2_description/share/realsense2_description/package.dsv
[1.459s] -- Symlinking: /home/min/Workspace/scout_mini/install/realsense2_description/share/ament_index/resource_index/packages/realsense2_description
[1.470s] -- Symlinking: /home/min/Workspace/scout_mini/install/realsense2_description/share/realsense2_description/cmake/realsense2_descriptionConfig.cmake
[1.482s] -- Symlinking: /home/min/Workspace/scout_mini/install/realsense2_description/share/realsense2_description/cmake/realsense2_descriptionConfig-version.cmake
[1.493s] -- Symlinking: /home/min/Workspace/scout_mini/install/realsense2_description/share/realsense2_description/package.xml
[1.507s] Invoked command in '/home/min/Workspace/scout_mini/build/realsense2_description' returned '0': CMAKE_PREFIX_PATH=/home/min/Workspace/scout_mini/install/realsense2_camera_msgs:/home/min/Workspace/scout_mini/install/scout_base:/home/min/Workspace/scout_mini/install/scout_mini_tools:/home/min/Workspace/scout_mini/install/robot_following:/home/min/Workspace/scout_mini/install/robot_control:/opt/ros/humble:/home/min/Workspace/scout_mini/install/ugv_sdk:/home/min/Workspace/scout_mini/install/sllidar_ros2:/home/min/Workspace/scout_mini/install/slam_launch:/home/min/Workspace/scout_mini/install/scout_msgs:/home/min/Workspace/scout_mini/install/scout_mini_nav2:/home/min/Workspace/scout_mini/install/scout_gazebo_sim:/home/min/Workspace/scout_mini/install/scout_description:/home/min/Workspace/scout_mini/install/scout_control:/home/min/Workspace/scout_mini/install/realsense2_description:/home/min/Workspace/scout_mini/install/realsense2_camera LD_LIBRARY_PATH=/home/min/Workspace/scout_mini/install/realsense2_camera_msgs/lib:/home/min/Workspace/scout_mini/install/scout_msgs/lib:/home/min/Workspace/scout_mini/install/realsense2_camera/lib:/usr/lib/x86_64-linux-gnu/gazebo-11/plugins:/opt/ros/humble/opt/rviz_ogre_vendor/lib:/opt/ros/humble/lib/x86_64-linux-gnu:/opt/ros/humble/lib /usr/bin/cmake --install /home/min/Workspace/scout_mini/build/realsense2_description
