[0.658s] Invoking command in '/home/min/Workspace/scout_mini/build/scout_mini_tools': PYTHONPATH=/home/min/Workspace/scout_mini/build/scout_mini_tools/prefix_override:/usr/lib/python3/dist-packages/colcon_core/task/python/colcon_distutils_commands:/home/min/Workspace/scout_mini/install/scout_mini_tools/lib/python3.10/site-packages:${PYTHONPATH} /usr/bin/python3 -W ignore:setup.py install is deprecated -W ignore:easy_install command is deprecated setup.py develop --editable --build-directory /home/min/Workspace/scout_mini/build/scout_mini_tools/build --no-deps symlink_data
[4.148s] running develop
[4.149s] running egg_info
[4.149s] creating scout_mini_tools.egg-info
[4.152s] writing scout_mini_tools.egg-info/PKG-INFO
[4.154s] writing dependency_links to scout_mini_tools.egg-info/dependency_links.txt
[4.155s] writing entry points to scout_mini_tools.egg-info/entry_points.txt
[4.155s] writing requirements to scout_mini_tools.egg-info/requires.txt
[4.156s] writing top-level names to scout_mini_tools.egg-info/top_level.txt
[4.156s] writing manifest file 'scout_mini_tools.egg-info/SOURCES.txt'
[4.156s] reading manifest file 'scout_mini_tools.egg-info/SOURCES.txt'
[4.156s] writing manifest file 'scout_mini_tools.egg-info/SOURCES.txt'
[4.156s] running build_ext
[4.156s] Creating /home/min/Workspace/scout_mini/install/scout_mini_tools/lib/python3.10/site-packages/scout-mini-tools.egg-link (link to .)
[4.156s] Installing path_follower script to /home/min/Workspace/scout_mini/install/scout_mini_tools/lib/scout_mini_tools
[4.157s] Installing waypoint_recorder script to /home/min/Workspace/scout_mini/install/scout_mini_tools/lib/scout_mini_tools
[4.157s] 
[4.157s] Installed /home/min/Workspace/scout_mini/build/scout_mini_tools
[4.157s] running symlink_data
[4.157s] creating /home/min/Workspace/scout_mini/install/scout_mini_tools/share/ament_index
[4.157s] creating /home/min/Workspace/scout_mini/install/scout_mini_tools/share/ament_index/resource_index
[4.157s] creating /home/min/Workspace/scout_mini/install/scout_mini_tools/share/ament_index/resource_index/packages
[4.157s] symbolically linking /home/min/Workspace/scout_mini/build/scout_mini_tools/resource/scout_mini_tools -> /home/min/Workspace/scout_mini/install/scout_mini_tools/share/ament_index/resource_index/packages
[4.157s] symbolically linking /home/min/Workspace/scout_mini/build/scout_mini_tools/package.xml -> /home/min/Workspace/scout_mini/install/scout_mini_tools/share/scout_mini_tools
[4.160s] Invoked command in '/home/min/Workspace/scout_mini/build/scout_mini_tools' returned '0': PYTHONPATH=/home/min/Workspace/scout_mini/build/scout_mini_tools/prefix_override:/usr/lib/python3/dist-packages/colcon_core/task/python/colcon_distutils_commands:/home/min/Workspace/scout_mini/install/scout_mini_tools/lib/python3.10/site-packages:${PYTHONPATH} /usr/bin/python3 -W ignore:setup.py install is deprecated -W ignore:easy_install command is deprecated setup.py develop --editable --build-directory /home/min/Workspace/scout_mini/build/scout_mini_tools/build --no-deps symlink_data
