[0.410s] Invoking command in '/home/min/Workspace/scout_mini/build/scout_description': /usr/bin/cmake --build /home/min/Workspace/scout_mini/build/scout_description -- -j8 -l8
[0.664s] Invoked command in '/home/min/Workspace/scout_mini/build/scout_description' returned '0': /usr/bin/cmake --build /home/min/Workspace/scout_mini/build/scout_description -- -j8 -l8
[0.666s] Invoking command in '/home/min/Workspace/scout_mini/build/scout_description': /usr/bin/cmake --install /home/min/Workspace/scout_mini/build/scout_description
[0.711s] -- Install configuration: ""
[0.711s] -- Execute custom install script
[0.711s] -- Up-to-date symlink: /home/min/Workspace/scout_mini/install/scout_description/share/scout_description//launch/display_mini.launch.py
[0.711s] -- Up-to-date symlink: /home/min/Workspace/scout_mini/install/scout_description/share/scout_description//launch/scout_base_description.launch.py
[0.711s] -- Up-to-date symlink: /home/min/Workspace/scout_mini/install/scout_description/share/scout_description//launch/scout_mini_gazebo.launch.py
[0.712s] -- Up-to-date symlink: /home/min/Workspace/scout_mini/install/scout_description/share/scout_description//launch/sm_base_description.launch.py
[0.712s] -- Up-to-date symlink: /home/min/Workspace/scout_mini/install/scout_description/share/scout_description//launch/sm_gazebo.launch.py
[0.712s] -- Up-to-date symlink: /home/min/Workspace/scout_mini/install/scout_description/share/scout_description//urdf/empty.urdf
[0.712s] -- Up-to-date symlink: /home/min/Workspace/scout_mini/install/scout_description/share/scout_description//urdf/mini.xacro
[0.712s] -- Up-to-date symlink: /home/min/Workspace/scout_mini/install/scout_description/share/scout_description//urdf/scout_mini.gazebo
[0.712s] -- Up-to-date symlink: /home/min/Workspace/scout_mini/install/scout_description/share/scout_description//urdf/scout_mini.urdf
[0.712s] -- Up-to-date symlink: /home/min/Workspace/scout_mini/install/scout_description/share/scout_description//urdf/scout_mini.xacro
[0.712s] -- Up-to-date symlink: /home/min/Workspace/scout_mini/install/scout_description/share/scout_description//urdf/scout_mini_wheel.gazebo
[0.713s] -- Up-to-date symlink: /home/min/Workspace/scout_mini/install/scout_description/share/scout_description//urdf/scout_mini_wheel_1.xacro
[0.713s] -- Up-to-date symlink: /home/min/Workspace/scout_mini/install/scout_description/share/scout_description//urdf/scout_mini_wheel_2.xacro
[0.713s] -- Up-to-date symlink: /home/min/Workspace/scout_mini/install/scout_description/share/scout_description//urdf/scout_mini_wheel_3.xacro
[0.713s] -- Up-to-date symlink: /home/min/Workspace/scout_mini/install/scout_description/share/scout_description//urdf/scout_mini_wheel_4.xacro
[0.713s] -- Up-to-date symlink: /home/min/Workspace/scout_mini/install/scout_description/share/scout_description//urdf/sm.gazebo
[0.714s] -- Up-to-date symlink: /home/min/Workspace/scout_mini/install/scout_description/share/scout_description//urdf/sm.xacro
[0.714s] -- Up-to-date symlink: /home/min/Workspace/scout_mini/install/scout_description/share/scout_description//urdf/sm1.gazebo
[0.714s] -- Up-to-date symlink: /home/min/Workspace/scout_mini/install/scout_description/share/scout_description//urdf/sm1.xacro
[0.714s] -- Up-to-date symlink: /home/min/Workspace/scout_mini/install/scout_description/share/scout_description//urdf/sm2.gazebo
[0.714s] -- Up-to-date symlink: /home/min/Workspace/scout_mini/install/scout_description/share/scout_description//urdf/sm2.xacro
[0.714s] -- Up-to-date symlink: /home/min/Workspace/scout_mini/install/scout_description/share/scout_description//meshes/1_Link.STL
[0.714s] -- Up-to-date symlink: /home/min/Workspace/scout_mini/install/scout_description/share/scout_description//meshes/2_Link.STL
[0.714s] -- Up-to-date symlink: /home/min/Workspace/scout_mini/install/scout_description/share/scout_description//meshes/3_Link.STL
[0.715s] -- Up-to-date symlink: /home/min/Workspace/scout_mini/install/scout_description/share/scout_description//meshes/4_Link.STL
[0.715s] -- Up-to-date symlink: /home/min/Workspace/scout_mini/install/scout_description/share/scout_description//meshes/scout_mini_base_link.STL
[0.715s] -- Up-to-date symlink: /home/min/Workspace/scout_mini/install/scout_description/share/scout_description//meshes/scout_mini_base_link.dae
[0.715s] -- Up-to-date symlink: /home/min/Workspace/scout_mini/install/scout_description/share/scout_description//meshes/scout_mini_base_link2.dae
[0.715s] -- Up-to-date symlink: /home/min/Workspace/scout_mini/install/scout_description/share/scout_description//meshes/sm_base_link.dae
[0.715s] -- Up-to-date symlink: /home/min/Workspace/scout_mini/install/scout_description/share/scout_description//meshes/sm_wheel.dae
[0.715s] -- Up-to-date symlink: /home/min/Workspace/scout_mini/install/scout_description/share/scout_description//meshes/wheel.dae
[0.723s] -- Up-to-date symlink: /home/min/Workspace/scout_mini/install/scout_description/share/scout_description//meshes/wheel_type1.dae
[0.723s] -- Up-to-date symlink: /home/min/Workspace/scout_mini/install/scout_description/share/scout_description//meshes/wheel_type2.dae
[0.723s] -- Up-to-date symlink: /home/min/Workspace/scout_mini/install/scout_description/share/ament_index/resource_index/package_run_dependencies/scout_description
[0.723s] -- Up-to-date symlink: /home/min/Workspace/scout_mini/install/scout_description/share/ament_index/resource_index/parent_prefix_path/scout_description
[0.723s] -- Up-to-date symlink: /home/min/Workspace/scout_mini/install/scout_description/share/scout_description/environment/ament_prefix_path.sh
[0.723s] -- Up-to-date symlink: /home/min/Workspace/scout_mini/install/scout_description/share/scout_description/environment/ament_prefix_path.dsv
[0.724s] -- Up-to-date symlink: /home/min/Workspace/scout_mini/install/scout_description/share/scout_description/environment/path.sh
[0.724s] -- Up-to-date symlink: /home/min/Workspace/scout_mini/install/scout_description/share/scout_description/environment/path.dsv
[0.724s] -- Up-to-date symlink: /home/min/Workspace/scout_mini/install/scout_description/share/scout_description/local_setup.bash
[0.724s] -- Up-to-date symlink: /home/min/Workspace/scout_mini/install/scout_description/share/scout_description/local_setup.sh
[0.724s] -- Up-to-date symlink: /home/min/Workspace/scout_mini/install/scout_description/share/scout_description/local_setup.zsh
[0.724s] -- Up-to-date symlink: /home/min/Workspace/scout_mini/install/scout_description/share/scout_description/local_setup.dsv
[0.727s] -- Symlinking: /home/min/Workspace/scout_mini/install/scout_description/share/scout_description/package.dsv
[0.753s] -- Up-to-date symlink: /home/min/Workspace/scout_mini/install/scout_description/share/ament_index/resource_index/packages/scout_description
[0.756s] -- Up-to-date symlink: /home/min/Workspace/scout_mini/install/scout_description/share/scout_description/cmake/scout_descriptionConfig.cmake
[0.756s] -- Up-to-date symlink: /home/min/Workspace/scout_mini/install/scout_description/share/scout_description/cmake/scout_descriptionConfig-version.cmake
[0.756s] -- Up-to-date symlink: /home/min/Workspace/scout_mini/install/scout_description/share/scout_description/package.xml
[0.833s] Invoked command in '/home/min/Workspace/scout_mini/build/scout_description' returned '0': /usr/bin/cmake --install /home/min/Workspace/scout_mini/build/scout_description
