[0.639s] Invoking command in '/home/min/Workspace/scout_mini/src/robot_control': PYTHONPATH=/home/min/Workspace/scout_mini/build/robot_control/prefix_override:/usr/lib/python3/dist-packages/colcon_core/task/python/colcon_distutils_commands:/home/min/Workspace/scout_mini/install/robot_control/lib/python3.10/site-packages:${PYTHONPATH} /usr/bin/python3 -W ignore:setup.py install is deprecated -W ignore:easy_install command is deprecated setup.py egg_info --egg-base ../../build/robot_control build --build-base /home/min/Workspace/scout_mini/build/robot_control/build install --record /home/min/Workspace/scout_mini/build/robot_control/install.log --single-version-externally-managed install_data
[0.889s] running egg_info
[0.889s] creating ../../build/robot_control/robot_control.egg-info
[0.889s] writing ../../build/robot_control/robot_control.egg-info/PKG-INFO
[0.890s] writing dependency_links to ../../build/robot_control/robot_control.egg-info/dependency_links.txt
[0.891s] writing entry points to ../../build/robot_control/robot_control.egg-info/entry_points.txt
[0.891s] writing requirements to ../../build/robot_control/robot_control.egg-info/requires.txt
[0.891s] writing top-level names to ../../build/robot_control/robot_control.egg-info/top_level.txt
[0.891s] writing manifest file '../../build/robot_control/robot_control.egg-info/SOURCES.txt'
[0.893s] reading manifest file '../../build/robot_control/robot_control.egg-info/SOURCES.txt'
[0.895s] writing manifest file '../../build/robot_control/robot_control.egg-info/SOURCES.txt'
[0.895s] running build
[0.895s] running build_py
[0.896s] creating /home/min/Workspace/scout_mini/build/robot_control/build
[0.896s] creating /home/min/Workspace/scout_mini/build/robot_control/build/lib
[0.896s] creating /home/min/Workspace/scout_mini/build/robot_control/build/lib/robot_control
[0.896s] copying robot_control/move_two_robots.py -> /home/min/Workspace/scout_mini/build/robot_control/build/lib/robot_control
[0.896s] copying robot_control/__init__.py -> /home/min/Workspace/scout_mini/build/robot_control/build/lib/robot_control
[0.897s] running install
[0.897s] running install_lib
[0.898s] creating /home/min/Workspace/scout_mini/install/robot_control/lib/python3.10/site-packages/robot_control
[0.898s] copying /home/min/Workspace/scout_mini/build/robot_control/build/lib/robot_control/move_two_robots.py -> /home/min/Workspace/scout_mini/install/robot_control/lib/python3.10/site-packages/robot_control
[0.898s] copying /home/min/Workspace/scout_mini/build/robot_control/build/lib/robot_control/__init__.py -> /home/min/Workspace/scout_mini/install/robot_control/lib/python3.10/site-packages/robot_control
[0.899s] byte-compiling /home/min/Workspace/scout_mini/install/robot_control/lib/python3.10/site-packages/robot_control/move_two_robots.py to move_two_robots.cpython-310.pyc
[0.900s] byte-compiling /home/min/Workspace/scout_mini/install/robot_control/lib/python3.10/site-packages/robot_control/__init__.py to __init__.cpython-310.pyc
[0.900s] running install_data
[0.900s] creating /home/min/Workspace/scout_mini/install/robot_control/share/ament_index
[0.900s] creating /home/min/Workspace/scout_mini/install/robot_control/share/ament_index/resource_index
[0.901s] creating /home/min/Workspace/scout_mini/install/robot_control/share/ament_index/resource_index/packages
[0.901s] copying resource/robot_control -> /home/min/Workspace/scout_mini/install/robot_control/share/ament_index/resource_index/packages
[0.901s] copying package.xml -> /home/min/Workspace/scout_mini/install/robot_control/share/robot_control
[0.901s] running install_egg_info
[0.903s] Copying ../../build/robot_control/robot_control.egg-info to /home/min/Workspace/scout_mini/install/robot_control/lib/python3.10/site-packages/robot_control-0.0.0-py3.10.egg-info
[0.904s] running install_scripts
[0.925s] Installing move_two_robots script to /home/min/Workspace/scout_mini/install/robot_control/lib/robot_control
[0.925s] writing list of installed files to '/home/min/Workspace/scout_mini/build/robot_control/install.log'
[0.954s] Invoked command in '/home/min/Workspace/scout_mini/src/robot_control' returned '0': PYTHONPATH=/home/min/Workspace/scout_mini/build/robot_control/prefix_override:/usr/lib/python3/dist-packages/colcon_core/task/python/colcon_distutils_commands:/home/min/Workspace/scout_mini/install/robot_control/lib/python3.10/site-packages:${PYTHONPATH} /usr/bin/python3 -W ignore:setup.py install is deprecated -W ignore:easy_install command is deprecated setup.py egg_info --egg-base ../../build/robot_control build --build-base /home/min/Workspace/scout_mini/build/robot_control/build install --record /home/min/Workspace/scout_mini/build/robot_control/install.log --single-version-externally-managed install_data
