[1.064s] Invoking command in '/home/min/Workspace/scout_mini/build/scout_mini_nav2': CMAKE_PREFIX_PATH=/home/min/Workspace/scout_mini/install/scout_base:/home/min/Workspace/scout_mini/install/scout_mini_tools:/home/min/Workspace/scout_mini/install/robot_control:/opt/ros/humble:/home/min/Workspace/scout_mini/install/ugv_sdk:/home/min/Workspace/scout_mini/install/sllidar_ros2:/home/min/Workspace/scout_mini/install/slam_launch:/home/min/Workspace/scout_mini/install/scout_msgs:/home/min/Workspace/scout_mini/install/scout_mini_nav2:/home/min/Workspace/scout_mini/install/scout_gazebo_sim:/home/min/Workspace/scout_mini/install/scout_description:/home/min/Workspace/scout_mini/install/scout_control:/home/min/Workspace/scout_mini/install/realsense2_description:/home/min/Workspace/scout_mini/install/realsense2_camera:/home/min/Workspace/scout_mini/install/realsense2_camera_msgs /usr/bin/cmake --build /home/min/Workspace/scout_mini/build/scout_mini_nav2 -- -j8 -l8
[2.048s] Invoked command in '/home/min/Workspace/scout_mini/build/scout_mini_nav2' returned '0': CMAKE_PREFIX_PATH=/home/min/Workspace/scout_mini/install/scout_base:/home/min/Workspace/scout_mini/install/scout_mini_tools:/home/min/Workspace/scout_mini/install/robot_control:/opt/ros/humble:/home/min/Workspace/scout_mini/install/ugv_sdk:/home/min/Workspace/scout_mini/install/sllidar_ros2:/home/min/Workspace/scout_mini/install/slam_launch:/home/min/Workspace/scout_mini/install/scout_msgs:/home/min/Workspace/scout_mini/install/scout_mini_nav2:/home/min/Workspace/scout_mini/install/scout_gazebo_sim:/home/min/Workspace/scout_mini/install/scout_description:/home/min/Workspace/scout_mini/install/scout_control:/home/min/Workspace/scout_mini/install/realsense2_description:/home/min/Workspace/scout_mini/install/realsense2_camera:/home/min/Workspace/scout_mini/install/realsense2_camera_msgs /usr/bin/cmake --build /home/min/Workspace/scout_mini/build/scout_mini_nav2 -- -j8 -l8
[2.055s] Invoking command in '/home/min/Workspace/scout_mini/build/scout_mini_nav2': CMAKE_PREFIX_PATH=/home/min/Workspace/scout_mini/install/scout_base:/home/min/Workspace/scout_mini/install/scout_mini_tools:/home/min/Workspace/scout_mini/install/robot_control:/opt/ros/humble:/home/min/Workspace/scout_mini/install/ugv_sdk:/home/min/Workspace/scout_mini/install/sllidar_ros2:/home/min/Workspace/scout_mini/install/slam_launch:/home/min/Workspace/scout_mini/install/scout_msgs:/home/min/Workspace/scout_mini/install/scout_mini_nav2:/home/min/Workspace/scout_mini/install/scout_gazebo_sim:/home/min/Workspace/scout_mini/install/scout_description:/home/min/Workspace/scout_mini/install/scout_control:/home/min/Workspace/scout_mini/install/realsense2_description:/home/min/Workspace/scout_mini/install/realsense2_camera:/home/min/Workspace/scout_mini/install/realsense2_camera_msgs /usr/bin/cmake --install /home/min/Workspace/scout_mini/build/scout_mini_nav2
[2.448s] -- Install configuration: ""
[2.448s] -- Execute custom install script
[2.448s] -- Up-to-date symlink: /home/min/Workspace/scout_mini/install/scout_mini_nav2/share/scout_mini_nav2/launch/localization_launch.py
[2.448s] -- Up-to-date symlink: /home/min/Workspace/scout_mini/install/scout_mini_nav2/share/scout_mini_nav2/launch/localization_only_launch.xml
[2.448s] -- Up-to-date symlink: /home/min/Workspace/scout_mini/install/scout_mini_nav2/share/scout_mini_nav2/launch/nav2_view.launch.xml
[2.449s] -- Up-to-date symlink: /home/min/Workspace/scout_mini/install/scout_mini_nav2/share/scout_mini_nav2/params/amcl_params.yaml
[2.449s] -- Up-to-date symlink: /home/min/Workspace/scout_mini/install/scout_mini_nav2/share/scout_mini_nav2/floor5_test1.yaml
[2.449s] -- Up-to-date symlink: /home/min/Workspace/scout_mini/install/scout_mini_nav2/share/scout_mini_nav2/floor5_test1.pgm
[2.449s] -- Up-to-date symlink: /home/min/Workspace/scout_mini/install/scout_mini_nav2/share/scout_mini_nav2/floor5_test2.yaml
[2.449s] -- Up-to-date symlink: /home/min/Workspace/scout_mini/install/scout_mini_nav2/share/scout_mini_nav2/floor5_test2.pgm
[2.449s] -- Up-to-date symlink: /home/min/Workspace/scout_mini/install/scout_mini_nav2/share/ament_index/resource_index/package_run_dependencies/scout_mini_nav2
[2.449s] -- Up-to-date symlink: /home/min/Workspace/scout_mini/install/scout_mini_nav2/share/ament_index/resource_index/parent_prefix_path/scout_mini_nav2
[2.450s] -- Up-to-date symlink: /home/min/Workspace/scout_mini/install/scout_mini_nav2/share/scout_mini_nav2/environment/ament_prefix_path.sh
[2.450s] -- Up-to-date symlink: /home/min/Workspace/scout_mini/install/scout_mini_nav2/share/scout_mini_nav2/environment/ament_prefix_path.dsv
[2.450s] -- Up-to-date symlink: /home/min/Workspace/scout_mini/install/scout_mini_nav2/share/scout_mini_nav2/environment/path.sh
[2.450s] -- Up-to-date symlink: /home/min/Workspace/scout_mini/install/scout_mini_nav2/share/scout_mini_nav2/environment/path.dsv
[2.450s] -- Up-to-date symlink: /home/min/Workspace/scout_mini/install/scout_mini_nav2/share/scout_mini_nav2/local_setup.bash
[2.451s] -- Up-to-date symlink: /home/min/Workspace/scout_mini/install/scout_mini_nav2/share/scout_mini_nav2/local_setup.sh
[2.451s] -- Up-to-date symlink: /home/min/Workspace/scout_mini/install/scout_mini_nav2/share/scout_mini_nav2/local_setup.zsh
[2.451s] -- Up-to-date symlink: /home/min/Workspace/scout_mini/install/scout_mini_nav2/share/scout_mini_nav2/local_setup.dsv
[2.451s] -- Symlinking: /home/min/Workspace/scout_mini/install/scout_mini_nav2/share/scout_mini_nav2/package.dsv
[2.451s] -- Up-to-date symlink: /home/min/Workspace/scout_mini/install/scout_mini_nav2/share/ament_index/resource_index/packages/scout_mini_nav2
[2.451s] -- Up-to-date symlink: /home/min/Workspace/scout_mini/install/scout_mini_nav2/share/scout_mini_nav2/cmake/scout_mini_nav2Config.cmake
[2.452s] -- Up-to-date symlink: /home/min/Workspace/scout_mini/install/scout_mini_nav2/share/scout_mini_nav2/cmake/scout_mini_nav2Config-version.cmake
[2.452s] -- Up-to-date symlink: /home/min/Workspace/scout_mini/install/scout_mini_nav2/share/scout_mini_nav2/package.xml
[2.549s] Invoked command in '/home/min/Workspace/scout_mini/build/scout_mini_nav2' returned '0': CMAKE_PREFIX_PATH=/home/min/Workspace/scout_mini/install/scout_base:/home/min/Workspace/scout_mini/install/scout_mini_tools:/home/min/Workspace/scout_mini/install/robot_control:/opt/ros/humble:/home/min/Workspace/scout_mini/install/ugv_sdk:/home/min/Workspace/scout_mini/install/sllidar_ros2:/home/min/Workspace/scout_mini/install/slam_launch:/home/min/Workspace/scout_mini/install/scout_msgs:/home/min/Workspace/scout_mini/install/scout_mini_nav2:/home/min/Workspace/scout_mini/install/scout_gazebo_sim:/home/min/Workspace/scout_mini/install/scout_description:/home/min/Workspace/scout_mini/install/scout_control:/home/min/Workspace/scout_mini/install/realsense2_description:/home/min/Workspace/scout_mini/install/realsense2_camera:/home/min/Workspace/scout_mini/install/realsense2_camera_msgs /usr/bin/cmake --install /home/min/Workspace/scout_mini/build/scout_mini_nav2
