[2.152s] Invoking command in '/home/min/Workspace/scout_mini/build/robot_control': PYTHONPATH=/home/min/Workspace/scout_mini/build/robot_control/prefix_override:/usr/lib/python3/dist-packages/colcon_core/task/python/colcon_distutils_commands:/home/min/Workspace/scout_mini/install/robot_control/lib/python3.10/site-packages:${PYTHONPATH} /usr/bin/python3 -W ignore:setup.py install is deprecated -W ignore:easy_install command is deprecated setup.py develop --editable --build-directory /home/min/Workspace/scout_mini/build/robot_control/build --no-deps symlink_data
[3.467s] running develop
[4.490s] running egg_info
[4.494s] creating robot_control.egg-info
[4.495s] writing robot_control.egg-info/PKG-INFO
[4.499s] writing dependency_links to robot_control.egg-info/dependency_links.txt
[4.499s] writing entry points to robot_control.egg-info/entry_points.txt
[4.499s] writing requirements to robot_control.egg-info/requires.txt
[4.499s] writing top-level names to robot_control.egg-info/top_level.txt
[4.499s] writing manifest file 'robot_control.egg-info/SOURCES.txt'
[4.504s] reading manifest file 'robot_control.egg-info/SOURCES.txt'
[4.508s] writing manifest file 'robot_control.egg-info/SOURCES.txt'
[4.511s] running build_ext
[4.512s] Creating /home/min/Workspace/scout_mini/install/robot_control/lib/python3.10/site-packages/robot-control.egg-link (link to .)
[4.517s] Installing follow_leader script to /home/min/Workspace/scout_mini/install/robot_control/lib/robot_control
[4.518s] Installing follower script to /home/min/Workspace/scout_mini/install/robot_control/lib/robot_control
[4.518s] Installing move_leader_robot script to /home/min/Workspace/scout_mini/install/robot_control/lib/robot_control
[4.518s] 
[4.519s] Installed /home/min/Workspace/scout_mini/build/robot_control
[4.519s] running symlink_data
[4.519s] creating /home/min/Workspace/scout_mini/install/robot_control/share/ament_index
[4.520s] creating /home/min/Workspace/scout_mini/install/robot_control/share/ament_index/resource_index
[4.520s] creating /home/min/Workspace/scout_mini/install/robot_control/share/ament_index/resource_index/packages
[4.520s] symbolically linking /home/min/Workspace/scout_mini/build/robot_control/resource/robot_control -> /home/min/Workspace/scout_mini/install/robot_control/share/ament_index/resource_index/packages
[4.520s] symbolically linking /home/min/Workspace/scout_mini/build/robot_control/package.xml -> /home/min/Workspace/scout_mini/install/robot_control/share/robot_control
[4.666s] Invoked command in '/home/min/Workspace/scout_mini/build/robot_control' returned '0': PYTHONPATH=/home/min/Workspace/scout_mini/build/robot_control/prefix_override:/usr/lib/python3/dist-packages/colcon_core/task/python/colcon_distutils_commands:/home/min/Workspace/scout_mini/install/robot_control/lib/python3.10/site-packages:${PYTHONPATH} /usr/bin/python3 -W ignore:setup.py install is deprecated -W ignore:easy_install command is deprecated setup.py develop --editable --build-directory /home/min/Workspace/scout_mini/build/robot_control/build --no-deps symlink_data
