[1.900s] Invoking command in '/home/min/Workspace/scout_mini/build/robot_control': PYTHONPATH=/home/min/Workspace/scout_mini/build/robot_control/prefix_override:/usr/lib/python3/dist-packages/colcon_core/task/python/colcon_distutils_commands:/home/min/Workspace/scout_mini/install/robot_control/lib/python3.10/site-packages:${PYTHONPATH} /usr/bin/python3 -W ignore:setup.py install is deprecated -W ignore:easy_install command is deprecated setup.py develop --editable --build-directory /home/min/Workspace/scout_mini/build/robot_control/build --no-deps symlink_data --force
[2.222s] running develop
[2.768s] running egg_info
[2.768s] writing robot_control.egg-info/PKG-INFO
[2.768s] writing dependency_links to robot_control.egg-info/dependency_links.txt
[2.768s] writing entry points to robot_control.egg-info/entry_points.txt
[2.768s] writing requirements to robot_control.egg-info/requires.txt
[2.768s] writing top-level names to robot_control.egg-info/top_level.txt
[2.771s] reading manifest file 'robot_control.egg-info/SOURCES.txt'
[2.773s] writing manifest file 'robot_control.egg-info/SOURCES.txt'
[2.776s] running build_ext
[2.776s] Creating /home/min/Workspace/scout_mini/install/robot_control/lib/python3.10/site-packages/robot-control.egg-link (link to .)
[2.783s] Installing follow_leader script to /home/min/Workspace/scout_mini/install/robot_control/lib/robot_control
[2.783s] Installing follower script to /home/min/Workspace/scout_mini/install/robot_control/lib/robot_control
[2.784s] Installing move_leader_robot script to /home/min/Workspace/scout_mini/install/robot_control/lib/robot_control
[2.784s] 
[2.784s] Installed /home/min/Workspace/scout_mini/build/robot_control
[2.784s] running symlink_data
[2.784s] symbolically linking /home/min/Workspace/scout_mini/build/robot_control/resource/robot_control -> /home/min/Workspace/scout_mini/install/robot_control/share/ament_index/resource_index/packages
[2.784s] symbolically linking /home/min/Workspace/scout_mini/build/robot_control/package.xml -> /home/min/Workspace/scout_mini/install/robot_control/share/robot_control
[2.914s] Invoked command in '/home/min/Workspace/scout_mini/build/robot_control' returned '0': PYTHONPATH=/home/min/Workspace/scout_mini/build/robot_control/prefix_override:/usr/lib/python3/dist-packages/colcon_core/task/python/colcon_distutils_commands:/home/min/Workspace/scout_mini/install/robot_control/lib/python3.10/site-packages:${PYTHONPATH} /usr/bin/python3 -W ignore:setup.py install is deprecated -W ignore:easy_install command is deprecated setup.py develop --editable --build-directory /home/min/Workspace/scout_mini/build/robot_control/build --no-deps symlink_data --force
