[3.251s] Invoking command in '/home/min/Workspace/scout_mini/build/robot_following': PYTHONPATH=/home/min/Workspace/scout_mini/build/robot_following/prefix_override:/usr/lib/python3/dist-packages/colcon_core/task/python/colcon_distutils_commands:/home/min/Workspace/scout_mini/install/robot_following/lib/python3.10/site-packages:${PYTHONPATH} /usr/bin/python3 -W ignore:setup.py install is deprecated -W ignore:easy_install command is deprecated setup.py develop --editable --build-directory /home/min/Workspace/scout_mini/build/robot_following/build --no-deps symlink_data
[5.178s] running develop
[5.179s] running egg_info
[5.179s] creating robot_following.egg-info
[5.179s] writing robot_following.egg-info/PKG-INFO
[5.179s] writing dependency_links to robot_following.egg-info/dependency_links.txt
[5.179s] writing entry points to robot_following.egg-info/entry_points.txt
[5.179s] writing requirements to robot_following.egg-info/requires.txt
[5.179s] writing top-level names to robot_following.egg-info/top_level.txt
[5.181s] writing manifest file 'robot_following.egg-info/SOURCES.txt'
[5.182s] reading manifest file 'robot_following.egg-info/SOURCES.txt'
[5.182s] writing manifest file 'robot_following.egg-info/SOURCES.txt'
[5.183s] running build_ext
[5.183s] Creating /home/min/Workspace/scout_mini/install/robot_following/lib/python3.10/site-packages/robot-following.egg-link (link to .)
[5.183s] Installing tf_path_follower script to /home/min/Workspace/scout_mini/install/robot_following/lib/robot_following
[5.183s] 
[5.183s] Installed /home/min/Workspace/scout_mini/build/robot_following
[5.183s] running symlink_data
[5.183s] creating /home/min/Workspace/scout_mini/install/robot_following/share/ament_index
[5.183s] creating /home/min/Workspace/scout_mini/install/robot_following/share/ament_index/resource_index
[5.183s] creating /home/min/Workspace/scout_mini/install/robot_following/share/ament_index/resource_index/packages
[5.183s] symbolically linking /home/min/Workspace/scout_mini/build/robot_following/resource/robot_following -> /home/min/Workspace/scout_mini/install/robot_following/share/ament_index/resource_index/packages
[5.184s] symbolically linking /home/min/Workspace/scout_mini/build/robot_following/package.xml -> /home/min/Workspace/scout_mini/install/robot_following/share/robot_following
[5.188s] Invoked command in '/home/min/Workspace/scout_mini/build/robot_following' returned '0': PYTHONPATH=/home/min/Workspace/scout_mini/build/robot_following/prefix_override:/usr/lib/python3/dist-packages/colcon_core/task/python/colcon_distutils_commands:/home/min/Workspace/scout_mini/install/robot_following/lib/python3.10/site-packages:${PYTHONPATH} /usr/bin/python3 -W ignore:setup.py install is deprecated -W ignore:easy_install command is deprecated setup.py develop --editable --build-directory /home/min/Workspace/scout_mini/build/robot_following/build --no-deps symlink_data
