[2.183s] Invoking command in '/home/min/Workspace/scout_mini/src/robot_control': PYTHONPATH=/home/min/Workspace/scout_mini/build/robot_control/prefix_override:/usr/lib/python3/dist-packages/colcon_core/task/python/colcon_distutils_commands:/home/min/Workspace/scout_mini/install/robot_control/lib/python3.10/site-packages:${PYTHONPATH} /usr/bin/python3 -W ignore:setup.py install is deprecated -W ignore:easy_install command is deprecated setup.py egg_info --egg-base ../../build/robot_control build --build-base /home/min/Workspace/scout_mini/build/robot_control/build install --record /home/min/Workspace/scout_mini/build/robot_control/install.log --single-version-externally-managed install_data
[3.015s] running egg_info
[3.017s] writing ../../build/robot_control/robot_control.egg-info/PKG-INFO
[3.018s] writing dependency_links to ../../build/robot_control/robot_control.egg-info/dependency_links.txt
[3.018s] writing entry points to ../../build/robot_control/robot_control.egg-info/entry_points.txt
[3.019s] writing requirements to ../../build/robot_control/robot_control.egg-info/requires.txt
[3.019s] writing top-level names to ../../build/robot_control/robot_control.egg-info/top_level.txt
[3.025s] reading manifest file '../../build/robot_control/robot_control.egg-info/SOURCES.txt'
[3.036s] writing manifest file '../../build/robot_control/robot_control.egg-info/SOURCES.txt'
[3.036s] running build
[3.037s] running build_py
[3.038s] running install
[3.039s] running install_lib
[3.042s] running install_data
[3.043s] running install_egg_info
[3.048s] removing '/home/min/Workspace/scout_mini/install/robot_control/lib/python3.10/site-packages/robot_control-0.0.0-py3.10.egg-info' (and everything under it)
[3.049s] Copying ../../build/robot_control/robot_control.egg-info to /home/min/Workspace/scout_mini/install/robot_control/lib/python3.10/site-packages/robot_control-0.0.0-py3.10.egg-info
[3.052s] running install_scripts
[3.119s] Installing follower script to /home/min/Workspace/scout_mini/install/robot_control/lib/robot_control
[3.120s] Installing move_leader_robot script to /home/min/Workspace/scout_mini/install/robot_control/lib/robot_control
[3.121s] writing list of installed files to '/home/min/Workspace/scout_mini/build/robot_control/install.log'
[3.210s] Invoked command in '/home/min/Workspace/scout_mini/src/robot_control' returned '0': PYTHONPATH=/home/min/Workspace/scout_mini/build/robot_control/prefix_override:/usr/lib/python3/dist-packages/colcon_core/task/python/colcon_distutils_commands:/home/min/Workspace/scout_mini/install/robot_control/lib/python3.10/site-packages:${PYTHONPATH} /usr/bin/python3 -W ignore:setup.py install is deprecated -W ignore:easy_install command is deprecated setup.py egg_info --egg-base ../../build/robot_control build --build-base /home/min/Workspace/scout_mini/build/robot_control/build install --record /home/min/Workspace/scout_mini/build/robot_control/install.log --single-version-externally-managed install_data
