[2.518s] Invoking command in '/home/min/Workspace/scout_mini/src/robot_control': PYTHONPATH=/home/min/Workspace/scout_mini/build/robot_control/prefix_override:/usr/lib/python3/dist-packages/colcon_core/task/python/colcon_distutils_commands:/home/min/Workspace/scout_mini/install/robot_control/lib/python3.10/site-packages:${PYTHONPATH} /usr/bin/python3 -W ignore:setup.py install is deprecated -W ignore:easy_install command is deprecated setup.py egg_info --egg-base ../../build/robot_control build --build-base /home/min/Workspace/scout_mini/build/robot_control/build install --record /home/min/Workspace/scout_mini/build/robot_control/install.log --single-version-externally-managed install_data
[3.431s] running egg_info
[3.433s] writing ../../build/robot_control/robot_control.egg-info/PKG-INFO
[3.434s] writing dependency_links to ../../build/robot_control/robot_control.egg-info/dependency_links.txt
[3.435s] writing entry points to ../../build/robot_control/robot_control.egg-info/entry_points.txt
[3.435s] writing requirements to ../../build/robot_control/robot_control.egg-info/requires.txt
[3.436s] writing top-level names to ../../build/robot_control/robot_control.egg-info/top_level.txt
[3.443s] reading manifest file '../../build/robot_control/robot_control.egg-info/SOURCES.txt'
[3.450s] writing manifest file '../../build/robot_control/robot_control.egg-info/SOURCES.txt'
[3.450s] running build
[3.451s] running build_py
[3.451s] copying robot_control/move_two_robots.py -> /home/min/Workspace/scout_mini/build/robot_control/build/lib/robot_control
[3.451s] running install
[3.453s] running install_lib
[3.455s] copying /home/min/Workspace/scout_mini/build/robot_control/build/lib/robot_control/move_two_robots.py -> /home/min/Workspace/scout_mini/install/robot_control/lib/python3.10/site-packages/robot_control
[3.457s] byte-compiling /home/min/Workspace/scout_mini/install/robot_control/lib/python3.10/site-packages/robot_control/move_two_robots.py to move_two_robots.cpython-310.pyc
[3.459s] running install_data
[3.460s] running install_egg_info
[3.468s] removing '/home/min/Workspace/scout_mini/install/robot_control/lib/python3.10/site-packages/robot_control-0.0.0-py3.10.egg-info' (and everything under it)
[3.469s] Copying ../../build/robot_control/robot_control.egg-info to /home/min/Workspace/scout_mini/install/robot_control/lib/python3.10/site-packages/robot_control-0.0.0-py3.10.egg-info
[3.472s] running install_scripts
[3.542s] Installing move_two_robots script to /home/min/Workspace/scout_mini/install/robot_control/lib/robot_control
[3.543s] writing list of installed files to '/home/min/Workspace/scout_mini/build/robot_control/install.log'
[3.648s] Invoked command in '/home/min/Workspace/scout_mini/src/robot_control' returned '0': PYTHONPATH=/home/min/Workspace/scout_mini/build/robot_control/prefix_override:/usr/lib/python3/dist-packages/colcon_core/task/python/colcon_distutils_commands:/home/min/Workspace/scout_mini/install/robot_control/lib/python3.10/site-packages:${PYTHONPATH} /usr/bin/python3 -W ignore:setup.py install is deprecated -W ignore:easy_install command is deprecated setup.py egg_info --egg-base ../../build/robot_control build --build-base /home/min/Workspace/scout_mini/build/robot_control/build install --record /home/min/Workspace/scout_mini/build/robot_control/install.log --single-version-externally-managed install_data
