[0.074s] Invoking command in '/home/min/Workspace/scout_mini/build/sllidar_ros2': CMAKE_PREFIX_PATH=/home/min/Workspace/scout_mini/install/scout_base:/home/min/Workspace/scout_mini/install/scout_mini_tools:/opt/ros/humble:/home/min/Workspace/scout_mini/install/ugv_sdk:/home/min/Workspace/scout_mini/install/sllidar_ros2:/home/min/Workspace/scout_mini/install/slam_launch:/home/min/Workspace/scout_mini/install/scout_msgs:/home/min/Workspace/scout_mini/install/scout_mini_nav2:/home/min/Workspace/scout_mini/install/scout_gazebo_sim:/home/min/Workspace/scout_mini/install/scout_description:/home/min/Workspace/scout_mini/install/scout_control:/home/min/Workspace/scout_mini/install/realsense2_description:/home/min/Workspace/scout_mini/install/realsense2_camera:/home/min/Workspace/scout_mini/install/realsense2_camera_msgs:/home/min/Downloads/multiple_robots/install/robot_gazebo:/home/min/Downloads/multiple_robots/install/robot_description:/home/min/Downloads/multiple_robots/install/robot_control /usr/bin/cmake --build /home/min/Workspace/scout_mini/build/sllidar_ros2 -- -j8 -l8
[0.398s] [35m[1mConsolidate compiler generated dependencies of target sllidar_node[0m
[0.432s] [ 90%] Built target sllidar_node
[0.451s] [35m[1mConsolidate compiler generated dependencies of target sllidar_client[0m
[0.471s] [100%] Built target sllidar_client
[0.486s] Invoked command in '/home/min/Workspace/scout_mini/build/sllidar_ros2' returned '0': CMAKE_PREFIX_PATH=/home/min/Workspace/scout_mini/install/scout_base:/home/min/Workspace/scout_mini/install/scout_mini_tools:/opt/ros/humble:/home/min/Workspace/scout_mini/install/ugv_sdk:/home/min/Workspace/scout_mini/install/sllidar_ros2:/home/min/Workspace/scout_mini/install/slam_launch:/home/min/Workspace/scout_mini/install/scout_msgs:/home/min/Workspace/scout_mini/install/scout_mini_nav2:/home/min/Workspace/scout_mini/install/scout_gazebo_sim:/home/min/Workspace/scout_mini/install/scout_description:/home/min/Workspace/scout_mini/install/scout_control:/home/min/Workspace/scout_mini/install/realsense2_description:/home/min/Workspace/scout_mini/install/realsense2_camera:/home/min/Workspace/scout_mini/install/realsense2_camera_msgs:/home/min/Downloads/multiple_robots/install/robot_gazebo:/home/min/Downloads/multiple_robots/install/robot_description:/home/min/Downloads/multiple_robots/install/robot_control /usr/bin/cmake --build /home/min/Workspace/scout_mini/build/sllidar_ros2 -- -j8 -l8
[0.489s] Invoking command in '/home/min/Workspace/scout_mini/build/sllidar_ros2': CMAKE_PREFIX_PATH=/home/min/Workspace/scout_mini/install/scout_base:/home/min/Workspace/scout_mini/install/scout_mini_tools:/opt/ros/humble:/home/min/Workspace/scout_mini/install/ugv_sdk:/home/min/Workspace/scout_mini/install/sllidar_ros2:/home/min/Workspace/scout_mini/install/slam_launch:/home/min/Workspace/scout_mini/install/scout_msgs:/home/min/Workspace/scout_mini/install/scout_mini_nav2:/home/min/Workspace/scout_mini/install/scout_gazebo_sim:/home/min/Workspace/scout_mini/install/scout_description:/home/min/Workspace/scout_mini/install/scout_control:/home/min/Workspace/scout_mini/install/realsense2_description:/home/min/Workspace/scout_mini/install/realsense2_camera:/home/min/Workspace/scout_mini/install/realsense2_camera_msgs:/home/min/Downloads/multiple_robots/install/robot_gazebo:/home/min/Downloads/multiple_robots/install/robot_description:/home/min/Downloads/multiple_robots/install/robot_control /usr/bin/cmake --install /home/min/Workspace/scout_mini/build/sllidar_ros2
[0.499s] -- Install configuration: ""
[0.535s] -- Execute custom install script
[0.539s] -- Up-to-date symlink: /home/min/Workspace/scout_mini/install/sllidar_ros2/share/sllidar_ros2/launch/sllidar_a1_launch.py
[0.540s] -- Up-to-date symlink: /home/min/Workspace/scout_mini/install/sllidar_ros2/share/sllidar_ros2/launch/sllidar_a2m12_launch .py
[0.542s] -- Up-to-date symlink: /home/min/Workspace/scout_mini/install/sllidar_ros2/share/sllidar_ros2/launch/sllidar_a2m7_launch.py
[0.543s] -- Up-to-date symlink: /home/min/Workspace/scout_mini/install/sllidar_ros2/share/sllidar_ros2/launch/sllidar_a2m8_launch.py
[0.544s] -- Up-to-date symlink: /home/min/Workspace/scout_mini/install/sllidar_ros2/share/sllidar_ros2/launch/sllidar_a3_launch.py
[0.545s] -- Up-to-date symlink: /home/min/Workspace/scout_mini/install/sllidar_ros2/share/sllidar_ros2/launch/sllidar_c1_launch.py
[0.546s] -- Up-to-date symlink: /home/min/Workspace/scout_mini/install/sllidar_ros2/share/sllidar_ros2/launch/sllidar_s1_launch.py
[0.547s] -- Up-to-date symlink: /home/min/Workspace/scout_mini/install/sllidar_ros2/share/sllidar_ros2/launch/sllidar_s1_tcp_launch.py
[0.547s] -- Up-to-date symlink: /home/min/Workspace/scout_mini/install/sllidar_ros2/share/sllidar_ros2/launch/sllidar_s2_launch.py
[0.548s] -- Up-to-date symlink: /home/min/Workspace/scout_mini/install/sllidar_ros2/share/sllidar_ros2/launch/sllidar_s2e_launch.py
[0.548s] -- Up-to-date symlink: /home/min/Workspace/scout_mini/install/sllidar_ros2/share/sllidar_ros2/launch/sllidar_s3_launch.py
[0.549s] -- Up-to-date symlink: /home/min/Workspace/scout_mini/install/sllidar_ros2/share/sllidar_ros2/launch/sllidar_t1_launch.py
[0.550s] -- Up-to-date symlink: /home/min/Workspace/scout_mini/install/sllidar_ros2/share/sllidar_ros2/launch/view_sllidar_a1_launch.py
[0.550s] -- Up-to-date symlink: /home/min/Workspace/scout_mini/install/sllidar_ros2/share/sllidar_ros2/launch/view_sllidar_a2m12_launch.py
[0.551s] -- Up-to-date symlink: /home/min/Workspace/scout_mini/install/sllidar_ros2/share/sllidar_ros2/launch/view_sllidar_a2m7_launch.py
[0.551s] -- Up-to-date symlink: /home/min/Workspace/scout_mini/install/sllidar_ros2/share/sllidar_ros2/launch/view_sllidar_a2m8_launch.py
[0.552s] -- Up-to-date symlink: /home/min/Workspace/scout_mini/install/sllidar_ros2/share/sllidar_ros2/launch/view_sllidar_a3_launch.py
[0.552s] -- Up-to-date symlink: /home/min/Workspace/scout_mini/install/sllidar_ros2/share/sllidar_ros2/launch/view_sllidar_c1_launch.py
[0.553s] -- Up-to-date symlink: /home/min/Workspace/scout_mini/install/sllidar_ros2/share/sllidar_ros2/launch/view_sllidar_s1_launch.py
[0.554s] -- Up-to-date symlink: /home/min/Workspace/scout_mini/install/sllidar_ros2/share/sllidar_ros2/launch/view_sllidar_s1_tcp_launch.py
[0.554s] -- Up-to-date symlink: /home/min/Workspace/scout_mini/install/sllidar_ros2/share/sllidar_ros2/launch/view_sllidar_s2_launch.py
[0.555s] -- Up-to-date symlink: /home/min/Workspace/scout_mini/install/sllidar_ros2/share/sllidar_ros2/launch/view_sllidar_s2e_launch.py
[0.556s] -- Up-to-date symlink: /home/min/Workspace/scout_mini/install/sllidar_ros2/share/sllidar_ros2/launch/view_sllidar_s3_launch.py
[0.557s] -- Up-to-date symlink: /home/min/Workspace/scout_mini/install/sllidar_ros2/share/sllidar_ros2/launch/view_sllidar_t1_launch.py
[0.559s] -- Up-to-date symlink: /home/min/Workspace/scout_mini/install/sllidar_ros2/share/sllidar_ros2/rviz/sllidar_ros2.rviz
[0.561s] -- Up-to-date symlink: /home/min/Workspace/scout_mini/install/sllidar_ros2/lib/sllidar_ros2/sllidar_node
[0.561s] -- Up-to-date symlink: /home/min/Workspace/scout_mini/install/sllidar_ros2/lib/sllidar_ros2/sllidar_client
[0.562s] -- Up-to-date symlink: /home/min/Workspace/scout_mini/install/sllidar_ros2/share/ament_index/resource_index/package_run_dependencies/sllidar_ros2
[0.563s] -- Up-to-date symlink: /home/min/Workspace/scout_mini/install/sllidar_ros2/share/ament_index/resource_index/parent_prefix_path/sllidar_ros2
[0.564s] -- Up-to-date symlink: /home/min/Workspace/scout_mini/install/sllidar_ros2/share/sllidar_ros2/environment/ament_prefix_path.sh
[0.565s] -- Up-to-date symlink: /home/min/Workspace/scout_mini/install/sllidar_ros2/share/sllidar_ros2/environment/ament_prefix_path.dsv
[0.566s] -- Up-to-date symlink: /home/min/Workspace/scout_mini/install/sllidar_ros2/share/sllidar_ros2/environment/path.sh
[0.566s] -- Up-to-date symlink: /home/min/Workspace/scout_mini/install/sllidar_ros2/share/sllidar_ros2/environment/path.dsv
[0.567s] -- Up-to-date symlink: /home/min/Workspace/scout_mini/install/sllidar_ros2/share/sllidar_ros2/local_setup.bash
[0.568s] -- Up-to-date symlink: /home/min/Workspace/scout_mini/install/sllidar_ros2/share/sllidar_ros2/local_setup.sh
[0.569s] -- Up-to-date symlink: /home/min/Workspace/scout_mini/install/sllidar_ros2/share/sllidar_ros2/local_setup.zsh
[0.573s] -- Up-to-date symlink: /home/min/Workspace/scout_mini/install/sllidar_ros2/share/sllidar_ros2/local_setup.dsv
[0.573s] -- Symlinking: /home/min/Workspace/scout_mini/install/sllidar_ros2/share/sllidar_ros2/package.dsv
[0.621s] -- Up-to-date symlink: /home/min/Workspace/scout_mini/install/sllidar_ros2/share/ament_index/resource_index/packages/sllidar_ros2
[0.621s] -- Up-to-date symlink: /home/min/Workspace/scout_mini/install/sllidar_ros2/share/sllidar_ros2/cmake/ament_cmake_export_dependencies-extras.cmake
[0.622s] -- Up-to-date symlink: /home/min/Workspace/scout_mini/install/sllidar_ros2/share/sllidar_ros2/cmake/ament_cmake_export_include_directories-extras.cmake
[0.623s] -- Up-to-date symlink: /home/min/Workspace/scout_mini/install/sllidar_ros2/share/sllidar_ros2/cmake/sllidar_ros2Config.cmake
[0.624s] -- Up-to-date symlink: /home/min/Workspace/scout_mini/install/sllidar_ros2/share/sllidar_ros2/cmake/sllidar_ros2Config-version.cmake
[0.624s] -- Up-to-date symlink: /home/min/Workspace/scout_mini/install/sllidar_ros2/share/sllidar_ros2/package.xml
[0.633s] Invoked command in '/home/min/Workspace/scout_mini/build/sllidar_ros2' returned '0': CMAKE_PREFIX_PATH=/home/min/Workspace/scout_mini/install/scout_base:/home/min/Workspace/scout_mini/install/scout_mini_tools:/opt/ros/humble:/home/min/Workspace/scout_mini/install/ugv_sdk:/home/min/Workspace/scout_mini/install/sllidar_ros2:/home/min/Workspace/scout_mini/install/slam_launch:/home/min/Workspace/scout_mini/install/scout_msgs:/home/min/Workspace/scout_mini/install/scout_mini_nav2:/home/min/Workspace/scout_mini/install/scout_gazebo_sim:/home/min/Workspace/scout_mini/install/scout_description:/home/min/Workspace/scout_mini/install/scout_control:/home/min/Workspace/scout_mini/install/realsense2_description:/home/min/Workspace/scout_mini/install/realsense2_camera:/home/min/Workspace/scout_mini/install/realsense2_camera_msgs:/home/min/Downloads/multiple_robots/install/robot_gazebo:/home/min/Downloads/multiple_robots/install/robot_description:/home/min/Downloads/multiple_robots/install/robot_control /usr/bin/cmake --install /home/min/Workspace/scout_mini/build/sllidar_ros2
