[0.044s] Invoking command in '/home/min/Workspace/scout_mini/build/scout_base': CMAKE_PREFIX_PATH=/opt/ros/humble:/home/min/Workspace/scout_mini/install/scout_mini_tools:/home/min/Workspace/scout_mini/install/robot_control:/home/min/Workspace/scout_mini/install/ugv_sdk:/home/min/Workspace/scout_mini/install/scout_msgs:/home/min/Workspace/scout_mini/install/scout_base:/home/min/Workspace/scout_mini/install/sllidar_ros2:/home/min/Workspace/scout_mini/install/slam_launch:/home/min/Workspace/scout_mini/install/scout_mini_nav2:/home/min/Workspace/scout_mini/install/scout_gazebo_sim:/home/min/Workspace/scout_mini/install/scout_description:/home/min/Workspace/scout_mini/install/scout_control:/home/min/Workspace/scout_mini/install/realsense2_description:/home/min/Workspace/scout_mini/install/realsense2_camera:/home/min/Workspace/scout_mini/install/realsense2_camera_msgs LD_LIBRARY_PATH=/home/min/Workspace/scout_mini/install/scout_msgs/lib:/usr/lib/x86_64-linux-gnu/gazebo-11/plugins:/opt/ros/humble/opt/rviz_ogre_vendor/lib:/opt/ros/humble/lib/x86_64-linux-gnu:/opt/ros/humble/lib:/home/min/Workspace/scout_mini/install/realsense2_camera/lib:/home/min/Workspace/scout_mini/install/realsense2_camera_msgs/lib /usr/bin/cmake --build /home/min/Workspace/scout_mini/build/scout_base -- -j8 -l8
[0.215s] [100%] Built target scout_base_node
[0.256s] Invoked command in '/home/min/Workspace/scout_mini/build/scout_base' returned '0': CMAKE_PREFIX_PATH=/opt/ros/humble:/home/min/Workspace/scout_mini/install/scout_mini_tools:/home/min/Workspace/scout_mini/install/robot_control:/home/min/Workspace/scout_mini/install/ugv_sdk:/home/min/Workspace/scout_mini/install/scout_msgs:/home/min/Workspace/scout_mini/install/scout_base:/home/min/Workspace/scout_mini/install/sllidar_ros2:/home/min/Workspace/scout_mini/install/slam_launch:/home/min/Workspace/scout_mini/install/scout_mini_nav2:/home/min/Workspace/scout_mini/install/scout_gazebo_sim:/home/min/Workspace/scout_mini/install/scout_description:/home/min/Workspace/scout_mini/install/scout_control:/home/min/Workspace/scout_mini/install/realsense2_description:/home/min/Workspace/scout_mini/install/realsense2_camera:/home/min/Workspace/scout_mini/install/realsense2_camera_msgs LD_LIBRARY_PATH=/home/min/Workspace/scout_mini/install/scout_msgs/lib:/usr/lib/x86_64-linux-gnu/gazebo-11/plugins:/opt/ros/humble/opt/rviz_ogre_vendor/lib:/opt/ros/humble/lib/x86_64-linux-gnu:/opt/ros/humble/lib:/home/min/Workspace/scout_mini/install/realsense2_camera/lib:/home/min/Workspace/scout_mini/install/realsense2_camera_msgs/lib /usr/bin/cmake --build /home/min/Workspace/scout_mini/build/scout_base -- -j8 -l8
[0.259s] Invoking command in '/home/min/Workspace/scout_mini/build/scout_base': CMAKE_PREFIX_PATH=/opt/ros/humble:/home/min/Workspace/scout_mini/install/scout_mini_tools:/home/min/Workspace/scout_mini/install/robot_control:/home/min/Workspace/scout_mini/install/ugv_sdk:/home/min/Workspace/scout_mini/install/scout_msgs:/home/min/Workspace/scout_mini/install/scout_base:/home/min/Workspace/scout_mini/install/sllidar_ros2:/home/min/Workspace/scout_mini/install/slam_launch:/home/min/Workspace/scout_mini/install/scout_mini_nav2:/home/min/Workspace/scout_mini/install/scout_gazebo_sim:/home/min/Workspace/scout_mini/install/scout_description:/home/min/Workspace/scout_mini/install/scout_control:/home/min/Workspace/scout_mini/install/realsense2_description:/home/min/Workspace/scout_mini/install/realsense2_camera:/home/min/Workspace/scout_mini/install/realsense2_camera_msgs LD_LIBRARY_PATH=/home/min/Workspace/scout_mini/install/scout_msgs/lib:/usr/lib/x86_64-linux-gnu/gazebo-11/plugins:/opt/ros/humble/opt/rviz_ogre_vendor/lib:/opt/ros/humble/lib/x86_64-linux-gnu:/opt/ros/humble/lib:/home/min/Workspace/scout_mini/install/realsense2_camera/lib:/home/min/Workspace/scout_mini/install/realsense2_camera_msgs/lib /usr/bin/cmake --install /home/min/Workspace/scout_mini/build/scout_base
[0.271s] -- Install configuration: ""
[0.272s] -- Execute custom install script
[0.273s] -- Up-to-date symlink: /home/min/Workspace/scout_mini/install/scout_base/lib/scout_base/scout_base_node
[0.273s] -- Up-to-date symlink: /home/min/Workspace/scout_mini/install/scout_base/share/scout_base//launch/scout_base.launch.py
[0.274s] -- Up-to-date symlink: /home/min/Workspace/scout_mini/install/scout_base/share/scout_base//launch/scout_mini_base.launch.py
[0.277s] -- Up-to-date symlink: /home/min/Workspace/scout_mini/install/scout_base/share/scout_base//launch/scout_mini_omni_base.launch.py
[0.278s] -- Up-to-date symlink: /home/min/Workspace/scout_mini/install/scout_base/share/ament_index/resource_index/package_run_dependencies/scout_base
[0.278s] -- Up-to-date symlink: /home/min/Workspace/scout_mini/install/scout_base/share/ament_index/resource_index/parent_prefix_path/scout_base
[0.278s] -- Up-to-date symlink: /home/min/Workspace/scout_mini/install/scout_base/share/scout_base/environment/ament_prefix_path.sh
[0.278s] -- Up-to-date symlink: /home/min/Workspace/scout_mini/install/scout_base/share/scout_base/environment/ament_prefix_path.dsv
[0.278s] -- Up-to-date symlink: /home/min/Workspace/scout_mini/install/scout_base/share/scout_base/environment/path.sh
[0.278s] -- Up-to-date symlink: /home/min/Workspace/scout_mini/install/scout_base/share/scout_base/environment/path.dsv
[0.278s] -- Up-to-date symlink: /home/min/Workspace/scout_mini/install/scout_base/share/scout_base/local_setup.bash
[0.278s] -- Up-to-date symlink: /home/min/Workspace/scout_mini/install/scout_base/share/scout_base/local_setup.sh
[0.278s] -- Up-to-date symlink: /home/min/Workspace/scout_mini/install/scout_base/share/scout_base/local_setup.zsh
[0.278s] -- Up-to-date symlink: /home/min/Workspace/scout_mini/install/scout_base/share/scout_base/local_setup.dsv
[0.279s] -- Symlinking: /home/min/Workspace/scout_mini/install/scout_base/share/scout_base/package.dsv
[0.291s] -- Up-to-date symlink: /home/min/Workspace/scout_mini/install/scout_base/share/ament_index/resource_index/packages/scout_base
[0.291s] -- Up-to-date symlink: /home/min/Workspace/scout_mini/install/scout_base/share/scout_base/cmake/scout_baseConfig.cmake
[0.291s] -- Up-to-date symlink: /home/min/Workspace/scout_mini/install/scout_base/share/scout_base/cmake/scout_baseConfig-version.cmake
[0.291s] -- Up-to-date symlink: /home/min/Workspace/scout_mini/install/scout_base/share/scout_base/package.xml
[0.304s] Invoked command in '/home/min/Workspace/scout_mini/build/scout_base' returned '0': CMAKE_PREFIX_PATH=/opt/ros/humble:/home/min/Workspace/scout_mini/install/scout_mini_tools:/home/min/Workspace/scout_mini/install/robot_control:/home/min/Workspace/scout_mini/install/ugv_sdk:/home/min/Workspace/scout_mini/install/scout_msgs:/home/min/Workspace/scout_mini/install/scout_base:/home/min/Workspace/scout_mini/install/sllidar_ros2:/home/min/Workspace/scout_mini/install/slam_launch:/home/min/Workspace/scout_mini/install/scout_mini_nav2:/home/min/Workspace/scout_mini/install/scout_gazebo_sim:/home/min/Workspace/scout_mini/install/scout_description:/home/min/Workspace/scout_mini/install/scout_control:/home/min/Workspace/scout_mini/install/realsense2_description:/home/min/Workspace/scout_mini/install/realsense2_camera:/home/min/Workspace/scout_mini/install/realsense2_camera_msgs LD_LIBRARY_PATH=/home/min/Workspace/scout_mini/install/scout_msgs/lib:/usr/lib/x86_64-linux-gnu/gazebo-11/plugins:/opt/ros/humble/opt/rviz_ogre_vendor/lib:/opt/ros/humble/lib/x86_64-linux-gnu:/opt/ros/humble/lib:/home/min/Workspace/scout_mini/install/realsense2_camera/lib:/home/min/Workspace/scout_mini/install/realsense2_camera_msgs/lib /usr/bin/cmake --install /home/min/Workspace/scout_mini/build/scout_base
