[1.994s] Invoking command in '/home/min/Workspace/scout_mini/src/robot_control': PYTHONPATH=/home/min/Workspace/scout_mini/build/robot_control/prefix_override:/usr/lib/python3/dist-packages/colcon_core/task/python/colcon_distutils_commands:/home/min/Workspace/scout_mini/install/robot_control/lib/python3.10/site-packages: /usr/bin/python3 -W ignore:setup.py install is deprecated -W ignore:easy_install command is deprecated setup.py egg_info --egg-base ../../build/robot_control build --build-base /home/min/Workspace/scout_mini/build/robot_control/build install --record /home/min/Workspace/scout_mini/build/robot_control/install.log --single-version-externally-managed install_data
[2.205s] running egg_info
[2.206s] writing ../../build/robot_control/robot_control.egg-info/PKG-INFO
[2.244s] writing dependency_links to ../../build/robot_control/robot_control.egg-info/dependency_links.txt
[2.245s] writing entry points to ../../build/robot_control/robot_control.egg-info/entry_points.txt
[2.245s] writing requirements to ../../build/robot_control/robot_control.egg-info/requires.txt
[2.245s] writing top-level names to ../../build/robot_control/robot_control.egg-info/top_level.txt
[2.247s] reading manifest file '../../build/robot_control/robot_control.egg-info/SOURCES.txt'
[2.275s] writing manifest file '../../build/robot_control/robot_control.egg-info/SOURCES.txt'
[2.275s] running build
[2.275s] running build_py
[2.303s] copying robot_control/follower.py -> /home/min/Workspace/scout_mini/build/robot_control/build/lib/robot_control
[2.305s] running install
[2.306s] running install_lib
[2.310s] copying /home/min/Workspace/scout_mini/build/robot_control/build/lib/robot_control/follower.py -> /home/min/Workspace/scout_mini/install/robot_control/lib/python3.10/site-packages/robot_control
[2.314s] byte-compiling /home/min/Workspace/scout_mini/install/robot_control/lib/python3.10/site-packages/robot_control/follower.py to follower.cpython-310.pyc
[2.317s] running install_data
[2.319s] running install_egg_info
[2.327s] removing '/home/min/Workspace/scout_mini/install/robot_control/lib/python3.10/site-packages/robot_control-0.0.0-py3.10.egg-info' (and everything under it)
[2.328s] Copying ../../build/robot_control/robot_control.egg-info to /home/min/Workspace/scout_mini/install/robot_control/lib/python3.10/site-packages/robot_control-0.0.0-py3.10.egg-info
[2.347s] running install_scripts
[2.387s] Installing follower script to /home/min/Workspace/scout_mini/install/robot_control/lib/robot_control
[2.387s] Installing move_leader_robot script to /home/min/Workspace/scout_mini/install/robot_control/lib/robot_control
[2.388s] writing list of installed files to '/home/min/Workspace/scout_mini/build/robot_control/install.log'
[2.411s] Invoked command in '/home/min/Workspace/scout_mini/src/robot_control' returned '0': PYTHONPATH=/home/min/Workspace/scout_mini/build/robot_control/prefix_override:/usr/lib/python3/dist-packages/colcon_core/task/python/colcon_distutils_commands:/home/min/Workspace/scout_mini/install/robot_control/lib/python3.10/site-packages: /usr/bin/python3 -W ignore:setup.py install is deprecated -W ignore:easy_install command is deprecated setup.py egg_info --egg-base ../../build/robot_control build --build-base /home/min/Workspace/scout_mini/build/robot_control/build install --record /home/min/Workspace/scout_mini/build/robot_control/install.log --single-version-externally-managed install_data
