[0.049s] Invoking command in '/home/min/Workspace/scout_mini/build/scout_base': AMENT_PREFIX_PATH=/home/min/Workspace/scout_mini/install/scout_msgs:${AMENT_PREFIX_PATH} CMAKE_PREFIX_PATH=/opt/ros/humble:/home/min/Workspace/scout_mini/install/ugv_sdk:/home/min/Workspace/scout_mini/install/scout_msgs LD_LIBRARY_PATH=/home/min/Workspace/scout_mini/install/scout_msgs/lib:${LD_LIBRARY_PATH} PKG_CONFIG_PATH=/home/min/Workspace/scout_mini/install/ugv_sdk/lib/x86_64-linux-gnu/pkgconfig:/home/min/Workspace/scout_mini/install/ugv_sdk/lib/pkgconfig PYTHONPATH=/home/min/Workspace/scout_mini/install/scout_msgs/local/lib/python3.10/dist-packages:${PYTHONPATH} ROS_PACKAGE_PATH=/home/min/Workspace/scout_mini/install/ugv_sdk/share /usr/bin/cmake /home/min/Workspace/scout_mini/src/scout_ros2/scout_base -DAMENT_CMAKE_SYMLINK_INSTALL=1 -DCMAKE_INSTALL_PREFIX=/home/min/Workspace/scout_mini/install/scout_base
[0.182s] -- The C compiler identification is GNU 11.4.0
[0.251s] -- The CXX compiler identification is GNU 11.4.0
[0.260s] -- Detecting C compiler ABI info
[0.337s] -- Detecting C compiler ABI info - done
[0.351s] -- Check for working C compiler: /usr/bin/cc - skipped
[0.352s] -- Detecting C compile features
[0.352s] -- Detecting C compile features - done
[0.357s] -- Detecting CXX compiler ABI info
[0.447s] -- Detecting CXX compiler ABI info - done
[0.463s] -- Check for working CXX compiler: /usr/bin/c++ - skipped
[0.463s] -- Detecting CXX compile features
[0.464s] -- Detecting CXX compile features - done
[0.482s] -- Found ament_cmake: 1.3.12 (/opt/ros/humble/share/ament_cmake/cmake)
[0.656s] -- Found Python3: /usr/bin/python3 (found version "3.10.12") found components: Interpreter 
[0.757s] -- Override CMake install command with custom implementation using symlinks instead of copying resources
[0.792s] -- Found rclcpp: 16.0.15 (/opt/ros/humble/share/rclcpp/cmake)
[0.888s] -- Found rosidl_generator_c: 3.1.7 (/opt/ros/humble/share/rosidl_generator_c/cmake)
[0.894s] -- Found rosidl_adapter: 3.1.7 (/opt/ros/humble/share/rosidl_adapter/cmake)
[0.905s] -- Found rosidl_generator_cpp: 3.1.7 (/opt/ros/humble/share/rosidl_generator_cpp/cmake)
[0.920s] -- Using all available rosidl_typesupport_c: rosidl_typesupport_fastrtps_c;rosidl_typesupport_introspection_c
[0.939s] -- Using all available rosidl_typesupport_cpp: rosidl_typesupport_fastrtps_cpp;rosidl_typesupport_introspection_cpp
[0.991s] -- Found rmw_implementation_cmake: 6.1.2 (/opt/ros/humble/share/rmw_implementation_cmake/cmake)
[0.994s] -- Found rmw_cyclonedds_cpp: 1.3.4 (/opt/ros/humble/share/rmw_cyclonedds_cpp/cmake)
[1.020s] -- Using RMW implementation 'rmw_cyclonedds_cpp' as default
[1.030s] -- Looking for pthread.h
[1.111s] -- Looking for pthread.h - found
[1.112s] -- Performing Test CMAKE_HAVE_LIBC_PTHREAD
[1.198s] -- Performing Test CMAKE_HAVE_LIBC_PTHREAD - Success
[1.199s] -- Found Threads: TRUE  
[1.262s] -- Found geometry_msgs: 4.9.0 (/opt/ros/humble/share/geometry_msgs/cmake)
[1.294s] -- Found nav_msgs: 4.9.0 (/opt/ros/humble/share/nav_msgs/cmake)
[1.326s] -- Found sensor_msgs: 4.9.0 (/opt/ros/humble/share/sensor_msgs/cmake)
[1.392s] -- Found tf2: 0.25.16 (/opt/ros/humble/share/tf2/cmake)
[1.464s] -- Found tf2_ros: 0.25.16 (/opt/ros/humble/share/tf2_ros/cmake)
[1.806s] -- Found tf2_geometry_msgs: 0.25.16 (/opt/ros/humble/share/tf2_geometry_msgs/cmake)
[1.951s] -- Found eigen3_cmake_module: 0.1.1 (/opt/ros/humble/share/eigen3_cmake_module/cmake)
[1.955s] -- Found Eigen3: TRUE (found version "3.4.0") 
[1.956s] -- Ensuring Eigen3 include directory is part of orocos-kdl CMake target
[1.963s] -- Found scout_msgs: 0.1.0 (/home/min/Workspace/scout_mini/install/scout_msgs/share/scout_msgs/cmake)
[2.011s] -- Found ament_lint_auto: 0.12.14 (/opt/ros/humble/share/ament_lint_auto/cmake)
[2.168s] -- Configuring done
[2.276s] -- Generating done
[2.282s] -- Build files have been written to: /home/min/Workspace/scout_mini/build/scout_base
[2.295s] Invoked command in '/home/min/Workspace/scout_mini/build/scout_base' returned '0': AMENT_PREFIX_PATH=/home/min/Workspace/scout_mini/install/scout_msgs:${AMENT_PREFIX_PATH} CMAKE_PREFIX_PATH=/opt/ros/humble:/home/min/Workspace/scout_mini/install/ugv_sdk:/home/min/Workspace/scout_mini/install/scout_msgs LD_LIBRARY_PATH=/home/min/Workspace/scout_mini/install/scout_msgs/lib:${LD_LIBRARY_PATH} PKG_CONFIG_PATH=/home/min/Workspace/scout_mini/install/ugv_sdk/lib/x86_64-linux-gnu/pkgconfig:/home/min/Workspace/scout_mini/install/ugv_sdk/lib/pkgconfig PYTHONPATH=/home/min/Workspace/scout_mini/install/scout_msgs/local/lib/python3.10/dist-packages:${PYTHONPATH} ROS_PACKAGE_PATH=/home/min/Workspace/scout_mini/install/ugv_sdk/share /usr/bin/cmake /home/min/Workspace/scout_mini/src/scout_ros2/scout_base -DAMENT_CMAKE_SYMLINK_INSTALL=1 -DCMAKE_INSTALL_PREFIX=/home/min/Workspace/scout_mini/install/scout_base
[2.296s] Invoking command in '/home/min/Workspace/scout_mini/build/scout_base': AMENT_PREFIX_PATH=/home/min/Workspace/scout_mini/install/scout_msgs:${AMENT_PREFIX_PATH} CMAKE_PREFIX_PATH=/opt/ros/humble:/home/min/Workspace/scout_mini/install/ugv_sdk:/home/min/Workspace/scout_mini/install/scout_msgs LD_LIBRARY_PATH=/home/min/Workspace/scout_mini/install/scout_msgs/lib:${LD_LIBRARY_PATH} PKG_CONFIG_PATH=/home/min/Workspace/scout_mini/install/ugv_sdk/lib/x86_64-linux-gnu/pkgconfig:/home/min/Workspace/scout_mini/install/ugv_sdk/lib/pkgconfig PYTHONPATH=/home/min/Workspace/scout_mini/install/scout_msgs/local/lib/python3.10/dist-packages:${PYTHONPATH} ROS_PACKAGE_PATH=/home/min/Workspace/scout_mini/install/ugv_sdk/share /usr/bin/cmake --build /home/min/Workspace/scout_mini/build/scout_base -- -j8 -l8
[2.359s] [ 66%] [32mBuilding CXX object CMakeFiles/scout_base_node.dir/src/scout_base_ros.cpp.o[0m
[2.359s] [ 66%] [32mBuilding CXX object CMakeFiles/scout_base_node.dir/src/scout_base_node.cpp.o[0m
[2.946s] In file included from [01m[K/home/min/Workspace/scout_mini/src/scout_ros2/scout_base/include/scout_base/scout_messenger.hpp:21[m[K,
[2.947s]                  from [01m[K/home/min/Workspace/scout_mini/src/scout_ros2/scout_base/src/scout_base_ros.cpp:12[m[K:
[2.947s] [01m[K/opt/ros/humble/include/tf2_geometry_msgs/tf2_geometry_msgs/tf2_geometry_msgs.h:35:2:[m[K [01;35m[Kwarning: [m[K#warning This header is obsolete, please include tf2_geometry_msgs/tf2_geometry_msgs.hpp instead [[01;35m[K]8;;https://gcc.gnu.org/onlinedocs/gcc/Warning-Options.html#index-Wcpp-Wcpp]8;;[m[K]
[2.947s]    35 | #[01;35m[Kwarning[m[K This header is obsolete, please include tf2_geometry_msgs/tf2_geometry_msgs.hpp instead
[2.947s]       |  [01;35m[K^~~~~~~[m[K
[23.551s] [100%] [32m[1mLinking CXX executable scout_base_node[0m
[26.735s] [100%] Built target scout_base_node
[26.776s] Invoked command in '/home/min/Workspace/scout_mini/build/scout_base' returned '0': AMENT_PREFIX_PATH=/home/min/Workspace/scout_mini/install/scout_msgs:${AMENT_PREFIX_PATH} CMAKE_PREFIX_PATH=/opt/ros/humble:/home/min/Workspace/scout_mini/install/ugv_sdk:/home/min/Workspace/scout_mini/install/scout_msgs LD_LIBRARY_PATH=/home/min/Workspace/scout_mini/install/scout_msgs/lib:${LD_LIBRARY_PATH} PKG_CONFIG_PATH=/home/min/Workspace/scout_mini/install/ugv_sdk/lib/x86_64-linux-gnu/pkgconfig:/home/min/Workspace/scout_mini/install/ugv_sdk/lib/pkgconfig PYTHONPATH=/home/min/Workspace/scout_mini/install/scout_msgs/local/lib/python3.10/dist-packages:${PYTHONPATH} ROS_PACKAGE_PATH=/home/min/Workspace/scout_mini/install/ugv_sdk/share /usr/bin/cmake --build /home/min/Workspace/scout_mini/build/scout_base -- -j8 -l8
[26.788s] Invoking command in '/home/min/Workspace/scout_mini/build/scout_base': AMENT_PREFIX_PATH=/home/min/Workspace/scout_mini/install/scout_msgs:${AMENT_PREFIX_PATH} CMAKE_PREFIX_PATH=/opt/ros/humble:/home/min/Workspace/scout_mini/install/ugv_sdk:/home/min/Workspace/scout_mini/install/scout_msgs LD_LIBRARY_PATH=/home/min/Workspace/scout_mini/install/scout_msgs/lib:${LD_LIBRARY_PATH} PKG_CONFIG_PATH=/home/min/Workspace/scout_mini/install/ugv_sdk/lib/x86_64-linux-gnu/pkgconfig:/home/min/Workspace/scout_mini/install/ugv_sdk/lib/pkgconfig PYTHONPATH=/home/min/Workspace/scout_mini/install/scout_msgs/local/lib/python3.10/dist-packages:${PYTHONPATH} ROS_PACKAGE_PATH=/home/min/Workspace/scout_mini/install/ugv_sdk/share /usr/bin/cmake --install /home/min/Workspace/scout_mini/build/scout_base
[26.812s] -- Install configuration: ""
[26.812s] -- Execute custom install script
[26.814s] -- Symlinking: /home/min/Workspace/scout_mini/install/scout_base/lib/scout_base/scout_base_node
[26.955s] -- Symlinking: /home/min/Workspace/scout_mini/install/scout_base/share/scout_base//launch/scout_base.launch.py
[26.985s] -- Symlinking: /home/min/Workspace/scout_mini/install/scout_base/share/scout_base//launch/scout_mini_base.launch.py
[27.001s] -- Symlinking: /home/min/Workspace/scout_mini/install/scout_base/share/scout_base//launch/scout_mini_omni_base.launch.py
[27.034s] -- Symlinking: /home/min/Workspace/scout_mini/install/scout_base/share/ament_index/resource_index/package_run_dependencies/scout_base
[27.062s] -- Symlinking: /home/min/Workspace/scout_mini/install/scout_base/share/ament_index/resource_index/parent_prefix_path/scout_base
[27.077s] -- Symlinking: /home/min/Workspace/scout_mini/install/scout_base/share/scout_base/environment/ament_prefix_path.sh
[27.091s] -- Symlinking: /home/min/Workspace/scout_mini/install/scout_base/share/scout_base/environment/ament_prefix_path.dsv
[27.107s] -- Symlinking: /home/min/Workspace/scout_mini/install/scout_base/share/scout_base/environment/path.sh
[27.125s] -- Symlinking: /home/min/Workspace/scout_mini/install/scout_base/share/scout_base/environment/path.dsv
[27.140s] -- Symlinking: /home/min/Workspace/scout_mini/install/scout_base/share/scout_base/local_setup.bash
[27.156s] -- Symlinking: /home/min/Workspace/scout_mini/install/scout_base/share/scout_base/local_setup.sh
[27.171s] -- Symlinking: /home/min/Workspace/scout_mini/install/scout_base/share/scout_base/local_setup.zsh
[27.192s] -- Symlinking: /home/min/Workspace/scout_mini/install/scout_base/share/scout_base/local_setup.dsv
[27.217s] -- Symlinking: /home/min/Workspace/scout_mini/install/scout_base/share/scout_base/package.dsv
[27.230s] -- Symlinking: /home/min/Workspace/scout_mini/install/scout_base/share/ament_index/resource_index/packages/scout_base
[27.250s] -- Symlinking: /home/min/Workspace/scout_mini/install/scout_base/share/scout_base/cmake/scout_baseConfig.cmake
[27.272s] -- Symlinking: /home/min/Workspace/scout_mini/install/scout_base/share/scout_base/cmake/scout_baseConfig-version.cmake
[27.289s] -- Symlinking: /home/min/Workspace/scout_mini/install/scout_base/share/scout_base/package.xml
[27.309s] Invoked command in '/home/min/Workspace/scout_mini/build/scout_base' returned '0': AMENT_PREFIX_PATH=/home/min/Workspace/scout_mini/install/scout_msgs:${AMENT_PREFIX_PATH} CMAKE_PREFIX_PATH=/opt/ros/humble:/home/min/Workspace/scout_mini/install/ugv_sdk:/home/min/Workspace/scout_mini/install/scout_msgs LD_LIBRARY_PATH=/home/min/Workspace/scout_mini/install/scout_msgs/lib:${LD_LIBRARY_PATH} PKG_CONFIG_PATH=/home/min/Workspace/scout_mini/install/ugv_sdk/lib/x86_64-linux-gnu/pkgconfig:/home/min/Workspace/scout_mini/install/ugv_sdk/lib/pkgconfig PYTHONPATH=/home/min/Workspace/scout_mini/install/scout_msgs/local/lib/python3.10/dist-packages:${PYTHONPATH} ROS_PACKAGE_PATH=/home/min/Workspace/scout_mini/install/ugv_sdk/share /usr/bin/cmake --install /home/min/Workspace/scout_mini/build/scout_base
