[0.129s] Invoking command in '/home/min/Workspace/scout_mini/build/ugv_sdk': /usr/bin/cmake --build /home/min/Workspace/scout_mini/build/ugv_sdk -- -j8 -l8
[0.697s] [ 44%] Built target ugv_sdk
[0.697s] [ 51%] Built target demo_scout_robot
[0.697s] [ 58%] Built target demo_scout_mini_omni_robot
[0.697s] [ 65%] Built target demo_bunker_robot
[0.697s] [ 72%] Built target demo_hunter_robot
[0.698s] [ 79%] Built target demo_tracer_robot
[0.698s] [ 86%] Built target demo_protocol_detector
[0.698s] [ 93%] Built target demo_robot_version
[0.698s] [100%] Built target demo_ranger_robot
[0.972s] Invoked command in '/home/min/Workspace/scout_mini/build/ugv_sdk' returned '0': /usr/bin/cmake --build /home/min/Workspace/scout_mini/build/ugv_sdk -- -j8 -l8
[0.983s] Invoking command in '/home/min/Workspace/scout_mini/build/ugv_sdk': /usr/bin/cmake --install /home/min/Workspace/scout_mini/build/ugv_sdk
[0.993s] -- Install configuration: "Release"
[0.993s] -- Up-to-date: /home/min/Workspace/scout_mini/install/ugv_sdk/lib/libugv_sdk.a
[0.994s] -- Up-to-date: /home/min/Workspace/scout_mini/install/ugv_sdk/include/ugv_sdk
[0.994s] -- Up-to-date: /home/min/Workspace/scout_mini/install/ugv_sdk/include/ugv_sdk/mobile_robot
[0.994s] -- Up-to-date: /home/min/Workspace/scout_mini/install/ugv_sdk/include/ugv_sdk/mobile_robot/hunter_robot.hpp
[0.994s] -- Up-to-date: /home/min/Workspace/scout_mini/install/ugv_sdk/include/ugv_sdk/mobile_robot/ranger_robot.hpp
[0.994s] -- Up-to-date: /home/min/Workspace/scout_mini/install/ugv_sdk/include/ugv_sdk/mobile_robot/scout_robot.hpp
[0.994s] -- Up-to-date: /home/min/Workspace/scout_mini/install/ugv_sdk/include/ugv_sdk/mobile_robot/bunker_robot.hpp
[0.994s] -- Up-to-date: /home/min/Workspace/scout_mini/install/ugv_sdk/include/ugv_sdk/mobile_robot/titan_robot.hpp
[0.995s] -- Up-to-date: /home/min/Workspace/scout_mini/install/ugv_sdk/include/ugv_sdk/mobile_robot/tracer_robot.hpp
[0.995s] -- Up-to-date: /home/min/Workspace/scout_mini/install/ugv_sdk/include/ugv_sdk/details
[0.995s] -- Up-to-date: /home/min/Workspace/scout_mini/install/ugv_sdk/include/ugv_sdk/details/interface
[0.995s] -- Up-to-date: /home/min/Workspace/scout_mini/install/ugv_sdk/include/ugv_sdk/details/interface/scout_interface.hpp
[0.995s] -- Up-to-date: /home/min/Workspace/scout_mini/install/ugv_sdk/include/ugv_sdk/details/interface/tracer_interface.hpp
[0.995s] -- Up-to-date: /home/min/Workspace/scout_mini/install/ugv_sdk/include/ugv_sdk/details/interface/titan_interface.hpp
[0.995s] -- Up-to-date: /home/min/Workspace/scout_mini/install/ugv_sdk/include/ugv_sdk/details/interface/bunker_interface.hpp
[0.995s] -- Up-to-date: /home/min/Workspace/scout_mini/install/ugv_sdk/include/ugv_sdk/details/interface/agilex_types.h
[0.996s] -- Up-to-date: /home/min/Workspace/scout_mini/install/ugv_sdk/include/ugv_sdk/details/interface/hunter_interface.hpp
[0.996s] -- Up-to-date: /home/min/Workspace/scout_mini/install/ugv_sdk/include/ugv_sdk/details/interface/robot_common_interface.hpp
[0.996s] -- Up-to-date: /home/min/Workspace/scout_mini/install/ugv_sdk/include/ugv_sdk/details/interface/agilex_message.h
[0.996s] -- Up-to-date: /home/min/Workspace/scout_mini/install/ugv_sdk/include/ugv_sdk/details/interface/ranger_interface.hpp
[0.997s] -- Up-to-date: /home/min/Workspace/scout_mini/install/ugv_sdk/include/ugv_sdk/details/robot_base
[0.997s] -- Up-to-date: /home/min/Workspace/scout_mini/install/ugv_sdk/include/ugv_sdk/details/robot_base/scout_base.hpp
[0.997s] -- Up-to-date: /home/min/Workspace/scout_mini/install/ugv_sdk/include/ugv_sdk/details/robot_base/agilex_base.hpp
[0.997s] -- Up-to-date: /home/min/Workspace/scout_mini/install/ugv_sdk/include/ugv_sdk/details/robot_base/titan_base.hpp
[0.997s] -- Up-to-date: /home/min/Workspace/scout_mini/install/ugv_sdk/include/ugv_sdk/details/robot_base/tracer_base.hpp
[0.998s] -- Up-to-date: /home/min/Workspace/scout_mini/install/ugv_sdk/include/ugv_sdk/details/robot_base/hunter_base.hpp
[0.998s] -- Up-to-date: /home/min/Workspace/scout_mini/install/ugv_sdk/include/ugv_sdk/details/robot_base/bunker_base.hpp
[0.998s] -- Up-to-date: /home/min/Workspace/scout_mini/install/ugv_sdk/include/ugv_sdk/details/robot_base/ranger_base.hpp
[0.999s] -- Up-to-date: /home/min/Workspace/scout_mini/install/ugv_sdk/include/ugv_sdk/details/protocol_v1
[0.999s] -- Up-to-date: /home/min/Workspace/scout_mini/install/ugv_sdk/include/ugv_sdk/details/protocol_v1/protocol_v1_parser.hpp
[1.000s] -- Up-to-date: /home/min/Workspace/scout_mini/install/ugv_sdk/include/ugv_sdk/details/protocol_v1/robot_limits.hpp
[1.000s] -- Up-to-date: /home/min/Workspace/scout_mini/install/ugv_sdk/include/ugv_sdk/details/protocol_v1/agilex_msg_parser_v1.h
[1.000s] -- Up-to-date: /home/min/Workspace/scout_mini/install/ugv_sdk/include/ugv_sdk/details/protocol_v2
[1.000s] -- Up-to-date: /home/min/Workspace/scout_mini/install/ugv_sdk/include/ugv_sdk/details/protocol_v2/protocol_v2_parser.hpp
[1.001s] -- Up-to-date: /home/min/Workspace/scout_mini/install/ugv_sdk/include/ugv_sdk/details/parser_base.hpp
[1.001s] -- Up-to-date: /home/min/Workspace/scout_mini/install/ugv_sdk/include/ugv_sdk/details/async_port
[1.001s] -- Up-to-date: /home/min/Workspace/scout_mini/install/ugv_sdk/include/ugv_sdk/details/async_port/async_serial.hpp
[1.001s] -- Up-to-date: /home/min/Workspace/scout_mini/install/ugv_sdk/include/ugv_sdk/details/async_port/async_can.hpp
[1.001s] -- Up-to-date: /home/min/Workspace/scout_mini/install/ugv_sdk/include/ugv_sdk/details/async_port/ring_buffer.hpp
[1.002s] -- Up-to-date: /home/min/Workspace/scout_mini/install/ugv_sdk/include/ugv_sdk/utilities
[1.002s] -- Up-to-date: /home/min/Workspace/scout_mini/install/ugv_sdk/include/ugv_sdk/utilities/protocol_detector.hpp
[1.003s] -- Up-to-date: /home/min/Workspace/scout_mini/install/ugv_sdk/lib/cmake/ugv_sdk/ugv_sdkTargets.cmake
[1.003s] -- Up-to-date: /home/min/Workspace/scout_mini/install/ugv_sdk/lib/cmake/ugv_sdk/ugv_sdkTargets-release.cmake
[1.003s] -- Up-to-date: /home/min/Workspace/scout_mini/install/ugv_sdk/lib/cmake/ugv_sdk/ugv_sdkConfig.cmake
[1.003s] -- Up-to-date: /home/min/Workspace/scout_mini/install/ugv_sdk/lib/cmake/ugv_sdk/ugv_sdkConfigVersion.cmake
[1.050s] Invoked command in '/home/min/Workspace/scout_mini/build/ugv_sdk' returned '0': /usr/bin/cmake --install /home/min/Workspace/scout_mini/build/ugv_sdk
