[0.275s] Invoking command in '/home/min/Workspace/scout_mini/build/sllidar_ros2': CMAKE_PREFIX_PATH=/home/min/Workspace/scout_mini/install/scout_base:/home/min/Workspace/scout_mini/install/scout_mini_tools:/home/min/Workspace/scout_mini/install/robot_control:/opt/ros/humble:/home/min/Workspace/scout_mini/install/ugv_sdk:/home/min/Workspace/scout_mini/install/sllidar_ros2:/home/min/Workspace/scout_mini/install/slam_launch:/home/min/Workspace/scout_mini/install/scout_msgs:/home/min/Workspace/scout_mini/install/scout_mini_nav2:/home/min/Workspace/scout_mini/install/scout_gazebo_sim:/home/min/Workspace/scout_mini/install/scout_description:/home/min/Workspace/scout_mini/install/scout_control:/home/min/Workspace/scout_mini/install/realsense2_description:/home/min/Workspace/scout_mini/install/realsense2_camera:/home/min/Workspace/scout_mini/install/realsense2_camera_msgs /usr/bin/cmake --build /home/min/Workspace/scout_mini/build/sllidar_ros2 -- -j8 -l8
[0.869s] [ 10%] Built target sllidar_client
[1.132s] [100%] Built target sllidar_node
[1.189s] Invoked command in '/home/min/Workspace/scout_mini/build/sllidar_ros2' returned '0': CMAKE_PREFIX_PATH=/home/min/Workspace/scout_mini/install/scout_base:/home/min/Workspace/scout_mini/install/scout_mini_tools:/home/min/Workspace/scout_mini/install/robot_control:/opt/ros/humble:/home/min/Workspace/scout_mini/install/ugv_sdk:/home/min/Workspace/scout_mini/install/sllidar_ros2:/home/min/Workspace/scout_mini/install/slam_launch:/home/min/Workspace/scout_mini/install/scout_msgs:/home/min/Workspace/scout_mini/install/scout_mini_nav2:/home/min/Workspace/scout_mini/install/scout_gazebo_sim:/home/min/Workspace/scout_mini/install/scout_description:/home/min/Workspace/scout_mini/install/scout_control:/home/min/Workspace/scout_mini/install/realsense2_description:/home/min/Workspace/scout_mini/install/realsense2_camera:/home/min/Workspace/scout_mini/install/realsense2_camera_msgs /usr/bin/cmake --build /home/min/Workspace/scout_mini/build/sllidar_ros2 -- -j8 -l8
[1.204s] Invoking command in '/home/min/Workspace/scout_mini/build/sllidar_ros2': CMAKE_PREFIX_PATH=/home/min/Workspace/scout_mini/install/scout_base:/home/min/Workspace/scout_mini/install/scout_mini_tools:/home/min/Workspace/scout_mini/install/robot_control:/opt/ros/humble:/home/min/Workspace/scout_mini/install/ugv_sdk:/home/min/Workspace/scout_mini/install/sllidar_ros2:/home/min/Workspace/scout_mini/install/slam_launch:/home/min/Workspace/scout_mini/install/scout_msgs:/home/min/Workspace/scout_mini/install/scout_mini_nav2:/home/min/Workspace/scout_mini/install/scout_gazebo_sim:/home/min/Workspace/scout_mini/install/scout_description:/home/min/Workspace/scout_mini/install/scout_control:/home/min/Workspace/scout_mini/install/realsense2_description:/home/min/Workspace/scout_mini/install/realsense2_camera:/home/min/Workspace/scout_mini/install/realsense2_camera_msgs /usr/bin/cmake --install /home/min/Workspace/scout_mini/build/sllidar_ros2
[1.224s] -- Install configuration: ""
[1.226s] -- Execute custom install script
[1.244s] -- Up-to-date symlink: /home/min/Workspace/scout_mini/install/sllidar_ros2/share/sllidar_ros2/launch/sllidar_a1_launch.py
[1.245s] -- Up-to-date symlink: /home/min/Workspace/scout_mini/install/sllidar_ros2/share/sllidar_ros2/launch/sllidar_a2m12_launch .py
[1.246s] -- Up-to-date symlink: /home/min/Workspace/scout_mini/install/sllidar_ros2/share/sllidar_ros2/launch/sllidar_a2m7_launch.py
[1.248s] -- Up-to-date symlink: /home/min/Workspace/scout_mini/install/sllidar_ros2/share/sllidar_ros2/launch/sllidar_a2m8_launch.py
[1.249s] -- Up-to-date symlink: /home/min/Workspace/scout_mini/install/sllidar_ros2/share/sllidar_ros2/launch/sllidar_a3_launch.py
[1.250s] -- Up-to-date symlink: /home/min/Workspace/scout_mini/install/sllidar_ros2/share/sllidar_ros2/launch/sllidar_c1_launch.py
[1.251s] -- Up-to-date symlink: /home/min/Workspace/scout_mini/install/sllidar_ros2/share/sllidar_ros2/launch/sllidar_s1_launch.py
[1.252s] -- Up-to-date symlink: /home/min/Workspace/scout_mini/install/sllidar_ros2/share/sllidar_ros2/launch/sllidar_s1_tcp_launch.py
[1.253s] -- Up-to-date symlink: /home/min/Workspace/scout_mini/install/sllidar_ros2/share/sllidar_ros2/launch/sllidar_s2_launch.py
[1.255s] -- Up-to-date symlink: /home/min/Workspace/scout_mini/install/sllidar_ros2/share/sllidar_ros2/launch/sllidar_s2e_launch.py
[1.256s] -- Up-to-date symlink: /home/min/Workspace/scout_mini/install/sllidar_ros2/share/sllidar_ros2/launch/sllidar_s3_launch.py
[1.257s] -- Up-to-date symlink: /home/min/Workspace/scout_mini/install/sllidar_ros2/share/sllidar_ros2/launch/sllidar_t1_launch.py
[1.258s] -- Up-to-date symlink: /home/min/Workspace/scout_mini/install/sllidar_ros2/share/sllidar_ros2/launch/view_sllidar_a1_launch.py
[1.259s] -- Up-to-date symlink: /home/min/Workspace/scout_mini/install/sllidar_ros2/share/sllidar_ros2/launch/view_sllidar_a2m12_launch.py
[1.260s] -- Up-to-date symlink: /home/min/Workspace/scout_mini/install/sllidar_ros2/share/sllidar_ros2/launch/view_sllidar_a2m7_launch.py
[1.261s] -- Up-to-date symlink: /home/min/Workspace/scout_mini/install/sllidar_ros2/share/sllidar_ros2/launch/view_sllidar_a2m8_launch.py
[1.262s] -- Up-to-date symlink: /home/min/Workspace/scout_mini/install/sllidar_ros2/share/sllidar_ros2/launch/view_sllidar_a3_launch.py
[1.263s] -- Up-to-date symlink: /home/min/Workspace/scout_mini/install/sllidar_ros2/share/sllidar_ros2/launch/view_sllidar_c1_launch.py
[1.264s] -- Up-to-date symlink: /home/min/Workspace/scout_mini/install/sllidar_ros2/share/sllidar_ros2/launch/view_sllidar_s1_launch.py
[1.265s] -- Up-to-date symlink: /home/min/Workspace/scout_mini/install/sllidar_ros2/share/sllidar_ros2/launch/view_sllidar_s1_tcp_launch.py
[1.266s] -- Up-to-date symlink: /home/min/Workspace/scout_mini/install/sllidar_ros2/share/sllidar_ros2/launch/view_sllidar_s2_launch.py
[1.267s] -- Up-to-date symlink: /home/min/Workspace/scout_mini/install/sllidar_ros2/share/sllidar_ros2/launch/view_sllidar_s2e_launch.py
[1.268s] -- Up-to-date symlink: /home/min/Workspace/scout_mini/install/sllidar_ros2/share/sllidar_ros2/launch/view_sllidar_s3_launch.py
[1.269s] -- Up-to-date symlink: /home/min/Workspace/scout_mini/install/sllidar_ros2/share/sllidar_ros2/launch/view_sllidar_t1_launch.py
[1.272s] -- Up-to-date symlink: /home/min/Workspace/scout_mini/install/sllidar_ros2/share/sllidar_ros2/rviz/sllidar_ros2.rviz
[1.276s] -- Up-to-date symlink: /home/min/Workspace/scout_mini/install/sllidar_ros2/lib/sllidar_ros2/sllidar_node
[1.278s] -- Up-to-date symlink: /home/min/Workspace/scout_mini/install/sllidar_ros2/lib/sllidar_ros2/sllidar_client
[1.278s] -- Up-to-date symlink: /home/min/Workspace/scout_mini/install/sllidar_ros2/share/ament_index/resource_index/package_run_dependencies/sllidar_ros2
[1.289s] -- Up-to-date symlink: /home/min/Workspace/scout_mini/install/sllidar_ros2/share/ament_index/resource_index/parent_prefix_path/sllidar_ros2
[1.290s] -- Up-to-date symlink: /home/min/Workspace/scout_mini/install/sllidar_ros2/share/sllidar_ros2/environment/ament_prefix_path.sh
[1.290s] -- Up-to-date symlink: /home/min/Workspace/scout_mini/install/sllidar_ros2/share/sllidar_ros2/environment/ament_prefix_path.dsv
[1.291s] -- Up-to-date symlink: /home/min/Workspace/scout_mini/install/sllidar_ros2/share/sllidar_ros2/environment/path.sh
[1.292s] -- Up-to-date symlink: /home/min/Workspace/scout_mini/install/sllidar_ros2/share/sllidar_ros2/environment/path.dsv
[1.293s] -- Up-to-date symlink: /home/min/Workspace/scout_mini/install/sllidar_ros2/share/sllidar_ros2/local_setup.bash
[1.293s] -- Up-to-date symlink: /home/min/Workspace/scout_mini/install/sllidar_ros2/share/sllidar_ros2/local_setup.sh
[1.294s] -- Up-to-date symlink: /home/min/Workspace/scout_mini/install/sllidar_ros2/share/sllidar_ros2/local_setup.zsh
[1.294s] -- Up-to-date symlink: /home/min/Workspace/scout_mini/install/sllidar_ros2/share/sllidar_ros2/local_setup.dsv
[1.295s] -- Symlinking: /home/min/Workspace/scout_mini/install/sllidar_ros2/share/sllidar_ros2/package.dsv
[1.311s] -- Up-to-date symlink: /home/min/Workspace/scout_mini/install/sllidar_ros2/share/ament_index/resource_index/packages/sllidar_ros2
[1.313s] -- Up-to-date symlink: /home/min/Workspace/scout_mini/install/sllidar_ros2/share/sllidar_ros2/cmake/ament_cmake_export_dependencies-extras.cmake
[1.314s] -- Up-to-date symlink: /home/min/Workspace/scout_mini/install/sllidar_ros2/share/sllidar_ros2/cmake/ament_cmake_export_include_directories-extras.cmake
[1.315s] -- Up-to-date symlink: /home/min/Workspace/scout_mini/install/sllidar_ros2/share/sllidar_ros2/cmake/sllidar_ros2Config.cmake
[1.316s] -- Up-to-date symlink: /home/min/Workspace/scout_mini/install/sllidar_ros2/share/sllidar_ros2/cmake/sllidar_ros2Config-version.cmake
[1.316s] -- Up-to-date symlink: /home/min/Workspace/scout_mini/install/sllidar_ros2/share/sllidar_ros2/package.xml
[1.320s] Invoked command in '/home/min/Workspace/scout_mini/build/sllidar_ros2' returned '0': CMAKE_PREFIX_PATH=/home/min/Workspace/scout_mini/install/scout_base:/home/min/Workspace/scout_mini/install/scout_mini_tools:/home/min/Workspace/scout_mini/install/robot_control:/opt/ros/humble:/home/min/Workspace/scout_mini/install/ugv_sdk:/home/min/Workspace/scout_mini/install/sllidar_ros2:/home/min/Workspace/scout_mini/install/slam_launch:/home/min/Workspace/scout_mini/install/scout_msgs:/home/min/Workspace/scout_mini/install/scout_mini_nav2:/home/min/Workspace/scout_mini/install/scout_gazebo_sim:/home/min/Workspace/scout_mini/install/scout_description:/home/min/Workspace/scout_mini/install/scout_control:/home/min/Workspace/scout_mini/install/realsense2_description:/home/min/Workspace/scout_mini/install/realsense2_camera:/home/min/Workspace/scout_mini/install/realsense2_camera_msgs /usr/bin/cmake --install /home/min/Workspace/scout_mini/build/sllidar_ros2
