[0.415s] Invoking command in '/home/min/Workspace/scout_mini/build/scout_mini_nav2': /usr/bin/cmake --build /home/min/Workspace/scout_mini/build/scout_mini_nav2 -- -j8 -l8
[0.658s] Invoked command in '/home/min/Workspace/scout_mini/build/scout_mini_nav2' returned '0': /usr/bin/cmake --build /home/min/Workspace/scout_mini/build/scout_mini_nav2 -- -j8 -l8
[0.660s] Invoking command in '/home/min/Workspace/scout_mini/build/scout_mini_nav2': /usr/bin/cmake --install /home/min/Workspace/scout_mini/build/scout_mini_nav2
[0.703s] -- Install configuration: ""
[0.704s] -- Execute custom install script
[0.705s] -- Up-to-date symlink: /home/min/Workspace/scout_mini/install/scout_mini_nav2/share/scout_mini_nav2/launch/localization_launch.py
[0.705s] -- Up-to-date symlink: /home/min/Workspace/scout_mini/install/scout_mini_nav2/share/scout_mini_nav2/launch/localization_only_launch.xml
[0.705s] -- Up-to-date symlink: /home/min/Workspace/scout_mini/install/scout_mini_nav2/share/scout_mini_nav2/launch/nav2_view.launch.xml
[0.705s] -- Up-to-date symlink: /home/min/Workspace/scout_mini/install/scout_mini_nav2/share/scout_mini_nav2/params/amcl_params.yaml
[0.705s] -- Up-to-date symlink: /home/min/Workspace/scout_mini/install/scout_mini_nav2/share/scout_mini_nav2/floor5_test1.yaml
[0.705s] -- Up-to-date symlink: /home/min/Workspace/scout_mini/install/scout_mini_nav2/share/scout_mini_nav2/floor5_test1.pgm
[0.705s] -- Up-to-date symlink: /home/min/Workspace/scout_mini/install/scout_mini_nav2/share/scout_mini_nav2/floor5_test2.yaml
[0.706s] -- Up-to-date symlink: /home/min/Workspace/scout_mini/install/scout_mini_nav2/share/scout_mini_nav2/floor5_test2.pgm
[0.706s] -- Up-to-date symlink: /home/min/Workspace/scout_mini/install/scout_mini_nav2/share/ament_index/resource_index/package_run_dependencies/scout_mini_nav2
[0.706s] -- Up-to-date symlink: /home/min/Workspace/scout_mini/install/scout_mini_nav2/share/ament_index/resource_index/parent_prefix_path/scout_mini_nav2
[0.706s] -- Up-to-date symlink: /home/min/Workspace/scout_mini/install/scout_mini_nav2/share/scout_mini_nav2/environment/ament_prefix_path.sh
[0.706s] -- Up-to-date symlink: /home/min/Workspace/scout_mini/install/scout_mini_nav2/share/scout_mini_nav2/environment/ament_prefix_path.dsv
[0.706s] -- Up-to-date symlink: /home/min/Workspace/scout_mini/install/scout_mini_nav2/share/scout_mini_nav2/environment/path.sh
[0.707s] -- Up-to-date symlink: /home/min/Workspace/scout_mini/install/scout_mini_nav2/share/scout_mini_nav2/environment/path.dsv
[0.707s] -- Up-to-date symlink: /home/min/Workspace/scout_mini/install/scout_mini_nav2/share/scout_mini_nav2/local_setup.bash
[0.707s] -- Up-to-date symlink: /home/min/Workspace/scout_mini/install/scout_mini_nav2/share/scout_mini_nav2/local_setup.sh
[0.707s] -- Up-to-date symlink: /home/min/Workspace/scout_mini/install/scout_mini_nav2/share/scout_mini_nav2/local_setup.zsh
[0.707s] -- Up-to-date symlink: /home/min/Workspace/scout_mini/install/scout_mini_nav2/share/scout_mini_nav2/local_setup.dsv
[0.707s] -- Symlinking: /home/min/Workspace/scout_mini/install/scout_mini_nav2/share/scout_mini_nav2/package.dsv
[0.731s] -- Up-to-date symlink: /home/min/Workspace/scout_mini/install/scout_mini_nav2/share/ament_index/resource_index/packages/scout_mini_nav2
[0.732s] -- Up-to-date symlink: /home/min/Workspace/scout_mini/install/scout_mini_nav2/share/scout_mini_nav2/cmake/scout_mini_nav2Config.cmake
[0.733s] -- Up-to-date symlink: /home/min/Workspace/scout_mini/install/scout_mini_nav2/share/scout_mini_nav2/cmake/scout_mini_nav2Config-version.cmake
[0.737s] -- Up-to-date symlink: /home/min/Workspace/scout_mini/install/scout_mini_nav2/share/scout_mini_nav2/package.xml
[0.805s] Invoked command in '/home/min/Workspace/scout_mini/build/scout_mini_nav2' returned '0': /usr/bin/cmake --install /home/min/Workspace/scout_mini/build/scout_mini_nav2
