[0.611s] Invoking command in '/home/min/Workspace/scout_mini/src/robot_control': PYTHONPATH=/home/min/Workspace/scout_mini/build/robot_control/prefix_override:/usr/lib/python3/dist-packages/colcon_core/task/python/colcon_distutils_commands:/home/min/Workspace/scout_mini/install/robot_control/lib/python3.10/site-packages:${PYTHONPATH} /usr/bin/python3 -W ignore:setup.py install is deprecated -W ignore:easy_install command is deprecated setup.py egg_info --egg-base ../../build/robot_control build --build-base /home/min/Workspace/scout_mini/build/robot_control/build install --record /home/min/Workspace/scout_mini/build/robot_control/install.log --single-version-externally-managed install_data
[0.837s] running egg_info
[0.838s] writing ../../build/robot_control/robot_control.egg-info/PKG-INFO
[0.838s] writing dependency_links to ../../build/robot_control/robot_control.egg-info/dependency_links.txt
[0.838s] writing entry points to ../../build/robot_control/robot_control.egg-info/entry_points.txt
[0.839s] writing requirements to ../../build/robot_control/robot_control.egg-info/requires.txt
[0.839s] writing top-level names to ../../build/robot_control/robot_control.egg-info/top_level.txt
[0.841s] reading manifest file '../../build/robot_control/robot_control.egg-info/SOURCES.txt'
[0.842s] writing manifest file '../../build/robot_control/robot_control.egg-info/SOURCES.txt'
[0.843s] running build
[0.843s] running build_py
[0.843s] running install
[0.843s] running install_lib
[0.845s] running install_data
[0.845s] running install_egg_info
[0.847s] removing '/home/min/Workspace/scout_mini/install/robot_control/lib/python3.10/site-packages/robot_control-0.0.0-py3.10.egg-info' (and everything under it)
[0.848s] Copying ../../build/robot_control/robot_control.egg-info to /home/min/Workspace/scout_mini/install/robot_control/lib/python3.10/site-packages/robot_control-0.0.0-py3.10.egg-info
[0.849s] running install_scripts
[0.869s] Installing move_two_robots script to /home/min/Workspace/scout_mini/install/robot_control/lib/robot_control
[0.869s] writing list of installed files to '/home/min/Workspace/scout_mini/build/robot_control/install.log'
[0.893s] Invoked command in '/home/min/Workspace/scout_mini/src/robot_control' returned '0': PYTHONPATH=/home/min/Workspace/scout_mini/build/robot_control/prefix_override:/usr/lib/python3/dist-packages/colcon_core/task/python/colcon_distutils_commands:/home/min/Workspace/scout_mini/install/robot_control/lib/python3.10/site-packages:${PYTHONPATH} /usr/bin/python3 -W ignore:setup.py install is deprecated -W ignore:easy_install command is deprecated setup.py egg_info --egg-base ../../build/robot_control build --build-base /home/min/Workspace/scout_mini/build/robot_control/build install --record /home/min/Workspace/scout_mini/build/robot_control/install.log --single-version-externally-managed install_data
