[0.046s] Invoking command in '/home/min/Workspace/scout_mini/build/scout_msgs': CMAKE_PREFIX_PATH=/home/min/Workspace/scout_mini/install/scout_base:/home/min/Workspace/scout_mini/install/scout_mini_tools:/home/min/Workspace/scout_mini/install/robot_control:/opt/ros/humble:/home/min/Workspace/scout_mini/install/ugv_sdk:/home/min/Workspace/scout_mini/install/sllidar_ros2:/home/min/Workspace/scout_mini/install/slam_launch:/home/min/Workspace/scout_mini/install/scout_msgs:/home/min/Workspace/scout_mini/install/scout_mini_nav2:/home/min/Workspace/scout_mini/install/scout_gazebo_sim:/home/min/Workspace/scout_mini/install/scout_description:/home/min/Workspace/scout_mini/install/scout_control:/home/min/Workspace/scout_mini/install/realsense2_description:/home/min/Workspace/scout_mini/install/realsense2_camera:/home/min/Workspace/scout_mini/install/realsense2_camera_msgs /usr/bin/cmake --build /home/min/Workspace/scout_mini/build/scout_msgs -- -j8 -l8
[0.577s] [  1%] Built target scout_msgs__cpp
[0.578s] [ 12%] Built target scout_msgs__rosidl_generator_c
[0.579s] [ 12%] Built target ament_cmake_python_symlink_scout_msgs
[0.579s] [ 23%] Built target scout_msgs__rosidl_typesupport_cpp
[0.579s] [ 34%] Built target scout_msgs__rosidl_typesupport_introspection_cpp
[0.579s] [ 46%] Built target scout_msgs__rosidl_typesupport_fastrtps_cpp
[0.579s] [ 57%] Built target scout_msgs__rosidl_typesupport_c
[0.579s] [ 68%] Built target scout_msgs__rosidl_typesupport_introspection_c
[0.580s] [ 79%] Built target scout_msgs__rosidl_typesupport_fastrtps_c
[0.580s] [ 79%] Built target scout_msgs
[0.580s] [ 80%] Built target scout_msgs__py
[0.580s] [ 90%] Built target scout_msgs__rosidl_generator_py
[0.580s] [ 93%] Built target scout_msgs__rosidl_typesupport_c__pyext
[0.580s] [ 96%] Built target scout_msgs__rosidl_typesupport_introspection_c__pyext
[0.580s] [100%] Built target scout_msgs__rosidl_typesupport_fastrtps_c__pyext
[0.634s] running egg_info
[0.635s] writing scout_msgs.egg-info/PKG-INFO
[0.635s] writing dependency_links to scout_msgs.egg-info/dependency_links.txt
[0.635s] writing top-level names to scout_msgs.egg-info/top_level.txt
[0.639s] reading manifest file 'scout_msgs.egg-info/SOURCES.txt'
[0.640s] writing manifest file 'scout_msgs.egg-info/SOURCES.txt'
[0.687s] [100%] Built target ament_cmake_python_build_scout_msgs_egg
[0.937s] Invoked command in '/home/min/Workspace/scout_mini/build/scout_msgs' returned '0': CMAKE_PREFIX_PATH=/home/min/Workspace/scout_mini/install/scout_base:/home/min/Workspace/scout_mini/install/scout_mini_tools:/home/min/Workspace/scout_mini/install/robot_control:/opt/ros/humble:/home/min/Workspace/scout_mini/install/ugv_sdk:/home/min/Workspace/scout_mini/install/sllidar_ros2:/home/min/Workspace/scout_mini/install/slam_launch:/home/min/Workspace/scout_mini/install/scout_msgs:/home/min/Workspace/scout_mini/install/scout_mini_nav2:/home/min/Workspace/scout_mini/install/scout_gazebo_sim:/home/min/Workspace/scout_mini/install/scout_description:/home/min/Workspace/scout_mini/install/scout_control:/home/min/Workspace/scout_mini/install/realsense2_description:/home/min/Workspace/scout_mini/install/realsense2_camera:/home/min/Workspace/scout_mini/install/realsense2_camera_msgs /usr/bin/cmake --build /home/min/Workspace/scout_mini/build/scout_msgs -- -j8 -l8
[0.940s] Invoking command in '/home/min/Workspace/scout_mini/build/scout_msgs': CMAKE_PREFIX_PATH=/home/min/Workspace/scout_mini/install/scout_base:/home/min/Workspace/scout_mini/install/scout_mini_tools:/home/min/Workspace/scout_mini/install/robot_control:/opt/ros/humble:/home/min/Workspace/scout_mini/install/ugv_sdk:/home/min/Workspace/scout_mini/install/sllidar_ros2:/home/min/Workspace/scout_mini/install/slam_launch:/home/min/Workspace/scout_mini/install/scout_msgs:/home/min/Workspace/scout_mini/install/scout_mini_nav2:/home/min/Workspace/scout_mini/install/scout_gazebo_sim:/home/min/Workspace/scout_mini/install/scout_description:/home/min/Workspace/scout_mini/install/scout_control:/home/min/Workspace/scout_mini/install/realsense2_description:/home/min/Workspace/scout_mini/install/realsense2_camera:/home/min/Workspace/scout_mini/install/realsense2_camera_msgs /usr/bin/cmake --install /home/min/Workspace/scout_mini/build/scout_msgs
[0.985s] -- Install configuration: ""
[0.985s] -- Execute custom install script
[0.986s] -- Up-to-date symlink: /home/min/Workspace/scout_mini/install/scout_msgs/share/ament_index/resource_index/rosidl_interfaces/scout_msgs
[0.986s] -- Up-to-date symlink: /home/min/Workspace/scout_mini/install/scout_msgs/include/scout_msgs/scout_msgs/msg/detail/scout_actuator_state__functions.h
[0.986s] -- Up-to-date symlink: /home/min/Workspace/scout_mini/install/scout_msgs/include/scout_msgs/scout_msgs/msg/detail/scout_actuator_state__struct.h
[0.986s] -- Up-to-date symlink: /home/min/Workspace/scout_mini/install/scout_msgs/include/scout_msgs/scout_msgs/msg/detail/scout_actuator_state__type_support.h
[0.986s] -- Up-to-date symlink: /home/min/Workspace/scout_mini/install/scout_msgs/include/scout_msgs/scout_msgs/msg/detail/scout_light_cmd__functions.h
[0.986s] -- Up-to-date symlink: /home/min/Workspace/scout_mini/install/scout_msgs/include/scout_msgs/scout_msgs/msg/detail/scout_light_cmd__struct.h
[0.988s] -- Up-to-date symlink: /home/min/Workspace/scout_mini/install/scout_msgs/include/scout_msgs/scout_msgs/msg/detail/scout_light_cmd__type_support.h
[0.988s] -- Up-to-date symlink: /home/min/Workspace/scout_mini/install/scout_msgs/include/scout_msgs/scout_msgs/msg/detail/scout_light_state__functions.h
[0.988s] -- Up-to-date symlink: /home/min/Workspace/scout_mini/install/scout_msgs/include/scout_msgs/scout_msgs/msg/detail/scout_light_state__struct.h
[0.989s] -- Up-to-date symlink: /home/min/Workspace/scout_mini/install/scout_msgs/include/scout_msgs/scout_msgs/msg/detail/scout_light_state__type_support.h
[0.989s] -- Up-to-date symlink: /home/min/Workspace/scout_mini/install/scout_msgs/include/scout_msgs/scout_msgs/msg/detail/scout_rc_state__functions.h
[0.989s] -- Up-to-date symlink: /home/min/Workspace/scout_mini/install/scout_msgs/include/scout_msgs/scout_msgs/msg/detail/scout_rc_state__struct.h
[0.989s] -- Up-to-date symlink: /home/min/Workspace/scout_mini/install/scout_msgs/include/scout_msgs/scout_msgs/msg/detail/scout_rc_state__type_support.h
[0.989s] -- Up-to-date symlink: /home/min/Workspace/scout_mini/install/scout_msgs/include/scout_msgs/scout_msgs/msg/detail/scout_status__functions.h
[0.989s] -- Up-to-date symlink: /home/min/Workspace/scout_mini/install/scout_msgs/include/scout_msgs/scout_msgs/msg/detail/scout_status__struct.h
[0.989s] -- Up-to-date symlink: /home/min/Workspace/scout_mini/install/scout_msgs/include/scout_msgs/scout_msgs/msg/detail/scout_status__type_support.h
[0.990s] -- Up-to-date symlink: /home/min/Workspace/scout_mini/install/scout_msgs/include/scout_msgs/scout_msgs/msg/rosidl_generator_c__visibility_control.h
[0.990s] -- Up-to-date symlink: /home/min/Workspace/scout_mini/install/scout_msgs/include/scout_msgs/scout_msgs/msg/scout_actuator_state.h
[0.990s] -- Up-to-date symlink: /home/min/Workspace/scout_mini/install/scout_msgs/include/scout_msgs/scout_msgs/msg/scout_light_cmd.h
[0.990s] -- Up-to-date symlink: /home/min/Workspace/scout_mini/install/scout_msgs/include/scout_msgs/scout_msgs/msg/scout_light_state.h
[0.990s] -- Up-to-date symlink: /home/min/Workspace/scout_mini/install/scout_msgs/include/scout_msgs/scout_msgs/msg/scout_rc_state.h
[0.991s] -- Up-to-date symlink: /home/min/Workspace/scout_mini/install/scout_msgs/include/scout_msgs/scout_msgs/msg/scout_status.h
[0.991s] -- Up-to-date symlink: /home/min/Workspace/scout_mini/install/scout_msgs/share/scout_msgs/environment/library_path.sh
[0.995s] -- Up-to-date symlink: /home/min/Workspace/scout_mini/install/scout_msgs/share/scout_msgs/environment/library_path.dsv
[0.995s] -- Up-to-date symlink: /home/min/Workspace/scout_mini/install/scout_msgs/include/scout_msgs/scout_msgs/msg/detail/scout_actuator_state__rosidl_typesupport_fastrtps_c.h
[0.995s] -- Up-to-date symlink: /home/min/Workspace/scout_mini/install/scout_msgs/include/scout_msgs/scout_msgs/msg/detail/scout_light_cmd__rosidl_typesupport_fastrtps_c.h
[0.996s] -- Up-to-date symlink: /home/min/Workspace/scout_mini/install/scout_msgs/include/scout_msgs/scout_msgs/msg/detail/scout_light_state__rosidl_typesupport_fastrtps_c.h
[0.996s] -- Up-to-date symlink: /home/min/Workspace/scout_mini/install/scout_msgs/include/scout_msgs/scout_msgs/msg/detail/scout_rc_state__rosidl_typesupport_fastrtps_c.h
[0.996s] -- Up-to-date symlink: /home/min/Workspace/scout_mini/install/scout_msgs/include/scout_msgs/scout_msgs/msg/detail/scout_status__rosidl_typesupport_fastrtps_c.h
[0.996s] -- Up-to-date symlink: /home/min/Workspace/scout_mini/install/scout_msgs/include/scout_msgs/scout_msgs/msg/rosidl_typesupport_fastrtps_c__visibility_control.h
[0.997s] -- Up-to-date symlink: /home/min/Workspace/scout_mini/install/scout_msgs/include/scout_msgs/scout_msgs/msg/detail/scout_actuator_state__builder.hpp
[0.997s] -- Up-to-date symlink: /home/min/Workspace/scout_mini/install/scout_msgs/include/scout_msgs/scout_msgs/msg/detail/scout_actuator_state__struct.hpp
[0.997s] -- Up-to-date symlink: /home/min/Workspace/scout_mini/install/scout_msgs/include/scout_msgs/scout_msgs/msg/detail/scout_actuator_state__traits.hpp
[0.997s] -- Up-to-date symlink: /home/min/Workspace/scout_mini/install/scout_msgs/include/scout_msgs/scout_msgs/msg/detail/scout_actuator_state__type_support.hpp
[0.997s] -- Up-to-date symlink: /home/min/Workspace/scout_mini/install/scout_msgs/include/scout_msgs/scout_msgs/msg/detail/scout_light_cmd__builder.hpp
[0.999s] -- Up-to-date symlink: /home/min/Workspace/scout_mini/install/scout_msgs/include/scout_msgs/scout_msgs/msg/detail/scout_light_cmd__struct.hpp
[0.999s] -- Up-to-date symlink: /home/min/Workspace/scout_mini/install/scout_msgs/include/scout_msgs/scout_msgs/msg/detail/scout_light_cmd__traits.hpp
[1.000s] -- Up-to-date symlink: /home/min/Workspace/scout_mini/install/scout_msgs/include/scout_msgs/scout_msgs/msg/detail/scout_light_cmd__type_support.hpp
[1.000s] -- Up-to-date symlink: /home/min/Workspace/scout_mini/install/scout_msgs/include/scout_msgs/scout_msgs/msg/detail/scout_light_state__builder.hpp
[1.001s] -- Up-to-date symlink: /home/min/Workspace/scout_mini/install/scout_msgs/include/scout_msgs/scout_msgs/msg/detail/scout_light_state__struct.hpp
[1.001s] -- Up-to-date symlink: /home/min/Workspace/scout_mini/install/scout_msgs/include/scout_msgs/scout_msgs/msg/detail/scout_light_state__traits.hpp
[1.001s] -- Up-to-date symlink: /home/min/Workspace/scout_mini/install/scout_msgs/include/scout_msgs/scout_msgs/msg/detail/scout_light_state__type_support.hpp
[1.001s] -- Up-to-date symlink: /home/min/Workspace/scout_mini/install/scout_msgs/include/scout_msgs/scout_msgs/msg/detail/scout_rc_state__builder.hpp
[1.001s] -- Up-to-date symlink: /home/min/Workspace/scout_mini/install/scout_msgs/include/scout_msgs/scout_msgs/msg/detail/scout_rc_state__struct.hpp
[1.001s] -- Up-to-date symlink: /home/min/Workspace/scout_mini/install/scout_msgs/include/scout_msgs/scout_msgs/msg/detail/scout_rc_state__traits.hpp
[1.001s] -- Up-to-date symlink: /home/min/Workspace/scout_mini/install/scout_msgs/include/scout_msgs/scout_msgs/msg/detail/scout_rc_state__type_support.hpp
[1.001s] -- Up-to-date symlink: /home/min/Workspace/scout_mini/install/scout_msgs/include/scout_msgs/scout_msgs/msg/detail/scout_status__builder.hpp
[1.002s] -- Up-to-date symlink: /home/min/Workspace/scout_mini/install/scout_msgs/include/scout_msgs/scout_msgs/msg/detail/scout_status__struct.hpp
[1.002s] -- Up-to-date symlink: /home/min/Workspace/scout_mini/install/scout_msgs/include/scout_msgs/scout_msgs/msg/detail/scout_status__traits.hpp
[1.002s] -- Up-to-date symlink: /home/min/Workspace/scout_mini/install/scout_msgs/include/scout_msgs/scout_msgs/msg/detail/scout_status__type_support.hpp
[1.002s] -- Up-to-date symlink: /home/min/Workspace/scout_mini/install/scout_msgs/include/scout_msgs/scout_msgs/msg/rosidl_generator_cpp__visibility_control.hpp
[1.002s] -- Up-to-date symlink: /home/min/Workspace/scout_mini/install/scout_msgs/include/scout_msgs/scout_msgs/msg/scout_actuator_state.hpp
[1.002s] -- Up-to-date symlink: /home/min/Workspace/scout_mini/install/scout_msgs/include/scout_msgs/scout_msgs/msg/scout_light_cmd.hpp
[1.003s] -- Up-to-date symlink: /home/min/Workspace/scout_mini/install/scout_msgs/include/scout_msgs/scout_msgs/msg/scout_light_state.hpp
[1.003s] -- Up-to-date symlink: /home/min/Workspace/scout_mini/install/scout_msgs/include/scout_msgs/scout_msgs/msg/scout_rc_state.hpp
[1.003s] -- Up-to-date symlink: /home/min/Workspace/scout_mini/install/scout_msgs/include/scout_msgs/scout_msgs/msg/scout_status.hpp
[1.003s] -- Up-to-date symlink: /home/min/Workspace/scout_mini/install/scout_msgs/include/scout_msgs/scout_msgs/msg/detail/scout_actuator_state__rosidl_typesupport_fastrtps_cpp.hpp
[1.005s] -- Up-to-date symlink: /home/min/Workspace/scout_mini/install/scout_msgs/include/scout_msgs/scout_msgs/msg/detail/scout_light_cmd__rosidl_typesupport_fastrtps_cpp.hpp
[1.005s] -- Up-to-date symlink: /home/min/Workspace/scout_mini/install/scout_msgs/include/scout_msgs/scout_msgs/msg/detail/scout_light_state__rosidl_typesupport_fastrtps_cpp.hpp
[1.006s] -- Up-to-date symlink: /home/min/Workspace/scout_mini/install/scout_msgs/include/scout_msgs/scout_msgs/msg/detail/scout_rc_state__rosidl_typesupport_fastrtps_cpp.hpp
[1.006s] -- Up-to-date symlink: /home/min/Workspace/scout_mini/install/scout_msgs/include/scout_msgs/scout_msgs/msg/detail/scout_status__rosidl_typesupport_fastrtps_cpp.hpp
[1.006s] -- Up-to-date symlink: /home/min/Workspace/scout_mini/install/scout_msgs/include/scout_msgs/scout_msgs/msg/rosidl_typesupport_fastrtps_cpp__visibility_control.h
[1.006s] -- Up-to-date symlink: /home/min/Workspace/scout_mini/install/scout_msgs/include/scout_msgs/scout_msgs/msg/detail/scout_actuator_state__rosidl_typesupport_introspection_c.h
[1.007s] -- Up-to-date symlink: /home/min/Workspace/scout_mini/install/scout_msgs/include/scout_msgs/scout_msgs/msg/detail/scout_light_cmd__rosidl_typesupport_introspection_c.h
[1.007s] -- Up-to-date symlink: /home/min/Workspace/scout_mini/install/scout_msgs/include/scout_msgs/scout_msgs/msg/detail/scout_light_state__rosidl_typesupport_introspection_c.h
[1.008s] -- Up-to-date symlink: /home/min/Workspace/scout_mini/install/scout_msgs/include/scout_msgs/scout_msgs/msg/detail/scout_rc_state__rosidl_typesupport_introspection_c.h
[1.008s] -- Up-to-date symlink: /home/min/Workspace/scout_mini/install/scout_msgs/include/scout_msgs/scout_msgs/msg/detail/scout_status__rosidl_typesupport_introspection_c.h
[1.008s] -- Up-to-date symlink: /home/min/Workspace/scout_mini/install/scout_msgs/include/scout_msgs/scout_msgs/msg/rosidl_typesupport_introspection_c__visibility_control.h
[1.009s] -- Up-to-date symlink: /home/min/Workspace/scout_mini/install/scout_msgs/include/scout_msgs/scout_msgs/msg/detail/scout_actuator_state__rosidl_typesupport_introspection_cpp.hpp
[1.009s] -- Up-to-date symlink: /home/min/Workspace/scout_mini/install/scout_msgs/include/scout_msgs/scout_msgs/msg/detail/scout_light_cmd__rosidl_typesupport_introspection_cpp.hpp
[1.009s] -- Up-to-date symlink: /home/min/Workspace/scout_mini/install/scout_msgs/include/scout_msgs/scout_msgs/msg/detail/scout_light_state__rosidl_typesupport_introspection_cpp.hpp
[1.009s] -- Up-to-date symlink: /home/min/Workspace/scout_mini/install/scout_msgs/include/scout_msgs/scout_msgs/msg/detail/scout_rc_state__rosidl_typesupport_introspection_cpp.hpp
[1.009s] -- Up-to-date symlink: /home/min/Workspace/scout_mini/install/scout_msgs/include/scout_msgs/scout_msgs/msg/detail/scout_status__rosidl_typesupport_introspection_cpp.hpp
[1.010s] -- Up-to-date symlink: /home/min/Workspace/scout_mini/install/scout_msgs/share/scout_msgs/environment/pythonpath.sh
[1.010s] -- Up-to-date symlink: /home/min/Workspace/scout_mini/install/scout_msgs/share/scout_msgs/environment/pythonpath.dsv
[1.011s] -- Up-to-date symlink: /home/min/Workspace/scout_mini/install/scout_msgs/local/lib/python3.10/dist-packages/scout_msgs-0.1.0-py3.10.egg-info/PKG-INFO
[1.011s] -- Up-to-date symlink: /home/min/Workspace/scout_mini/install/scout_msgs/local/lib/python3.10/dist-packages/scout_msgs-0.1.0-py3.10.egg-info/SOURCES.txt
[1.013s] -- Up-to-date symlink: /home/min/Workspace/scout_mini/install/scout_msgs/local/lib/python3.10/dist-packages/scout_msgs-0.1.0-py3.10.egg-info/dependency_links.txt
[1.013s] -- Up-to-date symlink: /home/min/Workspace/scout_mini/install/scout_msgs/local/lib/python3.10/dist-packages/scout_msgs-0.1.0-py3.10.egg-info/top_level.txt
[1.014s] -- Up-to-date symlink: /home/min/Workspace/scout_mini/install/scout_msgs/local/lib/python3.10/dist-packages/scout_msgs/__init__.py
[1.014s] -- Up-to-date symlink: /home/min/Workspace/scout_mini/install/scout_msgs/local/lib/python3.10/dist-packages/scout_msgs/_scout_msgs_s.ep.rosidl_typesupport_c.c
[1.014s] -- Up-to-date symlink: /home/min/Workspace/scout_mini/install/scout_msgs/local/lib/python3.10/dist-packages/scout_msgs/_scout_msgs_s.ep.rosidl_typesupport_fastrtps_c.c
[1.015s] -- Up-to-date symlink: /home/min/Workspace/scout_mini/install/scout_msgs/local/lib/python3.10/dist-packages/scout_msgs/_scout_msgs_s.ep.rosidl_typesupport_introspection_c.c
[1.015s] -- Up-to-date symlink: /home/min/Workspace/scout_mini/install/scout_msgs/local/lib/python3.10/dist-packages/scout_msgs/libscout_msgs__rosidl_generator_py.so
[1.015s] -- Up-to-date symlink: /home/min/Workspace/scout_mini/install/scout_msgs/local/lib/python3.10/dist-packages/scout_msgs/msg/__init__.py
[1.015s] -- Up-to-date symlink: /home/min/Workspace/scout_mini/install/scout_msgs/local/lib/python3.10/dist-packages/scout_msgs/msg/_scout_actuator_state.py
[1.016s] -- Up-to-date symlink: /home/min/Workspace/scout_mini/install/scout_msgs/local/lib/python3.10/dist-packages/scout_msgs/msg/_scout_actuator_state_s.c
[1.016s] -- Up-to-date symlink: /home/min/Workspace/scout_mini/install/scout_msgs/local/lib/python3.10/dist-packages/scout_msgs/msg/_scout_light_cmd.py
[1.016s] -- Up-to-date symlink: /home/min/Workspace/scout_mini/install/scout_msgs/local/lib/python3.10/dist-packages/scout_msgs/msg/_scout_light_cmd_s.c
[1.016s] -- Up-to-date symlink: /home/min/Workspace/scout_mini/install/scout_msgs/local/lib/python3.10/dist-packages/scout_msgs/msg/_scout_light_state.py
[1.017s] -- Up-to-date symlink: /home/min/Workspace/scout_mini/install/scout_msgs/local/lib/python3.10/dist-packages/scout_msgs/msg/_scout_light_state_s.c
[1.017s] -- Up-to-date symlink: /home/min/Workspace/scout_mini/install/scout_msgs/local/lib/python3.10/dist-packages/scout_msgs/msg/_scout_rc_state.py
[1.018s] -- Up-to-date symlink: /home/min/Workspace/scout_mini/install/scout_msgs/local/lib/python3.10/dist-packages/scout_msgs/msg/_scout_rc_state_s.c
[1.018s] -- Up-to-date symlink: /home/min/Workspace/scout_mini/install/scout_msgs/local/lib/python3.10/dist-packages/scout_msgs/msg/_scout_status.py
[1.018s] -- Up-to-date symlink: /home/min/Workspace/scout_mini/install/scout_msgs/local/lib/python3.10/dist-packages/scout_msgs/msg/_scout_status_s.c
[1.019s] -- Up-to-date symlink: /home/min/Workspace/scout_mini/install/scout_msgs/local/lib/python3.10/dist-packages/scout_msgs/scout_msgs_s__rosidl_typesupport_c.cpython-310-x86_64-linux-gnu.so
[1.019s] -- Up-to-date symlink: /home/min/Workspace/scout_mini/install/scout_msgs/local/lib/python3.10/dist-packages/scout_msgs/scout_msgs_s__rosidl_typesupport_fastrtps_c.cpython-310-x86_64-linux-gnu.so
[1.019s] -- Up-to-date symlink: /home/min/Workspace/scout_mini/install/scout_msgs/local/lib/python3.10/dist-packages/scout_msgs/scout_msgs_s__rosidl_typesupport_introspection_c.cpython-310-x86_64-linux-gnu.so
[1.019s] -- Up-to-date symlink: /home/min/Workspace/scout_mini/install/scout_msgs/local/lib/python3.10/dist-packages/scout_msgs/scout_msgs_s__rosidl_typesupport_fastrtps_c.cpython-310-x86_64-linux-gnu.so
[1.020s] -- Up-to-date symlink: /home/min/Workspace/scout_mini/install/scout_msgs/local/lib/python3.10/dist-packages/scout_msgs/scout_msgs_s__rosidl_typesupport_introspection_c.cpython-310-x86_64-linux-gnu.so
[1.021s] -- Up-to-date symlink: /home/min/Workspace/scout_mini/install/scout_msgs/local/lib/python3.10/dist-packages/scout_msgs/scout_msgs_s__rosidl_typesupport_c.cpython-310-x86_64-linux-gnu.so
[1.021s] -- Up-to-date symlink: /home/min/Workspace/scout_mini/install/scout_msgs/share/scout_msgs/msg/ScoutActuatorState.idl
[1.021s] -- Up-to-date symlink: /home/min/Workspace/scout_mini/install/scout_msgs/share/scout_msgs/msg/ScoutLightCmd.idl
[1.022s] -- Up-to-date symlink: /home/min/Workspace/scout_mini/install/scout_msgs/share/scout_msgs/msg/ScoutLightState.idl
[1.022s] -- Up-to-date symlink: /home/min/Workspace/scout_mini/install/scout_msgs/share/scout_msgs/msg/ScoutRCState.idl
[1.022s] -- Up-to-date symlink: /home/min/Workspace/scout_mini/install/scout_msgs/share/scout_msgs/msg/ScoutStatus.idl
[1.022s] -- Up-to-date symlink: /home/min/Workspace/scout_mini/install/scout_msgs/share/scout_msgs/msg/ScoutActuatorState.msg
[1.022s] -- Up-to-date symlink: /home/min/Workspace/scout_mini/install/scout_msgs/share/scout_msgs/msg/ScoutLightCmd.msg
[1.022s] -- Up-to-date symlink: /home/min/Workspace/scout_mini/install/scout_msgs/share/scout_msgs/msg/ScoutLightState.msg
[1.023s] -- Up-to-date symlink: /home/min/Workspace/scout_mini/install/scout_msgs/share/scout_msgs/msg/ScoutRCState.msg
[1.023s] -- Up-to-date symlink: /home/min/Workspace/scout_mini/install/scout_msgs/share/scout_msgs/msg/ScoutStatus.msg
[1.023s] -- Up-to-date symlink: /home/min/Workspace/scout_mini/install/scout_msgs/share/ament_index/resource_index/package_run_dependencies/scout_msgs
[1.024s] -- Up-to-date symlink: /home/min/Workspace/scout_mini/install/scout_msgs/share/ament_index/resource_index/parent_prefix_path/scout_msgs
[1.024s] -- Up-to-date symlink: /home/min/Workspace/scout_mini/install/scout_msgs/share/scout_msgs/environment/ament_prefix_path.sh
[1.024s] -- Up-to-date symlink: /home/min/Workspace/scout_mini/install/scout_msgs/share/scout_msgs/environment/ament_prefix_path.dsv
[1.024s] -- Up-to-date symlink: /home/min/Workspace/scout_mini/install/scout_msgs/share/scout_msgs/environment/path.sh
[1.025s] -- Up-to-date symlink: /home/min/Workspace/scout_mini/install/scout_msgs/share/scout_msgs/environment/path.dsv
[1.026s] -- Up-to-date symlink: /home/min/Workspace/scout_mini/install/scout_msgs/share/scout_msgs/local_setup.bash
[1.026s] -- Up-to-date symlink: /home/min/Workspace/scout_mini/install/scout_msgs/share/scout_msgs/local_setup.sh
[1.027s] -- Up-to-date symlink: /home/min/Workspace/scout_mini/install/scout_msgs/share/scout_msgs/local_setup.zsh
[1.027s] -- Up-to-date symlink: /home/min/Workspace/scout_mini/install/scout_msgs/share/scout_msgs/local_setup.dsv
[1.027s] -- Symlinking: /home/min/Workspace/scout_mini/install/scout_msgs/share/scout_msgs/package.dsv
[1.033s] -- Up-to-date symlink: /home/min/Workspace/scout_mini/install/scout_msgs/share/ament_index/resource_index/packages/scout_msgs
[1.034s] -- Up-to-date symlink: /home/min/Workspace/scout_mini/install/scout_msgs/share/scout_msgs/cmake/rosidl_cmake-extras.cmake
[1.035s] -- Up-to-date symlink: /home/min/Workspace/scout_mini/install/scout_msgs/share/scout_msgs/cmake/ament_cmake_export_dependencies-extras.cmake
[1.036s] -- Up-to-date symlink: /home/min/Workspace/scout_mini/install/scout_msgs/share/scout_msgs/cmake/ament_cmake_export_include_directories-extras.cmake
[1.037s] -- Up-to-date symlink: /home/min/Workspace/scout_mini/install/scout_msgs/share/scout_msgs/cmake/ament_cmake_export_libraries-extras.cmake
[1.037s] -- Up-to-date symlink: /home/min/Workspace/scout_mini/install/scout_msgs/share/scout_msgs/cmake/ament_cmake_export_targets-extras.cmake
[1.037s] -- Up-to-date symlink: /home/min/Workspace/scout_mini/install/scout_msgs/share/scout_msgs/cmake/rosidl_cmake_export_typesupport_targets-extras.cmake
[1.037s] -- Up-to-date symlink: /home/min/Workspace/scout_mini/install/scout_msgs/share/scout_msgs/cmake/rosidl_cmake_export_typesupport_libraries-extras.cmake
[1.038s] -- Up-to-date symlink: /home/min/Workspace/scout_mini/install/scout_msgs/share/scout_msgs/cmake/scout_msgsConfig.cmake
[1.038s] -- Up-to-date symlink: /home/min/Workspace/scout_mini/install/scout_msgs/share/scout_msgs/cmake/scout_msgsConfig-version.cmake
[1.038s] -- Up-to-date symlink: /home/min/Workspace/scout_mini/install/scout_msgs/share/scout_msgs/package.xml
[1.038s] -- Up-to-date: /home/min/Workspace/scout_mini/install/scout_msgs/lib/libscout_msgs__rosidl_generator_c.so
[1.039s] -- Up-to-date: /home/min/Workspace/scout_mini/install/scout_msgs/lib/libscout_msgs__rosidl_typesupport_fastrtps_c.so
[1.039s] -- Up-to-date: /home/min/Workspace/scout_mini/install/scout_msgs/lib/libscout_msgs__rosidl_typesupport_fastrtps_cpp.so
[1.039s] -- Up-to-date: /home/min/Workspace/scout_mini/install/scout_msgs/lib/libscout_msgs__rosidl_typesupport_introspection_c.so
[1.039s] -- Up-to-date: /home/min/Workspace/scout_mini/install/scout_msgs/lib/libscout_msgs__rosidl_typesupport_c.so
[1.039s] -- Up-to-date: /home/min/Workspace/scout_mini/install/scout_msgs/lib/libscout_msgs__rosidl_typesupport_introspection_cpp.so
[1.039s] -- Up-to-date: /home/min/Workspace/scout_mini/install/scout_msgs/lib/libscout_msgs__rosidl_typesupport_cpp.so
[1.070s] Listing '/home/min/Workspace/scout_mini/install/scout_msgs/local/lib/python3.10/dist-packages/scout_msgs'...
[1.071s] Listing '/home/min/Workspace/scout_mini/install/scout_msgs/local/lib/python3.10/dist-packages/scout_msgs/msg'...
[1.081s] -- Up-to-date: /home/min/Workspace/scout_mini/install/scout_msgs/lib/libscout_msgs__rosidl_generator_py.so
[1.082s] -- Up-to-date: /home/min/Workspace/scout_mini/install/scout_msgs/share/scout_msgs/cmake/export_scout_msgs__rosidl_generator_cExport.cmake
[1.083s] -- Up-to-date: /home/min/Workspace/scout_mini/install/scout_msgs/share/scout_msgs/cmake/export_scout_msgs__rosidl_generator_cExport-noconfig.cmake
[1.084s] -- Up-to-date: /home/min/Workspace/scout_mini/install/scout_msgs/share/scout_msgs/cmake/export_scout_msgs__rosidl_typesupport_fastrtps_cExport.cmake
[1.084s] -- Up-to-date: /home/min/Workspace/scout_mini/install/scout_msgs/share/scout_msgs/cmake/export_scout_msgs__rosidl_typesupport_fastrtps_cExport-noconfig.cmake
[1.084s] -- Up-to-date: /home/min/Workspace/scout_mini/install/scout_msgs/share/scout_msgs/cmake/export_scout_msgs__rosidl_generator_cppExport.cmake
[1.085s] -- Up-to-date: /home/min/Workspace/scout_mini/install/scout_msgs/share/scout_msgs/cmake/export_scout_msgs__rosidl_typesupport_fastrtps_cppExport.cmake
[1.085s] -- Up-to-date: /home/min/Workspace/scout_mini/install/scout_msgs/share/scout_msgs/cmake/export_scout_msgs__rosidl_typesupport_fastrtps_cppExport-noconfig.cmake
[1.085s] -- Up-to-date: /home/min/Workspace/scout_mini/install/scout_msgs/share/scout_msgs/cmake/scout_msgs__rosidl_typesupport_introspection_cExport.cmake
[1.085s] -- Up-to-date: /home/min/Workspace/scout_mini/install/scout_msgs/share/scout_msgs/cmake/scout_msgs__rosidl_typesupport_introspection_cExport-noconfig.cmake
[1.085s] -- Up-to-date: /home/min/Workspace/scout_mini/install/scout_msgs/share/scout_msgs/cmake/scout_msgs__rosidl_typesupport_cExport.cmake
[1.085s] -- Up-to-date: /home/min/Workspace/scout_mini/install/scout_msgs/share/scout_msgs/cmake/scout_msgs__rosidl_typesupport_cExport-noconfig.cmake
[1.086s] -- Up-to-date: /home/min/Workspace/scout_mini/install/scout_msgs/share/scout_msgs/cmake/scout_msgs__rosidl_typesupport_introspection_cppExport.cmake
[1.086s] -- Up-to-date: /home/min/Workspace/scout_mini/install/scout_msgs/share/scout_msgs/cmake/scout_msgs__rosidl_typesupport_introspection_cppExport-noconfig.cmake
[1.086s] -- Up-to-date: /home/min/Workspace/scout_mini/install/scout_msgs/share/scout_msgs/cmake/scout_msgs__rosidl_typesupport_cppExport.cmake
[1.086s] -- Up-to-date: /home/min/Workspace/scout_mini/install/scout_msgs/share/scout_msgs/cmake/scout_msgs__rosidl_typesupport_cppExport-noconfig.cmake
[1.086s] -- Up-to-date: /home/min/Workspace/scout_mini/install/scout_msgs/share/scout_msgs/cmake/export_scout_msgs__rosidl_generator_pyExport.cmake
[1.086s] -- Up-to-date: /home/min/Workspace/scout_mini/install/scout_msgs/share/scout_msgs/cmake/export_scout_msgs__rosidl_generator_pyExport-noconfig.cmake
[1.152s] Invoked command in '/home/min/Workspace/scout_mini/build/scout_msgs' returned '0': CMAKE_PREFIX_PATH=/home/min/Workspace/scout_mini/install/scout_base:/home/min/Workspace/scout_mini/install/scout_mini_tools:/home/min/Workspace/scout_mini/install/robot_control:/opt/ros/humble:/home/min/Workspace/scout_mini/install/ugv_sdk:/home/min/Workspace/scout_mini/install/sllidar_ros2:/home/min/Workspace/scout_mini/install/slam_launch:/home/min/Workspace/scout_mini/install/scout_msgs:/home/min/Workspace/scout_mini/install/scout_mini_nav2:/home/min/Workspace/scout_mini/install/scout_gazebo_sim:/home/min/Workspace/scout_mini/install/scout_description:/home/min/Workspace/scout_mini/install/scout_control:/home/min/Workspace/scout_mini/install/realsense2_description:/home/min/Workspace/scout_mini/install/realsense2_camera:/home/min/Workspace/scout_mini/install/realsense2_camera_msgs /usr/bin/cmake --install /home/min/Workspace/scout_mini/build/scout_msgs
