[0.104s] Invoking command in '/home/min/Workspace/scout_mini/build/scout_msgs': CMAKE_PREFIX_PATH=/home/min/Workspace/scout_mini/install/scout_base:/home/min/Workspace/scout_mini/install/scout_mini_tools:/opt/ros/humble:/home/min/Workspace/scout_mini/install/ugv_sdk:/home/min/Workspace/scout_mini/install/sllidar_ros2:/home/min/Workspace/scout_mini/install/slam_launch:/home/min/Workspace/scout_mini/install/scout_msgs:/home/min/Workspace/scout_mini/install/scout_mini_nav2:/home/min/Workspace/scout_mini/install/scout_gazebo_sim:/home/min/Workspace/scout_mini/install/scout_description:/home/min/Workspace/scout_mini/install/scout_control:/home/min/Workspace/scout_mini/install/realsense2_description:/home/min/Workspace/scout_mini/install/realsense2_camera:/home/min/Workspace/scout_mini/install/realsense2_camera_msgs:/home/min/Downloads/multiple_robots/install/robot_gazebo:/home/min/Downloads/multiple_robots/install/robot_description:/home/min/Downloads/multiple_robots/install/robot_control /usr/bin/cmake --build /home/min/Workspace/scout_mini/build/scout_msgs -- -j8 -l8
[0.211s] [  1%] Built target scout_msgs__cpp
[0.226s] [ 12%] Built target scout_msgs__rosidl_generator_c
[0.229s] [ 12%] Built target ament_cmake_python_symlink_scout_msgs
[0.281s] [ 23%] Built target scout_msgs__rosidl_typesupport_introspection_cpp
[0.296s] [ 34%] Built target scout_msgs__rosidl_typesupport_introspection_c
[0.324s] [ 46%] Built target scout_msgs__rosidl_typesupport_fastrtps_c
[0.328s] [ 57%] Built target scout_msgs__rosidl_typesupport_fastrtps_cpp
[0.332s] [ 68%] Built target scout_msgs__rosidl_typesupport_cpp
[0.333s] [ 79%] Built target scout_msgs__rosidl_typesupport_c
[0.385s] [ 79%] Built target scout_msgs
[0.423s] [ 80%] Built target scout_msgs__py
[0.457s] [ 90%] Built target scout_msgs__rosidl_generator_py
[0.501s] [ 93%] Built target scout_msgs__rosidl_typesupport_c__pyext
[0.502s] [ 96%] Built target scout_msgs__rosidl_typesupport_introspection_c__pyext
[0.508s] [100%] Built target scout_msgs__rosidl_typesupport_fastrtps_c__pyext
[0.694s] running egg_info
[0.695s] writing scout_msgs.egg-info/PKG-INFO
[0.695s] writing dependency_links to scout_msgs.egg-info/dependency_links.txt
[0.696s] writing top-level names to scout_msgs.egg-info/top_level.txt
[0.699s] reading manifest file 'scout_msgs.egg-info/SOURCES.txt'
[0.700s] writing manifest file 'scout_msgs.egg-info/SOURCES.txt'
[0.741s] [100%] Built target ament_cmake_python_build_scout_msgs_egg
[0.795s] Invoked command in '/home/min/Workspace/scout_mini/build/scout_msgs' returned '0': CMAKE_PREFIX_PATH=/home/min/Workspace/scout_mini/install/scout_base:/home/min/Workspace/scout_mini/install/scout_mini_tools:/opt/ros/humble:/home/min/Workspace/scout_mini/install/ugv_sdk:/home/min/Workspace/scout_mini/install/sllidar_ros2:/home/min/Workspace/scout_mini/install/slam_launch:/home/min/Workspace/scout_mini/install/scout_msgs:/home/min/Workspace/scout_mini/install/scout_mini_nav2:/home/min/Workspace/scout_mini/install/scout_gazebo_sim:/home/min/Workspace/scout_mini/install/scout_description:/home/min/Workspace/scout_mini/install/scout_control:/home/min/Workspace/scout_mini/install/realsense2_description:/home/min/Workspace/scout_mini/install/realsense2_camera:/home/min/Workspace/scout_mini/install/realsense2_camera_msgs:/home/min/Downloads/multiple_robots/install/robot_gazebo:/home/min/Downloads/multiple_robots/install/robot_description:/home/min/Downloads/multiple_robots/install/robot_control /usr/bin/cmake --build /home/min/Workspace/scout_mini/build/scout_msgs -- -j8 -l8
[0.800s] Invoking command in '/home/min/Workspace/scout_mini/build/scout_msgs': CMAKE_PREFIX_PATH=/home/min/Workspace/scout_mini/install/scout_base:/home/min/Workspace/scout_mini/install/scout_mini_tools:/opt/ros/humble:/home/min/Workspace/scout_mini/install/ugv_sdk:/home/min/Workspace/scout_mini/install/sllidar_ros2:/home/min/Workspace/scout_mini/install/slam_launch:/home/min/Workspace/scout_mini/install/scout_msgs:/home/min/Workspace/scout_mini/install/scout_mini_nav2:/home/min/Workspace/scout_mini/install/scout_gazebo_sim:/home/min/Workspace/scout_mini/install/scout_description:/home/min/Workspace/scout_mini/install/scout_control:/home/min/Workspace/scout_mini/install/realsense2_description:/home/min/Workspace/scout_mini/install/realsense2_camera:/home/min/Workspace/scout_mini/install/realsense2_camera_msgs:/home/min/Downloads/multiple_robots/install/robot_gazebo:/home/min/Downloads/multiple_robots/install/robot_description:/home/min/Downloads/multiple_robots/install/robot_control /usr/bin/cmake --install /home/min/Workspace/scout_mini/build/scout_msgs
[0.839s] -- Install configuration: ""
[0.840s] -- Execute custom install script
[0.841s] -- Up-to-date symlink: /home/min/Workspace/scout_mini/install/scout_msgs/share/ament_index/resource_index/rosidl_interfaces/scout_msgs
[0.842s] -- Up-to-date symlink: /home/min/Workspace/scout_mini/install/scout_msgs/include/scout_msgs/scout_msgs/msg/detail/scout_actuator_state__functions.h
[0.842s] -- Up-to-date symlink: /home/min/Workspace/scout_mini/install/scout_msgs/include/scout_msgs/scout_msgs/msg/detail/scout_actuator_state__struct.h
[0.842s] -- Up-to-date symlink: /home/min/Workspace/scout_mini/install/scout_msgs/include/scout_msgs/scout_msgs/msg/detail/scout_actuator_state__type_support.h
[0.842s] -- Up-to-date symlink: /home/min/Workspace/scout_mini/install/scout_msgs/include/scout_msgs/scout_msgs/msg/detail/scout_light_cmd__functions.h
[0.842s] -- Up-to-date symlink: /home/min/Workspace/scout_mini/install/scout_msgs/include/scout_msgs/scout_msgs/msg/detail/scout_light_cmd__struct.h
[0.842s] -- Up-to-date symlink: /home/min/Workspace/scout_mini/install/scout_msgs/include/scout_msgs/scout_msgs/msg/detail/scout_light_cmd__type_support.h
[0.842s] -- Up-to-date symlink: /home/min/Workspace/scout_mini/install/scout_msgs/include/scout_msgs/scout_msgs/msg/detail/scout_light_state__functions.h
[0.842s] -- Up-to-date symlink: /home/min/Workspace/scout_mini/install/scout_msgs/include/scout_msgs/scout_msgs/msg/detail/scout_light_state__struct.h
[0.842s] -- Up-to-date symlink: /home/min/Workspace/scout_mini/install/scout_msgs/include/scout_msgs/scout_msgs/msg/detail/scout_light_state__type_support.h
[0.842s] -- Up-to-date symlink: /home/min/Workspace/scout_mini/install/scout_msgs/include/scout_msgs/scout_msgs/msg/detail/scout_rc_state__functions.h
[0.842s] -- Up-to-date symlink: /home/min/Workspace/scout_mini/install/scout_msgs/include/scout_msgs/scout_msgs/msg/detail/scout_rc_state__struct.h
[0.842s] -- Up-to-date symlink: /home/min/Workspace/scout_mini/install/scout_msgs/include/scout_msgs/scout_msgs/msg/detail/scout_rc_state__type_support.h
[0.842s] -- Up-to-date symlink: /home/min/Workspace/scout_mini/install/scout_msgs/include/scout_msgs/scout_msgs/msg/detail/scout_status__functions.h
[0.843s] -- Up-to-date symlink: /home/min/Workspace/scout_mini/install/scout_msgs/include/scout_msgs/scout_msgs/msg/detail/scout_status__struct.h
[0.843s] -- Up-to-date symlink: /home/min/Workspace/scout_mini/install/scout_msgs/include/scout_msgs/scout_msgs/msg/detail/scout_status__type_support.h
[0.843s] -- Up-to-date symlink: /home/min/Workspace/scout_mini/install/scout_msgs/include/scout_msgs/scout_msgs/msg/rosidl_generator_c__visibility_control.h
[0.843s] -- Up-to-date symlink: /home/min/Workspace/scout_mini/install/scout_msgs/include/scout_msgs/scout_msgs/msg/scout_actuator_state.h
[0.844s] -- Up-to-date symlink: /home/min/Workspace/scout_mini/install/scout_msgs/include/scout_msgs/scout_msgs/msg/scout_light_cmd.h
[0.844s] -- Up-to-date symlink: /home/min/Workspace/scout_mini/install/scout_msgs/include/scout_msgs/scout_msgs/msg/scout_light_state.h
[0.844s] -- Up-to-date symlink: /home/min/Workspace/scout_mini/install/scout_msgs/include/scout_msgs/scout_msgs/msg/scout_rc_state.h
[0.844s] -- Up-to-date symlink: /home/min/Workspace/scout_mini/install/scout_msgs/include/scout_msgs/scout_msgs/msg/scout_status.h
[0.844s] -- Up-to-date symlink: /home/min/Workspace/scout_mini/install/scout_msgs/share/scout_msgs/environment/library_path.sh
[0.844s] -- Up-to-date symlink: /home/min/Workspace/scout_mini/install/scout_msgs/share/scout_msgs/environment/library_path.dsv
[0.846s] -- Up-to-date symlink: /home/min/Workspace/scout_mini/install/scout_msgs/include/scout_msgs/scout_msgs/msg/detail/scout_actuator_state__rosidl_typesupport_fastrtps_c.h
[0.846s] -- Up-to-date symlink: /home/min/Workspace/scout_mini/install/scout_msgs/include/scout_msgs/scout_msgs/msg/detail/scout_light_cmd__rosidl_typesupport_fastrtps_c.h
[0.846s] -- Up-to-date symlink: /home/min/Workspace/scout_mini/install/scout_msgs/include/scout_msgs/scout_msgs/msg/detail/scout_light_state__rosidl_typesupport_fastrtps_c.h
[0.846s] -- Up-to-date symlink: /home/min/Workspace/scout_mini/install/scout_msgs/include/scout_msgs/scout_msgs/msg/detail/scout_rc_state__rosidl_typesupport_fastrtps_c.h
[0.846s] -- Up-to-date symlink: /home/min/Workspace/scout_mini/install/scout_msgs/include/scout_msgs/scout_msgs/msg/detail/scout_status__rosidl_typesupport_fastrtps_c.h
[0.849s] -- Up-to-date symlink: /home/min/Workspace/scout_mini/install/scout_msgs/include/scout_msgs/scout_msgs/msg/rosidl_typesupport_fastrtps_c__visibility_control.h
[0.850s] -- Up-to-date symlink: /home/min/Workspace/scout_mini/install/scout_msgs/include/scout_msgs/scout_msgs/msg/detail/scout_actuator_state__builder.hpp
[0.851s] -- Up-to-date symlink: /home/min/Workspace/scout_mini/install/scout_msgs/include/scout_msgs/scout_msgs/msg/detail/scout_actuator_state__struct.hpp
[0.852s] -- Up-to-date symlink: /home/min/Workspace/scout_mini/install/scout_msgs/include/scout_msgs/scout_msgs/msg/detail/scout_actuator_state__traits.hpp
[0.852s] -- Up-to-date symlink: /home/min/Workspace/scout_mini/install/scout_msgs/include/scout_msgs/scout_msgs/msg/detail/scout_actuator_state__type_support.hpp
[0.852s] -- Up-to-date symlink: /home/min/Workspace/scout_mini/install/scout_msgs/include/scout_msgs/scout_msgs/msg/detail/scout_light_cmd__builder.hpp
[0.852s] -- Up-to-date symlink: /home/min/Workspace/scout_mini/install/scout_msgs/include/scout_msgs/scout_msgs/msg/detail/scout_light_cmd__struct.hpp
[0.853s] -- Up-to-date symlink: /home/min/Workspace/scout_mini/install/scout_msgs/include/scout_msgs/scout_msgs/msg/detail/scout_light_cmd__traits.hpp
[0.853s] -- Up-to-date symlink: /home/min/Workspace/scout_mini/install/scout_msgs/include/scout_msgs/scout_msgs/msg/detail/scout_light_cmd__type_support.hpp
[0.853s] -- Up-to-date symlink: /home/min/Workspace/scout_mini/install/scout_msgs/include/scout_msgs/scout_msgs/msg/detail/scout_light_state__builder.hpp
[0.853s] -- Up-to-date symlink: /home/min/Workspace/scout_mini/install/scout_msgs/include/scout_msgs/scout_msgs/msg/detail/scout_light_state__struct.hpp
[0.853s] -- Up-to-date symlink: /home/min/Workspace/scout_mini/install/scout_msgs/include/scout_msgs/scout_msgs/msg/detail/scout_light_state__traits.hpp
[0.853s] -- Up-to-date symlink: /home/min/Workspace/scout_mini/install/scout_msgs/include/scout_msgs/scout_msgs/msg/detail/scout_light_state__type_support.hpp
[0.853s] -- Up-to-date symlink: /home/min/Workspace/scout_mini/install/scout_msgs/include/scout_msgs/scout_msgs/msg/detail/scout_rc_state__builder.hpp
[0.853s] -- Up-to-date symlink: /home/min/Workspace/scout_mini/install/scout_msgs/include/scout_msgs/scout_msgs/msg/detail/scout_rc_state__struct.hpp
[0.853s] -- Up-to-date symlink: /home/min/Workspace/scout_mini/install/scout_msgs/include/scout_msgs/scout_msgs/msg/detail/scout_rc_state__traits.hpp
[0.853s] -- Up-to-date symlink: /home/min/Workspace/scout_mini/install/scout_msgs/include/scout_msgs/scout_msgs/msg/detail/scout_rc_state__type_support.hpp
[0.854s] -- Up-to-date symlink: /home/min/Workspace/scout_mini/install/scout_msgs/include/scout_msgs/scout_msgs/msg/detail/scout_status__builder.hpp
[0.854s] -- Up-to-date symlink: /home/min/Workspace/scout_mini/install/scout_msgs/include/scout_msgs/scout_msgs/msg/detail/scout_status__struct.hpp
[0.854s] -- Up-to-date symlink: /home/min/Workspace/scout_mini/install/scout_msgs/include/scout_msgs/scout_msgs/msg/detail/scout_status__traits.hpp
[0.854s] -- Up-to-date symlink: /home/min/Workspace/scout_mini/install/scout_msgs/include/scout_msgs/scout_msgs/msg/detail/scout_status__type_support.hpp
[0.854s] -- Up-to-date symlink: /home/min/Workspace/scout_mini/install/scout_msgs/include/scout_msgs/scout_msgs/msg/rosidl_generator_cpp__visibility_control.hpp
[0.854s] -- Up-to-date symlink: /home/min/Workspace/scout_mini/install/scout_msgs/include/scout_msgs/scout_msgs/msg/scout_actuator_state.hpp
[0.854s] -- Up-to-date symlink: /home/min/Workspace/scout_mini/install/scout_msgs/include/scout_msgs/scout_msgs/msg/scout_light_cmd.hpp
[0.854s] -- Up-to-date symlink: /home/min/Workspace/scout_mini/install/scout_msgs/include/scout_msgs/scout_msgs/msg/scout_light_state.hpp
[0.854s] -- Up-to-date symlink: /home/min/Workspace/scout_mini/install/scout_msgs/include/scout_msgs/scout_msgs/msg/scout_rc_state.hpp
[0.854s] -- Up-to-date symlink: /home/min/Workspace/scout_mini/install/scout_msgs/include/scout_msgs/scout_msgs/msg/scout_status.hpp
[0.854s] -- Up-to-date symlink: /home/min/Workspace/scout_mini/install/scout_msgs/include/scout_msgs/scout_msgs/msg/detail/scout_actuator_state__rosidl_typesupport_fastrtps_cpp.hpp
[0.854s] -- Up-to-date symlink: /home/min/Workspace/scout_mini/install/scout_msgs/include/scout_msgs/scout_msgs/msg/detail/scout_light_cmd__rosidl_typesupport_fastrtps_cpp.hpp
[0.855s] -- Up-to-date symlink: /home/min/Workspace/scout_mini/install/scout_msgs/include/scout_msgs/scout_msgs/msg/detail/scout_light_state__rosidl_typesupport_fastrtps_cpp.hpp
[0.855s] -- Up-to-date symlink: /home/min/Workspace/scout_mini/install/scout_msgs/include/scout_msgs/scout_msgs/msg/detail/scout_rc_state__rosidl_typesupport_fastrtps_cpp.hpp
[0.855s] -- Up-to-date symlink: /home/min/Workspace/scout_mini/install/scout_msgs/include/scout_msgs/scout_msgs/msg/detail/scout_status__rosidl_typesupport_fastrtps_cpp.hpp
[0.855s] -- Up-to-date symlink: /home/min/Workspace/scout_mini/install/scout_msgs/include/scout_msgs/scout_msgs/msg/rosidl_typesupport_fastrtps_cpp__visibility_control.h
[0.855s] -- Up-to-date symlink: /home/min/Workspace/scout_mini/install/scout_msgs/include/scout_msgs/scout_msgs/msg/detail/scout_actuator_state__rosidl_typesupport_introspection_c.h
[0.855s] -- Up-to-date symlink: /home/min/Workspace/scout_mini/install/scout_msgs/include/scout_msgs/scout_msgs/msg/detail/scout_light_cmd__rosidl_typesupport_introspection_c.h
[0.855s] -- Up-to-date symlink: /home/min/Workspace/scout_mini/install/scout_msgs/include/scout_msgs/scout_msgs/msg/detail/scout_light_state__rosidl_typesupport_introspection_c.h
[0.855s] -- Up-to-date symlink: /home/min/Workspace/scout_mini/install/scout_msgs/include/scout_msgs/scout_msgs/msg/detail/scout_rc_state__rosidl_typesupport_introspection_c.h
[0.855s] -- Up-to-date symlink: /home/min/Workspace/scout_mini/install/scout_msgs/include/scout_msgs/scout_msgs/msg/detail/scout_status__rosidl_typesupport_introspection_c.h
[0.855s] -- Up-to-date symlink: /home/min/Workspace/scout_mini/install/scout_msgs/include/scout_msgs/scout_msgs/msg/rosidl_typesupport_introspection_c__visibility_control.h
[0.855s] -- Up-to-date symlink: /home/min/Workspace/scout_mini/install/scout_msgs/include/scout_msgs/scout_msgs/msg/detail/scout_actuator_state__rosidl_typesupport_introspection_cpp.hpp
[0.855s] -- Up-to-date symlink: /home/min/Workspace/scout_mini/install/scout_msgs/include/scout_msgs/scout_msgs/msg/detail/scout_light_cmd__rosidl_typesupport_introspection_cpp.hpp
[0.855s] -- Up-to-date symlink: /home/min/Workspace/scout_mini/install/scout_msgs/include/scout_msgs/scout_msgs/msg/detail/scout_light_state__rosidl_typesupport_introspection_cpp.hpp
[0.855s] -- Up-to-date symlink: /home/min/Workspace/scout_mini/install/scout_msgs/include/scout_msgs/scout_msgs/msg/detail/scout_rc_state__rosidl_typesupport_introspection_cpp.hpp
[0.855s] -- Up-to-date symlink: /home/min/Workspace/scout_mini/install/scout_msgs/include/scout_msgs/scout_msgs/msg/detail/scout_status__rosidl_typesupport_introspection_cpp.hpp
[0.856s] -- Up-to-date symlink: /home/min/Workspace/scout_mini/install/scout_msgs/share/scout_msgs/environment/pythonpath.sh
[0.856s] -- Up-to-date symlink: /home/min/Workspace/scout_mini/install/scout_msgs/share/scout_msgs/environment/pythonpath.dsv
[0.856s] -- Up-to-date symlink: /home/min/Workspace/scout_mini/install/scout_msgs/local/lib/python3.10/dist-packages/scout_msgs-0.1.0-py3.10.egg-info/PKG-INFO
[0.856s] -- Up-to-date symlink: /home/min/Workspace/scout_mini/install/scout_msgs/local/lib/python3.10/dist-packages/scout_msgs-0.1.0-py3.10.egg-info/SOURCES.txt
[0.856s] -- Up-to-date symlink: /home/min/Workspace/scout_mini/install/scout_msgs/local/lib/python3.10/dist-packages/scout_msgs-0.1.0-py3.10.egg-info/dependency_links.txt
[0.856s] -- Up-to-date symlink: /home/min/Workspace/scout_mini/install/scout_msgs/local/lib/python3.10/dist-packages/scout_msgs-0.1.0-py3.10.egg-info/top_level.txt
[0.856s] -- Up-to-date symlink: /home/min/Workspace/scout_mini/install/scout_msgs/local/lib/python3.10/dist-packages/scout_msgs/__init__.py
[0.856s] -- Up-to-date symlink: /home/min/Workspace/scout_mini/install/scout_msgs/local/lib/python3.10/dist-packages/scout_msgs/_scout_msgs_s.ep.rosidl_typesupport_c.c
[0.856s] -- Up-to-date symlink: /home/min/Workspace/scout_mini/install/scout_msgs/local/lib/python3.10/dist-packages/scout_msgs/_scout_msgs_s.ep.rosidl_typesupport_fastrtps_c.c
[0.857s] -- Up-to-date symlink: /home/min/Workspace/scout_mini/install/scout_msgs/local/lib/python3.10/dist-packages/scout_msgs/_scout_msgs_s.ep.rosidl_typesupport_introspection_c.c
[0.857s] -- Up-to-date symlink: /home/min/Workspace/scout_mini/install/scout_msgs/local/lib/python3.10/dist-packages/scout_msgs/libscout_msgs__rosidl_generator_py.so
[0.857s] -- Up-to-date symlink: /home/min/Workspace/scout_mini/install/scout_msgs/local/lib/python3.10/dist-packages/scout_msgs/msg/__init__.py
[0.857s] -- Up-to-date symlink: /home/min/Workspace/scout_mini/install/scout_msgs/local/lib/python3.10/dist-packages/scout_msgs/msg/_scout_actuator_state.py
[0.857s] -- Up-to-date symlink: /home/min/Workspace/scout_mini/install/scout_msgs/local/lib/python3.10/dist-packages/scout_msgs/msg/_scout_actuator_state_s.c
[0.857s] -- Up-to-date symlink: /home/min/Workspace/scout_mini/install/scout_msgs/local/lib/python3.10/dist-packages/scout_msgs/msg/_scout_light_cmd.py
[0.857s] -- Up-to-date symlink: /home/min/Workspace/scout_mini/install/scout_msgs/local/lib/python3.10/dist-packages/scout_msgs/msg/_scout_light_cmd_s.c
[0.857s] -- Up-to-date symlink: /home/min/Workspace/scout_mini/install/scout_msgs/local/lib/python3.10/dist-packages/scout_msgs/msg/_scout_light_state.py
[0.857s] -- Up-to-date symlink: /home/min/Workspace/scout_mini/install/scout_msgs/local/lib/python3.10/dist-packages/scout_msgs/msg/_scout_light_state_s.c
[0.857s] -- Up-to-date symlink: /home/min/Workspace/scout_mini/install/scout_msgs/local/lib/python3.10/dist-packages/scout_msgs/msg/_scout_rc_state.py
[0.857s] -- Up-to-date symlink: /home/min/Workspace/scout_mini/install/scout_msgs/local/lib/python3.10/dist-packages/scout_msgs/msg/_scout_rc_state_s.c
[0.858s] -- Up-to-date symlink: /home/min/Workspace/scout_mini/install/scout_msgs/local/lib/python3.10/dist-packages/scout_msgs/msg/_scout_status.py
[0.858s] -- Up-to-date symlink: /home/min/Workspace/scout_mini/install/scout_msgs/local/lib/python3.10/dist-packages/scout_msgs/msg/_scout_status_s.c
[0.858s] -- Up-to-date symlink: /home/min/Workspace/scout_mini/install/scout_msgs/local/lib/python3.10/dist-packages/scout_msgs/scout_msgs_s__rosidl_typesupport_c.cpython-310-x86_64-linux-gnu.so
[0.859s] -- Up-to-date symlink: /home/min/Workspace/scout_mini/install/scout_msgs/local/lib/python3.10/dist-packages/scout_msgs/scout_msgs_s__rosidl_typesupport_fastrtps_c.cpython-310-x86_64-linux-gnu.so
[0.859s] -- Up-to-date symlink: /home/min/Workspace/scout_mini/install/scout_msgs/local/lib/python3.10/dist-packages/scout_msgs/scout_msgs_s__rosidl_typesupport_introspection_c.cpython-310-x86_64-linux-gnu.so
[0.859s] -- Up-to-date symlink: /home/min/Workspace/scout_mini/install/scout_msgs/local/lib/python3.10/dist-packages/scout_msgs/scout_msgs_s__rosidl_typesupport_fastrtps_c.cpython-310-x86_64-linux-gnu.so
[0.859s] -- Up-to-date symlink: /home/min/Workspace/scout_mini/install/scout_msgs/local/lib/python3.10/dist-packages/scout_msgs/scout_msgs_s__rosidl_typesupport_introspection_c.cpython-310-x86_64-linux-gnu.so
[0.860s] -- Up-to-date symlink: /home/min/Workspace/scout_mini/install/scout_msgs/local/lib/python3.10/dist-packages/scout_msgs/scout_msgs_s__rosidl_typesupport_c.cpython-310-x86_64-linux-gnu.so
[0.860s] -- Up-to-date symlink: /home/min/Workspace/scout_mini/install/scout_msgs/share/scout_msgs/msg/ScoutActuatorState.idl
[0.861s] -- Up-to-date symlink: /home/min/Workspace/scout_mini/install/scout_msgs/share/scout_msgs/msg/ScoutLightCmd.idl
[0.861s] -- Up-to-date symlink: /home/min/Workspace/scout_mini/install/scout_msgs/share/scout_msgs/msg/ScoutLightState.idl
[0.861s] -- Up-to-date symlink: /home/min/Workspace/scout_mini/install/scout_msgs/share/scout_msgs/msg/ScoutRCState.idl
[0.861s] -- Up-to-date symlink: /home/min/Workspace/scout_mini/install/scout_msgs/share/scout_msgs/msg/ScoutStatus.idl
[0.861s] -- Up-to-date symlink: /home/min/Workspace/scout_mini/install/scout_msgs/share/scout_msgs/msg/ScoutActuatorState.msg
[0.861s] -- Up-to-date symlink: /home/min/Workspace/scout_mini/install/scout_msgs/share/scout_msgs/msg/ScoutLightCmd.msg
[0.861s] -- Up-to-date symlink: /home/min/Workspace/scout_mini/install/scout_msgs/share/scout_msgs/msg/ScoutLightState.msg
[0.861s] -- Up-to-date symlink: /home/min/Workspace/scout_mini/install/scout_msgs/share/scout_msgs/msg/ScoutRCState.msg
[0.861s] -- Up-to-date symlink: /home/min/Workspace/scout_mini/install/scout_msgs/share/scout_msgs/msg/ScoutStatus.msg
[0.861s] -- Up-to-date symlink: /home/min/Workspace/scout_mini/install/scout_msgs/share/ament_index/resource_index/package_run_dependencies/scout_msgs
[0.862s] -- Up-to-date symlink: /home/min/Workspace/scout_mini/install/scout_msgs/share/ament_index/resource_index/parent_prefix_path/scout_msgs
[0.862s] -- Up-to-date symlink: /home/min/Workspace/scout_mini/install/scout_msgs/share/scout_msgs/environment/ament_prefix_path.sh
[0.862s] -- Up-to-date symlink: /home/min/Workspace/scout_mini/install/scout_msgs/share/scout_msgs/environment/ament_prefix_path.dsv
[0.862s] -- Up-to-date symlink: /home/min/Workspace/scout_mini/install/scout_msgs/share/scout_msgs/environment/path.sh
[0.862s] -- Up-to-date symlink: /home/min/Workspace/scout_mini/install/scout_msgs/share/scout_msgs/environment/path.dsv
[0.863s] -- Up-to-date symlink: /home/min/Workspace/scout_mini/install/scout_msgs/share/scout_msgs/local_setup.bash
[0.863s] -- Up-to-date symlink: /home/min/Workspace/scout_mini/install/scout_msgs/share/scout_msgs/local_setup.sh
[0.863s] -- Up-to-date symlink: /home/min/Workspace/scout_mini/install/scout_msgs/share/scout_msgs/local_setup.zsh
[0.863s] -- Up-to-date symlink: /home/min/Workspace/scout_mini/install/scout_msgs/share/scout_msgs/local_setup.dsv
[0.863s] -- Symlinking: /home/min/Workspace/scout_mini/install/scout_msgs/share/scout_msgs/package.dsv
[0.863s] -- Up-to-date symlink: /home/min/Workspace/scout_mini/install/scout_msgs/share/ament_index/resource_index/packages/scout_msgs
[0.864s] -- Up-to-date symlink: /home/min/Workspace/scout_mini/install/scout_msgs/share/scout_msgs/cmake/rosidl_cmake-extras.cmake
[0.864s] -- Up-to-date symlink: /home/min/Workspace/scout_mini/install/scout_msgs/share/scout_msgs/cmake/ament_cmake_export_dependencies-extras.cmake
[0.864s] -- Up-to-date symlink: /home/min/Workspace/scout_mini/install/scout_msgs/share/scout_msgs/cmake/ament_cmake_export_include_directories-extras.cmake
[0.864s] -- Up-to-date symlink: /home/min/Workspace/scout_mini/install/scout_msgs/share/scout_msgs/cmake/ament_cmake_export_libraries-extras.cmake
[0.864s] -- Up-to-date symlink: /home/min/Workspace/scout_mini/install/scout_msgs/share/scout_msgs/cmake/ament_cmake_export_targets-extras.cmake
[0.864s] -- Up-to-date symlink: /home/min/Workspace/scout_mini/install/scout_msgs/share/scout_msgs/cmake/rosidl_cmake_export_typesupport_targets-extras.cmake
[0.864s] -- Up-to-date symlink: /home/min/Workspace/scout_mini/install/scout_msgs/share/scout_msgs/cmake/rosidl_cmake_export_typesupport_libraries-extras.cmake
[0.864s] -- Up-to-date symlink: /home/min/Workspace/scout_mini/install/scout_msgs/share/scout_msgs/cmake/scout_msgsConfig.cmake
[0.865s] -- Up-to-date symlink: /home/min/Workspace/scout_mini/install/scout_msgs/share/scout_msgs/cmake/scout_msgsConfig-version.cmake
[0.865s] -- Up-to-date symlink: /home/min/Workspace/scout_mini/install/scout_msgs/share/scout_msgs/package.xml
[0.865s] -- Up-to-date: /home/min/Workspace/scout_mini/install/scout_msgs/lib/libscout_msgs__rosidl_generator_c.so
[0.865s] -- Up-to-date: /home/min/Workspace/scout_mini/install/scout_msgs/lib/libscout_msgs__rosidl_typesupport_fastrtps_c.so
[0.865s] -- Up-to-date: /home/min/Workspace/scout_mini/install/scout_msgs/lib/libscout_msgs__rosidl_typesupport_fastrtps_cpp.so
[0.865s] -- Up-to-date: /home/min/Workspace/scout_mini/install/scout_msgs/lib/libscout_msgs__rosidl_typesupport_introspection_c.so
[0.865s] -- Up-to-date: /home/min/Workspace/scout_mini/install/scout_msgs/lib/libscout_msgs__rosidl_typesupport_c.so
[0.865s] -- Up-to-date: /home/min/Workspace/scout_mini/install/scout_msgs/lib/libscout_msgs__rosidl_typesupport_introspection_cpp.so
[0.867s] -- Up-to-date: /home/min/Workspace/scout_mini/install/scout_msgs/lib/libscout_msgs__rosidl_typesupport_cpp.so
[0.924s] Listing '/home/min/Workspace/scout_mini/install/scout_msgs/local/lib/python3.10/dist-packages/scout_msgs'...
[0.924s] Listing '/home/min/Workspace/scout_mini/install/scout_msgs/local/lib/python3.10/dist-packages/scout_msgs/msg'...
[0.930s] -- Up-to-date: /home/min/Workspace/scout_mini/install/scout_msgs/lib/libscout_msgs__rosidl_generator_py.so
[0.933s] -- Up-to-date: /home/min/Workspace/scout_mini/install/scout_msgs/share/scout_msgs/cmake/export_scout_msgs__rosidl_generator_cExport.cmake
[0.934s] -- Up-to-date: /home/min/Workspace/scout_mini/install/scout_msgs/share/scout_msgs/cmake/export_scout_msgs__rosidl_generator_cExport-noconfig.cmake
[0.934s] -- Up-to-date: /home/min/Workspace/scout_mini/install/scout_msgs/share/scout_msgs/cmake/export_scout_msgs__rosidl_typesupport_fastrtps_cExport.cmake
[0.934s] -- Up-to-date: /home/min/Workspace/scout_mini/install/scout_msgs/share/scout_msgs/cmake/export_scout_msgs__rosidl_typesupport_fastrtps_cExport-noconfig.cmake
[0.934s] -- Up-to-date: /home/min/Workspace/scout_mini/install/scout_msgs/share/scout_msgs/cmake/export_scout_msgs__rosidl_generator_cppExport.cmake
[0.934s] -- Up-to-date: /home/min/Workspace/scout_mini/install/scout_msgs/share/scout_msgs/cmake/export_scout_msgs__rosidl_typesupport_fastrtps_cppExport.cmake
[0.934s] -- Up-to-date: /home/min/Workspace/scout_mini/install/scout_msgs/share/scout_msgs/cmake/export_scout_msgs__rosidl_typesupport_fastrtps_cppExport-noconfig.cmake
[0.935s] -- Up-to-date: /home/min/Workspace/scout_mini/install/scout_msgs/share/scout_msgs/cmake/scout_msgs__rosidl_typesupport_introspection_cExport.cmake
[0.935s] -- Up-to-date: /home/min/Workspace/scout_mini/install/scout_msgs/share/scout_msgs/cmake/scout_msgs__rosidl_typesupport_introspection_cExport-noconfig.cmake
[0.935s] -- Up-to-date: /home/min/Workspace/scout_mini/install/scout_msgs/share/scout_msgs/cmake/scout_msgs__rosidl_typesupport_cExport.cmake
[0.935s] -- Up-to-date: /home/min/Workspace/scout_mini/install/scout_msgs/share/scout_msgs/cmake/scout_msgs__rosidl_typesupport_cExport-noconfig.cmake
[0.935s] -- Up-to-date: /home/min/Workspace/scout_mini/install/scout_msgs/share/scout_msgs/cmake/scout_msgs__rosidl_typesupport_introspection_cppExport.cmake
[0.936s] -- Up-to-date: /home/min/Workspace/scout_mini/install/scout_msgs/share/scout_msgs/cmake/scout_msgs__rosidl_typesupport_introspection_cppExport-noconfig.cmake
[0.936s] -- Up-to-date: /home/min/Workspace/scout_mini/install/scout_msgs/share/scout_msgs/cmake/scout_msgs__rosidl_typesupport_cppExport.cmake
[0.936s] -- Up-to-date: /home/min/Workspace/scout_mini/install/scout_msgs/share/scout_msgs/cmake/scout_msgs__rosidl_typesupport_cppExport-noconfig.cmake
[0.936s] -- Up-to-date: /home/min/Workspace/scout_mini/install/scout_msgs/share/scout_msgs/cmake/export_scout_msgs__rosidl_generator_pyExport.cmake
[0.937s] -- Up-to-date: /home/min/Workspace/scout_mini/install/scout_msgs/share/scout_msgs/cmake/export_scout_msgs__rosidl_generator_pyExport-noconfig.cmake
[1.022s] Invoked command in '/home/min/Workspace/scout_mini/build/scout_msgs' returned '0': CMAKE_PREFIX_PATH=/home/min/Workspace/scout_mini/install/scout_base:/home/min/Workspace/scout_mini/install/scout_mini_tools:/opt/ros/humble:/home/min/Workspace/scout_mini/install/ugv_sdk:/home/min/Workspace/scout_mini/install/sllidar_ros2:/home/min/Workspace/scout_mini/install/slam_launch:/home/min/Workspace/scout_mini/install/scout_msgs:/home/min/Workspace/scout_mini/install/scout_mini_nav2:/home/min/Workspace/scout_mini/install/scout_gazebo_sim:/home/min/Workspace/scout_mini/install/scout_description:/home/min/Workspace/scout_mini/install/scout_control:/home/min/Workspace/scout_mini/install/realsense2_description:/home/min/Workspace/scout_mini/install/realsense2_camera:/home/min/Workspace/scout_mini/install/realsense2_camera_msgs:/home/min/Downloads/multiple_robots/install/robot_gazebo:/home/min/Downloads/multiple_robots/install/robot_description:/home/min/Downloads/multiple_robots/install/robot_control /usr/bin/cmake --install /home/min/Workspace/scout_mini/build/scout_msgs
