[4.547s] Invoking command in '/home/min/Workspace/scout_mini/src/robot_control': PYTHONPATH=/home/min/Workspace/scout_mini/src/build/robot_control/prefix_override:/usr/lib/python3/dist-packages/colcon_core/task/python/colcon_distutils_commands:/home/min/Workspace/scout_mini/src/install/robot_control/lib/python3.10/site-packages:${PYTHONPATH} /usr/bin/python3 -W ignore:setup.py install is deprecated -W ignore:easy_install command is deprecated setup.py egg_info --egg-base ../build/robot_control build --build-base /home/min/Workspace/scout_mini/src/build/robot_control/build install --record /home/min/Workspace/scout_mini/src/build/robot_control/install.log --single-version-externally-managed install_data
[5.727s] running egg_info
[5.730s] creating ../build/robot_control/robot_control.egg-info
[5.731s] writing ../build/robot_control/robot_control.egg-info/PKG-INFO
[5.733s] writing dependency_links to ../build/robot_control/robot_control.egg-info/dependency_links.txt
[5.734s] writing entry points to ../build/robot_control/robot_control.egg-info/entry_points.txt
[5.734s] writing requirements to ../build/robot_control/robot_control.egg-info/requires.txt
[5.735s] writing top-level names to ../build/robot_control/robot_control.egg-info/top_level.txt
[5.735s] writing manifest file '../build/robot_control/robot_control.egg-info/SOURCES.txt'
[5.741s] reading manifest file '../build/robot_control/robot_control.egg-info/SOURCES.txt'
[5.748s] writing manifest file '../build/robot_control/robot_control.egg-info/SOURCES.txt'
[5.748s] running build
[5.749s] running build_py
[5.749s] creating /home/min/Workspace/scout_mini/src/build/robot_control/build
[5.749s] creating /home/min/Workspace/scout_mini/src/build/robot_control/build/lib
[5.750s] creating /home/min/Workspace/scout_mini/src/build/robot_control/build/lib/robot_control
[5.750s] copying robot_control/move_two_robots.py -> /home/min/Workspace/scout_mini/src/build/robot_control/build/lib/robot_control
[5.750s] copying robot_control/__init__.py -> /home/min/Workspace/scout_mini/src/build/robot_control/build/lib/robot_control
[5.751s] running install
[5.753s] running install_lib
[5.755s] creating /home/min/Workspace/scout_mini/src/install/robot_control/lib/python3.10/site-packages/robot_control
[5.756s] copying /home/min/Workspace/scout_mini/src/build/robot_control/build/lib/robot_control/move_two_robots.py -> /home/min/Workspace/scout_mini/src/install/robot_control/lib/python3.10/site-packages/robot_control
[5.756s] copying /home/min/Workspace/scout_mini/src/build/robot_control/build/lib/robot_control/__init__.py -> /home/min/Workspace/scout_mini/src/install/robot_control/lib/python3.10/site-packages/robot_control
[5.759s] byte-compiling /home/min/Workspace/scout_mini/src/install/robot_control/lib/python3.10/site-packages/robot_control/move_two_robots.py to move_two_robots.cpython-310.pyc
[5.760s] byte-compiling /home/min/Workspace/scout_mini/src/install/robot_control/lib/python3.10/site-packages/robot_control/__init__.py to __init__.cpython-310.pyc
[5.761s] running install_data
[5.761s] creating /home/min/Workspace/scout_mini/src/install/robot_control/share/ament_index
[5.762s] creating /home/min/Workspace/scout_mini/src/install/robot_control/share/ament_index/resource_index
[5.763s] creating /home/min/Workspace/scout_mini/src/install/robot_control/share/ament_index/resource_index/packages
[5.763s] copying resource/robot_control -> /home/min/Workspace/scout_mini/src/install/robot_control/share/ament_index/resource_index/packages
[5.765s] copying package.xml -> /home/min/Workspace/scout_mini/src/install/robot_control/share/robot_control
[5.766s] running install_egg_info
[5.774s] Copying ../build/robot_control/robot_control.egg-info to /home/min/Workspace/scout_mini/src/install/robot_control/lib/python3.10/site-packages/robot_control-0.0.0-py3.10.egg-info
[5.777s] running install_scripts
[5.867s] Installing move_two_robots script to /home/min/Workspace/scout_mini/src/install/robot_control/lib/robot_control
[5.868s] writing list of installed files to '/home/min/Workspace/scout_mini/src/build/robot_control/install.log'
[5.969s] Invoked command in '/home/min/Workspace/scout_mini/src/robot_control' returned '0': PYTHONPATH=/home/min/Workspace/scout_mini/src/build/robot_control/prefix_override:/usr/lib/python3/dist-packages/colcon_core/task/python/colcon_distutils_commands:/home/min/Workspace/scout_mini/src/install/robot_control/lib/python3.10/site-packages:${PYTHONPATH} /usr/bin/python3 -W ignore:setup.py install is deprecated -W ignore:easy_install command is deprecated setup.py egg_info --egg-base ../build/robot_control build --build-base /home/min/Workspace/scout_mini/src/build/robot_control/build install --record /home/min/Workspace/scout_mini/src/build/robot_control/install.log --single-version-externally-managed install_data
