[2.302s] Invoking command in '/home/min/Workspace/scout_mini/src/robot_control': PYTHONPATH=/home/min/Workspace/scout_mini/build/robot_control/prefix_override:/usr/lib/python3/dist-packages/colcon_core/task/python/colcon_distutils_commands:/home/min/Workspace/scout_mini/install/robot_control/lib/python3.10/site-packages:${PYTHONPATH} /usr/bin/python3 -W ignore:setup.py install is deprecated -W ignore:easy_install command is deprecated setup.py egg_info --egg-base ../../build/robot_control build --build-base /home/min/Workspace/scout_mini/build/robot_control/build install --record /home/min/Workspace/scout_mini/build/robot_control/install.log --single-version-externally-managed install_data
[2.558s] running egg_info
[2.596s] writing ../../build/robot_control/robot_control.egg-info/PKG-INFO
[2.597s] writing dependency_links to ../../build/robot_control/robot_control.egg-info/dependency_links.txt
[2.731s] writing entry points to ../../build/robot_control/robot_control.egg-info/entry_points.txt
[2.734s] writing requirements to ../../build/robot_control/robot_control.egg-info/requires.txt
[2.735s] writing top-level names to ../../build/robot_control/robot_control.egg-info/top_level.txt
[2.747s] reading manifest file '../../build/robot_control/robot_control.egg-info/SOURCES.txt'
[2.753s] writing manifest file '../../build/robot_control/robot_control.egg-info/SOURCES.txt'
[2.753s] running build
[2.754s] running build_py
[2.788s] copying robot_control/move_leader_robot.py -> /home/min/Workspace/scout_mini/build/robot_control/build/lib/robot_control
[2.789s] copying robot_control/follow_leader.py -> /home/min/Workspace/scout_mini/build/robot_control/build/lib/robot_control
[2.790s] running install
[2.792s] running install_lib
[2.797s] copying /home/min/Workspace/scout_mini/build/robot_control/build/lib/robot_control/move_leader_robot.py -> /home/min/Workspace/scout_mini/install/robot_control/lib/python3.10/site-packages/robot_control
[2.798s] copying /home/min/Workspace/scout_mini/build/robot_control/build/lib/robot_control/follow_leader.py -> /home/min/Workspace/scout_mini/install/robot_control/lib/python3.10/site-packages/robot_control
[2.991s] byte-compiling /home/min/Workspace/scout_mini/install/robot_control/lib/python3.10/site-packages/robot_control/move_leader_robot.py to move_leader_robot.cpython-310.pyc
[2.994s] byte-compiling /home/min/Workspace/scout_mini/install/robot_control/lib/python3.10/site-packages/robot_control/follow_leader.py to follow_leader.cpython-310.pyc
[2.996s] running install_data
[3.026s] running install_egg_info
[3.033s] removing '/home/min/Workspace/scout_mini/install/robot_control/lib/python3.10/site-packages/robot_control-0.0.0-py3.10.egg-info' (and everything under it)
[3.034s] Copying ../../build/robot_control/robot_control.egg-info to /home/min/Workspace/scout_mini/install/robot_control/lib/python3.10/site-packages/robot_control-0.0.0-py3.10.egg-info
[3.059s] running install_scripts
[3.099s] Installing follow_leader script to /home/min/Workspace/scout_mini/install/robot_control/lib/robot_control
[4.197s] Installing follower script to /home/min/Workspace/scout_mini/install/robot_control/lib/robot_control
[4.198s] Installing move_leader_robot script to /home/min/Workspace/scout_mini/install/robot_control/lib/robot_control
[4.200s] writing list of installed files to '/home/min/Workspace/scout_mini/build/robot_control/install.log'
[4.238s] Invoked command in '/home/min/Workspace/scout_mini/src/robot_control' returned '0': PYTHONPATH=/home/min/Workspace/scout_mini/build/robot_control/prefix_override:/usr/lib/python3/dist-packages/colcon_core/task/python/colcon_distutils_commands:/home/min/Workspace/scout_mini/install/robot_control/lib/python3.10/site-packages:${PYTHONPATH} /usr/bin/python3 -W ignore:setup.py install is deprecated -W ignore:easy_install command is deprecated setup.py egg_info --egg-base ../../build/robot_control build --build-base /home/min/Workspace/scout_mini/build/robot_control/build install --record /home/min/Workspace/scout_mini/build/robot_control/install.log --single-version-externally-managed install_data
