[0.016s] Invoking command in '/home/min/Workspace/scout_mini/build/realsense2_description': CMAKE_PREFIX_PATH=/home/min/Workspace/scout_mini/install/realsense2_camera_msgs:/home/min/Workspace/scout_mini/install/scout_base:/home/min/Workspace/scout_mini/install/scout_mini_tools:/opt/ros/humble:/home/min/Workspace/scout_mini/install/ugv_sdk:/home/min/Workspace/scout_mini/install/sllidar_ros2:/home/min/Workspace/scout_mini/install/slam_launch:/home/min/Workspace/scout_mini/install/scout_msgs:/home/min/Workspace/scout_mini/install/scout_mini_nav2:/home/min/Workspace/scout_mini/install/scout_gazebo_sim:/home/min/Workspace/scout_mini/install/scout_description:/home/min/Workspace/scout_mini/install/scout_control:/home/min/Workspace/scout_mini/install/realsense2_description:/home/min/Workspace/scout_mini/install/realsense2_camera:/home/min/Downloads/multiple_robots/install/robot_gazebo:/home/min/Downloads/multiple_robots/install/robot_description:/home/min/Downloads/multiple_robots/install/robot_control LD_LIBRARY_PATH=/home/min/Workspace/scout_mini/install/realsense2_camera_msgs/lib:/home/min/Workspace/scout_mini/install/scout_msgs/lib:/home/min/Workspace/scout_mini/install/realsense2_camera/lib:/usr/lib/x86_64-linux-gnu/gazebo-11/plugins:/opt/ros/humble/opt/rviz_ogre_vendor/lib:/opt/ros/humble/lib/x86_64-linux-gnu:/opt/ros/humble/lib /usr/bin/cmake /home/min/Workspace/scout_mini/src/realsense-ros/realsense2_description -DAMENT_CMAKE_SYMLINK_INSTALL=1 -DCMAKE_INSTALL_PREFIX=/home/min/Workspace/scout_mini/install/realsense2_description
[0.287s] -- The C compiler identification is GNU 11.4.0
[0.394s] -- The CXX compiler identification is GNU 11.4.0
[0.406s] -- Detecting C compiler ABI info
[0.524s] -- Detecting C compiler ABI info - done
[0.541s] -- Check for working C compiler: /usr/bin/cc - skipped
[0.541s] -- Detecting C compile features
[0.542s] -- Detecting C compile features - done
[0.548s] -- Detecting CXX compiler ABI info
[0.652s] -- Detecting CXX compiler ABI info - done
[0.673s] -- Check for working CXX compiler: /usr/bin/c++ - skipped
[0.673s] -- Detecting CXX compile features
[0.674s] -- Detecting CXX compile features - done
[0.679s] -- Found ament_cmake: 1.3.12 (/opt/ros/humble/share/ament_cmake/cmake)
[0.888s] -- Found Python3: /usr/bin/python3 (found version "3.10.12") found components: Interpreter 
[0.974s] -- Override CMake install command with custom implementation using symlinks instead of copying resources
[1.101s] -- Configuring done
[1.104s] -- Generating done
[1.105s] -- Build files have been written to: /home/min/Workspace/scout_mini/build/realsense2_description
[1.110s] Invoked command in '/home/min/Workspace/scout_mini/build/realsense2_description' returned '0': CMAKE_PREFIX_PATH=/home/min/Workspace/scout_mini/install/realsense2_camera_msgs:/home/min/Workspace/scout_mini/install/scout_base:/home/min/Workspace/scout_mini/install/scout_mini_tools:/opt/ros/humble:/home/min/Workspace/scout_mini/install/ugv_sdk:/home/min/Workspace/scout_mini/install/sllidar_ros2:/home/min/Workspace/scout_mini/install/slam_launch:/home/min/Workspace/scout_mini/install/scout_msgs:/home/min/Workspace/scout_mini/install/scout_mini_nav2:/home/min/Workspace/scout_mini/install/scout_gazebo_sim:/home/min/Workspace/scout_mini/install/scout_description:/home/min/Workspace/scout_mini/install/scout_control:/home/min/Workspace/scout_mini/install/realsense2_description:/home/min/Workspace/scout_mini/install/realsense2_camera:/home/min/Downloads/multiple_robots/install/robot_gazebo:/home/min/Downloads/multiple_robots/install/robot_description:/home/min/Downloads/multiple_robots/install/robot_control LD_LIBRARY_PATH=/home/min/Workspace/scout_mini/install/realsense2_camera_msgs/lib:/home/min/Workspace/scout_mini/install/scout_msgs/lib:/home/min/Workspace/scout_mini/install/realsense2_camera/lib:/usr/lib/x86_64-linux-gnu/gazebo-11/plugins:/opt/ros/humble/opt/rviz_ogre_vendor/lib:/opt/ros/humble/lib/x86_64-linux-gnu:/opt/ros/humble/lib /usr/bin/cmake /home/min/Workspace/scout_mini/src/realsense-ros/realsense2_description -DAMENT_CMAKE_SYMLINK_INSTALL=1 -DCMAKE_INSTALL_PREFIX=/home/min/Workspace/scout_mini/install/realsense2_description
[1.113s] Invoking command in '/home/min/Workspace/scout_mini/build/realsense2_description': CMAKE_PREFIX_PATH=/home/min/Workspace/scout_mini/install/realsense2_camera_msgs:/home/min/Workspace/scout_mini/install/scout_base:/home/min/Workspace/scout_mini/install/scout_mini_tools:/opt/ros/humble:/home/min/Workspace/scout_mini/install/ugv_sdk:/home/min/Workspace/scout_mini/install/sllidar_ros2:/home/min/Workspace/scout_mini/install/slam_launch:/home/min/Workspace/scout_mini/install/scout_msgs:/home/min/Workspace/scout_mini/install/scout_mini_nav2:/home/min/Workspace/scout_mini/install/scout_gazebo_sim:/home/min/Workspace/scout_mini/install/scout_description:/home/min/Workspace/scout_mini/install/scout_control:/home/min/Workspace/scout_mini/install/realsense2_description:/home/min/Workspace/scout_mini/install/realsense2_camera:/home/min/Downloads/multiple_robots/install/robot_gazebo:/home/min/Downloads/multiple_robots/install/robot_description:/home/min/Downloads/multiple_robots/install/robot_control LD_LIBRARY_PATH=/home/min/Workspace/scout_mini/install/realsense2_camera_msgs/lib:/home/min/Workspace/scout_mini/install/scout_msgs/lib:/home/min/Workspace/scout_mini/install/realsense2_camera/lib:/usr/lib/x86_64-linux-gnu/gazebo-11/plugins:/opt/ros/humble/opt/rviz_ogre_vendor/lib:/opt/ros/humble/lib/x86_64-linux-gnu:/opt/ros/humble/lib /usr/bin/cmake --build /home/min/Workspace/scout_mini/build/realsense2_description -- -j8 -l8
[1.155s] Invoked command in '/home/min/Workspace/scout_mini/build/realsense2_description' returned '0': CMAKE_PREFIX_PATH=/home/min/Workspace/scout_mini/install/realsense2_camera_msgs:/home/min/Workspace/scout_mini/install/scout_base:/home/min/Workspace/scout_mini/install/scout_mini_tools:/opt/ros/humble:/home/min/Workspace/scout_mini/install/ugv_sdk:/home/min/Workspace/scout_mini/install/sllidar_ros2:/home/min/Workspace/scout_mini/install/slam_launch:/home/min/Workspace/scout_mini/install/scout_msgs:/home/min/Workspace/scout_mini/install/scout_mini_nav2:/home/min/Workspace/scout_mini/install/scout_gazebo_sim:/home/min/Workspace/scout_mini/install/scout_description:/home/min/Workspace/scout_mini/install/scout_control:/home/min/Workspace/scout_mini/install/realsense2_description:/home/min/Workspace/scout_mini/install/realsense2_camera:/home/min/Downloads/multiple_robots/install/robot_gazebo:/home/min/Downloads/multiple_robots/install/robot_description:/home/min/Downloads/multiple_robots/install/robot_control LD_LIBRARY_PATH=/home/min/Workspace/scout_mini/install/realsense2_camera_msgs/lib:/home/min/Workspace/scout_mini/install/scout_msgs/lib:/home/min/Workspace/scout_mini/install/realsense2_camera/lib:/usr/lib/x86_64-linux-gnu/gazebo-11/plugins:/opt/ros/humble/opt/rviz_ogre_vendor/lib:/opt/ros/humble/lib/x86_64-linux-gnu:/opt/ros/humble/lib /usr/bin/cmake --build /home/min/Workspace/scout_mini/build/realsense2_description -- -j8 -l8
[1.157s] Invoking command in '/home/min/Workspace/scout_mini/build/realsense2_description': CMAKE_PREFIX_PATH=/home/min/Workspace/scout_mini/install/realsense2_camera_msgs:/home/min/Workspace/scout_mini/install/scout_base:/home/min/Workspace/scout_mini/install/scout_mini_tools:/opt/ros/humble:/home/min/Workspace/scout_mini/install/ugv_sdk:/home/min/Workspace/scout_mini/install/sllidar_ros2:/home/min/Workspace/scout_mini/install/slam_launch:/home/min/Workspace/scout_mini/install/scout_msgs:/home/min/Workspace/scout_mini/install/scout_mini_nav2:/home/min/Workspace/scout_mini/install/scout_gazebo_sim:/home/min/Workspace/scout_mini/install/scout_description:/home/min/Workspace/scout_mini/install/scout_control:/home/min/Workspace/scout_mini/install/realsense2_description:/home/min/Workspace/scout_mini/install/realsense2_camera:/home/min/Downloads/multiple_robots/install/robot_gazebo:/home/min/Downloads/multiple_robots/install/robot_description:/home/min/Downloads/multiple_robots/install/robot_control LD_LIBRARY_PATH=/home/min/Workspace/scout_mini/install/realsense2_camera_msgs/lib:/home/min/Workspace/scout_mini/install/scout_msgs/lib:/home/min/Workspace/scout_mini/install/realsense2_camera/lib:/usr/lib/x86_64-linux-gnu/gazebo-11/plugins:/opt/ros/humble/opt/rviz_ogre_vendor/lib:/opt/ros/humble/lib/x86_64-linux-gnu:/opt/ros/humble/lib /usr/bin/cmake --install /home/min/Workspace/scout_mini/build/realsense2_description
[1.166s] -- Install configuration: ""
[1.166s] -- Execute custom install script
[1.167s] -- Symlinking: /home/min/Workspace/scout_mini/install/realsense2_description/share/realsense2_description/launch/launch_utils.py
[1.177s] -- Symlinking: /home/min/Workspace/scout_mini/install/realsense2_description/share/realsense2_description/launch/view_model.launch.py
[1.188s] -- Symlinking: /home/min/Workspace/scout_mini/install/realsense2_description/share/realsense2_description/meshes/d405.stl
[1.198s] -- Symlinking: /home/min/Workspace/scout_mini/install/realsense2_description/share/realsense2_description/meshes/d415.stl
[1.207s] -- Symlinking: /home/min/Workspace/scout_mini/install/realsense2_description/share/realsense2_description/meshes/d435.dae
[1.217s] -- Symlinking: /home/min/Workspace/scout_mini/install/realsense2_description/share/realsense2_description/meshes/d455.stl
[1.227s] -- Symlinking: /home/min/Workspace/scout_mini/install/realsense2_description/share/realsense2_description/meshes/l515.dae
[1.237s] -- Symlinking: /home/min/Workspace/scout_mini/install/realsense2_description/share/realsense2_description/meshes/plug.stl
[1.247s] -- Symlinking: /home/min/Workspace/scout_mini/install/realsense2_description/share/realsense2_description/meshes/plug_collision.stl
[1.257s] -- Symlinking: /home/min/Workspace/scout_mini/install/realsense2_description/share/realsense2_description/rviz/urdf.rviz
[1.267s] -- Symlinking: /home/min/Workspace/scout_mini/install/realsense2_description/share/realsense2_description/urdf/_d405.urdf.xacro
[1.278s] -- Symlinking: /home/min/Workspace/scout_mini/install/realsense2_description/share/realsense2_description/urdf/_d415.urdf.xacro
[1.288s] -- Symlinking: /home/min/Workspace/scout_mini/install/realsense2_description/share/realsense2_description/urdf/_d435.urdf.xacro
[1.298s] -- Symlinking: /home/min/Workspace/scout_mini/install/realsense2_description/share/realsense2_description/urdf/_d435i.urdf.xacro
[1.307s] -- Symlinking: /home/min/Workspace/scout_mini/install/realsense2_description/share/realsense2_description/urdf/_d435i_imu_modules.urdf.xacro
[1.317s] -- Symlinking: /home/min/Workspace/scout_mini/install/realsense2_description/share/realsense2_description/urdf/_d455.urdf.xacro
[1.327s] -- Symlinking: /home/min/Workspace/scout_mini/install/realsense2_description/share/realsense2_description/urdf/_materials.urdf.xacro
[1.337s] -- Symlinking: /home/min/Workspace/scout_mini/install/realsense2_description/share/realsense2_description/urdf/_r410.urdf.xacro
[1.347s] -- Symlinking: /home/min/Workspace/scout_mini/install/realsense2_description/share/realsense2_description/urdf/_r430.urdf.xacro
[1.357s] -- Symlinking: /home/min/Workspace/scout_mini/install/realsense2_description/share/realsense2_description/urdf/_usb_plug.urdf.xacro
[1.367s] -- Symlinking: /home/min/Workspace/scout_mini/install/realsense2_description/share/realsense2_description/urdf/test_d405_camera.urdf.xacro
[1.378s] -- Symlinking: /home/min/Workspace/scout_mini/install/realsense2_description/share/realsense2_description/urdf/test_d415_camera.urdf.xacro
[1.388s] -- Symlinking: /home/min/Workspace/scout_mini/install/realsense2_description/share/realsense2_description/urdf/test_d435_camera.urdf.xacro
[1.397s] -- Symlinking: /home/min/Workspace/scout_mini/install/realsense2_description/share/realsense2_description/urdf/test_d435_multiple_cameras.urdf.xacro
[1.407s] -- Symlinking: /home/min/Workspace/scout_mini/install/realsense2_description/share/realsense2_description/urdf/test_d435i_camera.urdf.xacro
[1.417s] -- Symlinking: /home/min/Workspace/scout_mini/install/realsense2_description/share/realsense2_description/urdf/test_d455_camera.urdf.xacro
[1.426s] -- Symlinking: /home/min/Workspace/scout_mini/install/realsense2_description/share/realsense2_description/urdf/test_r410_camera.urdf.xacro
[1.436s] -- Symlinking: /home/min/Workspace/scout_mini/install/realsense2_description/share/realsense2_description/urdf/test_r430_camera.urdf.xacro
[1.447s] -- Symlinking: /home/min/Workspace/scout_mini/install/realsense2_description/share/ament_index/resource_index/package_run_dependencies/realsense2_description
[1.457s] -- Symlinking: /home/min/Workspace/scout_mini/install/realsense2_description/share/ament_index/resource_index/parent_prefix_path/realsense2_description
[1.467s] -- Symlinking: /home/min/Workspace/scout_mini/install/realsense2_description/share/realsense2_description/environment/ament_prefix_path.sh
[1.478s] -- Symlinking: /home/min/Workspace/scout_mini/install/realsense2_description/share/realsense2_description/environment/ament_prefix_path.dsv
[1.488s] -- Symlinking: /home/min/Workspace/scout_mini/install/realsense2_description/share/realsense2_description/environment/path.sh
[1.498s] -- Symlinking: /home/min/Workspace/scout_mini/install/realsense2_description/share/realsense2_description/environment/path.dsv
[1.508s] -- Symlinking: /home/min/Workspace/scout_mini/install/realsense2_description/share/realsense2_description/local_setup.bash
[1.518s] -- Symlinking: /home/min/Workspace/scout_mini/install/realsense2_description/share/realsense2_description/local_setup.sh
[1.528s] -- Symlinking: /home/min/Workspace/scout_mini/install/realsense2_description/share/realsense2_description/local_setup.zsh
[1.538s] -- Symlinking: /home/min/Workspace/scout_mini/install/realsense2_description/share/realsense2_description/local_setup.dsv
[1.548s] -- Symlinking: /home/min/Workspace/scout_mini/install/realsense2_description/share/realsense2_description/package.dsv
[1.558s] -- Symlinking: /home/min/Workspace/scout_mini/install/realsense2_description/share/ament_index/resource_index/packages/realsense2_description
[1.569s] -- Symlinking: /home/min/Workspace/scout_mini/install/realsense2_description/share/realsense2_description/cmake/realsense2_descriptionConfig.cmake
[1.580s] -- Symlinking: /home/min/Workspace/scout_mini/install/realsense2_description/share/realsense2_description/cmake/realsense2_descriptionConfig-version.cmake
[1.590s] -- Symlinking: /home/min/Workspace/scout_mini/install/realsense2_description/share/realsense2_description/package.xml
[1.603s] Invoked command in '/home/min/Workspace/scout_mini/build/realsense2_description' returned '0': CMAKE_PREFIX_PATH=/home/min/Workspace/scout_mini/install/realsense2_camera_msgs:/home/min/Workspace/scout_mini/install/scout_base:/home/min/Workspace/scout_mini/install/scout_mini_tools:/opt/ros/humble:/home/min/Workspace/scout_mini/install/ugv_sdk:/home/min/Workspace/scout_mini/install/sllidar_ros2:/home/min/Workspace/scout_mini/install/slam_launch:/home/min/Workspace/scout_mini/install/scout_msgs:/home/min/Workspace/scout_mini/install/scout_mini_nav2:/home/min/Workspace/scout_mini/install/scout_gazebo_sim:/home/min/Workspace/scout_mini/install/scout_description:/home/min/Workspace/scout_mini/install/scout_control:/home/min/Workspace/scout_mini/install/realsense2_description:/home/min/Workspace/scout_mini/install/realsense2_camera:/home/min/Downloads/multiple_robots/install/robot_gazebo:/home/min/Downloads/multiple_robots/install/robot_description:/home/min/Downloads/multiple_robots/install/robot_control LD_LIBRARY_PATH=/home/min/Workspace/scout_mini/install/realsense2_camera_msgs/lib:/home/min/Workspace/scout_mini/install/scout_msgs/lib:/home/min/Workspace/scout_mini/install/realsense2_camera/lib:/usr/lib/x86_64-linux-gnu/gazebo-11/plugins:/opt/ros/humble/opt/rviz_ogre_vendor/lib:/opt/ros/humble/lib/x86_64-linux-gnu:/opt/ros/humble/lib /usr/bin/cmake --install /home/min/Workspace/scout_mini/build/realsense2_description
