-- The C compiler identification is GNU 11.4.0
-- The CXX compiler identification is GNU 11.4.0
-- Detecting C compiler ABI info
-- Detecting C compiler ABI info - done
-- Check for working C compiler: /usr/bin/cc - skipped
-- Detecting C compile features
-- Detecting C compile features - done
-- Detecting CXX compiler ABI info
-- Detecting CXX compiler ABI info - done
-- Check for working CXX compiler: /usr/bin/c++ - skipped
-- Detecting CXX compile features
-- Detecting CXX compile features - done
-- Found ament_cmake: 1.3.12 (/opt/ros/humble/share/ament_cmake/cmake)
-- Found Python3: /usr/bin/python3 (found version "3.10.12") found components: Interpreter 
-- Override CMake install command with custom implementation using symlinks instead of copying resources
-- Found ament_lint_auto: 0.12.14 (/opt/ros/humble/share/ament_lint_auto/cmake)
-- Configuring done
-- Generating done
-- Build files have been written to: /home/min/Workspace/scout_mini/build/slam_launch
-- Install configuration: ""
-- Execute custom install script
-- Symlinking: /home/min/Workspace/scout_mini/install/slam_launch/share/ament_index/resource_index/package_run_dependencies/slam_launch
-- Symlinking: /home/min/Workspace/scout_mini/install/slam_launch/share/ament_index/resource_index/parent_prefix_path/slam_launch
-- Symlinking: /home/min/Workspace/scout_mini/install/slam_launch/share/slam_launch/environment/ament_prefix_path.sh
-- Symlinking: /home/min/Workspace/scout_mini/install/slam_launch/share/slam_launch/environment/ament_prefix_path.dsv
-- Symlinking: /home/min/Workspace/scout_mini/install/slam_launch/share/slam_launch/environment/path.sh
-- Symlinking: /home/min/Workspace/scout_mini/install/slam_launch/share/slam_launch/environment/path.dsv
-- Symlinking: /home/min/Workspace/scout_mini/install/slam_launch/share/slam_launch/local_setup.bash
-- Symlinking: /home/min/Workspace/scout_mini/install/slam_launch/share/slam_launch/local_setup.sh
-- Symlinking: /home/min/Workspace/scout_mini/install/slam_launch/share/slam_launch/local_setup.zsh
-- Symlinking: /home/min/Workspace/scout_mini/install/slam_launch/share/slam_launch/local_setup.dsv
-- Symlinking: /home/min/Workspace/scout_mini/install/slam_launch/share/slam_launch/package.dsv
-- Symlinking: /home/min/Workspace/scout_mini/install/slam_launch/share/ament_index/resource_index/packages/slam_launch
-- Symlinking: /home/min/Workspace/scout_mini/install/slam_launch/share/slam_launch/cmake/slam_launchConfig.cmake
-- Symlinking: /home/min/Workspace/scout_mini/install/slam_launch/share/slam_launch/cmake/slam_launchConfig-version.cmake
-- Symlinking: /home/min/Workspace/scout_mini/install/slam_launch/share/slam_launch/package.xml
-- Symlinking: /home/min/Workspace/scout_mini/install/slam_launch/share/slam_launch//launch/localization.launch.py
-- Symlinking: /home/min/Workspace/scout_mini/install/slam_launch/share/slam_launch//launch/slam_online.launch.py
-- Symlinking: /home/min/Workspace/scout_mini/install/slam_launch/share/slam_launch//launch/static_map.launch.py
-- Symlinking: /home/min/Workspace/scout_mini/install/slam_launch/share/slam_launch//config/mapper_params_localization.yaml
-- Symlinking: /home/min/Workspace/scout_mini/install/slam_launch/share/slam_launch//config/mapper_params_online_async.yaml
