[1.121s] Invoking command in '/home/min/Workspace/scout_mini/build/scout_description': CMAKE_PREFIX_PATH=${CMAKE_PREFIX_PATH}:/home/min/Workspace/scout_mini/install/scout_mini_tools:/home/min/Workspace/scout_mini/install/rqt_fleet_view:/home/min/Workspace/scout_mini/install/robot_following:/home/min/Workspace/scout_mini/install/robot_control:/opt/ros/humble /usr/bin/cmake /home/min/Workspace/scout_mini/src/scout_ros2/scout_description -DAMENT_CMAKE_SYMLINK_INSTALL=1 -DCMAKE_INSTALL_PREFIX=/home/min/Workspace/scout_mini/install/scout_description
[1.229s] -- The C compiler identification is GNU 11.4.0
[1.423s] -- The CXX compiler identification is GNU 11.4.0
[1.457s] -- Detecting C compiler ABI info
[1.649s] -- Detecting C compiler ABI info - done
[1.669s] -- Check for working C compiler: /usr/bin/cc - skipped
[1.671s] -- Detecting C compile features
[1.672s] -- Detecting C compile features - done
[1.678s] -- Detecting CXX compiler ABI info
[1.873s] -- Detecting CXX compiler ABI info - done
[1.896s] -- Check for working CXX compiler: /usr/bin/c++ - skipped
[1.897s] -- Detecting CXX compile features
[1.898s] -- Detecting CXX compile features - done
[1.918s] -- Found ament_cmake: 1.3.12 (/opt/ros/humble/share/ament_cmake/cmake)
[2.669s] -- Found Python3: /usr/bin/python3 (found version "3.10.12") found components: Interpreter 
[2.954s] -- Override CMake install command with custom implementation using symlinks instead of copying resources
[3.066s] -- Found ament_lint_auto: 0.12.14 (/opt/ros/humble/share/ament_lint_auto/cmake)
[3.372s] -- Configuring done
[3.394s] -- Generating done
[3.397s] -- Build files have been written to: /home/min/Workspace/scout_mini/build/scout_description
[3.428s] Invoked command in '/home/min/Workspace/scout_mini/build/scout_description' returned '0': CMAKE_PREFIX_PATH=${CMAKE_PREFIX_PATH}:/home/min/Workspace/scout_mini/install/scout_mini_tools:/home/min/Workspace/scout_mini/install/rqt_fleet_view:/home/min/Workspace/scout_mini/install/robot_following:/home/min/Workspace/scout_mini/install/robot_control:/opt/ros/humble /usr/bin/cmake /home/min/Workspace/scout_mini/src/scout_ros2/scout_description -DAMENT_CMAKE_SYMLINK_INSTALL=1 -DCMAKE_INSTALL_PREFIX=/home/min/Workspace/scout_mini/install/scout_description
[3.429s] Invoking command in '/home/min/Workspace/scout_mini/build/scout_description': CMAKE_PREFIX_PATH=${CMAKE_PREFIX_PATH}:/home/min/Workspace/scout_mini/install/scout_mini_tools:/home/min/Workspace/scout_mini/install/rqt_fleet_view:/home/min/Workspace/scout_mini/install/robot_following:/home/min/Workspace/scout_mini/install/robot_control:/opt/ros/humble /usr/bin/cmake --build /home/min/Workspace/scout_mini/build/scout_description -- -j8 -l8
[4.735s] Invoked command in '/home/min/Workspace/scout_mini/build/scout_description' returned '0': CMAKE_PREFIX_PATH=${CMAKE_PREFIX_PATH}:/home/min/Workspace/scout_mini/install/scout_mini_tools:/home/min/Workspace/scout_mini/install/rqt_fleet_view:/home/min/Workspace/scout_mini/install/robot_following:/home/min/Workspace/scout_mini/install/robot_control:/opt/ros/humble /usr/bin/cmake --build /home/min/Workspace/scout_mini/build/scout_description -- -j8 -l8
[4.773s] Invoking command in '/home/min/Workspace/scout_mini/build/scout_description': CMAKE_PREFIX_PATH=${CMAKE_PREFIX_PATH}:/home/min/Workspace/scout_mini/install/scout_mini_tools:/home/min/Workspace/scout_mini/install/rqt_fleet_view:/home/min/Workspace/scout_mini/install/robot_following:/home/min/Workspace/scout_mini/install/robot_control:/opt/ros/humble /usr/bin/cmake --install /home/min/Workspace/scout_mini/build/scout_description
[4.794s] -- Install configuration: ""
[4.797s] -- Execute custom install script
[4.806s] -- Symlinking: /home/min/Workspace/scout_mini/install/scout_description/share/scout_description//launch/display_mini.launch.py
[4.830s] -- Symlinking: /home/min/Workspace/scout_mini/install/scout_description/share/scout_description//launch/scout_base_description.launch.py
[4.851s] -- Symlinking: /home/min/Workspace/scout_mini/install/scout_description/share/scout_description//launch/scout_mini_gazebo.launch.py
[4.882s] -- Symlinking: /home/min/Workspace/scout_mini/install/scout_description/share/scout_description//launch/sm_base_description.launch.py
[4.913s] -- Symlinking: /home/min/Workspace/scout_mini/install/scout_description/share/scout_description//launch/sm_gazebo.launch.py
[4.988s] -- Symlinking: /home/min/Workspace/scout_mini/install/scout_description/share/scout_description//urdf/empty.urdf
[5.014s] -- Symlinking: /home/min/Workspace/scout_mini/install/scout_description/share/scout_description//urdf/mini.xacro
[5.034s] -- Symlinking: /home/min/Workspace/scout_mini/install/scout_description/share/scout_description//urdf/scout_mini.gazebo
[5.061s] -- Symlinking: /home/min/Workspace/scout_mini/install/scout_description/share/scout_description//urdf/scout_mini.urdf
[5.086s] -- Symlinking: /home/min/Workspace/scout_mini/install/scout_description/share/scout_description//urdf/scout_mini.xacro
[5.112s] -- Symlinking: /home/min/Workspace/scout_mini/install/scout_description/share/scout_description//urdf/scout_mini_wheel.gazebo
[5.140s] -- Symlinking: /home/min/Workspace/scout_mini/install/scout_description/share/scout_description//urdf/scout_mini_wheel_1.xacro
[5.178s] -- Symlinking: /home/min/Workspace/scout_mini/install/scout_description/share/scout_description//urdf/scout_mini_wheel_2.xacro
[5.194s] -- Symlinking: /home/min/Workspace/scout_mini/install/scout_description/share/scout_description//urdf/scout_mini_wheel_3.xacro
[5.225s] -- Symlinking: /home/min/Workspace/scout_mini/install/scout_description/share/scout_description//urdf/scout_mini_wheel_4.xacro
[5.251s] -- Symlinking: /home/min/Workspace/scout_mini/install/scout_description/share/scout_description//urdf/sm.gazebo
[5.280s] -- Symlinking: /home/min/Workspace/scout_mini/install/scout_description/share/scout_description//urdf/sm.xacro
[5.300s] -- Symlinking: /home/min/Workspace/scout_mini/install/scout_description/share/scout_description//urdf/sm1.gazebo
[5.329s] -- Symlinking: /home/min/Workspace/scout_mini/install/scout_description/share/scout_description//urdf/sm1.xacro
[5.362s] -- Symlinking: /home/min/Workspace/scout_mini/install/scout_description/share/scout_description//urdf/sm2.gazebo
[5.391s] -- Symlinking: /home/min/Workspace/scout_mini/install/scout_description/share/scout_description//urdf/sm2.xacro
[5.423s] -- Symlinking: /home/min/Workspace/scout_mini/install/scout_description/share/scout_description//meshes/1_Link.STL
[5.460s] -- Symlinking: /home/min/Workspace/scout_mini/install/scout_description/share/scout_description//meshes/2_Link.STL
[5.490s] -- Symlinking: /home/min/Workspace/scout_mini/install/scout_description/share/scout_description//meshes/3_Link.STL
[5.522s] -- Symlinking: /home/min/Workspace/scout_mini/install/scout_description/share/scout_description//meshes/4_Link.STL
[5.555s] -- Symlinking: /home/min/Workspace/scout_mini/install/scout_description/share/scout_description//meshes/scout_mini_base_link.STL
[5.589s] -- Symlinking: /home/min/Workspace/scout_mini/install/scout_description/share/scout_description//meshes/scout_mini_base_link.dae
[5.634s] -- Symlinking: /home/min/Workspace/scout_mini/install/scout_description/share/scout_description//meshes/scout_mini_base_link2.dae
[5.670s] -- Symlinking: /home/min/Workspace/scout_mini/install/scout_description/share/scout_description//meshes/sm_base_link.dae
[5.687s] -- Symlinking: /home/min/Workspace/scout_mini/install/scout_description/share/scout_description//meshes/sm_wheel.dae
[5.715s] -- Symlinking: /home/min/Workspace/scout_mini/install/scout_description/share/scout_description//meshes/wheel.dae
[5.743s] -- Symlinking: /home/min/Workspace/scout_mini/install/scout_description/share/scout_description//meshes/wheel_type1.dae
[5.776s] -- Symlinking: /home/min/Workspace/scout_mini/install/scout_description/share/scout_description//meshes/wheel_type2.dae
[5.818s] -- Symlinking: /home/min/Workspace/scout_mini/install/scout_description/share/ament_index/resource_index/package_run_dependencies/scout_description
[5.844s] -- Symlinking: /home/min/Workspace/scout_mini/install/scout_description/share/ament_index/resource_index/parent_prefix_path/scout_description
[5.881s] -- Symlinking: /home/min/Workspace/scout_mini/install/scout_description/share/scout_description/environment/ament_prefix_path.sh
[5.914s] -- Symlinking: /home/min/Workspace/scout_mini/install/scout_description/share/scout_description/environment/ament_prefix_path.dsv
[5.940s] -- Symlinking: /home/min/Workspace/scout_mini/install/scout_description/share/scout_description/environment/path.sh
[5.957s] -- Symlinking: /home/min/Workspace/scout_mini/install/scout_description/share/scout_description/environment/path.dsv
[5.973s] -- Symlinking: /home/min/Workspace/scout_mini/install/scout_description/share/scout_description/local_setup.bash
[5.990s] -- Symlinking: /home/min/Workspace/scout_mini/install/scout_description/share/scout_description/local_setup.sh
[6.007s] -- Symlinking: /home/min/Workspace/scout_mini/install/scout_description/share/scout_description/local_setup.zsh
[6.023s] -- Symlinking: /home/min/Workspace/scout_mini/install/scout_description/share/scout_description/local_setup.dsv
[6.040s] -- Symlinking: /home/min/Workspace/scout_mini/install/scout_description/share/scout_description/package.dsv
[6.073s] -- Symlinking: /home/min/Workspace/scout_mini/install/scout_description/share/ament_index/resource_index/packages/scout_description
[6.103s] -- Symlinking: /home/min/Workspace/scout_mini/install/scout_description/share/scout_description/cmake/scout_descriptionConfig.cmake
[6.139s] -- Symlinking: /home/min/Workspace/scout_mini/install/scout_description/share/scout_description/cmake/scout_descriptionConfig-version.cmake
[6.167s] -- Symlinking: /home/min/Workspace/scout_mini/install/scout_description/share/scout_description/package.xml
[6.349s] Invoked command in '/home/min/Workspace/scout_mini/build/scout_description' returned '0': CMAKE_PREFIX_PATH=${CMAKE_PREFIX_PATH}:/home/min/Workspace/scout_mini/install/scout_mini_tools:/home/min/Workspace/scout_mini/install/rqt_fleet_view:/home/min/Workspace/scout_mini/install/robot_following:/home/min/Workspace/scout_mini/install/robot_control:/opt/ros/humble /usr/bin/cmake --install /home/min/Workspace/scout_mini/build/scout_description
