[2.920s] Invoking command in '/home/min/Workspace/scout_mini/build/rqt_fleet_view': PYTHONPATH=/home/min/Workspace/scout_mini/build/rqt_fleet_view/prefix_override:/usr/lib/python3/dist-packages/colcon_core/task/python/colcon_distutils_commands:/home/min/Workspace/scout_mini/install/rqt_fleet_view/lib/python3.10/site-packages:${PYTHONPATH} /usr/bin/python3 -W ignore:setup.py install is deprecated -W ignore:easy_install command is deprecated setup.py develop --editable --build-directory /home/min/Workspace/scout_mini/build/rqt_fleet_view/build --no-deps symlink_data
[4.215s] running develop
[5.220s] running egg_info
[5.220s] creating rqt_fleet_view.egg-info
[5.220s] writing rqt_fleet_view.egg-info/PKG-INFO
[5.220s] writing dependency_links to rqt_fleet_view.egg-info/dependency_links.txt
[5.221s] writing entry points to rqt_fleet_view.egg-info/entry_points.txt
[5.221s] writing requirements to rqt_fleet_view.egg-info/requires.txt
[5.221s] writing top-level names to rqt_fleet_view.egg-info/top_level.txt
[5.221s] writing manifest file 'rqt_fleet_view.egg-info/SOURCES.txt'
[5.224s] reading manifest file 'rqt_fleet_view.egg-info/SOURCES.txt'
[5.224s] writing manifest file 'rqt_fleet_view.egg-info/SOURCES.txt'
[5.228s] running build_ext
[5.228s] Creating /home/min/Workspace/scout_mini/install/rqt_fleet_view/lib/python3.10/site-packages/rqt-fleet-view.egg-link (link to .)
[5.232s] 
[5.232s] Installed /home/min/Workspace/scout_mini/build/rqt_fleet_view
[5.232s] running symlink_data
[5.232s] symbolically linking /home/min/Workspace/scout_mini/build/rqt_fleet_view/plugin.xml -> /home/min/Workspace/scout_mini/install/rqt_fleet_view/share/rqt_fleet_view
[5.232s] creating /home/min/Workspace/scout_mini/install/rqt_fleet_view/share/rqt_fleet_view/resource
[5.232s] symbolically linking /home/min/Workspace/scout_mini/build/rqt_fleet_view/resource/FleetView.ui -> /home/min/Workspace/scout_mini/install/rqt_fleet_view/share/rqt_fleet_view/resource
[6.256s] Invoked command in '/home/min/Workspace/scout_mini/build/rqt_fleet_view' returned '0': PYTHONPATH=/home/min/Workspace/scout_mini/build/rqt_fleet_view/prefix_override:/usr/lib/python3/dist-packages/colcon_core/task/python/colcon_distutils_commands:/home/min/Workspace/scout_mini/install/rqt_fleet_view/lib/python3.10/site-packages:${PYTHONPATH} /usr/bin/python3 -W ignore:setup.py install is deprecated -W ignore:easy_install command is deprecated setup.py develop --editable --build-directory /home/min/Workspace/scout_mini/build/rqt_fleet_view/build --no-deps symlink_data
