[0.610s] Invoking command in '/home/min/Workspace/scout_mini/src/robot_control': PYTHONPATH=/home/min/Workspace/scout_mini/build/robot_control/prefix_override:/usr/lib/python3/dist-packages/colcon_core/task/python/colcon_distutils_commands:/home/min/Workspace/scout_mini/install/robot_control/lib/python3.10/site-packages:${PYTHONPATH} /usr/bin/python3 -W ignore:setup.py install is deprecated -W ignore:easy_install command is deprecated setup.py egg_info --egg-base ../../build/robot_control build --build-base /home/min/Workspace/scout_mini/build/robot_control/build install --record /home/min/Workspace/scout_mini/build/robot_control/install.log --single-version-externally-managed install_data
[0.832s] running egg_info
[0.833s] writing ../../build/robot_control/robot_control.egg-info/PKG-INFO
[0.833s] writing dependency_links to ../../build/robot_control/robot_control.egg-info/dependency_links.txt
[0.834s] writing entry points to ../../build/robot_control/robot_control.egg-info/entry_points.txt
[0.834s] writing requirements to ../../build/robot_control/robot_control.egg-info/requires.txt
[0.834s] writing top-level names to ../../build/robot_control/robot_control.egg-info/top_level.txt
[0.836s] reading manifest file '../../build/robot_control/robot_control.egg-info/SOURCES.txt'
[0.837s] writing manifest file '../../build/robot_control/robot_control.egg-info/SOURCES.txt'
[0.838s] running build
[0.838s] running build_py
[0.838s] copying robot_control/follow_leader.py -> /home/min/Workspace/scout_mini/build/robot_control/build/lib/robot_control
[0.838s] running install
[0.839s] running install_lib
[0.839s] copying /home/min/Workspace/scout_mini/build/robot_control/build/lib/robot_control/follow_leader.py -> /home/min/Workspace/scout_mini/install/robot_control/lib/python3.10/site-packages/robot_control
[0.840s] byte-compiling /home/min/Workspace/scout_mini/install/robot_control/lib/python3.10/site-packages/robot_control/follow_leader.py to follow_leader.cpython-310.pyc
[0.841s] running install_data
[0.841s] running install_egg_info
[0.843s] removing '/home/min/Workspace/scout_mini/install/robot_control/lib/python3.10/site-packages/robot_control-0.0.0-py3.10.egg-info' (and everything under it)
[0.844s] Copying ../../build/robot_control/robot_control.egg-info to /home/min/Workspace/scout_mini/install/robot_control/lib/python3.10/site-packages/robot_control-0.0.0-py3.10.egg-info
[0.845s] running install_scripts
[0.865s] Installing follow_leader script to /home/min/Workspace/scout_mini/install/robot_control/lib/robot_control
[0.866s] Installing follower script to /home/min/Workspace/scout_mini/install/robot_control/lib/robot_control
[0.866s] Installing move_leader_robot script to /home/min/Workspace/scout_mini/install/robot_control/lib/robot_control
[0.866s] writing list of installed files to '/home/min/Workspace/scout_mini/build/robot_control/install.log'
[0.892s] Invoked command in '/home/min/Workspace/scout_mini/src/robot_control' returned '0': PYTHONPATH=/home/min/Workspace/scout_mini/build/robot_control/prefix_override:/usr/lib/python3/dist-packages/colcon_core/task/python/colcon_distutils_commands:/home/min/Workspace/scout_mini/install/robot_control/lib/python3.10/site-packages:${PYTHONPATH} /usr/bin/python3 -W ignore:setup.py install is deprecated -W ignore:easy_install command is deprecated setup.py egg_info --egg-base ../../build/robot_control build --build-base /home/min/Workspace/scout_mini/build/robot_control/build install --record /home/min/Workspace/scout_mini/build/robot_control/install.log --single-version-externally-managed install_data
