[0.506s] Invoking command in '/home/min/Workspace/scout_mini/build/scout_mini_nav2': CMAKE_PREFIX_PATH=/home/min/Workspace/scout_mini/install/scout_base:/opt/ros/humble:/home/min/Workspace/scout_mini/install/scout_mini_tools:/home/min/Workspace/scout_mini/install/robot_control:/home/min/Workspace/scout_mini/install/ugv_sdk:/home/min/Workspace/scout_mini/install/sllidar_ros2:/home/min/Workspace/scout_mini/install/slam_launch:/home/min/Workspace/scout_mini/install/scout_msgs:/home/min/Workspace/scout_mini/install/scout_mini_nav2:/home/min/Workspace/scout_mini/install/scout_gazebo_sim:/home/min/Workspace/scout_mini/install/scout_description:/home/min/Workspace/scout_mini/install/scout_control:/home/min/Workspace/scout_mini/install/realsense2_description:/home/min/Workspace/scout_mini/install/realsense2_camera:/home/min/Workspace/scout_mini/install/realsense2_camera_msgs /usr/bin/cmake --build /home/min/Workspace/scout_mini/build/scout_mini_nav2 -- -j8 -l8
[0.831s] Invoked command in '/home/min/Workspace/scout_mini/build/scout_mini_nav2' returned '0': CMAKE_PREFIX_PATH=/home/min/Workspace/scout_mini/install/scout_base:/opt/ros/humble:/home/min/Workspace/scout_mini/install/scout_mini_tools:/home/min/Workspace/scout_mini/install/robot_control:/home/min/Workspace/scout_mini/install/ugv_sdk:/home/min/Workspace/scout_mini/install/sllidar_ros2:/home/min/Workspace/scout_mini/install/slam_launch:/home/min/Workspace/scout_mini/install/scout_msgs:/home/min/Workspace/scout_mini/install/scout_mini_nav2:/home/min/Workspace/scout_mini/install/scout_gazebo_sim:/home/min/Workspace/scout_mini/install/scout_description:/home/min/Workspace/scout_mini/install/scout_control:/home/min/Workspace/scout_mini/install/realsense2_description:/home/min/Workspace/scout_mini/install/realsense2_camera:/home/min/Workspace/scout_mini/install/realsense2_camera_msgs /usr/bin/cmake --build /home/min/Workspace/scout_mini/build/scout_mini_nav2 -- -j8 -l8
[0.833s] Invoking command in '/home/min/Workspace/scout_mini/build/scout_mini_nav2': CMAKE_PREFIX_PATH=/home/min/Workspace/scout_mini/install/scout_base:/opt/ros/humble:/home/min/Workspace/scout_mini/install/scout_mini_tools:/home/min/Workspace/scout_mini/install/robot_control:/home/min/Workspace/scout_mini/install/ugv_sdk:/home/min/Workspace/scout_mini/install/sllidar_ros2:/home/min/Workspace/scout_mini/install/slam_launch:/home/min/Workspace/scout_mini/install/scout_msgs:/home/min/Workspace/scout_mini/install/scout_mini_nav2:/home/min/Workspace/scout_mini/install/scout_gazebo_sim:/home/min/Workspace/scout_mini/install/scout_description:/home/min/Workspace/scout_mini/install/scout_control:/home/min/Workspace/scout_mini/install/realsense2_description:/home/min/Workspace/scout_mini/install/realsense2_camera:/home/min/Workspace/scout_mini/install/realsense2_camera_msgs /usr/bin/cmake --install /home/min/Workspace/scout_mini/build/scout_mini_nav2
[0.865s] -- Install configuration: ""
[0.865s] -- Execute custom install script
[0.865s] -- Up-to-date symlink: /home/min/Workspace/scout_mini/install/scout_mini_nav2/share/scout_mini_nav2/launch/localization_launch.py
[0.865s] -- Up-to-date symlink: /home/min/Workspace/scout_mini/install/scout_mini_nav2/share/scout_mini_nav2/launch/localization_only_launch.xml
[0.866s] -- Up-to-date symlink: /home/min/Workspace/scout_mini/install/scout_mini_nav2/share/scout_mini_nav2/launch/nav2_view.launch.xml
[0.866s] -- Up-to-date symlink: /home/min/Workspace/scout_mini/install/scout_mini_nav2/share/scout_mini_nav2/params/amcl_params.yaml
[0.866s] -- Up-to-date symlink: /home/min/Workspace/scout_mini/install/scout_mini_nav2/share/scout_mini_nav2/floor5_test1.yaml
[0.866s] -- Up-to-date symlink: /home/min/Workspace/scout_mini/install/scout_mini_nav2/share/scout_mini_nav2/floor5_test1.pgm
[0.867s] -- Up-to-date symlink: /home/min/Workspace/scout_mini/install/scout_mini_nav2/share/scout_mini_nav2/floor5_test2.yaml
[0.867s] -- Up-to-date symlink: /home/min/Workspace/scout_mini/install/scout_mini_nav2/share/scout_mini_nav2/floor5_test2.pgm
[0.867s] -- Up-to-date symlink: /home/min/Workspace/scout_mini/install/scout_mini_nav2/share/ament_index/resource_index/package_run_dependencies/scout_mini_nav2
[0.868s] -- Up-to-date symlink: /home/min/Workspace/scout_mini/install/scout_mini_nav2/share/ament_index/resource_index/parent_prefix_path/scout_mini_nav2
[0.868s] -- Up-to-date symlink: /home/min/Workspace/scout_mini/install/scout_mini_nav2/share/scout_mini_nav2/environment/ament_prefix_path.sh
[0.868s] -- Up-to-date symlink: /home/min/Workspace/scout_mini/install/scout_mini_nav2/share/scout_mini_nav2/environment/ament_prefix_path.dsv
[0.868s] -- Up-to-date symlink: /home/min/Workspace/scout_mini/install/scout_mini_nav2/share/scout_mini_nav2/environment/path.sh
[0.868s] -- Up-to-date symlink: /home/min/Workspace/scout_mini/install/scout_mini_nav2/share/scout_mini_nav2/environment/path.dsv
[0.869s] -- Up-to-date symlink: /home/min/Workspace/scout_mini/install/scout_mini_nav2/share/scout_mini_nav2/local_setup.bash
[0.869s] -- Up-to-date symlink: /home/min/Workspace/scout_mini/install/scout_mini_nav2/share/scout_mini_nav2/local_setup.sh
[0.870s] -- Up-to-date symlink: /home/min/Workspace/scout_mini/install/scout_mini_nav2/share/scout_mini_nav2/local_setup.zsh
[0.870s] -- Up-to-date symlink: /home/min/Workspace/scout_mini/install/scout_mini_nav2/share/scout_mini_nav2/local_setup.dsv
[0.870s] -- Symlinking: /home/min/Workspace/scout_mini/install/scout_mini_nav2/share/scout_mini_nav2/package.dsv
[0.885s] -- Up-to-date symlink: /home/min/Workspace/scout_mini/install/scout_mini_nav2/share/ament_index/resource_index/packages/scout_mini_nav2
[0.886s] -- Up-to-date symlink: /home/min/Workspace/scout_mini/install/scout_mini_nav2/share/scout_mini_nav2/cmake/scout_mini_nav2Config.cmake
[0.887s] -- Up-to-date symlink: /home/min/Workspace/scout_mini/install/scout_mini_nav2/share/scout_mini_nav2/cmake/scout_mini_nav2Config-version.cmake
[0.889s] -- Up-to-date symlink: /home/min/Workspace/scout_mini/install/scout_mini_nav2/share/scout_mini_nav2/package.xml
[1.013s] Invoked command in '/home/min/Workspace/scout_mini/build/scout_mini_nav2' returned '0': CMAKE_PREFIX_PATH=/home/min/Workspace/scout_mini/install/scout_base:/opt/ros/humble:/home/min/Workspace/scout_mini/install/scout_mini_tools:/home/min/Workspace/scout_mini/install/robot_control:/home/min/Workspace/scout_mini/install/ugv_sdk:/home/min/Workspace/scout_mini/install/sllidar_ros2:/home/min/Workspace/scout_mini/install/slam_launch:/home/min/Workspace/scout_mini/install/scout_msgs:/home/min/Workspace/scout_mini/install/scout_mini_nav2:/home/min/Workspace/scout_mini/install/scout_gazebo_sim:/home/min/Workspace/scout_mini/install/scout_description:/home/min/Workspace/scout_mini/install/scout_control:/home/min/Workspace/scout_mini/install/realsense2_description:/home/min/Workspace/scout_mini/install/realsense2_camera:/home/min/Workspace/scout_mini/install/realsense2_camera_msgs /usr/bin/cmake --install /home/min/Workspace/scout_mini/build/scout_mini_nav2
