[0.729s] Invoking command in '/home/min/Workspace/scout_mini/build/scout_description': CMAKE_PREFIX_PATH=${CMAKE_PREFIX_PATH}:/home/min/Workspace/scout_mini/install/scout_mini_tools:/home/min/Workspace/scout_mini/install/robot_following:/home/min/Workspace/scout_mini/install/robot_control:/opt/ros/humble /usr/bin/cmake /home/min/Workspace/scout_mini/src/scout_ros2/scout_description -DAMENT_CMAKE_SYMLINK_INSTALL=1 -DCMAKE_INSTALL_PREFIX=/home/min/Workspace/scout_mini/install/scout_description
[2.646s] -- The C compiler identification is GNU 11.4.0
[3.511s] -- The CXX compiler identification is GNU 11.4.0
[3.569s] -- Detecting C compiler ABI info
[3.884s] -- Detecting C compiler ABI info - done
[3.903s] -- Check for working C compiler: /usr/bin/cc - skipped
[3.904s] -- Detecting C compile features
[3.907s] -- Detecting C compile features - done
[4.022s] -- Detecting CXX compiler ABI info
[4.225s] -- Detecting CXX compiler ABI info - done
[4.246s] -- Check for working CXX compiler: /usr/bin/c++ - skipped
[4.246s] -- Detecting CXX compile features
[4.247s] -- Detecting CXX compile features - done
[4.421s] -- Found ament_cmake: 1.3.12 (/opt/ros/humble/share/ament_cmake/cmake)
[4.869s] -- Found Python3: /usr/bin/python3 (found version "3.10.12") found components: Interpreter 
[5.004s] -- Override CMake install command with custom implementation using symlinks instead of copying resources
[5.230s] -- Found ament_lint_auto: 0.12.14 (/opt/ros/humble/share/ament_lint_auto/cmake)
[5.609s] -- Configuring done
[5.626s] -- Generating done
[5.640s] -- Build files have been written to: /home/min/Workspace/scout_mini/build/scout_description
[6.097s] Invoked command in '/home/min/Workspace/scout_mini/build/scout_description' returned '0': CMAKE_PREFIX_PATH=${CMAKE_PREFIX_PATH}:/home/min/Workspace/scout_mini/install/scout_mini_tools:/home/min/Workspace/scout_mini/install/robot_following:/home/min/Workspace/scout_mini/install/robot_control:/opt/ros/humble /usr/bin/cmake /home/min/Workspace/scout_mini/src/scout_ros2/scout_description -DAMENT_CMAKE_SYMLINK_INSTALL=1 -DCMAKE_INSTALL_PREFIX=/home/min/Workspace/scout_mini/install/scout_description
[6.098s] Invoking command in '/home/min/Workspace/scout_mini/build/scout_description': CMAKE_PREFIX_PATH=${CMAKE_PREFIX_PATH}:/home/min/Workspace/scout_mini/install/scout_mini_tools:/home/min/Workspace/scout_mini/install/robot_following:/home/min/Workspace/scout_mini/install/robot_control:/opt/ros/humble /usr/bin/cmake --build /home/min/Workspace/scout_mini/build/scout_description -- -j8 -l8
[6.155s] Invoked command in '/home/min/Workspace/scout_mini/build/scout_description' returned '0': CMAKE_PREFIX_PATH=${CMAKE_PREFIX_PATH}:/home/min/Workspace/scout_mini/install/scout_mini_tools:/home/min/Workspace/scout_mini/install/robot_following:/home/min/Workspace/scout_mini/install/robot_control:/opt/ros/humble /usr/bin/cmake --build /home/min/Workspace/scout_mini/build/scout_description -- -j8 -l8
[6.158s] Invoking command in '/home/min/Workspace/scout_mini/build/scout_description': CMAKE_PREFIX_PATH=${CMAKE_PREFIX_PATH}:/home/min/Workspace/scout_mini/install/scout_mini_tools:/home/min/Workspace/scout_mini/install/robot_following:/home/min/Workspace/scout_mini/install/robot_control:/opt/ros/humble /usr/bin/cmake --install /home/min/Workspace/scout_mini/build/scout_description
[6.510s] -- Install configuration: ""
[6.511s] -- Execute custom install script
[6.511s] -- Symlinking: /home/min/Workspace/scout_mini/install/scout_description/share/scout_description//launch/display_mini.launch.py
[6.511s] -- Symlinking: /home/min/Workspace/scout_mini/install/scout_description/share/scout_description//launch/scout_base_description.launch.py
[6.512s] -- Symlinking: /home/min/Workspace/scout_mini/install/scout_description/share/scout_description//launch/scout_mini_gazebo.launch.py
[6.512s] -- Symlinking: /home/min/Workspace/scout_mini/install/scout_description/share/scout_description//launch/sm_base_description.launch.py
[6.512s] -- Symlinking: /home/min/Workspace/scout_mini/install/scout_description/share/scout_description//launch/sm_gazebo.launch.py
[6.512s] -- Symlinking: /home/min/Workspace/scout_mini/install/scout_description/share/scout_description//urdf/empty.urdf
[6.513s] -- Symlinking: /home/min/Workspace/scout_mini/install/scout_description/share/scout_description//urdf/mini.xacro
[6.513s] -- Symlinking: /home/min/Workspace/scout_mini/install/scout_description/share/scout_description//urdf/scout_mini.gazebo
[6.513s] -- Symlinking: /home/min/Workspace/scout_mini/install/scout_description/share/scout_description//urdf/scout_mini.urdf
[6.513s] -- Symlinking: /home/min/Workspace/scout_mini/install/scout_description/share/scout_description//urdf/scout_mini.xacro
[6.514s] -- Symlinking: /home/min/Workspace/scout_mini/install/scout_description/share/scout_description//urdf/scout_mini_wheel.gazebo
[6.514s] -- Symlinking: /home/min/Workspace/scout_mini/install/scout_description/share/scout_description//urdf/scout_mini_wheel_1.xacro
[6.514s] -- Symlinking: /home/min/Workspace/scout_mini/install/scout_description/share/scout_description//urdf/scout_mini_wheel_2.xacro
[6.514s] -- Symlinking: /home/min/Workspace/scout_mini/install/scout_description/share/scout_description//urdf/scout_mini_wheel_3.xacro
[6.514s] -- Symlinking: /home/min/Workspace/scout_mini/install/scout_description/share/scout_description//urdf/scout_mini_wheel_4.xacro
[6.515s] -- Symlinking: /home/min/Workspace/scout_mini/install/scout_description/share/scout_description//urdf/sm.gazebo
[6.515s] -- Symlinking: /home/min/Workspace/scout_mini/install/scout_description/share/scout_description//urdf/sm.xacro
[6.515s] -- Symlinking: /home/min/Workspace/scout_mini/install/scout_description/share/scout_description//urdf/sm1.gazebo
[6.515s] -- Symlinking: /home/min/Workspace/scout_mini/install/scout_description/share/scout_description//urdf/sm1.xacro
[6.515s] -- Symlinking: /home/min/Workspace/scout_mini/install/scout_description/share/scout_description//urdf/sm2.gazebo
[6.515s] -- Symlinking: /home/min/Workspace/scout_mini/install/scout_description/share/scout_description//urdf/sm2.xacro
[6.516s] -- Symlinking: /home/min/Workspace/scout_mini/install/scout_description/share/scout_description//meshes/1_Link.STL
[6.516s] -- Symlinking: /home/min/Workspace/scout_mini/install/scout_description/share/scout_description//meshes/2_Link.STL
[6.516s] -- Symlinking: /home/min/Workspace/scout_mini/install/scout_description/share/scout_description//meshes/3_Link.STL
[6.516s] -- Symlinking: /home/min/Workspace/scout_mini/install/scout_description/share/scout_description//meshes/4_Link.STL
[6.518s] -- Symlinking: /home/min/Workspace/scout_mini/install/scout_description/share/scout_description//meshes/scout_mini_base_link.STL
[6.534s] -- Symlinking: /home/min/Workspace/scout_mini/install/scout_description/share/scout_description//meshes/scout_mini_base_link.dae
[6.547s] -- Symlinking: /home/min/Workspace/scout_mini/install/scout_description/share/scout_description//meshes/scout_mini_base_link2.dae
[6.557s] -- Symlinking: /home/min/Workspace/scout_mini/install/scout_description/share/scout_description//meshes/sm_base_link.dae
[6.570s] -- Symlinking: /home/min/Workspace/scout_mini/install/scout_description/share/scout_description//meshes/sm_wheel.dae
[6.586s] -- Symlinking: /home/min/Workspace/scout_mini/install/scout_description/share/scout_description//meshes/wheel.dae
[6.600s] -- Symlinking: /home/min/Workspace/scout_mini/install/scout_description/share/scout_description//meshes/wheel_type1.dae
[6.615s] -- Symlinking: /home/min/Workspace/scout_mini/install/scout_description/share/scout_description//meshes/wheel_type2.dae
[6.630s] -- Symlinking: /home/min/Workspace/scout_mini/install/scout_description/share/ament_index/resource_index/package_run_dependencies/scout_description
[6.644s] -- Symlinking: /home/min/Workspace/scout_mini/install/scout_description/share/ament_index/resource_index/parent_prefix_path/scout_description
[6.658s] -- Symlinking: /home/min/Workspace/scout_mini/install/scout_description/share/scout_description/environment/ament_prefix_path.sh
[6.672s] -- Symlinking: /home/min/Workspace/scout_mini/install/scout_description/share/scout_description/environment/ament_prefix_path.dsv
[6.684s] -- Symlinking: /home/min/Workspace/scout_mini/install/scout_description/share/scout_description/environment/path.sh
[6.698s] -- Symlinking: /home/min/Workspace/scout_mini/install/scout_description/share/scout_description/environment/path.dsv
[6.716s] -- Symlinking: /home/min/Workspace/scout_mini/install/scout_description/share/scout_description/local_setup.bash
[6.727s] -- Symlinking: /home/min/Workspace/scout_mini/install/scout_description/share/scout_description/local_setup.sh
[6.738s] -- Symlinking: /home/min/Workspace/scout_mini/install/scout_description/share/scout_description/local_setup.zsh
[6.751s] -- Symlinking: /home/min/Workspace/scout_mini/install/scout_description/share/scout_description/local_setup.dsv
[6.764s] -- Symlinking: /home/min/Workspace/scout_mini/install/scout_description/share/scout_description/package.dsv
[6.778s] -- Symlinking: /home/min/Workspace/scout_mini/install/scout_description/share/ament_index/resource_index/packages/scout_description
[6.791s] -- Symlinking: /home/min/Workspace/scout_mini/install/scout_description/share/scout_description/cmake/scout_descriptionConfig.cmake
[6.803s] -- Symlinking: /home/min/Workspace/scout_mini/install/scout_description/share/scout_description/cmake/scout_descriptionConfig-version.cmake
[6.816s] -- Symlinking: /home/min/Workspace/scout_mini/install/scout_description/share/scout_description/package.xml
[6.833s] Invoked command in '/home/min/Workspace/scout_mini/build/scout_description' returned '0': CMAKE_PREFIX_PATH=${CMAKE_PREFIX_PATH}:/home/min/Workspace/scout_mini/install/scout_mini_tools:/home/min/Workspace/scout_mini/install/robot_following:/home/min/Workspace/scout_mini/install/robot_control:/opt/ros/humble /usr/bin/cmake --install /home/min/Workspace/scout_mini/build/scout_description
