[0.079s] Invoking command in '/home/min/Workspace/scout_mini/build/scout_description': CMAKE_PREFIX_PATH=/home/min/Workspace/scout_mini/install/scout_base:/home/min/Workspace/scout_mini/install/scout_mini_tools:/opt/ros/humble:/home/min/Workspace/scout_mini/install/ugv_sdk:/home/min/Workspace/scout_mini/install/sllidar_ros2:/home/min/Workspace/scout_mini/install/slam_launch:/home/min/Workspace/scout_mini/install/scout_msgs:/home/min/Workspace/scout_mini/install/scout_mini_nav2:/home/min/Workspace/scout_mini/install/scout_gazebo_sim:/home/min/Workspace/scout_mini/install/scout_description:/home/min/Workspace/scout_mini/install/scout_control:/home/min/Workspace/scout_mini/install/realsense2_description:/home/min/Workspace/scout_mini/install/realsense2_camera:/home/min/Workspace/scout_mini/install/realsense2_camera_msgs:/home/min/Downloads/multiple_robots/install/robot_gazebo:/home/min/Downloads/multiple_robots/install/robot_description:/home/min/Downloads/multiple_robots/install/robot_control /usr/bin/cmake --build /home/min/Workspace/scout_mini/build/scout_description -- -j8 -l8
[0.456s] Invoked command in '/home/min/Workspace/scout_mini/build/scout_description' returned '0': CMAKE_PREFIX_PATH=/home/min/Workspace/scout_mini/install/scout_base:/home/min/Workspace/scout_mini/install/scout_mini_tools:/opt/ros/humble:/home/min/Workspace/scout_mini/install/ugv_sdk:/home/min/Workspace/scout_mini/install/sllidar_ros2:/home/min/Workspace/scout_mini/install/slam_launch:/home/min/Workspace/scout_mini/install/scout_msgs:/home/min/Workspace/scout_mini/install/scout_mini_nav2:/home/min/Workspace/scout_mini/install/scout_gazebo_sim:/home/min/Workspace/scout_mini/install/scout_description:/home/min/Workspace/scout_mini/install/scout_control:/home/min/Workspace/scout_mini/install/realsense2_description:/home/min/Workspace/scout_mini/install/realsense2_camera:/home/min/Workspace/scout_mini/install/realsense2_camera_msgs:/home/min/Downloads/multiple_robots/install/robot_gazebo:/home/min/Downloads/multiple_robots/install/robot_description:/home/min/Downloads/multiple_robots/install/robot_control /usr/bin/cmake --build /home/min/Workspace/scout_mini/build/scout_description -- -j8 -l8
[0.459s] Invoking command in '/home/min/Workspace/scout_mini/build/scout_description': CMAKE_PREFIX_PATH=/home/min/Workspace/scout_mini/install/scout_base:/home/min/Workspace/scout_mini/install/scout_mini_tools:/opt/ros/humble:/home/min/Workspace/scout_mini/install/ugv_sdk:/home/min/Workspace/scout_mini/install/sllidar_ros2:/home/min/Workspace/scout_mini/install/slam_launch:/home/min/Workspace/scout_mini/install/scout_msgs:/home/min/Workspace/scout_mini/install/scout_mini_nav2:/home/min/Workspace/scout_mini/install/scout_gazebo_sim:/home/min/Workspace/scout_mini/install/scout_description:/home/min/Workspace/scout_mini/install/scout_control:/home/min/Workspace/scout_mini/install/realsense2_description:/home/min/Workspace/scout_mini/install/realsense2_camera:/home/min/Workspace/scout_mini/install/realsense2_camera_msgs:/home/min/Downloads/multiple_robots/install/robot_gazebo:/home/min/Downloads/multiple_robots/install/robot_description:/home/min/Downloads/multiple_robots/install/robot_control /usr/bin/cmake --install /home/min/Workspace/scout_mini/build/scout_description
[0.492s] -- Install configuration: ""
[0.492s] -- Execute custom install script
[0.523s] -- Up-to-date symlink: /home/min/Workspace/scout_mini/install/scout_description/share/scout_description//launch/display_mini.launch.py
[0.526s] -- Up-to-date symlink: /home/min/Workspace/scout_mini/install/scout_description/share/scout_description//launch/scout_base_description.launch.py
[0.527s] -- Up-to-date symlink: /home/min/Workspace/scout_mini/install/scout_description/share/scout_description//launch/scout_mini_gazebo.launch.py
[0.529s] -- Up-to-date symlink: /home/min/Workspace/scout_mini/install/scout_description/share/scout_description//launch/sm_base_description.launch.py
[0.529s] -- Up-to-date symlink: /home/min/Workspace/scout_mini/install/scout_description/share/scout_description//launch/sm_gazebo.launch.py
[0.532s] -- Up-to-date symlink: /home/min/Workspace/scout_mini/install/scout_description/share/scout_description//urdf/empty.urdf
[0.532s] -- Up-to-date symlink: /home/min/Workspace/scout_mini/install/scout_description/share/scout_description//urdf/mini.xacro
[0.533s] -- Up-to-date symlink: /home/min/Workspace/scout_mini/install/scout_description/share/scout_description//urdf/scout_mini.gazebo
[0.534s] -- Up-to-date symlink: /home/min/Workspace/scout_mini/install/scout_description/share/scout_description//urdf/scout_mini.urdf
[0.538s] -- Up-to-date symlink: /home/min/Workspace/scout_mini/install/scout_description/share/scout_description//urdf/scout_mini.xacro
[0.538s] -- Up-to-date symlink: /home/min/Workspace/scout_mini/install/scout_description/share/scout_description//urdf/scout_mini_wheel.gazebo
[0.538s] -- Up-to-date symlink: /home/min/Workspace/scout_mini/install/scout_description/share/scout_description//urdf/scout_mini_wheel_1.xacro
[0.539s] -- Up-to-date symlink: /home/min/Workspace/scout_mini/install/scout_description/share/scout_description//urdf/scout_mini_wheel_2.xacro
[0.539s] -- Up-to-date symlink: /home/min/Workspace/scout_mini/install/scout_description/share/scout_description//urdf/scout_mini_wheel_3.xacro
[0.539s] -- Up-to-date symlink: /home/min/Workspace/scout_mini/install/scout_description/share/scout_description//urdf/scout_mini_wheel_4.xacro
[0.539s] -- Up-to-date symlink: /home/min/Workspace/scout_mini/install/scout_description/share/scout_description//urdf/sm.gazebo
[0.539s] -- Up-to-date symlink: /home/min/Workspace/scout_mini/install/scout_description/share/scout_description//urdf/sm.xacro
[0.540s] -- Up-to-date symlink: /home/min/Workspace/scout_mini/install/scout_description/share/scout_description//meshes/1_Link.STL
[0.542s] -- Up-to-date symlink: /home/min/Workspace/scout_mini/install/scout_description/share/scout_description//meshes/2_Link.STL
[0.543s] -- Up-to-date symlink: /home/min/Workspace/scout_mini/install/scout_description/share/scout_description//meshes/3_Link.STL
[0.543s] -- Up-to-date symlink: /home/min/Workspace/scout_mini/install/scout_description/share/scout_description//meshes/4_Link.STL
[0.546s] -- Up-to-date symlink: /home/min/Workspace/scout_mini/install/scout_description/share/scout_description//meshes/scout_mini_base_link.STL
[0.556s] -- Up-to-date symlink: /home/min/Workspace/scout_mini/install/scout_description/share/scout_description//meshes/scout_mini_base_link.dae
[0.561s] -- Up-to-date symlink: /home/min/Workspace/scout_mini/install/scout_description/share/scout_description//meshes/scout_mini_base_link2.dae
[0.561s] -- Up-to-date symlink: /home/min/Workspace/scout_mini/install/scout_description/share/scout_description//meshes/sm_base_link.dae
[0.561s] -- Up-to-date symlink: /home/min/Workspace/scout_mini/install/scout_description/share/scout_description//meshes/sm_wheel.dae
[0.562s] -- Up-to-date symlink: /home/min/Workspace/scout_mini/install/scout_description/share/scout_description//meshes/wheel.dae
[0.563s] -- Up-to-date symlink: /home/min/Workspace/scout_mini/install/scout_description/share/scout_description//meshes/wheel_type1.dae
[0.565s] -- Up-to-date symlink: /home/min/Workspace/scout_mini/install/scout_description/share/scout_description//meshes/wheel_type2.dae
[0.565s] -- Up-to-date symlink: /home/min/Workspace/scout_mini/install/scout_description/share/ament_index/resource_index/package_run_dependencies/scout_description
[0.566s] -- Up-to-date symlink: /home/min/Workspace/scout_mini/install/scout_description/share/ament_index/resource_index/parent_prefix_path/scout_description
[0.567s] -- Up-to-date symlink: /home/min/Workspace/scout_mini/install/scout_description/share/scout_description/environment/ament_prefix_path.sh
[0.568s] -- Up-to-date symlink: /home/min/Workspace/scout_mini/install/scout_description/share/scout_description/environment/ament_prefix_path.dsv
[0.571s] -- Up-to-date symlink: /home/min/Workspace/scout_mini/install/scout_description/share/scout_description/environment/path.sh
[0.571s] -- Up-to-date symlink: /home/min/Workspace/scout_mini/install/scout_description/share/scout_description/environment/path.dsv
[0.571s] -- Up-to-date symlink: /home/min/Workspace/scout_mini/install/scout_description/share/scout_description/local_setup.bash
[0.571s] -- Up-to-date symlink: /home/min/Workspace/scout_mini/install/scout_description/share/scout_description/local_setup.sh
[0.573s] -- Up-to-date symlink: /home/min/Workspace/scout_mini/install/scout_description/share/scout_description/local_setup.zsh
[0.573s] -- Up-to-date symlink: /home/min/Workspace/scout_mini/install/scout_description/share/scout_description/local_setup.dsv
[0.573s] -- Symlinking: /home/min/Workspace/scout_mini/install/scout_description/share/scout_description/package.dsv
[0.584s] -- Up-to-date symlink: /home/min/Workspace/scout_mini/install/scout_description/share/ament_index/resource_index/packages/scout_description
[0.589s] -- Up-to-date symlink: /home/min/Workspace/scout_mini/install/scout_description/share/scout_description/cmake/scout_descriptionConfig.cmake
[0.591s] -- Up-to-date symlink: /home/min/Workspace/scout_mini/install/scout_description/share/scout_description/cmake/scout_descriptionConfig-version.cmake
[0.592s] -- Up-to-date symlink: /home/min/Workspace/scout_mini/install/scout_description/share/scout_description/package.xml
[0.687s] Invoked command in '/home/min/Workspace/scout_mini/build/scout_description' returned '0': CMAKE_PREFIX_PATH=/home/min/Workspace/scout_mini/install/scout_base:/home/min/Workspace/scout_mini/install/scout_mini_tools:/opt/ros/humble:/home/min/Workspace/scout_mini/install/ugv_sdk:/home/min/Workspace/scout_mini/install/sllidar_ros2:/home/min/Workspace/scout_mini/install/slam_launch:/home/min/Workspace/scout_mini/install/scout_msgs:/home/min/Workspace/scout_mini/install/scout_mini_nav2:/home/min/Workspace/scout_mini/install/scout_gazebo_sim:/home/min/Workspace/scout_mini/install/scout_description:/home/min/Workspace/scout_mini/install/scout_control:/home/min/Workspace/scout_mini/install/realsense2_description:/home/min/Workspace/scout_mini/install/realsense2_camera:/home/min/Workspace/scout_mini/install/realsense2_camera_msgs:/home/min/Downloads/multiple_robots/install/robot_gazebo:/home/min/Downloads/multiple_robots/install/robot_description:/home/min/Downloads/multiple_robots/install/robot_control /usr/bin/cmake --install /home/min/Workspace/scout_mini/build/scout_description
