[0.092s] Invoking command in '/home/min/Workspace/scout_mini/build/scout_msgs': CMAKE_PREFIX_PATH=/home/min/Workspace/scout_mini/install/scout_base:/opt/ros/humble:/home/min/Workspace/scout_mini/install/scout_mini_tools:/home/min/Workspace/scout_mini/install/robot_control:/home/min/Workspace/scout_mini/install/ugv_sdk:/home/min/Workspace/scout_mini/install/sllidar_ros2:/home/min/Workspace/scout_mini/install/slam_launch:/home/min/Workspace/scout_mini/install/scout_msgs:/home/min/Workspace/scout_mini/install/scout_mini_nav2:/home/min/Workspace/scout_mini/install/scout_gazebo_sim:/home/min/Workspace/scout_mini/install/scout_description:/home/min/Workspace/scout_mini/install/scout_control:/home/min/Workspace/scout_mini/install/realsense2_description:/home/min/Workspace/scout_mini/install/realsense2_camera:/home/min/Workspace/scout_mini/install/realsense2_camera_msgs /usr/bin/cmake --build /home/min/Workspace/scout_mini/build/scout_msgs -- -j8 -l8
[0.885s] [  1%] Built target scout_msgs__cpp
[0.885s] [ 12%] Built target scout_msgs__rosidl_generator_c
[0.885s] [ 12%] Built target ament_cmake_python_symlink_scout_msgs
[0.886s] [ 23%] Built target scout_msgs__rosidl_typesupport_introspection_c
[0.886s] [ 34%] Built target scout_msgs__rosidl_typesupport_fastrtps_c
[0.886s] [ 46%] Built target scout_msgs__rosidl_typesupport_fastrtps_cpp
[0.886s] [ 57%] Built target scout_msgs__rosidl_typesupport_c
[0.887s] [ 68%] Built target scout_msgs__rosidl_typesupport_introspection_cpp
[0.887s] [ 79%] Built target scout_msgs__rosidl_typesupport_cpp
[0.887s] [ 79%] Built target scout_msgs
[0.887s] [ 80%] Built target scout_msgs__py
[0.887s] [ 90%] Built target scout_msgs__rosidl_generator_py
[0.887s] [ 93%] Built target scout_msgs__rosidl_typesupport_fastrtps_c__pyext
[0.888s] [ 96%] Built target scout_msgs__rosidl_typesupport_introspection_c__pyext
[0.888s] [100%] Built target scout_msgs__rosidl_typesupport_c__pyext
[0.888s] running egg_info
[0.888s] writing scout_msgs.egg-info/PKG-INFO
[0.888s] writing dependency_links to scout_msgs.egg-info/dependency_links.txt
[0.888s] writing top-level names to scout_msgs.egg-info/top_level.txt
[0.888s] reading manifest file 'scout_msgs.egg-info/SOURCES.txt'
[0.888s] writing manifest file 'scout_msgs.egg-info/SOURCES.txt'
[0.889s] [100%] Built target ament_cmake_python_build_scout_msgs_egg
[1.179s] Invoked command in '/home/min/Workspace/scout_mini/build/scout_msgs' returned '0': CMAKE_PREFIX_PATH=/home/min/Workspace/scout_mini/install/scout_base:/opt/ros/humble:/home/min/Workspace/scout_mini/install/scout_mini_tools:/home/min/Workspace/scout_mini/install/robot_control:/home/min/Workspace/scout_mini/install/ugv_sdk:/home/min/Workspace/scout_mini/install/sllidar_ros2:/home/min/Workspace/scout_mini/install/slam_launch:/home/min/Workspace/scout_mini/install/scout_msgs:/home/min/Workspace/scout_mini/install/scout_mini_nav2:/home/min/Workspace/scout_mini/install/scout_gazebo_sim:/home/min/Workspace/scout_mini/install/scout_description:/home/min/Workspace/scout_mini/install/scout_control:/home/min/Workspace/scout_mini/install/realsense2_description:/home/min/Workspace/scout_mini/install/realsense2_camera:/home/min/Workspace/scout_mini/install/realsense2_camera_msgs /usr/bin/cmake --build /home/min/Workspace/scout_mini/build/scout_msgs -- -j8 -l8
[1.181s] Invoking command in '/home/min/Workspace/scout_mini/build/scout_msgs': CMAKE_PREFIX_PATH=/home/min/Workspace/scout_mini/install/scout_base:/opt/ros/humble:/home/min/Workspace/scout_mini/install/scout_mini_tools:/home/min/Workspace/scout_mini/install/robot_control:/home/min/Workspace/scout_mini/install/ugv_sdk:/home/min/Workspace/scout_mini/install/sllidar_ros2:/home/min/Workspace/scout_mini/install/slam_launch:/home/min/Workspace/scout_mini/install/scout_msgs:/home/min/Workspace/scout_mini/install/scout_mini_nav2:/home/min/Workspace/scout_mini/install/scout_gazebo_sim:/home/min/Workspace/scout_mini/install/scout_description:/home/min/Workspace/scout_mini/install/scout_control:/home/min/Workspace/scout_mini/install/realsense2_description:/home/min/Workspace/scout_mini/install/realsense2_camera:/home/min/Workspace/scout_mini/install/realsense2_camera_msgs /usr/bin/cmake --install /home/min/Workspace/scout_mini/build/scout_msgs
[1.227s] -- Install configuration: ""
[1.230s] -- Execute custom install script
[1.232s] -- Up-to-date symlink: /home/min/Workspace/scout_mini/install/scout_msgs/share/ament_index/resource_index/rosidl_interfaces/scout_msgs
[1.233s] -- Up-to-date symlink: /home/min/Workspace/scout_mini/install/scout_msgs/include/scout_msgs/scout_msgs/msg/detail/scout_actuator_state__functions.h
[1.235s] -- Up-to-date symlink: /home/min/Workspace/scout_mini/install/scout_msgs/include/scout_msgs/scout_msgs/msg/detail/scout_actuator_state__struct.h
[1.235s] -- Up-to-date symlink: /home/min/Workspace/scout_mini/install/scout_msgs/include/scout_msgs/scout_msgs/msg/detail/scout_actuator_state__type_support.h
[1.236s] -- Up-to-date symlink: /home/min/Workspace/scout_mini/install/scout_msgs/include/scout_msgs/scout_msgs/msg/detail/scout_light_cmd__functions.h
[1.236s] -- Up-to-date symlink: /home/min/Workspace/scout_mini/install/scout_msgs/include/scout_msgs/scout_msgs/msg/detail/scout_light_cmd__struct.h
[1.236s] -- Up-to-date symlink: /home/min/Workspace/scout_mini/install/scout_msgs/include/scout_msgs/scout_msgs/msg/detail/scout_light_cmd__type_support.h
[1.241s] -- Up-to-date symlink: /home/min/Workspace/scout_mini/install/scout_msgs/include/scout_msgs/scout_msgs/msg/detail/scout_light_state__functions.h
[1.243s] -- Up-to-date symlink: /home/min/Workspace/scout_mini/install/scout_msgs/include/scout_msgs/scout_msgs/msg/detail/scout_light_state__struct.h
[1.243s] -- Up-to-date symlink: /home/min/Workspace/scout_mini/install/scout_msgs/include/scout_msgs/scout_msgs/msg/detail/scout_light_state__type_support.h
[1.243s] -- Up-to-date symlink: /home/min/Workspace/scout_mini/install/scout_msgs/include/scout_msgs/scout_msgs/msg/detail/scout_rc_state__functions.h
[1.243s] -- Up-to-date symlink: /home/min/Workspace/scout_mini/install/scout_msgs/include/scout_msgs/scout_msgs/msg/detail/scout_rc_state__struct.h
[1.246s] -- Up-to-date symlink: /home/min/Workspace/scout_mini/install/scout_msgs/include/scout_msgs/scout_msgs/msg/detail/scout_rc_state__type_support.h
[1.246s] -- Up-to-date symlink: /home/min/Workspace/scout_mini/install/scout_msgs/include/scout_msgs/scout_msgs/msg/detail/scout_status__functions.h
[1.246s] -- Up-to-date symlink: /home/min/Workspace/scout_mini/install/scout_msgs/include/scout_msgs/scout_msgs/msg/detail/scout_status__struct.h
[1.247s] -- Up-to-date symlink: /home/min/Workspace/scout_mini/install/scout_msgs/include/scout_msgs/scout_msgs/msg/detail/scout_status__type_support.h
[1.247s] -- Up-to-date symlink: /home/min/Workspace/scout_mini/install/scout_msgs/include/scout_msgs/scout_msgs/msg/rosidl_generator_c__visibility_control.h
[1.247s] -- Up-to-date symlink: /home/min/Workspace/scout_mini/install/scout_msgs/include/scout_msgs/scout_msgs/msg/scout_actuator_state.h
[1.248s] -- Up-to-date symlink: /home/min/Workspace/scout_mini/install/scout_msgs/include/scout_msgs/scout_msgs/msg/scout_light_cmd.h
[1.248s] -- Up-to-date symlink: /home/min/Workspace/scout_mini/install/scout_msgs/include/scout_msgs/scout_msgs/msg/scout_light_state.h
[1.252s] -- Up-to-date symlink: /home/min/Workspace/scout_mini/install/scout_msgs/include/scout_msgs/scout_msgs/msg/scout_rc_state.h
[1.253s] -- Up-to-date symlink: /home/min/Workspace/scout_mini/install/scout_msgs/include/scout_msgs/scout_msgs/msg/scout_status.h
[1.254s] -- Up-to-date symlink: /home/min/Workspace/scout_mini/install/scout_msgs/share/scout_msgs/environment/library_path.sh
[1.254s] -- Up-to-date symlink: /home/min/Workspace/scout_mini/install/scout_msgs/share/scout_msgs/environment/library_path.dsv
[1.260s] -- Up-to-date symlink: /home/min/Workspace/scout_mini/install/scout_msgs/include/scout_msgs/scout_msgs/msg/detail/scout_actuator_state__rosidl_typesupport_fastrtps_c.h
[1.261s] -- Up-to-date symlink: /home/min/Workspace/scout_mini/install/scout_msgs/include/scout_msgs/scout_msgs/msg/detail/scout_light_cmd__rosidl_typesupport_fastrtps_c.h
[1.261s] -- Up-to-date symlink: /home/min/Workspace/scout_mini/install/scout_msgs/include/scout_msgs/scout_msgs/msg/detail/scout_light_state__rosidl_typesupport_fastrtps_c.h
[1.261s] -- Up-to-date symlink: /home/min/Workspace/scout_mini/install/scout_msgs/include/scout_msgs/scout_msgs/msg/detail/scout_rc_state__rosidl_typesupport_fastrtps_c.h
[1.261s] -- Up-to-date symlink: /home/min/Workspace/scout_mini/install/scout_msgs/include/scout_msgs/scout_msgs/msg/detail/scout_status__rosidl_typesupport_fastrtps_c.h
[1.261s] -- Up-to-date symlink: /home/min/Workspace/scout_mini/install/scout_msgs/include/scout_msgs/scout_msgs/msg/rosidl_typesupport_fastrtps_c__visibility_control.h
[1.261s] -- Up-to-date symlink: /home/min/Workspace/scout_mini/install/scout_msgs/include/scout_msgs/scout_msgs/msg/detail/scout_actuator_state__builder.hpp
[1.265s] -- Up-to-date symlink: /home/min/Workspace/scout_mini/install/scout_msgs/include/scout_msgs/scout_msgs/msg/detail/scout_actuator_state__struct.hpp
[1.265s] -- Up-to-date symlink: /home/min/Workspace/scout_mini/install/scout_msgs/include/scout_msgs/scout_msgs/msg/detail/scout_actuator_state__traits.hpp
[1.265s] -- Up-to-date symlink: /home/min/Workspace/scout_mini/install/scout_msgs/include/scout_msgs/scout_msgs/msg/detail/scout_actuator_state__type_support.hpp
[1.265s] -- Up-to-date symlink: /home/min/Workspace/scout_mini/install/scout_msgs/include/scout_msgs/scout_msgs/msg/detail/scout_light_cmd__builder.hpp
[1.266s] -- Up-to-date symlink: /home/min/Workspace/scout_mini/install/scout_msgs/include/scout_msgs/scout_msgs/msg/detail/scout_light_cmd__struct.hpp
[1.266s] -- Up-to-date symlink: /home/min/Workspace/scout_mini/install/scout_msgs/include/scout_msgs/scout_msgs/msg/detail/scout_light_cmd__traits.hpp
[1.266s] -- Up-to-date symlink: /home/min/Workspace/scout_mini/install/scout_msgs/include/scout_msgs/scout_msgs/msg/detail/scout_light_cmd__type_support.hpp
[1.266s] -- Up-to-date symlink: /home/min/Workspace/scout_mini/install/scout_msgs/include/scout_msgs/scout_msgs/msg/detail/scout_light_state__builder.hpp
[1.266s] -- Up-to-date symlink: /home/min/Workspace/scout_mini/install/scout_msgs/include/scout_msgs/scout_msgs/msg/detail/scout_light_state__struct.hpp
[1.269s] -- Up-to-date symlink: /home/min/Workspace/scout_mini/install/scout_msgs/include/scout_msgs/scout_msgs/msg/detail/scout_light_state__traits.hpp
[1.269s] -- Up-to-date symlink: /home/min/Workspace/scout_mini/install/scout_msgs/include/scout_msgs/scout_msgs/msg/detail/scout_light_state__type_support.hpp
[1.271s] -- Up-to-date symlink: /home/min/Workspace/scout_mini/install/scout_msgs/include/scout_msgs/scout_msgs/msg/detail/scout_rc_state__builder.hpp
[1.271s] -- Up-to-date symlink: /home/min/Workspace/scout_mini/install/scout_msgs/include/scout_msgs/scout_msgs/msg/detail/scout_rc_state__struct.hpp
[1.273s] -- Up-to-date symlink: /home/min/Workspace/scout_mini/install/scout_msgs/include/scout_msgs/scout_msgs/msg/detail/scout_rc_state__traits.hpp
[1.273s] -- Up-to-date symlink: /home/min/Workspace/scout_mini/install/scout_msgs/include/scout_msgs/scout_msgs/msg/detail/scout_rc_state__type_support.hpp
[1.273s] -- Up-to-date symlink: /home/min/Workspace/scout_mini/install/scout_msgs/include/scout_msgs/scout_msgs/msg/detail/scout_status__builder.hpp
[1.274s] -- Up-to-date symlink: /home/min/Workspace/scout_mini/install/scout_msgs/include/scout_msgs/scout_msgs/msg/detail/scout_status__struct.hpp
[1.274s] -- Up-to-date symlink: /home/min/Workspace/scout_mini/install/scout_msgs/include/scout_msgs/scout_msgs/msg/detail/scout_status__traits.hpp
[1.275s] -- Up-to-date symlink: /home/min/Workspace/scout_mini/install/scout_msgs/include/scout_msgs/scout_msgs/msg/detail/scout_status__type_support.hpp
[1.275s] -- Up-to-date symlink: /home/min/Workspace/scout_mini/install/scout_msgs/include/scout_msgs/scout_msgs/msg/rosidl_generator_cpp__visibility_control.hpp
[1.275s] -- Up-to-date symlink: /home/min/Workspace/scout_mini/install/scout_msgs/include/scout_msgs/scout_msgs/msg/scout_actuator_state.hpp
[1.276s] -- Up-to-date symlink: /home/min/Workspace/scout_mini/install/scout_msgs/include/scout_msgs/scout_msgs/msg/scout_light_cmd.hpp
[1.276s] -- Up-to-date symlink: /home/min/Workspace/scout_mini/install/scout_msgs/include/scout_msgs/scout_msgs/msg/scout_light_state.hpp
[1.276s] -- Up-to-date symlink: /home/min/Workspace/scout_mini/install/scout_msgs/include/scout_msgs/scout_msgs/msg/scout_rc_state.hpp
[1.277s] -- Up-to-date symlink: /home/min/Workspace/scout_mini/install/scout_msgs/include/scout_msgs/scout_msgs/msg/scout_status.hpp
[1.284s] -- Up-to-date symlink: /home/min/Workspace/scout_mini/install/scout_msgs/include/scout_msgs/scout_msgs/msg/detail/scout_actuator_state__rosidl_typesupport_fastrtps_cpp.hpp
[1.284s] -- Up-to-date symlink: /home/min/Workspace/scout_mini/install/scout_msgs/include/scout_msgs/scout_msgs/msg/detail/scout_light_cmd__rosidl_typesupport_fastrtps_cpp.hpp
[1.284s] -- Up-to-date symlink: /home/min/Workspace/scout_mini/install/scout_msgs/include/scout_msgs/scout_msgs/msg/detail/scout_light_state__rosidl_typesupport_fastrtps_cpp.hpp
[1.284s] -- Up-to-date symlink: /home/min/Workspace/scout_mini/install/scout_msgs/include/scout_msgs/scout_msgs/msg/detail/scout_rc_state__rosidl_typesupport_fastrtps_cpp.hpp
[1.287s] -- Up-to-date symlink: /home/min/Workspace/scout_mini/install/scout_msgs/include/scout_msgs/scout_msgs/msg/detail/scout_status__rosidl_typesupport_fastrtps_cpp.hpp
[1.287s] -- Up-to-date symlink: /home/min/Workspace/scout_mini/install/scout_msgs/include/scout_msgs/scout_msgs/msg/rosidl_typesupport_fastrtps_cpp__visibility_control.h
[1.301s] -- Up-to-date symlink: /home/min/Workspace/scout_mini/install/scout_msgs/include/scout_msgs/scout_msgs/msg/detail/scout_actuator_state__rosidl_typesupport_introspection_c.h
[1.301s] -- Up-to-date symlink: /home/min/Workspace/scout_mini/install/scout_msgs/include/scout_msgs/scout_msgs/msg/detail/scout_light_cmd__rosidl_typesupport_introspection_c.h
[1.301s] -- Up-to-date symlink: /home/min/Workspace/scout_mini/install/scout_msgs/include/scout_msgs/scout_msgs/msg/detail/scout_light_state__rosidl_typesupport_introspection_c.h
[1.301s] -- Up-to-date symlink: /home/min/Workspace/scout_mini/install/scout_msgs/include/scout_msgs/scout_msgs/msg/detail/scout_rc_state__rosidl_typesupport_introspection_c.h
[1.302s] -- Up-to-date symlink: /home/min/Workspace/scout_mini/install/scout_msgs/include/scout_msgs/scout_msgs/msg/detail/scout_status__rosidl_typesupport_introspection_c.h
[1.302s] -- Up-to-date symlink: /home/min/Workspace/scout_mini/install/scout_msgs/include/scout_msgs/scout_msgs/msg/rosidl_typesupport_introspection_c__visibility_control.h
[1.302s] -- Up-to-date symlink: /home/min/Workspace/scout_mini/install/scout_msgs/include/scout_msgs/scout_msgs/msg/detail/scout_actuator_state__rosidl_typesupport_introspection_cpp.hpp
[1.303s] -- Up-to-date symlink: /home/min/Workspace/scout_mini/install/scout_msgs/include/scout_msgs/scout_msgs/msg/detail/scout_light_cmd__rosidl_typesupport_introspection_cpp.hpp
[1.304s] -- Up-to-date symlink: /home/min/Workspace/scout_mini/install/scout_msgs/include/scout_msgs/scout_msgs/msg/detail/scout_light_state__rosidl_typesupport_introspection_cpp.hpp
[1.308s] -- Up-to-date symlink: /home/min/Workspace/scout_mini/install/scout_msgs/include/scout_msgs/scout_msgs/msg/detail/scout_rc_state__rosidl_typesupport_introspection_cpp.hpp
[1.310s] -- Up-to-date symlink: /home/min/Workspace/scout_mini/install/scout_msgs/include/scout_msgs/scout_msgs/msg/detail/scout_status__rosidl_typesupport_introspection_cpp.hpp
[1.315s] -- Up-to-date symlink: /home/min/Workspace/scout_mini/install/scout_msgs/share/scout_msgs/environment/pythonpath.sh
[1.316s] -- Up-to-date symlink: /home/min/Workspace/scout_mini/install/scout_msgs/share/scout_msgs/environment/pythonpath.dsv
[1.316s] -- Up-to-date symlink: /home/min/Workspace/scout_mini/install/scout_msgs/local/lib/python3.10/dist-packages/scout_msgs-0.1.0-py3.10.egg-info/PKG-INFO
[1.316s] -- Up-to-date symlink: /home/min/Workspace/scout_mini/install/scout_msgs/local/lib/python3.10/dist-packages/scout_msgs-0.1.0-py3.10.egg-info/SOURCES.txt
[1.316s] -- Up-to-date symlink: /home/min/Workspace/scout_mini/install/scout_msgs/local/lib/python3.10/dist-packages/scout_msgs-0.1.0-py3.10.egg-info/dependency_links.txt
[1.316s] -- Up-to-date symlink: /home/min/Workspace/scout_mini/install/scout_msgs/local/lib/python3.10/dist-packages/scout_msgs-0.1.0-py3.10.egg-info/top_level.txt
[1.316s] -- Up-to-date symlink: /home/min/Workspace/scout_mini/install/scout_msgs/local/lib/python3.10/dist-packages/scout_msgs/__init__.py
[1.316s] -- Up-to-date symlink: /home/min/Workspace/scout_mini/install/scout_msgs/local/lib/python3.10/dist-packages/scout_msgs/_scout_msgs_s.ep.rosidl_typesupport_c.c
[1.319s] -- Up-to-date symlink: /home/min/Workspace/scout_mini/install/scout_msgs/local/lib/python3.10/dist-packages/scout_msgs/_scout_msgs_s.ep.rosidl_typesupport_fastrtps_c.c
[1.319s] -- Up-to-date symlink: /home/min/Workspace/scout_mini/install/scout_msgs/local/lib/python3.10/dist-packages/scout_msgs/_scout_msgs_s.ep.rosidl_typesupport_introspection_c.c
[1.319s] -- Up-to-date symlink: /home/min/Workspace/scout_mini/install/scout_msgs/local/lib/python3.10/dist-packages/scout_msgs/libscout_msgs__rosidl_generator_py.so
[1.320s] -- Up-to-date symlink: /home/min/Workspace/scout_mini/install/scout_msgs/local/lib/python3.10/dist-packages/scout_msgs/msg/__init__.py
[1.320s] -- Up-to-date symlink: /home/min/Workspace/scout_mini/install/scout_msgs/local/lib/python3.10/dist-packages/scout_msgs/msg/_scout_actuator_state.py
[1.320s] -- Up-to-date symlink: /home/min/Workspace/scout_mini/install/scout_msgs/local/lib/python3.10/dist-packages/scout_msgs/msg/_scout_actuator_state_s.c
[1.320s] -- Up-to-date symlink: /home/min/Workspace/scout_mini/install/scout_msgs/local/lib/python3.10/dist-packages/scout_msgs/msg/_scout_light_cmd.py
[1.323s] -- Up-to-date symlink: /home/min/Workspace/scout_mini/install/scout_msgs/local/lib/python3.10/dist-packages/scout_msgs/msg/_scout_light_cmd_s.c
[1.323s] -- Up-to-date symlink: /home/min/Workspace/scout_mini/install/scout_msgs/local/lib/python3.10/dist-packages/scout_msgs/msg/_scout_light_state.py
[1.323s] -- Up-to-date symlink: /home/min/Workspace/scout_mini/install/scout_msgs/local/lib/python3.10/dist-packages/scout_msgs/msg/_scout_light_state_s.c
[1.323s] -- Up-to-date symlink: /home/min/Workspace/scout_mini/install/scout_msgs/local/lib/python3.10/dist-packages/scout_msgs/msg/_scout_rc_state.py
[1.324s] -- Up-to-date symlink: /home/min/Workspace/scout_mini/install/scout_msgs/local/lib/python3.10/dist-packages/scout_msgs/msg/_scout_rc_state_s.c
[1.324s] -- Up-to-date symlink: /home/min/Workspace/scout_mini/install/scout_msgs/local/lib/python3.10/dist-packages/scout_msgs/msg/_scout_status.py
[1.324s] -- Up-to-date symlink: /home/min/Workspace/scout_mini/install/scout_msgs/local/lib/python3.10/dist-packages/scout_msgs/msg/_scout_status_s.c
[1.324s] -- Up-to-date symlink: /home/min/Workspace/scout_mini/install/scout_msgs/local/lib/python3.10/dist-packages/scout_msgs/scout_msgs_s__rosidl_typesupport_c.cpython-310-x86_64-linux-gnu.so
[1.324s] -- Up-to-date symlink: /home/min/Workspace/scout_mini/install/scout_msgs/local/lib/python3.10/dist-packages/scout_msgs/scout_msgs_s__rosidl_typesupport_fastrtps_c.cpython-310-x86_64-linux-gnu.so
[1.325s] -- Up-to-date symlink: /home/min/Workspace/scout_mini/install/scout_msgs/local/lib/python3.10/dist-packages/scout_msgs/scout_msgs_s__rosidl_typesupport_introspection_c.cpython-310-x86_64-linux-gnu.so
[1.325s] -- Up-to-date symlink: /home/min/Workspace/scout_mini/install/scout_msgs/local/lib/python3.10/dist-packages/scout_msgs/scout_msgs_s__rosidl_typesupport_fastrtps_c.cpython-310-x86_64-linux-gnu.so
[1.326s] -- Up-to-date symlink: /home/min/Workspace/scout_mini/install/scout_msgs/local/lib/python3.10/dist-packages/scout_msgs/scout_msgs_s__rosidl_typesupport_introspection_c.cpython-310-x86_64-linux-gnu.so
[1.327s] -- Up-to-date symlink: /home/min/Workspace/scout_mini/install/scout_msgs/local/lib/python3.10/dist-packages/scout_msgs/scout_msgs_s__rosidl_typesupport_c.cpython-310-x86_64-linux-gnu.so
[1.327s] -- Up-to-date symlink: /home/min/Workspace/scout_mini/install/scout_msgs/share/scout_msgs/msg/ScoutActuatorState.idl
[1.327s] -- Up-to-date symlink: /home/min/Workspace/scout_mini/install/scout_msgs/share/scout_msgs/msg/ScoutLightCmd.idl
[1.327s] -- Up-to-date symlink: /home/min/Workspace/scout_mini/install/scout_msgs/share/scout_msgs/msg/ScoutLightState.idl
[1.328s] -- Up-to-date symlink: /home/min/Workspace/scout_mini/install/scout_msgs/share/scout_msgs/msg/ScoutRCState.idl
[1.328s] -- Up-to-date symlink: /home/min/Workspace/scout_mini/install/scout_msgs/share/scout_msgs/msg/ScoutStatus.idl
[1.329s] -- Up-to-date symlink: /home/min/Workspace/scout_mini/install/scout_msgs/share/scout_msgs/msg/ScoutActuatorState.msg
[1.329s] -- Up-to-date symlink: /home/min/Workspace/scout_mini/install/scout_msgs/share/scout_msgs/msg/ScoutLightCmd.msg
[1.329s] -- Up-to-date symlink: /home/min/Workspace/scout_mini/install/scout_msgs/share/scout_msgs/msg/ScoutLightState.msg
[1.330s] -- Up-to-date symlink: /home/min/Workspace/scout_mini/install/scout_msgs/share/scout_msgs/msg/ScoutRCState.msg
[1.330s] -- Up-to-date symlink: /home/min/Workspace/scout_mini/install/scout_msgs/share/scout_msgs/msg/ScoutStatus.msg
[1.331s] -- Up-to-date symlink: /home/min/Workspace/scout_mini/install/scout_msgs/share/ament_index/resource_index/package_run_dependencies/scout_msgs
[1.331s] -- Up-to-date symlink: /home/min/Workspace/scout_mini/install/scout_msgs/share/ament_index/resource_index/parent_prefix_path/scout_msgs
[1.331s] -- Up-to-date symlink: /home/min/Workspace/scout_mini/install/scout_msgs/share/scout_msgs/environment/ament_prefix_path.sh
[1.333s] -- Up-to-date symlink: /home/min/Workspace/scout_mini/install/scout_msgs/share/scout_msgs/environment/ament_prefix_path.dsv
[1.333s] -- Up-to-date symlink: /home/min/Workspace/scout_mini/install/scout_msgs/share/scout_msgs/environment/path.sh
[1.333s] -- Up-to-date symlink: /home/min/Workspace/scout_mini/install/scout_msgs/share/scout_msgs/environment/path.dsv
[1.334s] -- Up-to-date symlink: /home/min/Workspace/scout_mini/install/scout_msgs/share/scout_msgs/local_setup.bash
[1.337s] -- Up-to-date symlink: /home/min/Workspace/scout_mini/install/scout_msgs/share/scout_msgs/local_setup.sh
[1.339s] -- Up-to-date symlink: /home/min/Workspace/scout_mini/install/scout_msgs/share/scout_msgs/local_setup.zsh
[1.340s] -- Up-to-date symlink: /home/min/Workspace/scout_mini/install/scout_msgs/share/scout_msgs/local_setup.dsv
[1.344s] -- Symlinking: /home/min/Workspace/scout_mini/install/scout_msgs/share/scout_msgs/package.dsv
[1.350s] -- Up-to-date symlink: /home/min/Workspace/scout_mini/install/scout_msgs/share/ament_index/resource_index/packages/scout_msgs
[1.350s] -- Up-to-date symlink: /home/min/Workspace/scout_mini/install/scout_msgs/share/scout_msgs/cmake/rosidl_cmake-extras.cmake
[1.350s] -- Up-to-date symlink: /home/min/Workspace/scout_mini/install/scout_msgs/share/scout_msgs/cmake/ament_cmake_export_dependencies-extras.cmake
[1.350s] -- Up-to-date symlink: /home/min/Workspace/scout_mini/install/scout_msgs/share/scout_msgs/cmake/ament_cmake_export_include_directories-extras.cmake
[1.350s] -- Up-to-date symlink: /home/min/Workspace/scout_mini/install/scout_msgs/share/scout_msgs/cmake/ament_cmake_export_libraries-extras.cmake
[1.350s] -- Up-to-date symlink: /home/min/Workspace/scout_mini/install/scout_msgs/share/scout_msgs/cmake/ament_cmake_export_targets-extras.cmake
[1.350s] -- Up-to-date symlink: /home/min/Workspace/scout_mini/install/scout_msgs/share/scout_msgs/cmake/rosidl_cmake_export_typesupport_targets-extras.cmake
[1.350s] -- Up-to-date symlink: /home/min/Workspace/scout_mini/install/scout_msgs/share/scout_msgs/cmake/rosidl_cmake_export_typesupport_libraries-extras.cmake
[1.350s] -- Up-to-date symlink: /home/min/Workspace/scout_mini/install/scout_msgs/share/scout_msgs/cmake/scout_msgsConfig.cmake
[1.350s] -- Up-to-date symlink: /home/min/Workspace/scout_mini/install/scout_msgs/share/scout_msgs/cmake/scout_msgsConfig-version.cmake
[1.350s] -- Up-to-date symlink: /home/min/Workspace/scout_mini/install/scout_msgs/share/scout_msgs/package.xml
[1.350s] -- Up-to-date: /home/min/Workspace/scout_mini/install/scout_msgs/lib/libscout_msgs__rosidl_generator_c.so
[1.351s] -- Up-to-date: /home/min/Workspace/scout_mini/install/scout_msgs/lib/libscout_msgs__rosidl_typesupport_fastrtps_c.so
[1.351s] -- Up-to-date: /home/min/Workspace/scout_mini/install/scout_msgs/lib/libscout_msgs__rosidl_typesupport_fastrtps_cpp.so
[1.351s] -- Up-to-date: /home/min/Workspace/scout_mini/install/scout_msgs/lib/libscout_msgs__rosidl_typesupport_introspection_c.so
[1.351s] -- Up-to-date: /home/min/Workspace/scout_mini/install/scout_msgs/lib/libscout_msgs__rosidl_typesupport_c.so
[1.352s] -- Up-to-date: /home/min/Workspace/scout_mini/install/scout_msgs/lib/libscout_msgs__rosidl_typesupport_introspection_cpp.so
[1.352s] -- Up-to-date: /home/min/Workspace/scout_mini/install/scout_msgs/lib/libscout_msgs__rosidl_typesupport_cpp.so
[1.354s] Listing '/home/min/Workspace/scout_mini/install/scout_msgs/local/lib/python3.10/dist-packages/scout_msgs'...
[1.354s] Listing '/home/min/Workspace/scout_mini/install/scout_msgs/local/lib/python3.10/dist-packages/scout_msgs/msg'...
[1.354s] -- Up-to-date: /home/min/Workspace/scout_mini/install/scout_msgs/lib/libscout_msgs__rosidl_generator_py.so
[1.354s] -- Up-to-date: /home/min/Workspace/scout_mini/install/scout_msgs/share/scout_msgs/cmake/export_scout_msgs__rosidl_generator_cExport.cmake
[1.354s] -- Up-to-date: /home/min/Workspace/scout_mini/install/scout_msgs/share/scout_msgs/cmake/export_scout_msgs__rosidl_generator_cExport-noconfig.cmake
[1.354s] -- Up-to-date: /home/min/Workspace/scout_mini/install/scout_msgs/share/scout_msgs/cmake/export_scout_msgs__rosidl_typesupport_fastrtps_cExport.cmake
[1.354s] -- Up-to-date: /home/min/Workspace/scout_mini/install/scout_msgs/share/scout_msgs/cmake/export_scout_msgs__rosidl_typesupport_fastrtps_cExport-noconfig.cmake
[1.354s] -- Up-to-date: /home/min/Workspace/scout_mini/install/scout_msgs/share/scout_msgs/cmake/export_scout_msgs__rosidl_generator_cppExport.cmake
[1.354s] -- Up-to-date: /home/min/Workspace/scout_mini/install/scout_msgs/share/scout_msgs/cmake/export_scout_msgs__rosidl_typesupport_fastrtps_cppExport.cmake
[1.354s] -- Up-to-date: /home/min/Workspace/scout_mini/install/scout_msgs/share/scout_msgs/cmake/export_scout_msgs__rosidl_typesupport_fastrtps_cppExport-noconfig.cmake
[1.354s] -- Up-to-date: /home/min/Workspace/scout_mini/install/scout_msgs/share/scout_msgs/cmake/scout_msgs__rosidl_typesupport_introspection_cExport.cmake
[1.354s] -- Up-to-date: /home/min/Workspace/scout_mini/install/scout_msgs/share/scout_msgs/cmake/scout_msgs__rosidl_typesupport_introspection_cExport-noconfig.cmake
[1.354s] -- Up-to-date: /home/min/Workspace/scout_mini/install/scout_msgs/share/scout_msgs/cmake/scout_msgs__rosidl_typesupport_cExport.cmake
[1.354s] -- Up-to-date: /home/min/Workspace/scout_mini/install/scout_msgs/share/scout_msgs/cmake/scout_msgs__rosidl_typesupport_cExport-noconfig.cmake
[1.354s] -- Up-to-date: /home/min/Workspace/scout_mini/install/scout_msgs/share/scout_msgs/cmake/scout_msgs__rosidl_typesupport_introspection_cppExport.cmake
[1.355s] -- Up-to-date: /home/min/Workspace/scout_mini/install/scout_msgs/share/scout_msgs/cmake/scout_msgs__rosidl_typesupport_introspection_cppExport-noconfig.cmake
[1.355s] -- Up-to-date: /home/min/Workspace/scout_mini/install/scout_msgs/share/scout_msgs/cmake/scout_msgs__rosidl_typesupport_cppExport.cmake
[1.355s] -- Up-to-date: /home/min/Workspace/scout_mini/install/scout_msgs/share/scout_msgs/cmake/scout_msgs__rosidl_typesupport_cppExport-noconfig.cmake
[1.355s] -- Up-to-date: /home/min/Workspace/scout_mini/install/scout_msgs/share/scout_msgs/cmake/export_scout_msgs__rosidl_generator_pyExport.cmake
[1.355s] -- Up-to-date: /home/min/Workspace/scout_mini/install/scout_msgs/share/scout_msgs/cmake/export_scout_msgs__rosidl_generator_pyExport-noconfig.cmake
[1.441s] Invoked command in '/home/min/Workspace/scout_mini/build/scout_msgs' returned '0': CMAKE_PREFIX_PATH=/home/min/Workspace/scout_mini/install/scout_base:/opt/ros/humble:/home/min/Workspace/scout_mini/install/scout_mini_tools:/home/min/Workspace/scout_mini/install/robot_control:/home/min/Workspace/scout_mini/install/ugv_sdk:/home/min/Workspace/scout_mini/install/sllidar_ros2:/home/min/Workspace/scout_mini/install/slam_launch:/home/min/Workspace/scout_mini/install/scout_msgs:/home/min/Workspace/scout_mini/install/scout_mini_nav2:/home/min/Workspace/scout_mini/install/scout_gazebo_sim:/home/min/Workspace/scout_mini/install/scout_description:/home/min/Workspace/scout_mini/install/scout_control:/home/min/Workspace/scout_mini/install/realsense2_description:/home/min/Workspace/scout_mini/install/realsense2_camera:/home/min/Workspace/scout_mini/install/realsense2_camera_msgs /usr/bin/cmake --install /home/min/Workspace/scout_mini/build/scout_msgs
