[0.683s] Invoking command in '/home/min/Workspace/scout_mini/src/robot_control': PYTHONPATH=/home/min/Workspace/scout_mini/build/robot_control/prefix_override:/usr/lib/python3/dist-packages/colcon_core/task/python/colcon_distutils_commands:/home/min/Workspace/scout_mini/install/robot_control/lib/python3.10/site-packages:${PYTHONPATH} /usr/bin/python3 -W ignore:setup.py install is deprecated -W ignore:easy_install command is deprecated setup.py egg_info --egg-base ../../build/robot_control build --build-base /home/min/Workspace/scout_mini/build/robot_control/build install --record /home/min/Workspace/scout_mini/build/robot_control/install.log --single-version-externally-managed install_data
[0.840s] running egg_info
[0.841s] writing ../../build/robot_control/robot_control.egg-info/PKG-INFO
[0.841s] writing dependency_links to ../../build/robot_control/robot_control.egg-info/dependency_links.txt
[0.841s] writing entry points to ../../build/robot_control/robot_control.egg-info/entry_points.txt
[0.842s] writing requirements to ../../build/robot_control/robot_control.egg-info/requires.txt
[0.842s] writing top-level names to ../../build/robot_control/robot_control.egg-info/top_level.txt
[0.845s] reading manifest file '../../build/robot_control/robot_control.egg-info/SOURCES.txt'
[0.846s] writing manifest file '../../build/robot_control/robot_control.egg-info/SOURCES.txt'
[0.846s] running build
[0.846s] running build_py
[0.846s] copying robot_control/move_leader_robot.py -> /home/min/Workspace/scout_mini/build/robot_control/build/lib/robot_control
[0.847s] running install
[0.847s] running install_lib
[0.848s] copying /home/min/Workspace/scout_mini/build/robot_control/build/lib/robot_control/move_leader_robot.py -> /home/min/Workspace/scout_mini/install/robot_control/lib/python3.10/site-packages/robot_control
[0.849s] byte-compiling /home/min/Workspace/scout_mini/install/robot_control/lib/python3.10/site-packages/robot_control/move_leader_robot.py to move_leader_robot.cpython-310.pyc
[0.849s] running install_data
[0.850s] running install_egg_info
[0.851s] removing '/home/min/Workspace/scout_mini/install/robot_control/lib/python3.10/site-packages/robot_control-0.0.0-py3.10.egg-info' (and everything under it)
[0.852s] Copying ../../build/robot_control/robot_control.egg-info to /home/min/Workspace/scout_mini/install/robot_control/lib/python3.10/site-packages/robot_control-0.0.0-py3.10.egg-info
[0.852s] running install_scripts
[0.872s] Installing follower script to /home/min/Workspace/scout_mini/install/robot_control/lib/robot_control
[0.872s] Installing move_leader_robot script to /home/min/Workspace/scout_mini/install/robot_control/lib/robot_control
[0.872s] writing list of installed files to '/home/min/Workspace/scout_mini/build/robot_control/install.log'
[0.895s] Invoked command in '/home/min/Workspace/scout_mini/src/robot_control' returned '0': PYTHONPATH=/home/min/Workspace/scout_mini/build/robot_control/prefix_override:/usr/lib/python3/dist-packages/colcon_core/task/python/colcon_distutils_commands:/home/min/Workspace/scout_mini/install/robot_control/lib/python3.10/site-packages:${PYTHONPATH} /usr/bin/python3 -W ignore:setup.py install is deprecated -W ignore:easy_install command is deprecated setup.py egg_info --egg-base ../../build/robot_control build --build-base /home/min/Workspace/scout_mini/build/robot_control/build install --record /home/min/Workspace/scout_mini/build/robot_control/install.log --single-version-externally-managed install_data
