[0.088s] Invoking command in '/home/min/Workspace/scout_mini/build/sllidar_ros2': CMAKE_PREFIX_PATH=/home/min/Workspace/scout_mini/install/scout_base:/home/min/Workspace/scout_mini/install/scout_mini_tools:/home/min/Workspace/scout_mini/install/robot_control:/opt/ros/humble:/home/min/Workspace/scout_mini/install/ugv_sdk:/home/min/Workspace/scout_mini/install/sllidar_ros2:/home/min/Workspace/scout_mini/install/slam_launch:/home/min/Workspace/scout_mini/install/scout_msgs:/home/min/Workspace/scout_mini/install/scout_mini_nav2:/home/min/Workspace/scout_mini/install/scout_gazebo_sim:/home/min/Workspace/scout_mini/install/scout_description:/home/min/Workspace/scout_mini/install/scout_control:/home/min/Workspace/scout_mini/install/realsense2_description:/home/min/Workspace/scout_mini/install/realsense2_camera:/home/min/Workspace/scout_mini/install/realsense2_camera_msgs /usr/bin/cmake --build /home/min/Workspace/scout_mini/build/sllidar_ros2 -- -j8 -l8
[0.206s] [ 25%] Built target sllidar_client
[0.206s] [100%] Built target sllidar_node
[0.227s] Invoked command in '/home/min/Workspace/scout_mini/build/sllidar_ros2' returned '0': CMAKE_PREFIX_PATH=/home/min/Workspace/scout_mini/install/scout_base:/home/min/Workspace/scout_mini/install/scout_mini_tools:/home/min/Workspace/scout_mini/install/robot_control:/opt/ros/humble:/home/min/Workspace/scout_mini/install/ugv_sdk:/home/min/Workspace/scout_mini/install/sllidar_ros2:/home/min/Workspace/scout_mini/install/slam_launch:/home/min/Workspace/scout_mini/install/scout_msgs:/home/min/Workspace/scout_mini/install/scout_mini_nav2:/home/min/Workspace/scout_mini/install/scout_gazebo_sim:/home/min/Workspace/scout_mini/install/scout_description:/home/min/Workspace/scout_mini/install/scout_control:/home/min/Workspace/scout_mini/install/realsense2_description:/home/min/Workspace/scout_mini/install/realsense2_camera:/home/min/Workspace/scout_mini/install/realsense2_camera_msgs /usr/bin/cmake --build /home/min/Workspace/scout_mini/build/sllidar_ros2 -- -j8 -l8
[0.228s] Invoking command in '/home/min/Workspace/scout_mini/build/sllidar_ros2': CMAKE_PREFIX_PATH=/home/min/Workspace/scout_mini/install/scout_base:/home/min/Workspace/scout_mini/install/scout_mini_tools:/home/min/Workspace/scout_mini/install/robot_control:/opt/ros/humble:/home/min/Workspace/scout_mini/install/ugv_sdk:/home/min/Workspace/scout_mini/install/sllidar_ros2:/home/min/Workspace/scout_mini/install/slam_launch:/home/min/Workspace/scout_mini/install/scout_msgs:/home/min/Workspace/scout_mini/install/scout_mini_nav2:/home/min/Workspace/scout_mini/install/scout_gazebo_sim:/home/min/Workspace/scout_mini/install/scout_description:/home/min/Workspace/scout_mini/install/scout_control:/home/min/Workspace/scout_mini/install/realsense2_description:/home/min/Workspace/scout_mini/install/realsense2_camera:/home/min/Workspace/scout_mini/install/realsense2_camera_msgs /usr/bin/cmake --install /home/min/Workspace/scout_mini/build/sllidar_ros2
[0.243s] -- Install configuration: ""
[0.243s] -- Execute custom install script
[0.244s] -- Up-to-date symlink: /home/min/Workspace/scout_mini/install/sllidar_ros2/share/sllidar_ros2/launch/sllidar_a1_launch.py
[0.244s] -- Up-to-date symlink: /home/min/Workspace/scout_mini/install/sllidar_ros2/share/sllidar_ros2/launch/sllidar_a2m12_launch .py
[0.245s] -- Up-to-date symlink: /home/min/Workspace/scout_mini/install/sllidar_ros2/share/sllidar_ros2/launch/sllidar_a2m7_launch.py
[0.245s] -- Up-to-date symlink: /home/min/Workspace/scout_mini/install/sllidar_ros2/share/sllidar_ros2/launch/sllidar_a2m8_launch.py
[0.245s] -- Up-to-date symlink: /home/min/Workspace/scout_mini/install/sllidar_ros2/share/sllidar_ros2/launch/sllidar_a3_launch.py
[0.245s] -- Up-to-date symlink: /home/min/Workspace/scout_mini/install/sllidar_ros2/share/sllidar_ros2/launch/sllidar_c1_launch.py
[0.247s] -- Up-to-date symlink: /home/min/Workspace/scout_mini/install/sllidar_ros2/share/sllidar_ros2/launch/sllidar_s1_launch.py
[0.247s] -- Up-to-date symlink: /home/min/Workspace/scout_mini/install/sllidar_ros2/share/sllidar_ros2/launch/sllidar_s1_tcp_launch.py
[0.250s] -- Up-to-date symlink: /home/min/Workspace/scout_mini/install/sllidar_ros2/share/sllidar_ros2/launch/sllidar_s2_launch.py
[0.250s] -- Up-to-date symlink: /home/min/Workspace/scout_mini/install/sllidar_ros2/share/sllidar_ros2/launch/sllidar_s2e_launch.py
[0.250s] -- Up-to-date symlink: /home/min/Workspace/scout_mini/install/sllidar_ros2/share/sllidar_ros2/launch/sllidar_s3_launch.py
[0.250s] -- Up-to-date symlink: /home/min/Workspace/scout_mini/install/sllidar_ros2/share/sllidar_ros2/launch/sllidar_t1_launch.py
[0.250s] -- Up-to-date symlink: /home/min/Workspace/scout_mini/install/sllidar_ros2/share/sllidar_ros2/launch/view_sllidar_a1_launch.py
[0.250s] -- Up-to-date symlink: /home/min/Workspace/scout_mini/install/sllidar_ros2/share/sllidar_ros2/launch/view_sllidar_a2m12_launch.py
[0.251s] -- Up-to-date symlink: /home/min/Workspace/scout_mini/install/sllidar_ros2/share/sllidar_ros2/launch/view_sllidar_a2m7_launch.py
[0.251s] -- Up-to-date symlink: /home/min/Workspace/scout_mini/install/sllidar_ros2/share/sllidar_ros2/launch/view_sllidar_a2m8_launch.py
[0.251s] -- Up-to-date symlink: /home/min/Workspace/scout_mini/install/sllidar_ros2/share/sllidar_ros2/launch/view_sllidar_a3_launch.py
[0.251s] -- Up-to-date symlink: /home/min/Workspace/scout_mini/install/sllidar_ros2/share/sllidar_ros2/launch/view_sllidar_c1_launch.py
[0.251s] -- Up-to-date symlink: /home/min/Workspace/scout_mini/install/sllidar_ros2/share/sllidar_ros2/launch/view_sllidar_s1_launch.py
[0.251s] -- Up-to-date symlink: /home/min/Workspace/scout_mini/install/sllidar_ros2/share/sllidar_ros2/launch/view_sllidar_s1_tcp_launch.py
[0.252s] -- Up-to-date symlink: /home/min/Workspace/scout_mini/install/sllidar_ros2/share/sllidar_ros2/launch/view_sllidar_s2_launch.py
[0.252s] -- Up-to-date symlink: /home/min/Workspace/scout_mini/install/sllidar_ros2/share/sllidar_ros2/launch/view_sllidar_s2e_launch.py
[0.252s] -- Up-to-date symlink: /home/min/Workspace/scout_mini/install/sllidar_ros2/share/sllidar_ros2/launch/view_sllidar_s3_launch.py
[0.252s] -- Up-to-date symlink: /home/min/Workspace/scout_mini/install/sllidar_ros2/share/sllidar_ros2/launch/view_sllidar_t1_launch.py
[0.252s] -- Up-to-date symlink: /home/min/Workspace/scout_mini/install/sllidar_ros2/share/sllidar_ros2/rviz/sllidar_ros2.rviz
[0.252s] -- Up-to-date symlink: /home/min/Workspace/scout_mini/install/sllidar_ros2/lib/sllidar_ros2/sllidar_node
[0.253s] -- Up-to-date symlink: /home/min/Workspace/scout_mini/install/sllidar_ros2/lib/sllidar_ros2/sllidar_client
[0.253s] -- Up-to-date symlink: /home/min/Workspace/scout_mini/install/sllidar_ros2/share/ament_index/resource_index/package_run_dependencies/sllidar_ros2
[0.254s] -- Up-to-date symlink: /home/min/Workspace/scout_mini/install/sllidar_ros2/share/ament_index/resource_index/parent_prefix_path/sllidar_ros2
[0.254s] -- Up-to-date symlink: /home/min/Workspace/scout_mini/install/sllidar_ros2/share/sllidar_ros2/environment/ament_prefix_path.sh
[0.254s] -- Up-to-date symlink: /home/min/Workspace/scout_mini/install/sllidar_ros2/share/sllidar_ros2/environment/ament_prefix_path.dsv
[0.254s] -- Up-to-date symlink: /home/min/Workspace/scout_mini/install/sllidar_ros2/share/sllidar_ros2/environment/path.sh
[0.254s] -- Up-to-date symlink: /home/min/Workspace/scout_mini/install/sllidar_ros2/share/sllidar_ros2/environment/path.dsv
[0.255s] -- Up-to-date symlink: /home/min/Workspace/scout_mini/install/sllidar_ros2/share/sllidar_ros2/local_setup.bash
[0.255s] -- Up-to-date symlink: /home/min/Workspace/scout_mini/install/sllidar_ros2/share/sllidar_ros2/local_setup.sh
[0.255s] -- Up-to-date symlink: /home/min/Workspace/scout_mini/install/sllidar_ros2/share/sllidar_ros2/local_setup.zsh
[0.256s] -- Up-to-date symlink: /home/min/Workspace/scout_mini/install/sllidar_ros2/share/sllidar_ros2/local_setup.dsv
[0.256s] -- Symlinking: /home/min/Workspace/scout_mini/install/sllidar_ros2/share/sllidar_ros2/package.dsv
[0.269s] -- Up-to-date symlink: /home/min/Workspace/scout_mini/install/sllidar_ros2/share/ament_index/resource_index/packages/sllidar_ros2
[0.269s] -- Up-to-date symlink: /home/min/Workspace/scout_mini/install/sllidar_ros2/share/sllidar_ros2/cmake/ament_cmake_export_dependencies-extras.cmake
[0.270s] -- Up-to-date symlink: /home/min/Workspace/scout_mini/install/sllidar_ros2/share/sllidar_ros2/cmake/ament_cmake_export_include_directories-extras.cmake
[0.270s] -- Up-to-date symlink: /home/min/Workspace/scout_mini/install/sllidar_ros2/share/sllidar_ros2/cmake/sllidar_ros2Config.cmake
[0.271s] -- Up-to-date symlink: /home/min/Workspace/scout_mini/install/sllidar_ros2/share/sllidar_ros2/cmake/sllidar_ros2Config-version.cmake
[0.271s] -- Up-to-date symlink: /home/min/Workspace/scout_mini/install/sllidar_ros2/share/sllidar_ros2/package.xml
[0.276s] Invoked command in '/home/min/Workspace/scout_mini/build/sllidar_ros2' returned '0': CMAKE_PREFIX_PATH=/home/min/Workspace/scout_mini/install/scout_base:/home/min/Workspace/scout_mini/install/scout_mini_tools:/home/min/Workspace/scout_mini/install/robot_control:/opt/ros/humble:/home/min/Workspace/scout_mini/install/ugv_sdk:/home/min/Workspace/scout_mini/install/sllidar_ros2:/home/min/Workspace/scout_mini/install/slam_launch:/home/min/Workspace/scout_mini/install/scout_msgs:/home/min/Workspace/scout_mini/install/scout_mini_nav2:/home/min/Workspace/scout_mini/install/scout_gazebo_sim:/home/min/Workspace/scout_mini/install/scout_description:/home/min/Workspace/scout_mini/install/scout_control:/home/min/Workspace/scout_mini/install/realsense2_description:/home/min/Workspace/scout_mini/install/realsense2_camera:/home/min/Workspace/scout_mini/install/realsense2_camera_msgs /usr/bin/cmake --install /home/min/Workspace/scout_mini/build/sllidar_ros2
