[0.115s] Invoking command in '/home/min/Workspace/scout_mini/build/slam_launch': /usr/bin/cmake --build /home/min/Workspace/scout_mini/build/slam_launch -- -j8 -l8
[0.162s] Invoked command in '/home/min/Workspace/scout_mini/build/slam_launch' returned '0': /usr/bin/cmake --build /home/min/Workspace/scout_mini/build/slam_launch -- -j8 -l8
[0.165s] Invoking command in '/home/min/Workspace/scout_mini/build/slam_launch': /usr/bin/cmake --install /home/min/Workspace/scout_mini/build/slam_launch
[0.180s] -- Install configuration: ""
[0.180s] -- Execute custom install script
[0.180s] -- Up-to-date symlink: /home/min/Workspace/scout_mini/install/slam_launch/share/ament_index/resource_index/package_run_dependencies/slam_launch
[0.181s] -- Up-to-date symlink: /home/min/Workspace/scout_mini/install/slam_launch/share/ament_index/resource_index/parent_prefix_path/slam_launch
[0.181s] -- Up-to-date symlink: /home/min/Workspace/scout_mini/install/slam_launch/share/slam_launch/environment/ament_prefix_path.sh
[0.181s] -- Up-to-date symlink: /home/min/Workspace/scout_mini/install/slam_launch/share/slam_launch/environment/ament_prefix_path.dsv
[0.181s] -- Up-to-date symlink: /home/min/Workspace/scout_mini/install/slam_launch/share/slam_launch/environment/path.sh
[0.181s] -- Up-to-date symlink: /home/min/Workspace/scout_mini/install/slam_launch/share/slam_launch/environment/path.dsv
[0.182s] -- Up-to-date symlink: /home/min/Workspace/scout_mini/install/slam_launch/share/slam_launch/local_setup.bash
[0.182s] -- Up-to-date symlink: /home/min/Workspace/scout_mini/install/slam_launch/share/slam_launch/local_setup.sh
[0.182s] -- Up-to-date symlink: /home/min/Workspace/scout_mini/install/slam_launch/share/slam_launch/local_setup.zsh
[0.183s] -- Up-to-date symlink: /home/min/Workspace/scout_mini/install/slam_launch/share/slam_launch/local_setup.dsv
[0.183s] -- Symlinking: /home/min/Workspace/scout_mini/install/slam_launch/share/slam_launch/package.dsv
[0.205s] -- Up-to-date symlink: /home/min/Workspace/scout_mini/install/slam_launch/share/ament_index/resource_index/packages/slam_launch
[0.205s] -- Up-to-date symlink: /home/min/Workspace/scout_mini/install/slam_launch/share/slam_launch/cmake/slam_launchConfig.cmake
[0.206s] -- Up-to-date symlink: /home/min/Workspace/scout_mini/install/slam_launch/share/slam_launch/cmake/slam_launchConfig-version.cmake
[0.206s] -- Up-to-date symlink: /home/min/Workspace/scout_mini/install/slam_launch/share/slam_launch/package.xml
[0.207s] -- Up-to-date symlink: /home/min/Workspace/scout_mini/install/slam_launch/share/slam_launch//launch/localization.launch.py
[0.207s] -- Up-to-date symlink: /home/min/Workspace/scout_mini/install/slam_launch/share/slam_launch//launch/slam_online.launch.py
[0.207s] -- Up-to-date symlink: /home/min/Workspace/scout_mini/install/slam_launch/share/slam_launch//launch/static_map.launch.py
[0.208s] -- Up-to-date symlink: /home/min/Workspace/scout_mini/install/slam_launch/share/slam_launch//config/mapper_params_localization.yaml
[0.208s] -- Up-to-date symlink: /home/min/Workspace/scout_mini/install/slam_launch/share/slam_launch//config/mapper_params_online_async.yaml
[0.224s] Invoked command in '/home/min/Workspace/scout_mini/build/slam_launch' returned '0': /usr/bin/cmake --install /home/min/Workspace/scout_mini/build/slam_launch
