[0.039s] Invoking command in '/home/min/Workspace/scout_mini/build/ugv_sdk': /usr/bin/cmake --build /home/min/Workspace/scout_mini/build/ugv_sdk -- -j8 -l8
[0.669s] [ 44%] Built target ugv_sdk
[0.669s] [ 51%] Built target demo_tracer_robot
[0.670s] [ 58%] Built target demo_scout_robot
[0.670s] [ 65%] Built target demo_scout_mini_omni_robot
[0.670s] [ 72%] Built target demo_ranger_robot
[0.670s] [ 79%] Built target demo_hunter_robot
[0.670s] [ 86%] Built target demo_protocol_detector
[0.670s] [ 96%] Built target demo_robot_version
[0.670s] [100%] Built target demo_bunker_robot
[0.670s] Invoked command in '/home/min/Workspace/scout_mini/build/ugv_sdk' returned '0': /usr/bin/cmake --build /home/min/Workspace/scout_mini/build/ugv_sdk -- -j8 -l8
[0.678s] Invoking command in '/home/min/Workspace/scout_mini/build/ugv_sdk': /usr/bin/cmake --install /home/min/Workspace/scout_mini/build/ugv_sdk
[0.704s] -- Install configuration: "Release"
[0.705s] -- Up-to-date: /home/min/Workspace/scout_mini/install/ugv_sdk/lib/libugv_sdk.a
[0.707s] -- Up-to-date: /home/min/Workspace/scout_mini/install/ugv_sdk/include/ugv_sdk
[0.708s] -- Up-to-date: /home/min/Workspace/scout_mini/install/ugv_sdk/include/ugv_sdk/mobile_robot
[0.709s] -- Up-to-date: /home/min/Workspace/scout_mini/install/ugv_sdk/include/ugv_sdk/mobile_robot/hunter_robot.hpp
[0.709s] -- Up-to-date: /home/min/Workspace/scout_mini/install/ugv_sdk/include/ugv_sdk/mobile_robot/ranger_robot.hpp
[0.709s] -- Up-to-date: /home/min/Workspace/scout_mini/install/ugv_sdk/include/ugv_sdk/mobile_robot/scout_robot.hpp
[0.709s] -- Up-to-date: /home/min/Workspace/scout_mini/install/ugv_sdk/include/ugv_sdk/mobile_robot/bunker_robot.hpp
[0.709s] -- Up-to-date: /home/min/Workspace/scout_mini/install/ugv_sdk/include/ugv_sdk/mobile_robot/titan_robot.hpp
[0.709s] -- Up-to-date: /home/min/Workspace/scout_mini/install/ugv_sdk/include/ugv_sdk/mobile_robot/tracer_robot.hpp
[0.710s] -- Up-to-date: /home/min/Workspace/scout_mini/install/ugv_sdk/include/ugv_sdk/details
[0.712s] -- Up-to-date: /home/min/Workspace/scout_mini/install/ugv_sdk/include/ugv_sdk/details/interface
[0.713s] -- Up-to-date: /home/min/Workspace/scout_mini/install/ugv_sdk/include/ugv_sdk/details/interface/scout_interface.hpp
[0.713s] -- Up-to-date: /home/min/Workspace/scout_mini/install/ugv_sdk/include/ugv_sdk/details/interface/tracer_interface.hpp
[0.714s] -- Up-to-date: /home/min/Workspace/scout_mini/install/ugv_sdk/include/ugv_sdk/details/interface/titan_interface.hpp
[0.715s] -- Up-to-date: /home/min/Workspace/scout_mini/install/ugv_sdk/include/ugv_sdk/details/interface/bunker_interface.hpp
[0.716s] -- Up-to-date: /home/min/Workspace/scout_mini/install/ugv_sdk/include/ugv_sdk/details/interface/agilex_types.h
[0.716s] -- Up-to-date: /home/min/Workspace/scout_mini/install/ugv_sdk/include/ugv_sdk/details/interface/hunter_interface.hpp
[0.717s] -- Up-to-date: /home/min/Workspace/scout_mini/install/ugv_sdk/include/ugv_sdk/details/interface/robot_common_interface.hpp
[0.717s] -- Up-to-date: /home/min/Workspace/scout_mini/install/ugv_sdk/include/ugv_sdk/details/interface/agilex_message.h
[0.717s] -- Up-to-date: /home/min/Workspace/scout_mini/install/ugv_sdk/include/ugv_sdk/details/interface/ranger_interface.hpp
[0.718s] -- Up-to-date: /home/min/Workspace/scout_mini/install/ugv_sdk/include/ugv_sdk/details/robot_base
[0.718s] -- Up-to-date: /home/min/Workspace/scout_mini/install/ugv_sdk/include/ugv_sdk/details/robot_base/scout_base.hpp
[0.718s] -- Up-to-date: /home/min/Workspace/scout_mini/install/ugv_sdk/include/ugv_sdk/details/robot_base/agilex_base.hpp
[0.718s] -- Up-to-date: /home/min/Workspace/scout_mini/install/ugv_sdk/include/ugv_sdk/details/robot_base/titan_base.hpp
[0.719s] -- Up-to-date: /home/min/Workspace/scout_mini/install/ugv_sdk/include/ugv_sdk/details/robot_base/tracer_base.hpp
[0.719s] -- Up-to-date: /home/min/Workspace/scout_mini/install/ugv_sdk/include/ugv_sdk/details/robot_base/hunter_base.hpp
[0.720s] -- Up-to-date: /home/min/Workspace/scout_mini/install/ugv_sdk/include/ugv_sdk/details/robot_base/bunker_base.hpp
[0.720s] -- Up-to-date: /home/min/Workspace/scout_mini/install/ugv_sdk/include/ugv_sdk/details/robot_base/ranger_base.hpp
[0.720s] -- Up-to-date: /home/min/Workspace/scout_mini/install/ugv_sdk/include/ugv_sdk/details/protocol_v1
[0.720s] -- Up-to-date: /home/min/Workspace/scout_mini/install/ugv_sdk/include/ugv_sdk/details/protocol_v1/protocol_v1_parser.hpp
[0.720s] -- Up-to-date: /home/min/Workspace/scout_mini/install/ugv_sdk/include/ugv_sdk/details/protocol_v1/robot_limits.hpp
[0.720s] -- Up-to-date: /home/min/Workspace/scout_mini/install/ugv_sdk/include/ugv_sdk/details/protocol_v1/agilex_msg_parser_v1.h
[0.721s] -- Up-to-date: /home/min/Workspace/scout_mini/install/ugv_sdk/include/ugv_sdk/details/protocol_v2
[0.722s] -- Up-to-date: /home/min/Workspace/scout_mini/install/ugv_sdk/include/ugv_sdk/details/protocol_v2/protocol_v2_parser.hpp
[0.722s] -- Up-to-date: /home/min/Workspace/scout_mini/install/ugv_sdk/include/ugv_sdk/details/parser_base.hpp
[0.722s] -- Up-to-date: /home/min/Workspace/scout_mini/install/ugv_sdk/include/ugv_sdk/details/async_port
[0.722s] -- Up-to-date: /home/min/Workspace/scout_mini/install/ugv_sdk/include/ugv_sdk/details/async_port/async_serial.hpp
[0.753s] -- Up-to-date: /home/min/Workspace/scout_mini/install/ugv_sdk/include/ugv_sdk/details/async_port/async_can.hpp
[0.753s] -- Up-to-date: /home/min/Workspace/scout_mini/install/ugv_sdk/include/ugv_sdk/details/async_port/ring_buffer.hpp
[0.753s] -- Up-to-date: /home/min/Workspace/scout_mini/install/ugv_sdk/include/ugv_sdk/utilities
[0.754s] -- Up-to-date: /home/min/Workspace/scout_mini/install/ugv_sdk/include/ugv_sdk/utilities/protocol_detector.hpp
[0.754s] -- Up-to-date: /home/min/Workspace/scout_mini/install/ugv_sdk/lib/cmake/ugv_sdk/ugv_sdkTargets.cmake
[0.754s] -- Up-to-date: /home/min/Workspace/scout_mini/install/ugv_sdk/lib/cmake/ugv_sdk/ugv_sdkTargets-release.cmake
[0.754s] -- Up-to-date: /home/min/Workspace/scout_mini/install/ugv_sdk/lib/cmake/ugv_sdk/ugv_sdkConfig.cmake
[0.754s] -- Up-to-date: /home/min/Workspace/scout_mini/install/ugv_sdk/lib/cmake/ugv_sdk/ugv_sdkConfigVersion.cmake
[0.764s] Invoked command in '/home/min/Workspace/scout_mini/build/ugv_sdk' returned '0': /usr/bin/cmake --install /home/min/Workspace/scout_mini/build/ugv_sdk
