-- Install configuration: ""
-- Execute custom install script
-- Up-to-date symlink: /home/min/Workspace/scout_mini/install/slam_launch/share/ament_index/resource_index/package_run_dependencies/slam_launch
-- Up-to-date symlink: /home/min/Workspace/scout_mini/install/slam_launch/share/ament_index/resource_index/parent_prefix_path/slam_launch
-- Up-to-date symlink: /home/min/Workspace/scout_mini/install/slam_launch/share/slam_launch/environment/ament_prefix_path.sh
-- Up-to-date symlink: /home/min/Workspace/scout_mini/install/slam_launch/share/slam_launch/environment/ament_prefix_path.dsv
-- Up-to-date symlink: /home/min/Workspace/scout_mini/install/slam_launch/share/slam_launch/environment/path.sh
-- Up-to-date symlink: /home/min/Workspace/scout_mini/install/slam_launch/share/slam_launch/environment/path.dsv
-- Up-to-date symlink: /home/min/Workspace/scout_mini/install/slam_launch/share/slam_launch/local_setup.bash
-- Up-to-date symlink: /home/min/Workspace/scout_mini/install/slam_launch/share/slam_launch/local_setup.sh
-- Up-to-date symlink: /home/min/Workspace/scout_mini/install/slam_launch/share/slam_launch/local_setup.zsh
-- Up-to-date symlink: /home/min/Workspace/scout_mini/install/slam_launch/share/slam_launch/local_setup.dsv
-- Symlinking: /home/min/Workspace/scout_mini/install/slam_launch/share/slam_launch/package.dsv
-- Up-to-date symlink: /home/min/Workspace/scout_mini/install/slam_launch/share/ament_index/resource_index/packages/slam_launch
-- Up-to-date symlink: /home/min/Workspace/scout_mini/install/slam_launch/share/slam_launch/cmake/slam_launchConfig.cmake
-- Up-to-date symlink: /home/min/Workspace/scout_mini/install/slam_launch/share/slam_launch/cmake/slam_launchConfig-version.cmake
-- Up-to-date symlink: /home/min/Workspace/scout_mini/install/slam_launch/share/slam_launch/package.xml
-- Up-to-date symlink: /home/min/Workspace/scout_mini/install/slam_launch/share/slam_launch//launch/localization.launch.py
-- Up-to-date symlink: /home/min/Workspace/scout_mini/install/slam_launch/share/slam_launch//launch/slam_online.launch.py
-- Up-to-date symlink: /home/min/Workspace/scout_mini/install/slam_launch/share/slam_launch//launch/static_map.launch.py
-- Up-to-date symlink: /home/min/Workspace/scout_mini/install/slam_launch/share/slam_launch//config/mapper_params_localization.yaml
-- Up-to-date symlink: /home/min/Workspace/scout_mini/install/slam_launch/share/slam_launch//config/mapper_params_online_async.yaml
