[0.636s] Invoking command in '/home/min/Workspace/scout_mini/build/scout_description': CMAKE_PREFIX_PATH=/home/min/Workspace/scout_mini/install/scout_base:/opt/ros/humble:/home/min/Workspace/scout_mini/install/scout_mini_tools:/home/min/Workspace/scout_mini/install/robot_control:/home/min/Workspace/scout_mini/install/ugv_sdk:/home/min/Workspace/scout_mini/install/sllidar_ros2:/home/min/Workspace/scout_mini/install/slam_launch:/home/min/Workspace/scout_mini/install/scout_msgs:/home/min/Workspace/scout_mini/install/scout_mini_nav2:/home/min/Workspace/scout_mini/install/scout_gazebo_sim:/home/min/Workspace/scout_mini/install/scout_description:/home/min/Workspace/scout_mini/install/scout_control:/home/min/Workspace/scout_mini/install/realsense2_description:/home/min/Workspace/scout_mini/install/realsense2_camera:/home/min/Workspace/scout_mini/install/realsense2_camera_msgs /usr/bin/cmake --build /home/min/Workspace/scout_mini/build/scout_description -- -j8 -l8
[1.061s] Invoked command in '/home/min/Workspace/scout_mini/build/scout_description' returned '0': CMAKE_PREFIX_PATH=/home/min/Workspace/scout_mini/install/scout_base:/opt/ros/humble:/home/min/Workspace/scout_mini/install/scout_mini_tools:/home/min/Workspace/scout_mini/install/robot_control:/home/min/Workspace/scout_mini/install/ugv_sdk:/home/min/Workspace/scout_mini/install/sllidar_ros2:/home/min/Workspace/scout_mini/install/slam_launch:/home/min/Workspace/scout_mini/install/scout_msgs:/home/min/Workspace/scout_mini/install/scout_mini_nav2:/home/min/Workspace/scout_mini/install/scout_gazebo_sim:/home/min/Workspace/scout_mini/install/scout_description:/home/min/Workspace/scout_mini/install/scout_control:/home/min/Workspace/scout_mini/install/realsense2_description:/home/min/Workspace/scout_mini/install/realsense2_camera:/home/min/Workspace/scout_mini/install/realsense2_camera_msgs /usr/bin/cmake --build /home/min/Workspace/scout_mini/build/scout_description -- -j8 -l8
[1.063s] Invoking command in '/home/min/Workspace/scout_mini/build/scout_description': CMAKE_PREFIX_PATH=/home/min/Workspace/scout_mini/install/scout_base:/opt/ros/humble:/home/min/Workspace/scout_mini/install/scout_mini_tools:/home/min/Workspace/scout_mini/install/robot_control:/home/min/Workspace/scout_mini/install/ugv_sdk:/home/min/Workspace/scout_mini/install/sllidar_ros2:/home/min/Workspace/scout_mini/install/slam_launch:/home/min/Workspace/scout_mini/install/scout_msgs:/home/min/Workspace/scout_mini/install/scout_mini_nav2:/home/min/Workspace/scout_mini/install/scout_gazebo_sim:/home/min/Workspace/scout_mini/install/scout_description:/home/min/Workspace/scout_mini/install/scout_control:/home/min/Workspace/scout_mini/install/realsense2_description:/home/min/Workspace/scout_mini/install/realsense2_camera:/home/min/Workspace/scout_mini/install/realsense2_camera_msgs /usr/bin/cmake --install /home/min/Workspace/scout_mini/build/scout_description
[1.095s] -- Install configuration: ""
[1.095s] -- Execute custom install script
[1.096s] -- Up-to-date symlink: /home/min/Workspace/scout_mini/install/scout_description/share/scout_description//launch/display_mini.launch.py
[1.096s] -- Up-to-date symlink: /home/min/Workspace/scout_mini/install/scout_description/share/scout_description//launch/scout_base_description.launch.py
[1.096s] -- Up-to-date symlink: /home/min/Workspace/scout_mini/install/scout_description/share/scout_description//launch/scout_mini_gazebo.launch.py
[1.097s] -- Up-to-date symlink: /home/min/Workspace/scout_mini/install/scout_description/share/scout_description//launch/sm_base_description.launch.py
[1.097s] -- Up-to-date symlink: /home/min/Workspace/scout_mini/install/scout_description/share/scout_description//launch/sm_gazebo.launch.py
[1.098s] -- Up-to-date symlink: /home/min/Workspace/scout_mini/install/scout_description/share/scout_description//urdf/empty.urdf
[1.098s] -- Up-to-date symlink: /home/min/Workspace/scout_mini/install/scout_description/share/scout_description//urdf/mini.xacro
[1.098s] -- Up-to-date symlink: /home/min/Workspace/scout_mini/install/scout_description/share/scout_description//urdf/scout_mini.gazebo
[1.098s] -- Up-to-date symlink: /home/min/Workspace/scout_mini/install/scout_description/share/scout_description//urdf/scout_mini.urdf
[1.098s] -- Up-to-date symlink: /home/min/Workspace/scout_mini/install/scout_description/share/scout_description//urdf/scout_mini.xacro
[1.099s] -- Up-to-date symlink: /home/min/Workspace/scout_mini/install/scout_description/share/scout_description//urdf/scout_mini_wheel.gazebo
[1.099s] -- Up-to-date symlink: /home/min/Workspace/scout_mini/install/scout_description/share/scout_description//urdf/scout_mini_wheel_1.xacro
[1.099s] -- Up-to-date symlink: /home/min/Workspace/scout_mini/install/scout_description/share/scout_description//urdf/scout_mini_wheel_2.xacro
[1.099s] -- Up-to-date symlink: /home/min/Workspace/scout_mini/install/scout_description/share/scout_description//urdf/scout_mini_wheel_3.xacro
[1.099s] -- Up-to-date symlink: /home/min/Workspace/scout_mini/install/scout_description/share/scout_description//urdf/scout_mini_wheel_4.xacro
[1.101s] -- Up-to-date symlink: /home/min/Workspace/scout_mini/install/scout_description/share/scout_description//urdf/sm.gazebo
[1.101s] -- Up-to-date symlink: /home/min/Workspace/scout_mini/install/scout_description/share/scout_description//urdf/sm.xacro
[1.102s] -- Up-to-date symlink: /home/min/Workspace/scout_mini/install/scout_description/share/scout_description//urdf/sm1.gazebo
[1.102s] -- Up-to-date symlink: /home/min/Workspace/scout_mini/install/scout_description/share/scout_description//urdf/sm1.xacro
[1.102s] -- Up-to-date symlink: /home/min/Workspace/scout_mini/install/scout_description/share/scout_description//urdf/sm2.gazebo
[1.102s] -- Up-to-date symlink: /home/min/Workspace/scout_mini/install/scout_description/share/scout_description//urdf/sm2.xacro
[1.103s] -- Up-to-date symlink: /home/min/Workspace/scout_mini/install/scout_description/share/scout_description//meshes/1_Link.STL
[1.103s] -- Up-to-date symlink: /home/min/Workspace/scout_mini/install/scout_description/share/scout_description//meshes/2_Link.STL
[1.103s] -- Up-to-date symlink: /home/min/Workspace/scout_mini/install/scout_description/share/scout_description//meshes/3_Link.STL
[1.109s] -- Up-to-date symlink: /home/min/Workspace/scout_mini/install/scout_description/share/scout_description//meshes/4_Link.STL
[1.110s] -- Up-to-date symlink: /home/min/Workspace/scout_mini/install/scout_description/share/scout_description//meshes/scout_mini_base_link.STL
[1.110s] -- Up-to-date symlink: /home/min/Workspace/scout_mini/install/scout_description/share/scout_description//meshes/scout_mini_base_link.dae
[1.110s] -- Up-to-date symlink: /home/min/Workspace/scout_mini/install/scout_description/share/scout_description//meshes/scout_mini_base_link2.dae
[1.110s] -- Up-to-date symlink: /home/min/Workspace/scout_mini/install/scout_description/share/scout_description//meshes/sm_base_link.dae
[1.110s] -- Up-to-date symlink: /home/min/Workspace/scout_mini/install/scout_description/share/scout_description//meshes/sm_wheel.dae
[1.110s] -- Up-to-date symlink: /home/min/Workspace/scout_mini/install/scout_description/share/scout_description//meshes/wheel.dae
[1.111s] -- Up-to-date symlink: /home/min/Workspace/scout_mini/install/scout_description/share/scout_description//meshes/wheel_type1.dae
[1.111s] -- Up-to-date symlink: /home/min/Workspace/scout_mini/install/scout_description/share/scout_description//meshes/wheel_type2.dae
[1.111s] -- Up-to-date symlink: /home/min/Workspace/scout_mini/install/scout_description/share/ament_index/resource_index/package_run_dependencies/scout_description
[1.111s] -- Up-to-date symlink: /home/min/Workspace/scout_mini/install/scout_description/share/ament_index/resource_index/parent_prefix_path/scout_description
[1.111s] -- Up-to-date symlink: /home/min/Workspace/scout_mini/install/scout_description/share/scout_description/environment/ament_prefix_path.sh
[1.111s] -- Up-to-date symlink: /home/min/Workspace/scout_mini/install/scout_description/share/scout_description/environment/ament_prefix_path.dsv
[1.112s] -- Up-to-date symlink: /home/min/Workspace/scout_mini/install/scout_description/share/scout_description/environment/path.sh
[1.113s] -- Up-to-date symlink: /home/min/Workspace/scout_mini/install/scout_description/share/scout_description/environment/path.dsv
[1.113s] -- Up-to-date symlink: /home/min/Workspace/scout_mini/install/scout_description/share/scout_description/local_setup.bash
[1.113s] -- Up-to-date symlink: /home/min/Workspace/scout_mini/install/scout_description/share/scout_description/local_setup.sh
[1.115s] -- Up-to-date symlink: /home/min/Workspace/scout_mini/install/scout_description/share/scout_description/local_setup.zsh
[1.120s] -- Up-to-date symlink: /home/min/Workspace/scout_mini/install/scout_description/share/scout_description/local_setup.dsv
[1.120s] -- Symlinking: /home/min/Workspace/scout_mini/install/scout_description/share/scout_description/package.dsv
[1.146s] -- Up-to-date symlink: /home/min/Workspace/scout_mini/install/scout_description/share/ament_index/resource_index/packages/scout_description
[1.146s] -- Up-to-date symlink: /home/min/Workspace/scout_mini/install/scout_description/share/scout_description/cmake/scout_descriptionConfig.cmake
[1.146s] -- Up-to-date symlink: /home/min/Workspace/scout_mini/install/scout_description/share/scout_description/cmake/scout_descriptionConfig-version.cmake
[1.149s] -- Up-to-date symlink: /home/min/Workspace/scout_mini/install/scout_description/share/scout_description/package.xml
[1.249s] Invoked command in '/home/min/Workspace/scout_mini/build/scout_description' returned '0': CMAKE_PREFIX_PATH=/home/min/Workspace/scout_mini/install/scout_base:/opt/ros/humble:/home/min/Workspace/scout_mini/install/scout_mini_tools:/home/min/Workspace/scout_mini/install/robot_control:/home/min/Workspace/scout_mini/install/ugv_sdk:/home/min/Workspace/scout_mini/install/sllidar_ros2:/home/min/Workspace/scout_mini/install/slam_launch:/home/min/Workspace/scout_mini/install/scout_msgs:/home/min/Workspace/scout_mini/install/scout_mini_nav2:/home/min/Workspace/scout_mini/install/scout_gazebo_sim:/home/min/Workspace/scout_mini/install/scout_description:/home/min/Workspace/scout_mini/install/scout_control:/home/min/Workspace/scout_mini/install/realsense2_description:/home/min/Workspace/scout_mini/install/realsense2_camera:/home/min/Workspace/scout_mini/install/realsense2_camera_msgs /usr/bin/cmake --install /home/min/Workspace/scout_mini/build/scout_description
