[0.037s] Invoking command in '/home/min/Workspace/scout_mini/build/scout_description': CMAKE_PREFIX_PATH=${CMAKE_PREFIX_PATH}:/home/min/Workspace/scout_mini/install/scout_mini_tools:/opt/ros/humble /usr/bin/cmake /home/min/Workspace/scout_mini/src/scout_ros2/scout_description -DAMENT_CMAKE_SYMLINK_INSTALL=1 -DCMAKE_INSTALL_PREFIX=/home/min/Workspace/scout_mini/install/scout_description
[1.708s] -- The C compiler identification is GNU 11.4.0
[1.892s] -- The CXX compiler identification is GNU 11.4.0
[1.977s] -- Detecting C compiler ABI info
[2.215s] -- Detecting C compiler ABI info - done
[2.226s] -- Check for working C compiler: /usr/bin/cc - skipped
[2.226s] -- Detecting C compile features
[2.244s] -- Detecting C compile features - done
[2.263s] -- Detecting CXX compiler ABI info
[2.438s] -- Detecting CXX compiler ABI info - done
[2.451s] -- Check for working CXX compiler: /usr/bin/c++ - skipped
[2.452s] -- Detecting CXX compile features
[2.453s] -- Detecting CXX compile features - done
[2.604s] -- Found ament_cmake: 1.3.12 (/opt/ros/humble/share/ament_cmake/cmake)
[2.998s] -- Found Python3: /usr/bin/python3 (found version "3.10.12") found components: Interpreter 
[3.225s] -- Override CMake install command with custom implementation using symlinks instead of copying resources
[3.678s] -- Found ament_lint_auto: 0.12.14 (/opt/ros/humble/share/ament_lint_auto/cmake)
[4.125s] -- Configuring done
[4.145s] -- Generating done
[4.156s] -- Build files have been written to: /home/min/Workspace/scout_mini/build/scout_description
[4.210s] Invoked command in '/home/min/Workspace/scout_mini/build/scout_description' returned '0': CMAKE_PREFIX_PATH=${CMAKE_PREFIX_PATH}:/home/min/Workspace/scout_mini/install/scout_mini_tools:/opt/ros/humble /usr/bin/cmake /home/min/Workspace/scout_mini/src/scout_ros2/scout_description -DAMENT_CMAKE_SYMLINK_INSTALL=1 -DCMAKE_INSTALL_PREFIX=/home/min/Workspace/scout_mini/install/scout_description
[4.212s] Invoking command in '/home/min/Workspace/scout_mini/build/scout_description': CMAKE_PREFIX_PATH=${CMAKE_PREFIX_PATH}:/home/min/Workspace/scout_mini/install/scout_mini_tools:/opt/ros/humble /usr/bin/cmake --build /home/min/Workspace/scout_mini/build/scout_description -- -j8 -l8
[4.264s] Invoked command in '/home/min/Workspace/scout_mini/build/scout_description' returned '0': CMAKE_PREFIX_PATH=${CMAKE_PREFIX_PATH}:/home/min/Workspace/scout_mini/install/scout_mini_tools:/opt/ros/humble /usr/bin/cmake --build /home/min/Workspace/scout_mini/build/scout_description -- -j8 -l8
[4.267s] Invoking command in '/home/min/Workspace/scout_mini/build/scout_description': CMAKE_PREFIX_PATH=${CMAKE_PREFIX_PATH}:/home/min/Workspace/scout_mini/install/scout_mini_tools:/opt/ros/humble /usr/bin/cmake --install /home/min/Workspace/scout_mini/build/scout_description
[4.435s] -- Install configuration: ""
[4.435s] -- Execute custom install script
[4.435s] -- Symlinking: /home/min/Workspace/scout_mini/install/scout_description/share/scout_description//launch/display_mini.launch.py
[4.435s] -- Symlinking: /home/min/Workspace/scout_mini/install/scout_description/share/scout_description//launch/scout_base_description.launch.py
[4.435s] -- Symlinking: /home/min/Workspace/scout_mini/install/scout_description/share/scout_description//launch/scout_mini_gazebo.launch.py
[4.436s] -- Symlinking: /home/min/Workspace/scout_mini/install/scout_description/share/scout_description//launch/sm_base_description.launch.py
[4.436s] -- Symlinking: /home/min/Workspace/scout_mini/install/scout_description/share/scout_description//launch/sm_gazebo.launch.py
[4.436s] -- Symlinking: /home/min/Workspace/scout_mini/install/scout_description/share/scout_description//urdf/empty.urdf
[4.436s] -- Symlinking: /home/min/Workspace/scout_mini/install/scout_description/share/scout_description//urdf/mini.xacro
[4.436s] -- Symlinking: /home/min/Workspace/scout_mini/install/scout_description/share/scout_description//urdf/scout_mini.gazebo
[4.436s] -- Symlinking: /home/min/Workspace/scout_mini/install/scout_description/share/scout_description//urdf/scout_mini.urdf
[4.437s] -- Symlinking: /home/min/Workspace/scout_mini/install/scout_description/share/scout_description//urdf/scout_mini.xacro
[4.439s] -- Symlinking: /home/min/Workspace/scout_mini/install/scout_description/share/scout_description//urdf/scout_mini_wheel.gazebo
[4.439s] -- Symlinking: /home/min/Workspace/scout_mini/install/scout_description/share/scout_description//urdf/scout_mini_wheel_1.xacro
[4.439s] -- Symlinking: /home/min/Workspace/scout_mini/install/scout_description/share/scout_description//urdf/scout_mini_wheel_2.xacro
[4.439s] -- Symlinking: /home/min/Workspace/scout_mini/install/scout_description/share/scout_description//urdf/scout_mini_wheel_3.xacro
[4.457s] -- Symlinking: /home/min/Workspace/scout_mini/install/scout_description/share/scout_description//urdf/scout_mini_wheel_4.xacro
[4.464s] -- Symlinking: /home/min/Workspace/scout_mini/install/scout_description/share/scout_description//urdf/sm.gazebo
[4.478s] -- Symlinking: /home/min/Workspace/scout_mini/install/scout_description/share/scout_description//urdf/sm.xacro
[4.492s] -- Symlinking: /home/min/Workspace/scout_mini/install/scout_description/share/scout_description//meshes/1_Link.STL
[4.507s] -- Symlinking: /home/min/Workspace/scout_mini/install/scout_description/share/scout_description//meshes/2_Link.STL
[4.520s] -- Symlinking: /home/min/Workspace/scout_mini/install/scout_description/share/scout_description//meshes/3_Link.STL
[4.534s] -- Symlinking: /home/min/Workspace/scout_mini/install/scout_description/share/scout_description//meshes/4_Link.STL
[4.546s] -- Symlinking: /home/min/Workspace/scout_mini/install/scout_description/share/scout_description//meshes/scout_mini_base_link.STL
[4.557s] -- Symlinking: /home/min/Workspace/scout_mini/install/scout_description/share/scout_description//meshes/scout_mini_base_link.dae
[4.571s] -- Symlinking: /home/min/Workspace/scout_mini/install/scout_description/share/scout_description//meshes/scout_mini_base_link2.dae
[4.585s] -- Symlinking: /home/min/Workspace/scout_mini/install/scout_description/share/scout_description//meshes/sm_base_link.dae
[4.600s] -- Symlinking: /home/min/Workspace/scout_mini/install/scout_description/share/scout_description//meshes/sm_wheel.dae
[4.613s] -- Symlinking: /home/min/Workspace/scout_mini/install/scout_description/share/scout_description//meshes/wheel.dae
[4.627s] -- Symlinking: /home/min/Workspace/scout_mini/install/scout_description/share/scout_description//meshes/wheel_type1.dae
[4.637s] -- Symlinking: /home/min/Workspace/scout_mini/install/scout_description/share/scout_description//meshes/wheel_type2.dae
[4.649s] -- Symlinking: /home/min/Workspace/scout_mini/install/scout_description/share/ament_index/resource_index/package_run_dependencies/scout_description
[4.662s] -- Symlinking: /home/min/Workspace/scout_mini/install/scout_description/share/ament_index/resource_index/parent_prefix_path/scout_description
[4.674s] -- Symlinking: /home/min/Workspace/scout_mini/install/scout_description/share/scout_description/environment/ament_prefix_path.sh
[4.686s] -- Symlinking: /home/min/Workspace/scout_mini/install/scout_description/share/scout_description/environment/ament_prefix_path.dsv
[4.699s] -- Symlinking: /home/min/Workspace/scout_mini/install/scout_description/share/scout_description/environment/path.sh
[4.722s] -- Symlinking: /home/min/Workspace/scout_mini/install/scout_description/share/scout_description/environment/path.dsv
[4.730s] -- Symlinking: /home/min/Workspace/scout_mini/install/scout_description/share/scout_description/local_setup.bash
[4.744s] -- Symlinking: /home/min/Workspace/scout_mini/install/scout_description/share/scout_description/local_setup.sh
[4.759s] -- Symlinking: /home/min/Workspace/scout_mini/install/scout_description/share/scout_description/local_setup.zsh
[4.775s] -- Symlinking: /home/min/Workspace/scout_mini/install/scout_description/share/scout_description/local_setup.dsv
[4.790s] -- Symlinking: /home/min/Workspace/scout_mini/install/scout_description/share/scout_description/package.dsv
[4.801s] -- Symlinking: /home/min/Workspace/scout_mini/install/scout_description/share/ament_index/resource_index/packages/scout_description
[4.812s] -- Symlinking: /home/min/Workspace/scout_mini/install/scout_description/share/scout_description/cmake/scout_descriptionConfig.cmake
[4.828s] -- Symlinking: /home/min/Workspace/scout_mini/install/scout_description/share/scout_description/cmake/scout_descriptionConfig-version.cmake
[4.849s] -- Symlinking: /home/min/Workspace/scout_mini/install/scout_description/share/scout_description/package.xml
[4.862s] Invoked command in '/home/min/Workspace/scout_mini/build/scout_description' returned '0': CMAKE_PREFIX_PATH=${CMAKE_PREFIX_PATH}:/home/min/Workspace/scout_mini/install/scout_mini_tools:/opt/ros/humble /usr/bin/cmake --install /home/min/Workspace/scout_mini/build/scout_description
