[0.816s] Invoking command in '/home/min/Workspace/scout_mini/build/scout_gazebo_sim': CMAKE_PREFIX_PATH=/home/min/Workspace/scout_mini/install/scout_base:/opt/ros/humble:/home/min/Workspace/scout_mini/install/scout_mini_tools:/home/min/Workspace/scout_mini/install/robot_control:/home/min/Workspace/scout_mini/install/ugv_sdk:/home/min/Workspace/scout_mini/install/sllidar_ros2:/home/min/Workspace/scout_mini/install/slam_launch:/home/min/Workspace/scout_mini/install/scout_msgs:/home/min/Workspace/scout_mini/install/scout_mini_nav2:/home/min/Workspace/scout_mini/install/scout_gazebo_sim:/home/min/Workspace/scout_mini/install/scout_description:/home/min/Workspace/scout_mini/install/scout_control:/home/min/Workspace/scout_mini/install/realsense2_description:/home/min/Workspace/scout_mini/install/realsense2_camera:/home/min/Workspace/scout_mini/install/realsense2_camera_msgs /usr/bin/cmake --build /home/min/Workspace/scout_mini/build/scout_gazebo_sim -- -j8 -l8
[1.132s] Invoked command in '/home/min/Workspace/scout_mini/build/scout_gazebo_sim' returned '0': CMAKE_PREFIX_PATH=/home/min/Workspace/scout_mini/install/scout_base:/opt/ros/humble:/home/min/Workspace/scout_mini/install/scout_mini_tools:/home/min/Workspace/scout_mini/install/robot_control:/home/min/Workspace/scout_mini/install/ugv_sdk:/home/min/Workspace/scout_mini/install/sllidar_ros2:/home/min/Workspace/scout_mini/install/slam_launch:/home/min/Workspace/scout_mini/install/scout_msgs:/home/min/Workspace/scout_mini/install/scout_mini_nav2:/home/min/Workspace/scout_mini/install/scout_gazebo_sim:/home/min/Workspace/scout_mini/install/scout_description:/home/min/Workspace/scout_mini/install/scout_control:/home/min/Workspace/scout_mini/install/realsense2_description:/home/min/Workspace/scout_mini/install/realsense2_camera:/home/min/Workspace/scout_mini/install/realsense2_camera_msgs /usr/bin/cmake --build /home/min/Workspace/scout_mini/build/scout_gazebo_sim -- -j8 -l8
[1.157s] Invoking command in '/home/min/Workspace/scout_mini/build/scout_gazebo_sim': CMAKE_PREFIX_PATH=/home/min/Workspace/scout_mini/install/scout_base:/opt/ros/humble:/home/min/Workspace/scout_mini/install/scout_mini_tools:/home/min/Workspace/scout_mini/install/robot_control:/home/min/Workspace/scout_mini/install/ugv_sdk:/home/min/Workspace/scout_mini/install/sllidar_ros2:/home/min/Workspace/scout_mini/install/slam_launch:/home/min/Workspace/scout_mini/install/scout_msgs:/home/min/Workspace/scout_mini/install/scout_mini_nav2:/home/min/Workspace/scout_mini/install/scout_gazebo_sim:/home/min/Workspace/scout_mini/install/scout_description:/home/min/Workspace/scout_mini/install/scout_control:/home/min/Workspace/scout_mini/install/realsense2_description:/home/min/Workspace/scout_mini/install/realsense2_camera:/home/min/Workspace/scout_mini/install/realsense2_camera_msgs /usr/bin/cmake --install /home/min/Workspace/scout_mini/build/scout_gazebo_sim
[1.225s] -- Install configuration: ""
[1.225s] -- Execute custom install script
[1.226s] -- Up-to-date symlink: /home/min/Workspace/scout_mini/install/scout_gazebo_sim/share/scout_gazebo_sim/launch/scout_mini.launch.py
[1.226s] -- Up-to-date symlink: /home/min/Workspace/scout_mini/install/scout_gazebo_sim/share/scout_gazebo_sim/launch/scout_mini_empty_world.launch.py
[1.226s] -- Up-to-date symlink: /home/min/Workspace/scout_mini/install/scout_gazebo_sim/share/scout_gazebo_sim/launch/scout_mini_multi_spawn.launch.py
[1.226s] -- Up-to-date symlink: /home/min/Workspace/scout_mini/install/scout_gazebo_sim/share/scout_gazebo_sim/launch/scout_mini_spawn.launch.py
[1.226s] -- Up-to-date symlink: /home/min/Workspace/scout_mini/install/scout_gazebo_sim/share/scout_gazebo_sim/worlds/clearpath_playpen.world
[1.226s] -- Up-to-date symlink: /home/min/Workspace/scout_mini/install/scout_gazebo_sim/share/scout_gazebo_sim/worlds/weston_robot_empty.world
[1.227s] -- Up-to-date symlink: /home/min/Workspace/scout_mini/install/scout_gazebo_sim/share/ament_index/resource_index/package_run_dependencies/scout_gazebo_sim
[1.227s] -- Up-to-date symlink: /home/min/Workspace/scout_mini/install/scout_gazebo_sim/share/ament_index/resource_index/parent_prefix_path/scout_gazebo_sim
[1.227s] -- Up-to-date symlink: /home/min/Workspace/scout_mini/install/scout_gazebo_sim/share/scout_gazebo_sim/environment/ament_prefix_path.sh
[1.227s] -- Up-to-date symlink: /home/min/Workspace/scout_mini/install/scout_gazebo_sim/share/scout_gazebo_sim/environment/ament_prefix_path.dsv
[1.227s] -- Up-to-date symlink: /home/min/Workspace/scout_mini/install/scout_gazebo_sim/share/scout_gazebo_sim/environment/path.sh
[1.227s] -- Up-to-date symlink: /home/min/Workspace/scout_mini/install/scout_gazebo_sim/share/scout_gazebo_sim/environment/path.dsv
[1.227s] -- Up-to-date symlink: /home/min/Workspace/scout_mini/install/scout_gazebo_sim/share/scout_gazebo_sim/local_setup.bash
[1.228s] -- Up-to-date symlink: /home/min/Workspace/scout_mini/install/scout_gazebo_sim/share/scout_gazebo_sim/local_setup.sh
[1.228s] -- Up-to-date symlink: /home/min/Workspace/scout_mini/install/scout_gazebo_sim/share/scout_gazebo_sim/local_setup.zsh
[1.228s] -- Up-to-date symlink: /home/min/Workspace/scout_mini/install/scout_gazebo_sim/share/scout_gazebo_sim/local_setup.dsv
[1.228s] -- Symlinking: /home/min/Workspace/scout_mini/install/scout_gazebo_sim/share/scout_gazebo_sim/package.dsv
[1.266s] -- Up-to-date symlink: /home/min/Workspace/scout_mini/install/scout_gazebo_sim/share/ament_index/resource_index/packages/scout_gazebo_sim
[1.267s] -- Up-to-date symlink: /home/min/Workspace/scout_mini/install/scout_gazebo_sim/share/scout_gazebo_sim/cmake/scout_gazebo_simConfig.cmake
[1.267s] -- Up-to-date symlink: /home/min/Workspace/scout_mini/install/scout_gazebo_sim/share/scout_gazebo_sim/cmake/scout_gazebo_simConfig-version.cmake
[1.267s] -- Up-to-date symlink: /home/min/Workspace/scout_mini/install/scout_gazebo_sim/share/scout_gazebo_sim/package.xml
[1.300s] Invoked command in '/home/min/Workspace/scout_mini/build/scout_gazebo_sim' returned '0': CMAKE_PREFIX_PATH=/home/min/Workspace/scout_mini/install/scout_base:/opt/ros/humble:/home/min/Workspace/scout_mini/install/scout_mini_tools:/home/min/Workspace/scout_mini/install/robot_control:/home/min/Workspace/scout_mini/install/ugv_sdk:/home/min/Workspace/scout_mini/install/sllidar_ros2:/home/min/Workspace/scout_mini/install/slam_launch:/home/min/Workspace/scout_mini/install/scout_msgs:/home/min/Workspace/scout_mini/install/scout_mini_nav2:/home/min/Workspace/scout_mini/install/scout_gazebo_sim:/home/min/Workspace/scout_mini/install/scout_description:/home/min/Workspace/scout_mini/install/scout_control:/home/min/Workspace/scout_mini/install/realsense2_description:/home/min/Workspace/scout_mini/install/realsense2_camera:/home/min/Workspace/scout_mini/install/realsense2_camera_msgs /usr/bin/cmake --install /home/min/Workspace/scout_mini/build/scout_gazebo_sim
