[0.822s] Invoking command in '/home/min/Workspace/scout_mini/build/slam_launch': CMAKE_PREFIX_PATH=/opt/ros/humble /usr/bin/cmake /home/min/Workspace/scout_mini/src/slam_launch -DAMENT_CMAKE_SYMLINK_INSTALL=1 -DCMAKE_INSTALL_PREFIX=/home/min/Workspace/scout_mini/install/slam_launch
[0.983s] -- The C compiler identification is GNU 11.4.0
[1.165s] -- The CXX compiler identification is GNU 11.4.0
[1.173s] -- Detecting C compiler ABI info
[1.285s] -- Detecting C compiler ABI info - done
[1.301s] -- Check for working C compiler: /usr/bin/cc - skipped
[1.301s] -- Detecting C compile features
[1.302s] -- Detecting C compile features - done
[1.306s] -- Detecting CXX compiler ABI info
[1.448s] -- Detecting CXX compiler ABI info - done
[1.467s] -- Check for working CXX compiler: /usr/bin/c++ - skipped
[1.467s] -- Detecting CXX compile features
[1.468s] -- Detecting CXX compile features - done
[1.473s] -- Found ament_cmake: 1.3.12 (/opt/ros/humble/share/ament_cmake/cmake)
[1.717s] -- Found Python3: /usr/bin/python3 (found version "3.10.12") found components: Interpreter 
[1.808s] -- Override CMake install command with custom implementation using symlinks instead of copying resources
[1.847s] -- Found ament_lint_auto: 0.12.14 (/opt/ros/humble/share/ament_lint_auto/cmake)
[1.944s] -- Configuring done
[1.948s] -- Generating done
[1.951s] -- Build files have been written to: /home/min/Workspace/scout_mini/build/slam_launch
[1.958s] Invoked command in '/home/min/Workspace/scout_mini/build/slam_launch' returned '0': CMAKE_PREFIX_PATH=/opt/ros/humble /usr/bin/cmake /home/min/Workspace/scout_mini/src/slam_launch -DAMENT_CMAKE_SYMLINK_INSTALL=1 -DCMAKE_INSTALL_PREFIX=/home/min/Workspace/scout_mini/install/slam_launch
[1.960s] Invoking command in '/home/min/Workspace/scout_mini/build/slam_launch': CMAKE_PREFIX_PATH=/opt/ros/humble /usr/bin/cmake --build /home/min/Workspace/scout_mini/build/slam_launch -- -j8 -l8
[2.002s] Invoked command in '/home/min/Workspace/scout_mini/build/slam_launch' returned '0': CMAKE_PREFIX_PATH=/opt/ros/humble /usr/bin/cmake --build /home/min/Workspace/scout_mini/build/slam_launch -- -j8 -l8
[2.005s] Invoking command in '/home/min/Workspace/scout_mini/build/slam_launch': CMAKE_PREFIX_PATH=/opt/ros/humble /usr/bin/cmake --install /home/min/Workspace/scout_mini/build/slam_launch
[2.012s] -- Install configuration: ""
[2.013s] -- Execute custom install script
[2.013s] -- Symlinking: /home/min/Workspace/scout_mini/install/slam_launch/share/ament_index/resource_index/package_run_dependencies/slam_launch
[2.023s] -- Symlinking: /home/min/Workspace/scout_mini/install/slam_launch/share/ament_index/resource_index/parent_prefix_path/slam_launch
[2.034s] -- Symlinking: /home/min/Workspace/scout_mini/install/slam_launch/share/slam_launch/environment/ament_prefix_path.sh
[2.043s] -- Symlinking: /home/min/Workspace/scout_mini/install/slam_launch/share/slam_launch/environment/ament_prefix_path.dsv
[2.055s] -- Symlinking: /home/min/Workspace/scout_mini/install/slam_launch/share/slam_launch/environment/path.sh
[2.065s] -- Symlinking: /home/min/Workspace/scout_mini/install/slam_launch/share/slam_launch/environment/path.dsv
[2.075s] -- Symlinking: /home/min/Workspace/scout_mini/install/slam_launch/share/slam_launch/local_setup.bash
[2.085s] -- Symlinking: /home/min/Workspace/scout_mini/install/slam_launch/share/slam_launch/local_setup.sh
[2.097s] -- Symlinking: /home/min/Workspace/scout_mini/install/slam_launch/share/slam_launch/local_setup.zsh
[2.107s] -- Symlinking: /home/min/Workspace/scout_mini/install/slam_launch/share/slam_launch/local_setup.dsv
[2.116s] -- Symlinking: /home/min/Workspace/scout_mini/install/slam_launch/share/slam_launch/package.dsv
[2.124s] -- Symlinking: /home/min/Workspace/scout_mini/install/slam_launch/share/ament_index/resource_index/packages/slam_launch
[2.135s] -- Symlinking: /home/min/Workspace/scout_mini/install/slam_launch/share/slam_launch/cmake/slam_launchConfig.cmake
[2.147s] -- Symlinking: /home/min/Workspace/scout_mini/install/slam_launch/share/slam_launch/cmake/slam_launchConfig-version.cmake
[2.158s] -- Symlinking: /home/min/Workspace/scout_mini/install/slam_launch/share/slam_launch/package.xml
[2.271s] -- Symlinking: /home/min/Workspace/scout_mini/install/slam_launch/share/slam_launch//launch/localization.launch.py
[2.325s] -- Symlinking: /home/min/Workspace/scout_mini/install/slam_launch/share/slam_launch//launch/slam_online.launch.py
[2.360s] -- Symlinking: /home/min/Workspace/scout_mini/install/slam_launch/share/slam_launch//launch/static_map.launch.py
[2.398s] -- Symlinking: /home/min/Workspace/scout_mini/install/slam_launch/share/slam_launch//config/mapper_params_localization.yaml
[2.429s] -- Symlinking: /home/min/Workspace/scout_mini/install/slam_launch/share/slam_launch//config/mapper_params_online_async.yaml
[2.450s] Invoked command in '/home/min/Workspace/scout_mini/build/slam_launch' returned '0': CMAKE_PREFIX_PATH=/opt/ros/humble /usr/bin/cmake --install /home/min/Workspace/scout_mini/build/slam_launch
